--------------- Clean Started: 01/01/2021 19:35:04 Project: audioSpectrumAnalyzer, Configuration: ARM GCC 5.4-2016-q2-update Debug ---------------
Deleting file ".\CortexM3\ARM_GCC_541\Debug\main.o"
Deleting file ".\CortexM3\ARM_GCC_541\Debug\filters.o"
Deleting file ".\CortexM3\ARM_GCC_541\Debug\FFT_Q.o"
Deleting file ".\CortexM3\ARM_GCC_541\Debug\display.o"
Deleting file ".\CortexM3\ARM_GCC_541\Debug\led_object.o"
Deleting file ".\CortexM3\ARM_GCC_541\Debug\cyfitter_cfg.o"
Deleting file ".\CortexM3\ARM_GCC_541\Debug\cymetadata.o"
Deleting file ".\CortexM3\ARM_GCC_541\Debug\PGA_1.o"
Deleting file ".\CortexM3\ARM_GCC_541\Debug\PGA_1_PM.o"
Deleting file ".\CortexM3\ARM_GCC_541\Debug\pga_in.o"
Deleting file ".\CortexM3\ARM_GCC_541\Debug\pga_out.o"
Deleting file ".\CortexM3\ARM_GCC_541\Debug\pga_ref.o"
Deleting file ".\CortexM3\ARM_GCC_541\Debug\Cm3Start.o"
Deleting file ".\CortexM3\ARM_GCC_541\Debug\CyBootAsmGnu.o"
Deleting file ".\CortexM3\ARM_GCC_541\Debug\CyDmac.o"
Deleting file ".\CortexM3\ARM_GCC_541\Debug\CyFlash.o"
Deleting file ".\CortexM3\ARM_GCC_541\Debug\CyLib.o"
Deleting file ".\CortexM3\ARM_GCC_541\Debug\cyPm.o"
Deleting file ".\CortexM3\ARM_GCC_541\Debug\CySpc.o"
Deleting file ".\CortexM3\ARM_GCC_541\Debug\cyutils.o"
Deleting file ".\CortexM3\ARM_GCC_541\Debug\cy_em_eeprom.o"
Deleting file ".\CortexM3\ARM_GCC_541\Debug\ADC_DelSig_1.o"
Deleting file ".\CortexM3\ARM_GCC_541\Debug\ADC_DelSig_1_PM.o"
Deleting file ".\CortexM3\ARM_GCC_541\Debug\ADC_DelSig_1_INT.o"
Deleting file ".\CortexM3\ARM_GCC_541\Debug\ADC_DelSig_1_Ext_CP_Clk.o"
Deleting file ".\CortexM3\ARM_GCC_541\Debug\ADC_DelSig_1_IRQ.o"
Deleting file ".\CortexM3\ARM_GCC_541\Debug\ADC_DelSig_1_theACLK.o"
Deleting file ".\CortexM3\ARM_GCC_541\Debug\isr_adc_eoc.o"
Deleting file ".\CortexM3\ARM_GCC_541\Debug\Pin_debug1.o"
Deleting file ".\CortexM3\ARM_GCC_541\Debug\DVDAC_1.o"
Deleting file ".\CortexM3\ARM_GCC_541\Debug\DVDAC_1_PM.o"
Deleting file ".\CortexM3\ARM_GCC_541\Debug\Pin_dac.o"
Deleting file ".\CortexM3\ARM_GCC_541\Debug\DVDAC_1_DMA_dma.o"
Deleting file ".\CortexM3\ARM_GCC_541\Debug\DVDAC_1_VDAC8.o"
Deleting file ".\CortexM3\ARM_GCC_541\Debug\DVDAC_1_VDAC8_PM.o"
Deleting file ".\CortexM3\ARM_GCC_541\Debug\DVDAC_1_IntClock.o"
Deleting file ".\CortexM3\ARM_GCC_541\Debug\UART_1.o"
Deleting file ".\CortexM3\ARM_GCC_541\Debug\UART_1_PM.o"
Deleting file ".\CortexM3\ARM_GCC_541\Debug\UART_1_INT.o"
Deleting file ".\CortexM3\ARM_GCC_541\Debug\UART_1_BOOT.o"
Deleting file ".\CortexM3\ARM_GCC_541\Debug\UART_1_IntClock.o"
Deleting file ".\CortexM3\ARM_GCC_541\Debug\Pin_Button.o"
Deleting file ".\CortexM3\ARM_GCC_541\Debug\Pin_Led.o"
Deleting file ".\CortexM3\ARM_GCC_541\Debug\Uart_Rx.o"
Deleting file ".\CortexM3\ARM_GCC_541\Debug\SPI_led.o"
Deleting file ".\CortexM3\ARM_GCC_541\Debug\SPI_led_PM.o"
Deleting file ".\CortexM3\ARM_GCC_541\Debug\SPI_led_INT.o"
Deleting file ".\CortexM3\ARM_GCC_541\Debug\Pin_LE.o"
Deleting file ".\CortexM3\ARM_GCC_541\Debug\mosi.o"
Deleting file ".\CortexM3\ARM_GCC_541\Debug\sclk.o"
Deleting file ".\CortexM3\ARM_GCC_541\Debug\miso.o"
Deleting file ".\CortexM3\ARM_GCC_541\Debug\Pin_buttDown.o"
Deleting file ".\CortexM3\ARM_GCC_541\Debug\Pin_buttUp.o"
Deleting file ".\CortexM3\ARM_GCC_541\Debug\SS.o"
Deleting file ".\CortexM3\ARM_GCC_541\Debug\Pin_OE.o"
Deleting file ".\CortexM3\ARM_GCC_541\Debug\Pin_adc_eoc.o"
Deleting file ".\CortexM3\ARM_GCC_541\Debug\Clock_1.o"
Deleting file ".\CortexM3\ARM_GCC_541\Debug\isr_Pin_buttUp.o"
Deleting file ".\CortexM3\ARM_GCC_541\Debug\isr_Pin_buttDown.o"
Deleting file ".\CortexM3\ARM_GCC_541\Debug\Clock_debounce.o"
Deleting file ".\CortexM3\ARM_GCC_541\Debug\audioSpectrumAnalyzer.hex"
Deleting file ".\CortexM3\ARM_GCC_541\Debug\audioSpectrumAnalyzer.elf"
Deleting file ".\CortexM3\ARM_GCC_541\Debug\audioSpectrumAnalyzer.map"
Deleting file ".\audioSpectrumAnalyzer.cycdx"
Deleting file ".\audioSpectrumAnalyzer.svd"
Deleting file ".\audioSpectrumAnalyzer.rpt"
Deleting file ".\audioSpectrumAnalyzer_timing.html"
Deleting file ".\CortexM3\ARM_GCC_541\Debug\.deps\SOURCE_C__ARM_GCC_GENERIC.P"
Deleting file ".\CortexM3\ARM_GCC_541\Debug\.deps\SOURCE_ASM__ARM_GCC_GENERIC.P"
--------------- Clean Succeeded: 01/01/2021 19:35:04 ---------------
