--------------- Rebuild Started: 05/05/2019 12:54:28 Project: audioSpectrumAnalyzer, Configuration: ARM GCC 5.4-2016-q2-update Debug ---------------
Deleting file ".\CortexM3\ARM_GCC_541\Debug\main.o"
Deleting file ".\CortexM3\ARM_GCC_541\Debug\filters.o"
Deleting file ".\CortexM3\ARM_GCC_541\Debug\FFT_Q.o"
Deleting file ".\CortexM3\ARM_GCC_541\Debug\cyfitter_cfg.o"
Deleting file ".\CortexM3\ARM_GCC_541\Debug\cymetadata.o"
Deleting file ".\CortexM3\ARM_GCC_541\Debug\PGA_1.o"
Deleting file ".\CortexM3\ARM_GCC_541\Debug\PGA_1_PM.o"
Deleting file ".\CortexM3\ARM_GCC_541\Debug\pga_in.o"
Deleting file ".\CortexM3\ARM_GCC_541\Debug\pga_out.o"
Deleting file ".\CortexM3\ARM_GCC_541\Debug\pga_ref.o"
Deleting file ".\CortexM3\ARM_GCC_541\Debug\Cm3Start.o"
Deleting file ".\CortexM3\ARM_GCC_541\Debug\CyBootAsmGnu.o"
Deleting file ".\CortexM3\ARM_GCC_541\Debug\CyDmac.o"
Deleting file ".\CortexM3\ARM_GCC_541\Debug\CyFlash.o"
Deleting file ".\CortexM3\ARM_GCC_541\Debug\CyLib.o"
Deleting file ".\CortexM3\ARM_GCC_541\Debug\cyPm.o"
Deleting file ".\CortexM3\ARM_GCC_541\Debug\CySpc.o"
Deleting file ".\CortexM3\ARM_GCC_541\Debug\cyutils.o"
Deleting file ".\CortexM3\ARM_GCC_541\Debug\cy_em_eeprom.o"
Deleting file ".\CortexM3\ARM_GCC_541\Debug\ADC_DelSig_1.o"
Deleting file ".\CortexM3\ARM_GCC_541\Debug\ADC_DelSig_1_PM.o"
Deleting file ".\CortexM3\ARM_GCC_541\Debug\ADC_DelSig_1_INT.o"
Deleting file ".\CortexM3\ARM_GCC_541\Debug\ADC_DelSig_1_Ext_CP_Clk.o"
Deleting file ".\CortexM3\ARM_GCC_541\Debug\ADC_DelSig_1_IRQ.o"
Deleting file ".\CortexM3\ARM_GCC_541\Debug\ADC_DelSig_1_theACLK.o"
Deleting file ".\CortexM3\ARM_GCC_541\Debug\isr_adc_eoc.o"
Deleting file ".\CortexM3\ARM_GCC_541\Debug\Pin_debug1.o"
Deleting file ".\CortexM3\ARM_GCC_541\Debug\DVDAC_1.o"
Deleting file ".\CortexM3\ARM_GCC_541\Debug\DVDAC_1_PM.o"
Deleting file ".\CortexM3\ARM_GCC_541\Debug\Pin_dac.o"
Deleting file ".\CortexM3\ARM_GCC_541\Debug\DVDAC_1_DMA_dma.o"
Deleting file ".\CortexM3\ARM_GCC_541\Debug\DVDAC_1_VDAC8.o"
Deleting file ".\CortexM3\ARM_GCC_541\Debug\DVDAC_1_VDAC8_PM.o"
Deleting file ".\CortexM3\ARM_GCC_541\Debug\DVDAC_1_IntClock.o"
Deleting file ".\CortexM3\ARM_GCC_541\Debug\UART_1.o"
Deleting file ".\CortexM3\ARM_GCC_541\Debug\UART_1_PM.o"
Deleting file ".\CortexM3\ARM_GCC_541\Debug\UART_1_INT.o"
Deleting file ".\CortexM3\ARM_GCC_541\Debug\UART_1_BOOT.o"
Deleting file ".\CortexM3\ARM_GCC_541\Debug\UART_1_IntClock.o"
Deleting file ".\CortexM3\ARM_GCC_541\Debug\Pin_Button.o"
Deleting file ".\CortexM3\ARM_GCC_541\Debug\Pin_Led.o"
Deleting file ".\CortexM3\ARM_GCC_541\Debug\Uart_Rx.o"
Deleting file ".\CortexM3\ARM_GCC_541\Debug\SPI_led.o"
Deleting file ".\CortexM3\ARM_GCC_541\Debug\SPI_led_PM.o"
Deleting file ".\CortexM3\ARM_GCC_541\Debug\SPI_led_INT.o"
Deleting file ".\CortexM3\ARM_GCC_541\Debug\Pin_LE.o"
Deleting file ".\CortexM3\ARM_GCC_541\Debug\mosi.o"
Deleting file ".\CortexM3\ARM_GCC_541\Debug\sclk.o"
Deleting file ".\CortexM3\ARM_GCC_541\Debug\miso.o"
Deleting file ".\CortexM3\ARM_GCC_541\Debug\SPI_led_IntClock.o"
Deleting file ".\CortexM3\ARM_GCC_541\Debug\Pin_buttDown.o"
Deleting file ".\CortexM3\ARM_GCC_541\Debug\Pin_buttUp.o"
Deleting file ".\CortexM3\ARM_GCC_541\Debug\SS.o"
Deleting file ".\CortexM3\ARM_GCC_541\Debug\Pin_OE.o"
Deleting file ".\CortexM3\ARM_GCC_541\Debug\Pin_adc_eoc.o"
Deleting file ".\CortexM3\ARM_GCC_541\Debug\audioSpectrumAnalyzer.hex"
Deleting file ".\CortexM3\ARM_GCC_541\Debug\audioSpectrumAnalyzer.elf"
Deleting file ".\CortexM3\ARM_GCC_541\Debug\audioSpectrumAnalyzer.map"
Deleting file ".\audioSpectrumAnalyzer.cycdx"
Deleting file ".\audioSpectrumAnalyzer.svd"
Deleting file ".\audioSpectrumAnalyzer.rpt"
Deleting file ".\audioSpectrumAnalyzer_timing.html"
Deleting file ".\CortexM3\ARM_GCC_541\Debug\.deps\SOURCE_C__ARM_GCC_GENERIC.P"
Deleting file ".\CortexM3\ARM_GCC_541\Debug\.deps\SOURCE_ASM__ARM_GCC_GENERIC.P"
cydsfit.exe -.appdatapath "C:\Users\larco\AppData\Local\Cypress Semiconductor\PSoC Creator\4.2" -.fdsnotice -.fdswarpdepfile=warp_dependencies.txt -.fdselabdepfile=elab_dependencies.txt -.fdsbldfile=generated_files.txt -.fdsreffile=referenced_files.txt -p "C:\Users\larco\Dropbox\DEVELOPMENT\Audio spectrum analyzer\Firmware\audioSpectrumAnalyzer\audioSpectrumAnalyzer.cydsn\audioSpectrumAnalyzer.cyprj" -d CY8C5888LTI-LP097 -s "C:\Users\larco\Dropbox\DEVELOPMENT\Audio spectrum analyzer\Firmware\audioSpectrumAnalyzer\audioSpectrumAnalyzer.cydsn\Generated_Source\PSoC5" -- -yv2 -q10 -ygs -o2 -v3 -.fftcfgtype=LE
Elaborating Design...
ADD: fit.M0032: warning: Clock Warning: (UART_1_IntClock's accuracy range '7.091 MHz +/- 1%, (7.02 MHz - 7.162 MHz)' is not within the specified tolerance range '7.373 MHz +/- 3.937%, (7.083 MHz - 7.663 MHz)'.).
 * C:\Program Files (x86)\Cypress\PSoC Creator\4.2\PSoC Creator\psoc\content\CyComponentLibrary\CyComponentLibrary.cylib\UART_v2_50\UART_v2_50.cysch (Instance:IntClock)
 * C:\Users\larco\Dropbox\DEVELOPMENT\Audio spectrum analyzer\Firmware\audioSpectrumAnalyzer\audioSpectrumAnalyzer.cydsn\audioSpectrumAnalyzer.cydwr (UART_1_IntClock)
HDL Generation...
Synthesis...
Tech Mapping...
ADD: pft.M0040: information: The following 1 pin(s) will be assigned a location by the fitter: SS(0)
Analog Placement...
Log: apr.M0058: The analog placement iterative improvement is 34% done. (App=cydsfit)
Log: apr.M0058: The analog placement iterative improvement is 63% done. (App=cydsfit)
Analog Routing...
Analog Code Generation...
Digital Placement...
Digital Routing...
Bitstream Generation...
Bitstream Verification...
Static timing analysis...
API Generation...
Dependency Generation...
Cleanup...
arm-none-eabi-gcc.exe -mcpu=cortex-m3 -mthumb -I. -IGenerated_Source\PSoC5 -Wa,-alh=.\CortexM3\ARM_GCC_541\Debug/main.lst -g -D DEBUG -D CY_CORE_ID=0 -Wall -ffunction-sections -ffat-lto-objects -finline-functions -O3 -c main.c -o .\CortexM3\ARM_GCC_541\Debug\main.o
main.c: In function 'main':
main.c:219:42: warning: array subscript has type 'char' [-Wchar-subscripts]
                     if( std > thrshldDOWN[ index ] )
                                          ^
main.c:227:40: warning: array subscript has type 'char' [-Wchar-subscripts]
                     if( std > thrshldUP[ index ] )
                                        ^
main.c:244:42: warning: array subscript has type 'char' [-Wchar-subscripts]
                     if( std > thrshldDOWN[ index ] )
                                          ^
main.c:252:40: warning: array subscript has type 'char' [-Wchar-subscripts]
                     if( std > thrshldUP[ index ] )
                                        ^
main.c:269:42: warning: array subscript has type 'char' [-Wchar-subscripts]
                     if( std > thrshldDOWN[ index ] )
                                          ^
main.c:277:40: warning: array subscript has type 'char' [-Wchar-subscripts]
                     if( std > thrshldUP[ index ] )
                                        ^
main.c:294:42: warning: array subscript has type 'char' [-Wchar-subscripts]
                     if( std > thrshldDOWN[ index ] )
                                          ^
main.c:302:40: warning: array subscript has type 'char' [-Wchar-subscripts]
                     if( std > thrshldUP[ index ] )
                                        ^
main.c:319:42: warning: array subscript has type 'char' [-Wchar-subscripts]
                     if( std > thrshldDOWN[ index ] )
                                          ^
main.c:327:40: warning: array subscript has type 'char' [-Wchar-subscripts]
                     if( std > thrshldUP[ index ] )
                                        ^
main.c:344:42: warning: array subscript has type 'char' [-Wchar-subscripts]
                     if( std > thrshldDOWN[ index ] )
                                          ^
main.c:352:40: warning: array subscript has type 'char' [-Wchar-subscripts]
                     if( std > thrshldUP[ index ] )
                                        ^
main.c:369:42: warning: array subscript has type 'char' [-Wchar-subscripts]
                     if( std > thrshldDOWN[ index ] )
                                          ^
main.c:377:40: warning: array subscript has type 'char' [-Wchar-subscripts]
                     if( std > thrshldUP[ index ] )
                                        ^
main.c:394:42: warning: array subscript has type 'char' [-Wchar-subscripts]
                     if( std > thrshldDOWN[ index ] )
                                          ^
main.c:402:40: warning: array subscript has type 'char' [-Wchar-subscripts]
                     if( std > thrshldUP[ index ] )
                                        ^
main.c:62:10: warning: unused variable 'index2' [-Wunused-variable]
     char index2 = 0;
          ^
arm-none-eabi-gcc.exe -mcpu=cortex-m3 -mthumb -I. -IGenerated_Source\PSoC5 -Wa,-alh=.\CortexM3\ARM_GCC_541\Debug/filters.lst -g -D DEBUG -D CY_CORE_ID=0 -Wall -ffunction-sections -ffat-lto-objects -finline-functions -O3 -c filters.c -o .\CortexM3\ARM_GCC_541\Debug\filters.o
arm-none-eabi-gcc.exe -mcpu=cortex-m3 -mthumb -I. -IGenerated_Source\PSoC5 -Wa,-alh=.\CortexM3\ARM_GCC_541\Debug/FFT_Q.lst -g -D DEBUG -D CY_CORE_ID=0 -Wall -ffunction-sections -ffat-lto-objects -finline-functions -O3 -c FFT_Q.c -o .\CortexM3\ARM_GCC_541\Debug\FFT_Q.o
In file included from FFT_Q.c:30:0:
twiddleFactors.h:109:29: warning: excess elements in array initializer
 16154, 16170, 16185, 16200, 16215, 16228, 16242, 16254, 16266, 16278, 
                             ^
twiddleFactors.h:109:29: note: (near initialization for 'twiddleFactors[0]')
twiddleFactors.h:109:36: warning: excess elements in array initializer
 16154, 16170, 16185, 16200, 16215, 16228, 16242, 16254, 16266, 16278, 
                                    ^
twiddleFactors.h:109:36: note: (near initialization for 'twiddleFactors[0]')
twiddleFactors.h:109:43: warning: excess elements in array initializer
 16154, 16170, 16185, 16200, 16215, 16228, 16242, 16254, 16266, 16278, 
                                           ^
twiddleFactors.h:109:43: note: (near initialization for 'twiddleFactors[0]')
twiddleFactors.h:109:50: warning: excess elements in array initializer
 16154, 16170, 16185, 16200, 16215, 16228, 16242, 16254, 16266, 16278, 
                                                  ^
twiddleFactors.h:109:50: note: (near initialization for 'twiddleFactors[0]')
twiddleFactors.h:109:57: warning: excess elements in array initializer
 16154, 16170, 16185, 16200, 16215, 16228, 16242, 16254, 16266, 16278, 
                                                         ^
twiddleFactors.h:109:57: note: (near initialization for 'twiddleFactors[0]')
twiddleFactors.h:109:64: warning: excess elements in array initializer
 16154, 16170, 16185, 16200, 16215, 16228, 16242, 16254, 16266, 16278, 
                                                                ^
twiddleFactors.h:109:64: note: (near initialization for 'twiddleFactors[0]')
twiddleFactors.h:110:1: warning: excess elements in array initializer
 16289, 16299, 16309, 16318, 16326, 16334, 16342, 16348, 16355, 16360, 
 ^
twiddleFactors.h:110:1: note: (near initialization for 'twiddleFactors[0]')
twiddleFactors.h:110:8: warning: excess elements in array initializer
 16289, 16299, 16309, 16318, 16326, 16334, 16342, 16348, 16355, 16360, 
        ^
twiddleFactors.h:110:8: note: (near initialization for 'twiddleFactors[0]')
twiddleFactors.h:110:15: warning: excess elements in array initializer
 16289, 16299, 16309, 16318, 16326, 16334, 16342, 16348, 16355, 16360, 
               ^
twiddleFactors.h:110:15: note: (near initialization for 'twiddleFactors[0]')
twiddleFactors.h:110:22: warning: excess elements in array initializer
 16289, 16299, 16309, 16318, 16326, 16334, 16342, 16348, 16355, 16360, 
                      ^
twiddleFactors.h:110:22: note: (near initialization for 'twiddleFactors[0]')
twiddleFactors.h:110:29: warning: excess elements in array initializer
 16289, 16299, 16309, 16318, 16326, 16334, 16342, 16348, 16355, 16360, 
                             ^
twiddleFactors.h:110:29: note: (near initialization for 'twiddleFactors[0]')
twiddleFactors.h:110:36: warning: excess elements in array initializer
 16289, 16299, 16309, 16318, 16326, 16334, 16342, 16348, 16355, 16360, 
                                    ^
twiddleFactors.h:110:36: note: (near initialization for 'twiddleFactors[0]')
twiddleFactors.h:110:43: warning: excess elements in array initializer
 16289, 16299, 16309, 16318, 16326, 16334, 16342, 16348, 16355, 16360, 
                                           ^
twiddleFactors.h:110:43: note: (near initialization for 'twiddleFactors[0]')
twiddleFactors.h:110:50: warning: excess elements in array initializer
 16289, 16299, 16309, 16318, 16326, 16334, 16342, 16348, 16355, 16360, 
                                                  ^
twiddleFactors.h:110:50: note: (near initialization for 'twiddleFactors[0]')
twiddleFactors.h:110:57: warning: excess elements in array initializer
 16289, 16299, 16309, 16318, 16326, 16334, 16342, 16348, 16355, 16360, 
                                                         ^
twiddleFactors.h:110:57: note: (near initialization for 'twiddleFactors[0]')
twiddleFactors.h:110:64: warning: excess elements in array initializer
 16289, 16299, 16309, 16318, 16326, 16334, 16342, 16348, 16355, 16360, 
                                                                ^
twiddleFactors.h:110:64: note: (near initialization for 'twiddleFactors[0]')
twiddleFactors.h:111:1: warning: excess elements in array initializer
 16365, 16370, 16373, 16377, 16379, 16381, 16383, 16384}, 
 ^
twiddleFactors.h:111:1: note: (near initialization for 'twiddleFactors[0]')
twiddleFactors.h:111:8: warning: excess elements in array initializer
 16365, 16370, 16373, 16377, 16379, 16381, 16383, 16384}, 
        ^
twiddleFactors.h:111:8: note: (near initialization for 'twiddleFactors[0]')
twiddleFactors.h:111:15: warning: excess elements in array initializer
 16365, 16370, 16373, 16377, 16379, 16381, 16383, 16384}, 
               ^
twiddleFactors.h:111:15: note: (near initialization for 'twiddleFactors[0]')
twiddleFactors.h:111:22: warning: excess elements in array initializer
 16365, 16370, 16373, 16377, 16379, 16381, 16383, 16384}, 
                      ^
twiddleFactors.h:111:22: note: (near initialization for 'twiddleFactors[0]')
twiddleFactors.h:111:29: warning: excess elements in array initializer
 16365, 16370, 16373, 16377, 16379, 16381, 16383, 16384}, 
                             ^
twiddleFactors.h:111:29: note: (near initialization for 'twiddleFactors[0]')
twiddleFactors.h:111:36: warning: excess elements in array initializer
 16365, 16370, 16373, 16377, 16379, 16381, 16383, 16384}, 
                                    ^
twiddleFactors.h:111:36: note: (near initialization for 'twiddleFactors[0]')
twiddleFactors.h:111:43: warning: excess elements in array initializer
 16365, 16370, 16373, 16377, 16379, 16381, 16383, 16384}, 
                                           ^
twiddleFactors.h:111:43: note: (near initialization for 'twiddleFactors[0]')
twiddleFactors.h:111:50: warning: excess elements in array initializer
 16365, 16370, 16373, 16377, 16379, 16381, 16383, 16384}, 
                                                  ^
twiddleFactors.h:111:50: note: (near initialization for 'twiddleFactors[0]')
twiddleFactors.h:214:25: warning: excess elements in array initializer
 2738, 2641, 2544, 2447, 2349, 2252, 2155, 2057, 1960, 1862, 
                         ^
twiddleFactors.h:214:25: note: (near initialization for 'twiddleFactors[1]')
twiddleFactors.h:214:31: warning: excess elements in array initializer
 2738, 2641, 2544, 2447, 2349, 2252, 2155, 2057, 1960, 1862, 
                               ^
twiddleFactors.h:214:31: note: (near initialization for 'twiddleFactors[1]')
twiddleFactors.h:214:37: warning: excess elements in array initializer
 2738, 2641, 2544, 2447, 2349, 2252, 2155, 2057, 1960, 1862, 
                                     ^
twiddleFactors.h:214:37: note: (near initialization for 'twiddleFactors[1]')
twiddleFactors.h:214:43: warning: excess elements in array initializer
 2738, 2641, 2544, 2447, 2349, 2252, 2155, 2057, 1960, 1862, 
                                           ^
twiddleFactors.h:214:43: note: (near initialization for 'twiddleFactors[1]')
twiddleFactors.h:214:49: warning: excess elements in array initializer
 2738, 2641, 2544, 2447, 2349, 2252, 2155, 2057, 1960, 1862, 
                                                 ^
twiddleFactors.h:214:49: note: (near initialization for 'twiddleFactors[1]')
twiddleFactors.h:214:55: warning: excess elements in array initializer
 2738, 2641, 2544, 2447, 2349, 2252, 2155, 2057, 1960, 1862, 
                                                       ^
twiddleFactors.h:214:55: note: (near initialization for 'twiddleFactors[1]')
twiddleFactors.h:215:1: warning: excess elements in array initializer
 1765, 1667, 1569, 1471, 1374, 1276, 1178, 1080, 982, 884, 
 ^
twiddleFactors.h:215:1: note: (near initialization for 'twiddleFactors[1]')
twiddleFactors.h:215:7: warning: excess elements in array initializer
 1765, 1667, 1569, 1471, 1374, 1276, 1178, 1080, 982, 884, 
       ^
twiddleFactors.h:215:7: note: (near initialization for 'twiddleFactors[1]')
twiddleFactors.h:215:13: warning: excess elements in array initializer
 1765, 1667, 1569, 1471, 1374, 1276, 1178, 1080, 982, 884, 
             ^
twiddleFactors.h:215:13: note: (near initialization for 'twiddleFactors[1]')
twiddleFactors.h:215:19: warning: excess elements in array initializer
 1765, 1667, 1569, 1471, 1374, 1276, 1178, 1080, 982, 884, 
                   ^
twiddleFactors.h:215:19: note: (near initialization for 'twiddleFactors[1]')
twiddleFactors.h:215:25: warning: excess elements in array initializer
 1765, 1667, 1569, 1471, 1374, 1276, 1178, 1080, 982, 884, 
                         ^
twiddleFactors.h:215:25: note: (near initialization for 'twiddleFactors[1]')
twiddleFactors.h:215:31: warning: excess elements in array initializer
 1765, 1667, 1569, 1471, 1374, 1276, 1178, 1080, 982, 884, 
                               ^
twiddleFactors.h:215:31: note: (near initialization for 'twiddleFactors[1]')
twiddleFactors.h:215:37: warning: excess elements in array initializer
 1765, 1667, 1569, 1471, 1374, 1276, 1178, 1080, 982, 884, 
                                     ^
twiddleFactors.h:215:37: note: (near initialization for 'twiddleFactors[1]')
twiddleFactors.h:215:43: warning: excess elements in array initializer
 1765, 1667, 1569, 1471, 1374, 1276, 1178, 1080, 982, 884, 
                                           ^
twiddleFactors.h:215:43: note: (near initialization for 'twiddleFactors[1]')
twiddleFactors.h:215:49: warning: excess elements in array initializer
 1765, 1667, 1569, 1471, 1374, 1276, 1178, 1080, 982, 884, 
                                                 ^
twiddleFactors.h:215:49: note: (near initialization for 'twiddleFactors[1]')
twiddleFactors.h:215:54: warning: excess elements in array initializer
 1765, 1667, 1569, 1471, 1374, 1276, 1178, 1080, 982, 884, 
                                                      ^
twiddleFactors.h:215:54: note: (near initialization for 'twiddleFactors[1]')
twiddleFactors.h:216:1: warning: excess elements in array initializer
 786, 687, 589, 491, 393, 295, 196, 98 } };
 ^
twiddleFactors.h:216:1: note: (near initialization for 'twiddleFactors[1]')
twiddleFactors.h:216:6: warning: excess elements in array initializer
 786, 687, 589, 491, 393, 295, 196, 98 } };
      ^
twiddleFactors.h:216:6: note: (near initialization for 'twiddleFactors[1]')
twiddleFactors.h:216:11: warning: excess elements in array initializer
 786, 687, 589, 491, 393, 295, 196, 98 } };
           ^
twiddleFactors.h:216:11: note: (near initialization for 'twiddleFactors[1]')
twiddleFactors.h:216:16: warning: excess elements in array initializer
 786, 687, 589, 491, 393, 295, 196, 98 } };
                ^
twiddleFactors.h:216:16: note: (near initialization for 'twiddleFactors[1]')
twiddleFactors.h:216:21: warning: excess elements in array initializer
 786, 687, 589, 491, 393, 295, 196, 98 } };
                     ^
twiddleFactors.h:216:21: note: (near initialization for 'twiddleFactors[1]')
twiddleFactors.h:216:26: warning: excess elements in array initializer
 786, 687, 589, 491, 393, 295, 196, 98 } };
                          ^
twiddleFactors.h:216:26: note: (near initialization for 'twiddleFactors[1]')
twiddleFactors.h:216:31: warning: excess elements in array initializer
 786, 687, 589, 491, 393, 295, 196, 98 } };
                               ^
twiddleFactors.h:216:31: note: (near initialization for 'twiddleFactors[1]')
twiddleFactors.h:216:36: warning: excess elements in array initializer
 786, 687, 589, 491, 393, 295, 196, 98 } };
                                    ^
twiddleFactors.h:216:36: note: (near initialization for 'twiddleFactors[1]')
FFT_Q.c: In function 'fftRMS':
FFT_Q.c:69:12: warning: unused variable 'length' [-Wunused-variable]
  short int length = endBin - startBin;
            ^
arm-none-eabi-gcc.exe -mcpu=cortex-m3 -mthumb -I. -IGenerated_Source\PSoC5 -Wa,-alh=.\CortexM3\ARM_GCC_541\Debug/cyfitter_cfg.lst -g -D DEBUG -D CY_CORE_ID=0 -Wall -ffunction-sections -ffat-lto-objects -finline-functions -O3 -c Generated_Source\PSoC5\cyfitter_cfg.c -o .\CortexM3\ARM_GCC_541\Debug\cyfitter_cfg.o
arm-none-eabi-gcc.exe -mcpu=cortex-m3 -mthumb -I. -IGenerated_Source\PSoC5 -Wa,-alh=.\CortexM3\ARM_GCC_541\Debug/cymetadata.lst -g -D DEBUG -D CY_CORE_ID=0 -Wall -ffunction-sections -ffat-lto-objects -finline-functions -O3 -c Generated_Source\PSoC5\cymetadata.c -o .\CortexM3\ARM_GCC_541\Debug\cymetadata.o
arm-none-eabi-gcc.exe -mcpu=cortex-m3 -mthumb -I. -IGenerated_Source\PSoC5 -Wa,-alh=.\CortexM3\ARM_GCC_541\Debug/PGA_1.lst -g -D DEBUG -D CY_CORE_ID=0 -Wall -ffunction-sections -ffat-lto-objects -finline-functions -O3 -c Generated_Source\PSoC5\PGA_1.c -o .\CortexM3\ARM_GCC_541\Debug\PGA_1.o
arm-none-eabi-gcc.exe -mcpu=cortex-m3 -mthumb -I. -IGenerated_Source\PSoC5 -Wa,-alh=.\CortexM3\ARM_GCC_541\Debug/PGA_1_PM.lst -g -D DEBUG -D CY_CORE_ID=0 -Wall -ffunction-sections -ffat-lto-objects -finline-functions -O3 -c Generated_Source\PSoC5\PGA_1_PM.c -o .\CortexM3\ARM_GCC_541\Debug\PGA_1_PM.o
arm-none-eabi-gcc.exe -mcpu=cortex-m3 -mthumb -I. -IGenerated_Source\PSoC5 -Wa,-alh=.\CortexM3\ARM_GCC_541\Debug/pga_in.lst -g -D DEBUG -D CY_CORE_ID=0 -Wall -ffunction-sections -ffat-lto-objects -finline-functions -O3 -c Generated_Source\PSoC5\pga_in.c -o .\CortexM3\ARM_GCC_541\Debug\pga_in.o
arm-none-eabi-gcc.exe -mcpu=cortex-m3 -mthumb -I. -IGenerated_Source\PSoC5 -Wa,-alh=.\CortexM3\ARM_GCC_541\Debug/pga_out.lst -g -D DEBUG -D CY_CORE_ID=0 -Wall -ffunction-sections -ffat-lto-objects -finline-functions -O3 -c Generated_Source\PSoC5\pga_out.c -o .\CortexM3\ARM_GCC_541\Debug\pga_out.o
arm-none-eabi-gcc.exe -mcpu=cortex-m3 -mthumb -I. -IGenerated_Source\PSoC5 -Wa,-alh=.\CortexM3\ARM_GCC_541\Debug/pga_ref.lst -g -D DEBUG -D CY_CORE_ID=0 -Wall -ffunction-sections -ffat-lto-objects -finline-functions -O3 -c Generated_Source\PSoC5\pga_ref.c -o .\CortexM3\ARM_GCC_541\Debug\pga_ref.o
arm-none-eabi-gcc.exe -mcpu=cortex-m3 -mthumb -I. -IGenerated_Source\PSoC5 -Wa,-alh=.\CortexM3\ARM_GCC_541\Debug/Cm3Start.lst -g -D DEBUG -D CY_CORE_ID=0 -Wall -ffunction-sections -ffat-lto-objects -finline-functions -O3 -c Generated_Source\PSoC5\Cm3Start.c -o .\CortexM3\ARM_GCC_541\Debug\Cm3Start.o
arm-none-eabi-gcc.exe -mcpu=cortex-m3 -mthumb -I. -IGenerated_Source\PSoC5 -Wa,-alh=.\CortexM3\ARM_GCC_541\Debug/CyDmac.lst -g -D DEBUG -D CY_CORE_ID=0 -Wall -ffunction-sections -ffat-lto-objects -finline-functions -O3 -c Generated_Source\PSoC5\CyDmac.c -o .\CortexM3\ARM_GCC_541\Debug\CyDmac.o
arm-none-eabi-gcc.exe -mcpu=cortex-m3 -mthumb -I. -IGenerated_Source\PSoC5 -Wa,-alh=.\CortexM3\ARM_GCC_541\Debug/CyFlash.lst -g -D DEBUG -D CY_CORE_ID=0 -Wall -ffunction-sections -ffat-lto-objects -finline-functions -O3 -c Generated_Source\PSoC5\CyFlash.c -o .\CortexM3\ARM_GCC_541\Debug\CyFlash.o
arm-none-eabi-gcc.exe -mcpu=cortex-m3 -mthumb -I. -IGenerated_Source\PSoC5 -Wa,-alh=.\CortexM3\ARM_GCC_541\Debug/CyLib.lst -g -D DEBUG -D CY_CORE_ID=0 -Wall -ffunction-sections -ffat-lto-objects -finline-functions -O3 -c Generated_Source\PSoC5\CyLib.c -o .\CortexM3\ARM_GCC_541\Debug\CyLib.o
arm-none-eabi-gcc.exe -mcpu=cortex-m3 -mthumb -I. -IGenerated_Source\PSoC5 -Wa,-alh=.\CortexM3\ARM_GCC_541\Debug/cyPm.lst -g -D DEBUG -D CY_CORE_ID=0 -Wall -ffunction-sections -ffat-lto-objects -finline-functions -O3 -c Generated_Source\PSoC5\cyPm.c -o .\CortexM3\ARM_GCC_541\Debug\cyPm.o
arm-none-eabi-gcc.exe -mcpu=cortex-m3 -mthumb -I. -IGenerated_Source\PSoC5 -Wa,-alh=.\CortexM3\ARM_GCC_541\Debug/CySpc.lst -g -D DEBUG -D CY_CORE_ID=0 -Wall -ffunction-sections -ffat-lto-objects -finline-functions -O3 -c Generated_Source\PSoC5\CySpc.c -o .\CortexM3\ARM_GCC_541\Debug\CySpc.o
arm-none-eabi-gcc.exe -mcpu=cortex-m3 -mthumb -I. -IGenerated_Source\PSoC5 -Wa,-alh=.\CortexM3\ARM_GCC_541\Debug/cyutils.lst -g -D DEBUG -D CY_CORE_ID=0 -Wall -ffunction-sections -ffat-lto-objects -finline-functions -O3 -c Generated_Source\PSoC5\cyutils.c -o .\CortexM3\ARM_GCC_541\Debug\cyutils.o
arm-none-eabi-gcc.exe -mcpu=cortex-m3 -mthumb -I. -IGenerated_Source\PSoC5 -Wa,-alh=.\CortexM3\ARM_GCC_541\Debug/cy_em_eeprom.lst -g -D DEBUG -D CY_CORE_ID=0 -Wall -ffunction-sections -ffat-lto-objects -finline-functions -O3 -c Generated_Source\PSoC5\cy_em_eeprom.c -o .\CortexM3\ARM_GCC_541\Debug\cy_em_eeprom.o
arm-none-eabi-gcc.exe -mcpu=cortex-m3 -mthumb -I. -IGenerated_Source\PSoC5 -Wa,-alh=.\CortexM3\ARM_GCC_541\Debug/ADC_DelSig_1.lst -g -D DEBUG -D CY_CORE_ID=0 -Wall -ffunction-sections -ffat-lto-objects -finline-functions -O3 -c Generated_Source\PSoC5\ADC_DelSig_1.c -o .\CortexM3\ARM_GCC_541\Debug\ADC_DelSig_1.o
arm-none-eabi-gcc.exe -mcpu=cortex-m3 -mthumb -I. -IGenerated_Source\PSoC5 -Wa,-alh=.\CortexM3\ARM_GCC_541\Debug/ADC_DelSig_1_PM.lst -g -D DEBUG -D CY_CORE_ID=0 -Wall -ffunction-sections -ffat-lto-objects -finline-functions -O3 -c Generated_Source\PSoC5\ADC_DelSig_1_PM.c -o .\CortexM3\ARM_GCC_541\Debug\ADC_DelSig_1_PM.o
arm-none-eabi-gcc.exe -mcpu=cortex-m3 -mthumb -I. -IGenerated_Source\PSoC5 -Wa,-alh=.\CortexM3\ARM_GCC_541\Debug/ADC_DelSig_1_INT.lst -g -D DEBUG -D CY_CORE_ID=0 -Wall -ffunction-sections -ffat-lto-objects -finline-functions -O3 -c Generated_Source\PSoC5\ADC_DelSig_1_INT.c -o .\CortexM3\ARM_GCC_541\Debug\ADC_DelSig_1_INT.o
arm-none-eabi-gcc.exe -mcpu=cortex-m3 -mthumb -I. -IGenerated_Source\PSoC5 -Wa,-alh=.\CortexM3\ARM_GCC_541\Debug/ADC_DelSig_1_Ext_CP_Clk.lst -g -D DEBUG -D CY_CORE_ID=0 -Wall -ffunction-sections -ffat-lto-objects -finline-functions -O3 -c Generated_Source\PSoC5\ADC_DelSig_1_Ext_CP_Clk.c -o .\CortexM3\ARM_GCC_541\Debug\ADC_DelSig_1_Ext_CP_Clk.o
arm-none-eabi-gcc.exe -mcpu=cortex-m3 -mthumb -I. -IGenerated_Source\PSoC5 -Wa,-alh=.\CortexM3\ARM_GCC_541\Debug/ADC_DelSig_1_IRQ.lst -g -D DEBUG -D CY_CORE_ID=0 -Wall -ffunction-sections -ffat-lto-objects -finline-functions -O3 -c Generated_Source\PSoC5\ADC_DelSig_1_IRQ.c -o .\CortexM3\ARM_GCC_541\Debug\ADC_DelSig_1_IRQ.o
arm-none-eabi-gcc.exe -mcpu=cortex-m3 -mthumb -I. -IGenerated_Source\PSoC5 -Wa,-alh=.\CortexM3\ARM_GCC_541\Debug/ADC_DelSig_1_theACLK.lst -g -D DEBUG -D CY_CORE_ID=0 -Wall -ffunction-sections -ffat-lto-objects -finline-functions -O3 -c Generated_Source\PSoC5\ADC_DelSig_1_theACLK.c -o .\CortexM3\ARM_GCC_541\Debug\ADC_DelSig_1_theACLK.o
arm-none-eabi-gcc.exe -mcpu=cortex-m3 -mthumb -I. -IGenerated_Source\PSoC5 -Wa,-alh=.\CortexM3\ARM_GCC_541\Debug/isr_adc_eoc.lst -g -D DEBUG -D CY_CORE_ID=0 -Wall -ffunction-sections -ffat-lto-objects -finline-functions -O3 -c Generated_Source\PSoC5\isr_adc_eoc.c -o .\CortexM3\ARM_GCC_541\Debug\isr_adc_eoc.o
arm-none-eabi-gcc.exe -mcpu=cortex-m3 -mthumb -I. -IGenerated_Source\PSoC5 -Wa,-alh=.\CortexM3\ARM_GCC_541\Debug/Pin_debug1.lst -g -D DEBUG -D CY_CORE_ID=0 -Wall -ffunction-sections -ffat-lto-objects -finline-functions -O3 -c Generated_Source\PSoC5\Pin_debug1.c -o .\CortexM3\ARM_GCC_541\Debug\Pin_debug1.o
arm-none-eabi-gcc.exe -mcpu=cortex-m3 -mthumb -I. -IGenerated_Source\PSoC5 -Wa,-alh=.\CortexM3\ARM_GCC_541\Debug/DVDAC_1.lst -g -D DEBUG -D CY_CORE_ID=0 -Wall -ffunction-sections -ffat-lto-objects -finline-functions -O3 -c Generated_Source\PSoC5\DVDAC_1.c -o .\CortexM3\ARM_GCC_541\Debug\DVDAC_1.o
arm-none-eabi-gcc.exe -mcpu=cortex-m3 -mthumb -I. -IGenerated_Source\PSoC5 -Wa,-alh=.\CortexM3\ARM_GCC_541\Debug/DVDAC_1_PM.lst -g -D DEBUG -D CY_CORE_ID=0 -Wall -ffunction-sections -ffat-lto-objects -finline-functions -O3 -c Generated_Source\PSoC5\DVDAC_1_PM.c -o .\CortexM3\ARM_GCC_541\Debug\DVDAC_1_PM.o
arm-none-eabi-gcc.exe -mcpu=cortex-m3 -mthumb -I. -IGenerated_Source\PSoC5 -Wa,-alh=.\CortexM3\ARM_GCC_541\Debug/Pin_dac.lst -g -D DEBUG -D CY_CORE_ID=0 -Wall -ffunction-sections -ffat-lto-objects -finline-functions -O3 -c Generated_Source\PSoC5\Pin_dac.c -o .\CortexM3\ARM_GCC_541\Debug\Pin_dac.o
arm-none-eabi-gcc.exe -mcpu=cortex-m3 -mthumb -I. -IGenerated_Source\PSoC5 -Wa,-alh=.\CortexM3\ARM_GCC_541\Debug/DVDAC_1_DMA_dma.lst -g -D DEBUG -D CY_CORE_ID=0 -Wall -ffunction-sections -ffat-lto-objects -finline-functions -O3 -c Generated_Source\PSoC5\DVDAC_1_DMA_dma.c -o .\CortexM3\ARM_GCC_541\Debug\DVDAC_1_DMA_dma.o
arm-none-eabi-gcc.exe -mcpu=cortex-m3 -mthumb -I. -IGenerated_Source\PSoC5 -Wa,-alh=.\CortexM3\ARM_GCC_541\Debug/DVDAC_1_VDAC8.lst -g -D DEBUG -D CY_CORE_ID=0 -Wall -ffunction-sections -ffat-lto-objects -finline-functions -O3 -c Generated_Source\PSoC5\DVDAC_1_VDAC8.c -o .\CortexM3\ARM_GCC_541\Debug\DVDAC_1_VDAC8.o
arm-none-eabi-gcc.exe -mcpu=cortex-m3 -mthumb -I. -IGenerated_Source\PSoC5 -Wa,-alh=.\CortexM3\ARM_GCC_541\Debug/DVDAC_1_VDAC8_PM.lst -g -D DEBUG -D CY_CORE_ID=0 -Wall -ffunction-sections -ffat-lto-objects -finline-functions -O3 -c Generated_Source\PSoC5\DVDAC_1_VDAC8_PM.c -o .\CortexM3\ARM_GCC_541\Debug\DVDAC_1_VDAC8_PM.o
arm-none-eabi-gcc.exe -mcpu=cortex-m3 -mthumb -I. -IGenerated_Source\PSoC5 -Wa,-alh=.\CortexM3\ARM_GCC_541\Debug/DVDAC_1_IntClock.lst -g -D DEBUG -D CY_CORE_ID=0 -Wall -ffunction-sections -ffat-lto-objects -finline-functions -O3 -c Generated_Source\PSoC5\DVDAC_1_IntClock.c -o .\CortexM3\ARM_GCC_541\Debug\DVDAC_1_IntClock.o
arm-none-eabi-gcc.exe -mcpu=cortex-m3 -mthumb -I. -IGenerated_Source\PSoC5 -Wa,-alh=.\CortexM3\ARM_GCC_541\Debug/UART_1.lst -g -D DEBUG -D CY_CORE_ID=0 -Wall -ffunction-sections -ffat-lto-objects -finline-functions -O3 -c Generated_Source\PSoC5\UART_1.c -o .\CortexM3\ARM_GCC_541\Debug\UART_1.o
arm-none-eabi-gcc.exe -mcpu=cortex-m3 -mthumb -I. -IGenerated_Source\PSoC5 -Wa,-alh=.\CortexM3\ARM_GCC_541\Debug/UART_1_PM.lst -g -D DEBUG -D CY_CORE_ID=0 -Wall -ffunction-sections -ffat-lto-objects -finline-functions -O3 -c Generated_Source\PSoC5\UART_1_PM.c -o .\CortexM3\ARM_GCC_541\Debug\UART_1_PM.o
arm-none-eabi-gcc.exe -mcpu=cortex-m3 -mthumb -I. -IGenerated_Source\PSoC5 -Wa,-alh=.\CortexM3\ARM_GCC_541\Debug/UART_1_INT.lst -g -D DEBUG -D CY_CORE_ID=0 -Wall -ffunction-sections -ffat-lto-objects -finline-functions -O3 -c Generated_Source\PSoC5\UART_1_INT.c -o .\CortexM3\ARM_GCC_541\Debug\UART_1_INT.o
arm-none-eabi-gcc.exe -mcpu=cortex-m3 -mthumb -I. -IGenerated_Source\PSoC5 -Wa,-alh=.\CortexM3\ARM_GCC_541\Debug/UART_1_BOOT.lst -g -D DEBUG -D CY_CORE_ID=0 -Wall -ffunction-sections -ffat-lto-objects -finline-functions -O3 -c Generated_Source\PSoC5\UART_1_BOOT.c -o .\CortexM3\ARM_GCC_541\Debug\UART_1_BOOT.o
arm-none-eabi-gcc.exe -mcpu=cortex-m3 -mthumb -I. -IGenerated_Source\PSoC5 -Wa,-alh=.\CortexM3\ARM_GCC_541\Debug/UART_1_IntClock.lst -g -D DEBUG -D CY_CORE_ID=0 -Wall -ffunction-sections -ffat-lto-objects -finline-functions -O3 -c Generated_Source\PSoC5\UART_1_IntClock.c -o .\CortexM3\ARM_GCC_541\Debug\UART_1_IntClock.o
arm-none-eabi-gcc.exe -mcpu=cortex-m3 -mthumb -I. -IGenerated_Source\PSoC5 -Wa,-alh=.\CortexM3\ARM_GCC_541\Debug/Pin_Button.lst -g -D DEBUG -D CY_CORE_ID=0 -Wall -ffunction-sections -ffat-lto-objects -finline-functions -O3 -c Generated_Source\PSoC5\Pin_Button.c -o .\CortexM3\ARM_GCC_541\Debug\Pin_Button.o
arm-none-eabi-gcc.exe -mcpu=cortex-m3 -mthumb -I. -IGenerated_Source\PSoC5 -Wa,-alh=.\CortexM3\ARM_GCC_541\Debug/Pin_Led.lst -g -D DEBUG -D CY_CORE_ID=0 -Wall -ffunction-sections -ffat-lto-objects -finline-functions -O3 -c Generated_Source\PSoC5\Pin_Led.c -o .\CortexM3\ARM_GCC_541\Debug\Pin_Led.o
arm-none-eabi-gcc.exe -mcpu=cortex-m3 -mthumb -I. -IGenerated_Source\PSoC5 -Wa,-alh=.\CortexM3\ARM_GCC_541\Debug/Uart_Rx.lst -g -D DEBUG -D CY_CORE_ID=0 -Wall -ffunction-sections -ffat-lto-objects -finline-functions -O3 -c Generated_Source\PSoC5\Uart_Rx.c -o .\CortexM3\ARM_GCC_541\Debug\Uart_Rx.o
arm-none-eabi-gcc.exe -mcpu=cortex-m3 -mthumb -I. -IGenerated_Source\PSoC5 -Wa,-alh=.\CortexM3\ARM_GCC_541\Debug/SPI_led.lst -g -D DEBUG -D CY_CORE_ID=0 -Wall -ffunction-sections -ffat-lto-objects -finline-functions -O3 -c Generated_Source\PSoC5\SPI_led.c -o .\CortexM3\ARM_GCC_541\Debug\SPI_led.o
arm-none-eabi-gcc.exe -mcpu=cortex-m3 -mthumb -I. -IGenerated_Source\PSoC5 -Wa,-alh=.\CortexM3\ARM_GCC_541\Debug/SPI_led_PM.lst -g -D DEBUG -D CY_CORE_ID=0 -Wall -ffunction-sections -ffat-lto-objects -finline-functions -O3 -c Generated_Source\PSoC5\SPI_led_PM.c -o .\CortexM3\ARM_GCC_541\Debug\SPI_led_PM.o
arm-none-eabi-gcc.exe -mcpu=cortex-m3 -mthumb -I. -IGenerated_Source\PSoC5 -Wa,-alh=.\CortexM3\ARM_GCC_541\Debug/SPI_led_INT.lst -g -D DEBUG -D CY_CORE_ID=0 -Wall -ffunction-sections -ffat-lto-objects -finline-functions -O3 -c Generated_Source\PSoC5\SPI_led_INT.c -o .\CortexM3\ARM_GCC_541\Debug\SPI_led_INT.o
arm-none-eabi-gcc.exe -mcpu=cortex-m3 -mthumb -I. -IGenerated_Source\PSoC5 -Wa,-alh=.\CortexM3\ARM_GCC_541\Debug/Pin_LE.lst -g -D DEBUG -D CY_CORE_ID=0 -Wall -ffunction-sections -ffat-lto-objects -finline-functions -O3 -c Generated_Source\PSoC5\Pin_LE.c -o .\CortexM3\ARM_GCC_541\Debug\Pin_LE.o
arm-none-eabi-gcc.exe -mcpu=cortex-m3 -mthumb -I. -IGenerated_Source\PSoC5 -Wa,-alh=.\CortexM3\ARM_GCC_541\Debug/mosi.lst -g -D DEBUG -D CY_CORE_ID=0 -Wall -ffunction-sections -ffat-lto-objects -finline-functions -O3 -c Generated_Source\PSoC5\mosi.c -o .\CortexM3\ARM_GCC_541\Debug\mosi.o
arm-none-eabi-gcc.exe -mcpu=cortex-m3 -mthumb -I. -IGenerated_Source\PSoC5 -Wa,-alh=.\CortexM3\ARM_GCC_541\Debug/sclk.lst -g -D DEBUG -D CY_CORE_ID=0 -Wall -ffunction-sections -ffat-lto-objects -finline-functions -O3 -c Generated_Source\PSoC5\sclk.c -o .\CortexM3\ARM_GCC_541\Debug\sclk.o
arm-none-eabi-gcc.exe -mcpu=cortex-m3 -mthumb -I. -IGenerated_Source\PSoC5 -Wa,-alh=.\CortexM3\ARM_GCC_541\Debug/miso.lst -g -D DEBUG -D CY_CORE_ID=0 -Wall -ffunction-sections -ffat-lto-objects -finline-functions -O3 -c Generated_Source\PSoC5\miso.c -o .\CortexM3\ARM_GCC_541\Debug\miso.o
arm-none-eabi-gcc.exe -mcpu=cortex-m3 -mthumb -I. -IGenerated_Source\PSoC5 -Wa,-alh=.\CortexM3\ARM_GCC_541\Debug/SPI_led_IntClock.lst -g -D DEBUG -D CY_CORE_ID=0 -Wall -ffunction-sections -ffat-lto-objects -finline-functions -O3 -c Generated_Source\PSoC5\SPI_led_IntClock.c -o .\CortexM3\ARM_GCC_541\Debug\SPI_led_IntClock.o
arm-none-eabi-gcc.exe -mcpu=cortex-m3 -mthumb -I. -IGenerated_Source\PSoC5 -Wa,-alh=.\CortexM3\ARM_GCC_541\Debug/Pin_buttDown.lst -g -D DEBUG -D CY_CORE_ID=0 -Wall -ffunction-sections -ffat-lto-objects -finline-functions -O3 -c Generated_Source\PSoC5\Pin_buttDown.c -o .\CortexM3\ARM_GCC_541\Debug\Pin_buttDown.o
arm-none-eabi-gcc.exe -mcpu=cortex-m3 -mthumb -I. -IGenerated_Source\PSoC5 -Wa,-alh=.\CortexM3\ARM_GCC_541\Debug/Pin_buttUp.lst -g -D DEBUG -D CY_CORE_ID=0 -Wall -ffunction-sections -ffat-lto-objects -finline-functions -O3 -c Generated_Source\PSoC5\Pin_buttUp.c -o .\CortexM3\ARM_GCC_541\Debug\Pin_buttUp.o
arm-none-eabi-gcc.exe -mcpu=cortex-m3 -mthumb -I. -IGenerated_Source\PSoC5 -Wa,-alh=.\CortexM3\ARM_GCC_541\Debug/SS.lst -g -D DEBUG -D CY_CORE_ID=0 -Wall -ffunction-sections -ffat-lto-objects -finline-functions -O3 -c Generated_Source\PSoC5\SS.c -o .\CortexM3\ARM_GCC_541\Debug\SS.o
arm-none-eabi-gcc.exe -mcpu=cortex-m3 -mthumb -I. -IGenerated_Source\PSoC5 -Wa,-alh=.\CortexM3\ARM_GCC_541\Debug/Pin_OE.lst -g -D DEBUG -D CY_CORE_ID=0 -Wall -ffunction-sections -ffat-lto-objects -finline-functions -O3 -c Generated_Source\PSoC5\Pin_OE.c -o .\CortexM3\ARM_GCC_541\Debug\Pin_OE.o
arm-none-eabi-gcc.exe -mcpu=cortex-m3 -mthumb -I. -IGenerated_Source\PSoC5 -Wa,-alh=.\CortexM3\ARM_GCC_541\Debug/Pin_adc_eoc.lst -g -D DEBUG -D CY_CORE_ID=0 -Wall -ffunction-sections -ffat-lto-objects -finline-functions -O3 -c Generated_Source\PSoC5\Pin_adc_eoc.c -o .\CortexM3\ARM_GCC_541\Debug\Pin_adc_eoc.o
arm-none-eabi-as.exe -mcpu=cortex-m3 -mthumb -I. -IGenerated_Source\PSoC5 -alh=.\CortexM3\ARM_GCC_541\Debug/CyBootAsmGnu.lst -g -W -o .\CortexM3\ARM_GCC_541\Debug\CyBootAsmGnu.o Generated_Source\PSoC5\CyBootAsmGnu.s
arm-none-eabi-ar.exe -rs .\CortexM3\ARM_GCC_541\Debug\audioSpectrumAnalyzer.a .\CortexM3\ARM_GCC_541\Debug\PGA_1.o .\CortexM3\ARM_GCC_541\Debug\PGA_1_PM.o .\CortexM3\ARM_GCC_541\Debug\pga_in.o .\CortexM3\ARM_GCC_541\Debug\pga_out.o .\CortexM3\ARM_GCC_541\Debug\pga_ref.o .\CortexM3\ARM_GCC_541\Debug\CyDmac.o .\CortexM3\ARM_GCC_541\Debug\CyFlash.o .\CortexM3\ARM_GCC_541\Debug\CyLib.o .\CortexM3\ARM_GCC_541\Debug\cyPm.o .\CortexM3\ARM_GCC_541\Debug\CySpc.o .\CortexM3\ARM_GCC_541\Debug\cyutils.o .\CortexM3\ARM_GCC_541\Debug\cy_em_eeprom.o .\CortexM3\ARM_GCC_541\Debug\ADC_DelSig_1.o .\CortexM3\ARM_GCC_541\Debug\ADC_DelSig_1_PM.o .\CortexM3\ARM_GCC_541\Debug\ADC_DelSig_1_INT.o .\CortexM3\ARM_GCC_541\Debug\ADC_DelSig_1_Ext_CP_Clk.o .\CortexM3\ARM_GCC_541\Debug\ADC_DelSig_1_IRQ.o .\CortexM3\ARM_GCC_541\Debug\ADC_DelSig_1_theACLK.o .\CortexM3\ARM_GCC_541\Debug\isr_adc_eoc.o .\CortexM3\ARM_GCC_541\Debug\Pin_debug1.o .\CortexM3\ARM_GCC_541\Debug\DVDAC_1.o .\CortexM3\ARM_GCC_541\Debug\DVDAC_1_PM.o .\CortexM3\ARM_GCC_541\Debug\Pin_dac.o .\CortexM3\ARM_GCC_541\Debug\DVDAC_1_DMA_dma.o .\CortexM3\ARM_GCC_541\Debug\DVDAC_1_VDAC8.o .\CortexM3\ARM_GCC_541\Debug\DVDAC_1_VDAC8_PM.o .\CortexM3\ARM_GCC_541\Debug\DVDAC_1_IntClock.o .\CortexM3\ARM_GCC_541\Debug\UART_1.o .\CortexM3\ARM_GCC_541\Debug\UART_1_PM.o .\CortexM3\ARM_GCC_541\Debug\UART_1_INT.o .\CortexM3\ARM_GCC_541\Debug\UART_1_BOOT.o .\CortexM3\ARM_GCC_541\Debug\UART_1_IntClock.o .\CortexM3\ARM_GCC_541\Debug\Pin_Button.o .\CortexM3\ARM_GCC_541\Debug\Pin_Led.o .\CortexM3\ARM_GCC_541\Debug\Uart_Rx.o .\CortexM3\ARM_GCC_541\Debug\SPI_led.o .\CortexM3\ARM_GCC_541\Debug\SPI_led_PM.o .\CortexM3\ARM_GCC_541\Debug\SPI_led_INT.o .\CortexM3\ARM_GCC_541\Debug\Pin_LE.o .\CortexM3\ARM_GCC_541\Debug\mosi.o .\CortexM3\ARM_GCC_541\Debug\sclk.o .\CortexM3\ARM_GCC_541\Debug\miso.o .\CortexM3\ARM_GCC_541\Debug\SPI_led_IntClock.o .\CortexM3\ARM_GCC_541\Debug\Pin_buttDown.o .\CortexM3\ARM_GCC_541\Debug\Pin_buttUp.o .\CortexM3\ARM_GCC_541\Debug\SS.o .\CortexM3\ARM_GCC_541\Debug\Pin_OE.o .\CortexM3\ARM_GCC_541\Debug\Pin_adc_eoc.o .\CortexM3\ARM_GCC_541\Debug\CyBootAsmGnu.o
arm-none-eabi-ar.exe: creating .\CortexM3\ARM_GCC_541\Debug\audioSpectrumAnalyzer.a
arm-none-eabi-gcc.exe -Wl,--start-group -o "C:\Users\larco\Dropbox\DEVELOPMENT\Audio spectrum analyzer\Firmware\audioSpectrumAnalyzer\audioSpectrumAnalyzer.cydsn\CortexM3\ARM_GCC_541\Debug\audioSpectrumAnalyzer.elf" .\CortexM3\ARM_GCC_541\Debug\main.o .\CortexM3\ARM_GCC_541\Debug\filters.o .\CortexM3\ARM_GCC_541\Debug\FFT_Q.o .\CortexM3\ARM_GCC_541\Debug\cyfitter_cfg.o .\CortexM3\ARM_GCC_541\Debug\cymetadata.o .\CortexM3\ARM_GCC_541\Debug\Cm3Start.o .\CortexM3\ARM_GCC_541\Debug\audioSpectrumAnalyzer.a "C:\Program Files (x86)\Cypress\PSoC Creator\4.2\PSoC Creator\psoc\content\cycomponentlibrary\CyComponentLibrary.cylib\CortexM3\ARM_GCC_541\Debug\CyComponentLibrary.a" -mcpu=cortex-m3 -mthumb -l m -L Generated_Source\PSoC5 -Wl,-Map,.\CortexM3\ARM_GCC_541\Debug/audioSpectrumAnalyzer.map -T Generated_Source\PSoC5\cm3gcc.ld -specs=nano.specs -Wl,--gc-sections -g -ffunction-sections -finline-functions -O3 -ffat-lto-objects -Wl,--end-group
cyelftool.exe -C "C:\Users\larco\Dropbox\DEVELOPMENT\Audio spectrum analyzer\Firmware\audioSpectrumAnalyzer\audioSpectrumAnalyzer.cydsn\CortexM3\ARM_GCC_541\Debug\audioSpectrumAnalyzer.elf" --flash_row_size 256 --flash_size 262144 --flash_offset 0x00000000
No ELF section .cychecksum found, creating one
Application checksum calculated and stored in ELF section .cychecksum
Checksum calculated and stored in ELF section .cymeta
cyelftool.exe -S "C:\Users\larco\Dropbox\DEVELOPMENT\Audio spectrum analyzer\Firmware\audioSpectrumAnalyzer\audioSpectrumAnalyzer.cydsn\CortexM3\ARM_GCC_541\Debug\audioSpectrumAnalyzer.elf"
Flash used: 17152 of 262144 bytes (6.5%).
SRAM used: 25161 of 65536 bytes (38.4%). Stack: 16384 bytes. Heap: 128 bytes.
--------------- Rebuild Succeeded: 05/05/2019 12:56:16 ---------------
