ARM GAS  C:\Users\larco\AppData\Local\Temp\ccmSjlQd.s 			page 1


   1              		.syntax unified
   2              		.cpu cortex-m3
   3              		.fpu softvfp
   4              		.eabi_attribute 20, 1
   5              		.eabi_attribute 21, 1
   6              		.eabi_attribute 23, 3
   7              		.eabi_attribute 24, 1
   8              		.eabi_attribute 25, 1
   9              		.eabi_attribute 26, 1
  10              		.eabi_attribute 30, 2
  11              		.eabi_attribute 34, 1
  12              		.eabi_attribute 18, 4
  13              		.thumb
  14              		.syntax unified
  15              		.file	"cymetadata.c"
  16              		.text
  17              	.Ltext0:
  18              		.cfi_sections	.debug_frame
  19              		.global	cy_metadata
  20              		.global	cy_meta_flashprotect
  21              		.global	cy_meta_wonvl
  22              		.global	cy_meta_custnvl
  23              		.global	cy_meta_configecc
  24              		.section	.cyconfigecc,"a",%progbits
  25              		.align	2
  26              		.type	cy_meta_configecc, %object
  27              		.size	cy_meta_configecc, 1824
  28              	cy_meta_configecc:
  29 0000 05       		.byte	5
  30 0001 52       		.byte	82
  31 0002 00       		.byte	0
  32 0003 40       		.byte	64
  33 0004 01       		.byte	1
  34 0005 5A       		.byte	90
  35 0006 00       		.byte	0
  36 0007 40       		.byte	64
  37 0008 01       		.byte	1
  38 0009 64       		.byte	100
  39 000a 00       		.byte	0
  40 000b 40       		.byte	64
  41 000c 02       		.byte	2
  42 000d 65       		.byte	101
  43 000e 00       		.byte	0
  44 000f 40       		.byte	64
  45 0010 22       		.byte	34
  46 0011 00       		.byte	0
  47 0012 01       		.byte	1
  48 0013 40       		.byte	64
  49 0014 1D       		.byte	29
  50 0015 01       		.byte	1
  51 0016 01       		.byte	1
  52 0017 40       		.byte	64
  53 0018 0B       		.byte	11
  54 0019 03       		.byte	3
  55 001a 01       		.byte	1
  56 001b 40       		.byte	64
  57 001c 09       		.byte	9
ARM GAS  C:\Users\larco\AppData\Local\Temp\ccmSjlQd.s 			page 2


  58 001d 04       		.byte	4
  59 001e 01       		.byte	1
  60 001f 40       		.byte	64
  61 0020 3B       		.byte	59
  62 0021 05       		.byte	5
  63 0022 01       		.byte	1
  64 0023 40       		.byte	64
  65 0024 61       		.byte	97
  66 0025 06       		.byte	6
  67 0026 01       		.byte	1
  68 0027 40       		.byte	64
  69 0028 45       		.byte	69
  70 0029 07       		.byte	7
  71 002a 01       		.byte	1
  72 002b 40       		.byte	64
  73 002c 01       		.byte	1
  74 002d 09       		.byte	9
  75 002e 01       		.byte	1
  76 002f 40       		.byte	64
  77 0030 02       		.byte	2
  78 0031 0B       		.byte	11
  79 0032 01       		.byte	1
  80 0033 40       		.byte	64
  81 0034 01       		.byte	1
  82 0035 0D       		.byte	13
  83 0036 01       		.byte	1
  84 0037 40       		.byte	64
  85 0038 01       		.byte	1
  86 0039 0F       		.byte	15
  87 003a 01       		.byte	1
  88 003b 40       		.byte	64
  89 003c 61       		.byte	97
  90 003d 14       		.byte	20
  91 003e 01       		.byte	1
  92 003f 40       		.byte	64
  93 0040 45       		.byte	69
  94 0041 15       		.byte	21
  95 0042 01       		.byte	1
  96 0043 40       		.byte	64
  97 0044 52       		.byte	82
  98 0045 16       		.byte	22
  99 0046 01       		.byte	1
 100 0047 40       		.byte	64
 101 0048 4A       		.byte	74
 102 0049 17       		.byte	23
 103 004a 01       		.byte	1
 104 004b 40       		.byte	64
 105 004c 04       		.byte	4
 106 004d 18       		.byte	24
 107 004e 01       		.byte	1
 108 004f 40       		.byte	64
 109 0050 02       		.byte	2
 110 0051 19       		.byte	25
 111 0052 01       		.byte	1
 112 0053 40       		.byte	64
 113 0054 01       		.byte	1
 114 0055 1B       		.byte	27
ARM GAS  C:\Users\larco\AppData\Local\Temp\ccmSjlQd.s 			page 3


 115 0056 01       		.byte	1
 116 0057 40       		.byte	64
 117 0058 08       		.byte	8
 118 0059 40       		.byte	64
 119 005a 01       		.byte	1
 120 005b 40       		.byte	64
 121 005c 07       		.byte	7
 122 005d 41       		.byte	65
 123 005e 01       		.byte	1
 124 005f 40       		.byte	64
 125 0060 08       		.byte	8
 126 0061 42       		.byte	66
 127 0062 01       		.byte	1
 128 0063 40       		.byte	64
 129 0064 08       		.byte	8
 130 0065 43       		.byte	67
 131 0066 01       		.byte	1
 132 0067 40       		.byte	64
 133 0068 05       		.byte	5
 134 0069 44       		.byte	68
 135 006a 01       		.byte	1
 136 006b 40       		.byte	64
 137 006c 07       		.byte	7
 138 006d 45       		.byte	69
 139 006e 01       		.byte	1
 140 006f 40       		.byte	64
 141 0070 0B       		.byte	11
 142 0071 46       		.byte	70
 143 0072 01       		.byte	1
 144 0073 40       		.byte	64
 145 0074 03       		.byte	3
 146 0075 47       		.byte	71
 147 0076 01       		.byte	1
 148 0077 40       		.byte	64
 149 0078 0E       		.byte	14
 150 0079 48       		.byte	72
 151 007a 01       		.byte	1
 152 007b 40       		.byte	64
 153 007c 0A       		.byte	10
 154 007d 49       		.byte	73
 155 007e 01       		.byte	1
 156 007f 40       		.byte	64
 157 0080 03       		.byte	3
 158 0081 4C       		.byte	76
 159 0082 01       		.byte	1
 160 0083 40       		.byte	64
 161 0084 02       		.byte	2
 162 0085 4D       		.byte	77
 163 0086 01       		.byte	1
 164 0087 40       		.byte	64
 165 0088 07       		.byte	7
 166 0089 50       		.byte	80
 167 008a 01       		.byte	1
 168 008b 40       		.byte	64
 169 008c 02       		.byte	2
 170 008d 51       		.byte	81
 171 008e 01       		.byte	1
ARM GAS  C:\Users\larco\AppData\Local\Temp\ccmSjlQd.s 			page 4


 172 008f 40       		.byte	64
 173 0090 00       		.byte	0
 174 0091 40       		.byte	64
 175 0092 01       		.byte	1
 176 0093 20       		.byte	32
 177 0094 18       		.byte	24
 178 0095 08       		.byte	8
 179 0096 19       		.byte	25
 180 0097 04       		.byte	4
 181 0098 79       		.byte	121
 182 0099 04       		.byte	4
 183 009a 97       		.byte	-105
 184 009b 01       		.byte	1
 185 009c 85       		.byte	-123
 186 009d 0F       		.byte	15
 187 009e 86       		.byte	-122
 188 009f 0F       		.byte	15
 189 00a0 87       		.byte	-121
 190 00a1 0F       		.byte	15
 191 00a2 06       		.byte	6
 192 00a3 02       		.byte	2
 193 00a4 0D       		.byte	13
 194 00a5 01       		.byte	1
 195 00a6 0E       		.byte	14
 196 00a7 01       		.byte	1
 197 00a8 13       		.byte	19
 198 00a9 04       		.byte	4
 199 00aa 17       		.byte	23
 200 00ab 02       		.byte	2
 201 00ac 1C       		.byte	28
 202 00ad 01       		.byte	1
 203 00ae 2A       		.byte	42
 204 00af 04       		.byte	4
 205 00b0 30       		.byte	48
 206 00b1 01       		.byte	1
 207 00b2 31       		.byte	49
 208 00b3 04       		.byte	4
 209 00b4 33       		.byte	51
 210 00b5 02       		.byte	2
 211 00b6 34       		.byte	52
 212 00b7 04       		.byte	4
 213 00b8 36       		.byte	54
 214 00b9 02       		.byte	2
 215 00ba 37       		.byte	55
 216 00bb 01       		.byte	1
 217 00bc 3F       		.byte	63
 218 00bd 40       		.byte	64
 219 00be 58       		.byte	88
 220 00bf 04       		.byte	4
 221 00c0 59       		.byte	89
 222 00c1 04       		.byte	4
 223 00c2 5C       		.byte	92
 224 00c3 44       		.byte	68
 225 00c4 5F       		.byte	95
 226 00c5 01       		.byte	1
 227 00c6 81       		.byte	-127
 228 00c7 04       		.byte	4
ARM GAS  C:\Users\larco\AppData\Local\Temp\ccmSjlQd.s 			page 5


 229 00c8 85       		.byte	-123
 230 00c9 04       		.byte	4
 231 00ca 89       		.byte	-119
 232 00cb 07       		.byte	7
 233 00cc 8F       		.byte	-113
 234 00cd 03       		.byte	3
 235 00ce 91       		.byte	-111
 236 00cf 04       		.byte	4
 237 00d0 99       		.byte	-103
 238 00d1 01       		.byte	1
 239 00d2 9B       		.byte	-101
 240 00d3 06       		.byte	6
 241 00d4 9D       		.byte	-99
 242 00d5 04       		.byte	4
 243 00d6 A5       		.byte	-91
 244 00d7 01       		.byte	1
 245 00d8 A7       		.byte	-89
 246 00d9 06       		.byte	6
 247 00da AB       		.byte	-85
 248 00db 04       		.byte	4
 249 00dc B3       		.byte	-77
 250 00dd 07       		.byte	7
 251 00de BB       		.byte	-69
 252 00df 08       		.byte	8
 253 00e0 D9       		.byte	-39
 254 00e1 04       		.byte	4
 255 00e2 DC       		.byte	-36
 256 00e3 10       		.byte	16
 257 00e4 DF       		.byte	-33
 258 00e5 01       		.byte	1
 259 00e6 02       		.byte	2
 260 00e7 02       		.byte	2
 261 00e8 03       		.byte	3
 262 00e9 10       		.byte	16
 263 00ea 0A       		.byte	10
 264 00eb 02       		.byte	2
 265 00ec 12       		.byte	18
 266 00ed 08       		.byte	8
 267 00ee 19       		.byte	25
 268 00ef 02       		.byte	2
 269 00f0 1A       		.byte	26
 270 00f1 0A       		.byte	10
 271 00f2 21       		.byte	33
 272 00f3 80       		.byte	-128
 273 00f4 22       		.byte	34
 274 00f5 0A       		.byte	10
 275 00f6 24       		.byte	36
 276 00f7 20       		.byte	32
 277 00f8 27       		.byte	39
 278 00f9 20       		.byte	32
 279 00fa 2D       		.byte	45
 280 00fb 10       		.byte	16
 281 00fc 2F       		.byte	47
 282 00fd 20       		.byte	32
 283 00fe 30       		.byte	48
 284 00ff 08       		.byte	8
 285 0100 32       		.byte	50
ARM GAS  C:\Users\larco\AppData\Local\Temp\ccmSjlQd.s 			page 6


 286 0101 01       		.byte	1
 287 0102 35       		.byte	53
 288 0103 80       		.byte	-128
 289 0104 37       		.byte	55
 290 0105 21       		.byte	33
 291 0106 3B       		.byte	59
 292 0107 40       		.byte	64
 293 0108 3C       		.byte	60
 294 0109 80       		.byte	-128
 295 010a 3D       		.byte	61
 296 010b 04       		.byte	4
 297 010c 3E       		.byte	62
 298 010d 11       		.byte	17
 299 010e 83       		.byte	-125
 300 010f 10       		.byte	16
 301 0110 85       		.byte	-123
 302 0111 02       		.byte	2
 303 0112 C0       		.byte	-64
 304 0113 05       		.byte	5
 305 0114 C2       		.byte	-62
 306 0115 01       		.byte	1
 307 0116 C4       		.byte	-60
 308 0117 02       		.byte	2
 309 0118 CA       		.byte	-54
 310 0119 60       		.byte	96
 311 011a CC       		.byte	-52
 312 011b B3       		.byte	-77
 313 011c CE       		.byte	-50
 314 011d F8       		.byte	-8
 315 011e E2       		.byte	-30
 316 011f 04       		.byte	4
 317 0120 90       		.byte	-112
 318 0121 20       		.byte	32
 319 0122 92       		.byte	-110
 320 0123 08       		.byte	8
 321 0124 95       		.byte	-107
 322 0125 14       		.byte	20
 323 0126 96       		.byte	-106
 324 0127 11       		.byte	17
 325 0128 97       		.byte	-105
 326 0129 40       		.byte	64
 327 012a 9D       		.byte	-99
 328 012b 80       		.byte	-128
 329 012c 9F       		.byte	-97
 330 012d 01       		.byte	1
 331 012e A2       		.byte	-94
 332 012f 08       		.byte	8
 333 0130 A4       		.byte	-92
 334 0131 48       		.byte	72
 335 0132 A7       		.byte	-89
 336 0133 20       		.byte	32
 337 0134 B1       		.byte	-79
 338 0135 80       		.byte	-128
 339 0136 1A       		.byte	26
 340 0137 01       		.byte	1
 341 0138 28       		.byte	40
 342 0139 01       		.byte	1
ARM GAS  C:\Users\larco\AppData\Local\Temp\ccmSjlQd.s 			page 7


 343 013a 30       		.byte	48
 344 013b 01       		.byte	1
 345 013c 54       		.byte	84
 346 013d 40       		.byte	64
 347 013e 58       		.byte	88
 348 013f 04       		.byte	4
 349 0140 5B       		.byte	91
 350 0141 04       		.byte	4
 351 0142 5C       		.byte	92
 352 0143 04       		.byte	4
 353 0144 5D       		.byte	93
 354 0145 10       		.byte	16
 355 0146 5F       		.byte	95
 356 0147 01       		.byte	1
 357 0148 04       		.byte	4
 358 0149 22       		.byte	34
 359 014a 05       		.byte	5
 360 014b 04       		.byte	4
 361 014c 07       		.byte	7
 362 014d 02       		.byte	2
 363 014e 0A       		.byte	10
 364 014f 08       		.byte	8
 365 0150 0D       		.byte	13
 366 0151 22       		.byte	34
 367 0152 0E       		.byte	14
 368 0153 11       		.byte	17
 369 0154 12       		.byte	18
 370 0155 08       		.byte	8
 371 0156 15       		.byte	21
 372 0157 14       		.byte	20
 373 0158 16       		.byte	22
 374 0159 80       		.byte	-128
 375 015a 19       		.byte	25
 376 015b 01       		.byte	1
 377 015c 1D       		.byte	29
 378 015d 84       		.byte	-124
 379 015e 1E       		.byte	30
 380 015f 02       		.byte	2
 381 0160 1F       		.byte	31
 382 0161 01       		.byte	1
 383 0162 24       		.byte	36
 384 0163 10       		.byte	16
 385 0164 27       		.byte	39
 386 0165 40       		.byte	64
 387 0166 2D       		.byte	45
 388 0167 80       		.byte	-128
 389 0168 2E       		.byte	46
 390 0169 12       		.byte	18
 391 016a 2F       		.byte	47
 392 016b 20       		.byte	32
 393 016c 36       		.byte	54
 394 016d 10       		.byte	16
 395 016e 37       		.byte	55
 396 016f 41       		.byte	65
 397 0170 3C       		.byte	60
 398 0171 80       		.byte	-128
 399 0172 3D       		.byte	61
ARM GAS  C:\Users\larco\AppData\Local\Temp\ccmSjlQd.s 			page 8


 400 0173 04       		.byte	4
 401 0174 3E       		.byte	62
 402 0175 01       		.byte	1
 403 0176 45       		.byte	69
 404 0177 AA       		.byte	-86
 405 0178 4D       		.byte	77
 406 0179 02       		.byte	2
 407 017a 4F       		.byte	79
 408 017b 24       		.byte	36
 409 017c 56       		.byte	86
 410 017d 82       		.byte	-126
 411 017e 57       		.byte	87
 412 017f 05       		.byte	5
 413 0180 60       		.byte	96
 414 0181 10       		.byte	16
 415 0182 63       		.byte	99
 416 0183 0A       		.byte	10
 417 0184 66       		.byte	102
 418 0185 08       		.byte	8
 419 0186 6C       		.byte	108
 420 0187 05       		.byte	5
 421 0188 6D       		.byte	109
 422 0189 14       		.byte	20
 423 018a 6E       		.byte	110
 424 018b 21       		.byte	33
 425 018c 6F       		.byte	111
 426 018d 01       		.byte	1
 427 018e 75       		.byte	117
 428 018f 80       		.byte	-128
 429 0190 77       		.byte	119
 430 0191 02       		.byte	2
 431 0192 81       		.byte	-127
 432 0193 04       		.byte	4
 433 0194 90       		.byte	-112
 434 0195 20       		.byte	32
 435 0196 92       		.byte	-110
 436 0197 08       		.byte	8
 437 0198 95       		.byte	-107
 438 0199 14       		.byte	20
 439 019a 96       		.byte	-106
 440 019b 11       		.byte	17
 441 019c 97       		.byte	-105
 442 019d 40       		.byte	64
 443 019e 9D       		.byte	-99
 444 019f 80       		.byte	-128
 445 01a0 9F       		.byte	-97
 446 01a1 01       		.byte	1
 447 01a2 A2       		.byte	-94
 448 01a3 08       		.byte	8
 449 01a4 A4       		.byte	-92
 450 01a5 40       		.byte	64
 451 01a6 A7       		.byte	-89
 452 01a7 20       		.byte	32
 453 01a8 B4       		.byte	-76
 454 01a9 08       		.byte	8
 455 01aa C0       		.byte	-64
 456 01ab F0       		.byte	-16
ARM GAS  C:\Users\larco\AppData\Local\Temp\ccmSjlQd.s 			page 9


 457 01ac C2       		.byte	-62
 458 01ad F2       		.byte	-14
 459 01ae C4       		.byte	-60
 460 01af 72       		.byte	114
 461 01b0 CA       		.byte	-54
 462 01b1 F0       		.byte	-16
 463 01b2 CC       		.byte	-52
 464 01b3 B0       		.byte	-80
 465 01b4 CE       		.byte	-50
 466 01b5 D0       		.byte	-48
 467 01b6 D0       		.byte	-48
 468 01b7 F0       		.byte	-16
 469 01b8 D2       		.byte	-46
 470 01b9 20       		.byte	32
 471 01ba D8       		.byte	-40
 472 01bb 4E       		.byte	78
 473 01bc E0       		.byte	-32
 474 01bd 10       		.byte	16
 475 01be 00       		.byte	0
 476 01bf 82       		.byte	-126
 477 01c0 04       		.byte	4
 478 01c1 02       		.byte	2
 479 01c2 06       		.byte	6
 480 01c3 18       		.byte	24
 481 01c4 08       		.byte	8
 482 01c5 18       		.byte	24
 483 01c6 09       		.byte	9
 484 01c7 09       		.byte	9
 485 01c8 0B       		.byte	11
 486 01c9 26       		.byte	38
 487 01ca 0C       		.byte	12
 488 01cb 18       		.byte	24
 489 01cc 0E       		.byte	14
 490 01cd 02       		.byte	2
 491 01ce 10       		.byte	16
 492 01cf 33       		.byte	51
 493 01d0 11       		.byte	17
 494 01d1 03       		.byte	3
 495 01d2 12       		.byte	18
 496 01d3 44       		.byte	68
 497 01d4 13       		.byte	19
 498 01d5 2C       		.byte	44
 499 01d6 14       		.byte	20
 500 01d7 9C       		.byte	-100
 501 01d8 16       		.byte	22
 502 01d9 03       		.byte	3
 503 01da 18       		.byte	24
 504 01db C1       		.byte	-63
 505 01dc 19       		.byte	25
 506 01dd 02       		.byte	2
 507 01de 1A       		.byte	26
 508 01df 38       		.byte	56
 509 01e0 1B       		.byte	27
 510 01e1 0D       		.byte	13
 511 01e2 1C       		.byte	28
 512 01e3 1A       		.byte	26
 513 01e4 20       		.byte	32
ARM GAS  C:\Users\larco\AppData\Local\Temp\ccmSjlQd.s 			page 10


 514 01e5 1A       		.byte	26
 515 01e6 24       		.byte	36
 516 01e7 18       		.byte	24
 517 01e8 25       		.byte	37
 518 01e9 25       		.byte	37
 519 01ea 26       		.byte	38
 520 01eb 02       		.byte	2
 521 01ec 27       		.byte	39
 522 01ed 0A       		.byte	10
 523 01ee 2D       		.byte	45
 524 01ef 10       		.byte	16
 525 01f0 30       		.byte	48
 526 01f1 13       		.byte	19
 527 01f2 32       		.byte	50
 528 01f3 E0       		.byte	-32
 529 01f4 33       		.byte	51
 530 01f5 0F       		.byte	15
 531 01f6 34       		.byte	52
 532 01f7 0F       		.byte	15
 533 01f8 35       		.byte	53
 534 01f9 10       		.byte	16
 535 01fa 37       		.byte	55
 536 01fb 20       		.byte	32
 537 01fc 3A       		.byte	58
 538 01fd 28       		.byte	40
 539 01fe 3B       		.byte	59
 540 01ff 08       		.byte	8
 541 0200 3F       		.byte	63
 542 0201 50       		.byte	80
 543 0202 54       		.byte	84
 544 0203 09       		.byte	9
 545 0204 58       		.byte	88
 546 0205 04       		.byte	4
 547 0206 59       		.byte	89
 548 0207 04       		.byte	4
 549 0208 5B       		.byte	91
 550 0209 04       		.byte	4
 551 020a 5C       		.byte	92
 552 020b 11       		.byte	17
 553 020c 5D       		.byte	93
 554 020d 10       		.byte	16
 555 020e 5F       		.byte	95
 556 020f 01       		.byte	1
 557 0210 80       		.byte	-128
 558 0211 0D       		.byte	13
 559 0212 82       		.byte	-126
 560 0213 10       		.byte	16
 561 0214 8D       		.byte	-115
 562 0215 02       		.byte	2
 563 0216 8F       		.byte	-113
 564 0217 0D       		.byte	13
 565 0218 92       		.byte	-110
 566 0219 02       		.byte	2
 567 021a 94       		.byte	-108
 568 021b 10       		.byte	16
 569 021c 95       		.byte	-107
 570 021d 15       		.byte	21
ARM GAS  C:\Users\larco\AppData\Local\Temp\ccmSjlQd.s 			page 11


 571 021e 96       		.byte	-106
 572 021f 27       		.byte	39
 573 0220 97       		.byte	-105
 574 0221 0A       		.byte	10
 575 0222 98       		.byte	-104
 576 0223 38       		.byte	56
 577 0224 99       		.byte	-103
 578 0225 19       		.byte	25
 579 0226 9B       		.byte	-101
 580 0227 06       		.byte	6
 581 0228 A8       		.byte	-88
 582 0229 14       		.byte	20
 583 022a AA       		.byte	-86
 584 022b 2B       		.byte	43
 585 022c AD       		.byte	-83
 586 022d 13       		.byte	19
 587 022e AF       		.byte	-81
 588 022f 0C       		.byte	12
 589 0230 B0       		.byte	-80
 590 0231 03       		.byte	3
 591 0232 B1       		.byte	-79
 592 0233 0F       		.byte	15
 593 0234 B4       		.byte	-76
 594 0235 3C       		.byte	60
 595 0236 B7       		.byte	-73
 596 0237 10       		.byte	16
 597 0238 B8       		.byte	-72
 598 0239 20       		.byte	32
 599 023a BB       		.byte	-69
 600 023b 02       		.byte	2
 601 023c BF       		.byte	-65
 602 023d 40       		.byte	64
 603 023e C0       		.byte	-64
 604 023f 32       		.byte	50
 605 0240 C1       		.byte	-63
 606 0241 05       		.byte	5
 607 0242 C2       		.byte	-62
 608 0243 10       		.byte	16
 609 0244 C4       		.byte	-60
 610 0245 04       		.byte	4
 611 0246 C5       		.byte	-59
 612 0247 E0       		.byte	-32
 613 0248 C6       		.byte	-58
 614 0249 FB       		.byte	-5
 615 024a C7       		.byte	-57
 616 024b DC       		.byte	-36
 617 024c C8       		.byte	-56
 618 024d 3E       		.byte	62
 619 024e C9       		.byte	-55
 620 024f FF       		.byte	-1
 621 0250 CA       		.byte	-54
 622 0251 FF       		.byte	-1
 623 0252 CB       		.byte	-53
 624 0253 FF       		.byte	-1
 625 0254 CC       		.byte	-52
 626 0255 22       		.byte	34
 627 0256 CE       		.byte	-50
ARM GAS  C:\Users\larco\AppData\Local\Temp\ccmSjlQd.s 			page 12


 628 0257 F0       		.byte	-16
 629 0258 CF       		.byte	-49
 630 0259 08       		.byte	8
 631 025a D0       		.byte	-48
 632 025b 04       		.byte	4
 633 025c D8       		.byte	-40
 634 025d 04       		.byte	4
 635 025e D9       		.byte	-39
 636 025f 04       		.byte	4
 637 0260 DA       		.byte	-38
 638 0261 04       		.byte	4
 639 0262 DC       		.byte	-36
 640 0263 11       		.byte	17
 641 0264 DD       		.byte	-35
 642 0265 01       		.byte	1
 643 0266 DF       		.byte	-33
 644 0267 01       		.byte	1
 645 0268 E2       		.byte	-30
 646 0269 C0       		.byte	-64
 647 026a E4       		.byte	-28
 648 026b 40       		.byte	64
 649 026c E5       		.byte	-27
 650 026d 01       		.byte	1
 651 026e E6       		.byte	-26
 652 026f 10       		.byte	16
 653 0270 E7       		.byte	-25
 654 0271 11       		.byte	17
 655 0272 E8       		.byte	-24
 656 0273 C0       		.byte	-64
 657 0274 E9       		.byte	-23
 658 0275 01       		.byte	1
 659 0276 EB       		.byte	-21
 660 0277 11       		.byte	17
 661 0278 EC       		.byte	-20
 662 0279 40       		.byte	64
 663 027a ED       		.byte	-19
 664 027b 01       		.byte	1
 665 027c EE       		.byte	-18
 666 027d 40       		.byte	64
 667 027e EF       		.byte	-17
 668 027f 01       		.byte	1
 669 0280 00       		.byte	0
 670 0281 02       		.byte	2
 671 0282 04       		.byte	4
 672 0283 28       		.byte	40
 673 0284 05       		.byte	5
 674 0285 02       		.byte	2
 675 0286 07       		.byte	7
 676 0287 01       		.byte	1
 677 0288 0A       		.byte	10
 678 0289 64       		.byte	100
 679 028a 0D       		.byte	13
 680 028b 22       		.byte	34
 681 028c 0E       		.byte	14
 682 028d 11       		.byte	17
 683 028e 12       		.byte	18
 684 028f 08       		.byte	8
ARM GAS  C:\Users\larco\AppData\Local\Temp\ccmSjlQd.s 			page 13


 685 0290 15       		.byte	21
 686 0291 04       		.byte	4
 687 0292 17       		.byte	23
 688 0293 02       		.byte	2
 689 0294 1A       		.byte	26
 690 0295 44       		.byte	68
 691 0296 1C       		.byte	28
 692 0297 80       		.byte	-128
 693 0298 1D       		.byte	29
 694 0299 2B       		.byte	43
 695 029a 1E       		.byte	30
 696 029b 10       		.byte	16
 697 029c 1F       		.byte	31
 698 029d 20       		.byte	32
 699 029e 20       		.byte	32
 700 029f 40       		.byte	64
 701 02a0 23       		.byte	35
 702 02a1 01       		.byte	1
 703 02a2 26       		.byte	38
 704 02a3 40       		.byte	64
 705 02a4 27       		.byte	39
 706 02a5 28       		.byte	40
 707 02a6 29       		.byte	41
 708 02a7 80       		.byte	-128
 709 02a8 2F       		.byte	47
 710 02a9 22       		.byte	34
 711 02aa 32       		.byte	50
 712 02ab 18       		.byte	24
 713 02ac 35       		.byte	53
 714 02ad 01       		.byte	1
 715 02ae 37       		.byte	55
 716 02af 20       		.byte	32
 717 02b0 38       		.byte	56
 718 02b1 40       		.byte	64
 719 02b2 3E       		.byte	62
 720 02b3 10       		.byte	16
 721 02b4 40       		.byte	64
 722 02b5 81       		.byte	-127
 723 02b6 41       		.byte	65
 724 02b7 14       		.byte	20
 725 02b8 46       		.byte	70
 726 02b9 08       		.byte	8
 727 02ba 47       		.byte	71
 728 02bb 20       		.byte	32
 729 02bc 48       		.byte	72
 730 02bd 01       		.byte	1
 731 02be 49       		.byte	73
 732 02bf 80       		.byte	-128
 733 02c0 4A       		.byte	74
 734 02c1 80       		.byte	-128
 735 02c2 50       		.byte	80
 736 02c3 02       		.byte	2
 737 02c4 52       		.byte	82
 738 02c5 54       		.byte	84
 739 02c6 5D       		.byte	93
 740 02c7 10       		.byte	16
 741 02c8 5E       		.byte	94
ARM GAS  C:\Users\larco\AppData\Local\Temp\ccmSjlQd.s 			page 14


 742 02c9 82       		.byte	-126
 743 02ca 5F       		.byte	95
 744 02cb 04       		.byte	4
 745 02cc 67       		.byte	103
 746 02cd 02       		.byte	2
 747 02ce 8D       		.byte	-115
 748 02cf 04       		.byte	4
 749 02d0 8E       		.byte	-114
 750 02d1 40       		.byte	64
 751 02d2 90       		.byte	-112
 752 02d3 28       		.byte	40
 753 02d4 91       		.byte	-111
 754 02d5 04       		.byte	4
 755 02d6 92       		.byte	-110
 756 02d7 01       		.byte	1
 757 02d8 93       		.byte	-109
 758 02d9 06       		.byte	6
 759 02da 96       		.byte	-106
 760 02db 10       		.byte	16
 761 02dc 97       		.byte	-105
 762 02dd 40       		.byte	64
 763 02de 99       		.byte	-103
 764 02df 02       		.byte	2
 765 02e0 9B       		.byte	-101
 766 02e1 03       		.byte	3
 767 02e2 9E       		.byte	-98
 768 02e3 08       		.byte	8
 769 02e4 A2       		.byte	-94
 770 02e5 01       		.byte	1
 771 02e6 A4       		.byte	-92
 772 02e7 40       		.byte	64
 773 02e8 A5       		.byte	-91
 774 02e9 2A       		.byte	42
 775 02ea A7       		.byte	-89
 776 02eb 20       		.byte	32
 777 02ec AB       		.byte	-85
 778 02ed 10       		.byte	16
 779 02ee B5       		.byte	-75
 780 02ef 01       		.byte	1
 781 02f0 C0       		.byte	-64
 782 02f1 F8       		.byte	-8
 783 02f2 C2       		.byte	-62
 784 02f3 FE       		.byte	-2
 785 02f4 C4       		.byte	-60
 786 02f5 32       		.byte	50
 787 02f6 CA       		.byte	-54
 788 02f7 58       		.byte	88
 789 02f8 CC       		.byte	-52
 790 02f9 A6       		.byte	-90
 791 02fa CE       		.byte	-50
 792 02fb 28       		.byte	40
 793 02fc D0       		.byte	-48
 794 02fd 0F       		.byte	15
 795 02fe D2       		.byte	-46
 796 02ff 08       		.byte	8
 797 0300 D6       		.byte	-42
 798 0301 F0       		.byte	-16
ARM GAS  C:\Users\larco\AppData\Local\Temp\ccmSjlQd.s 			page 15


 799 0302 D8       		.byte	-40
 800 0303 10       		.byte	16
 801 0304 E2       		.byte	-30
 802 0305 10       		.byte	16
 803 0306 E6       		.byte	-26
 804 0307 40       		.byte	64
 805 0308 EE       		.byte	-18
 806 0309 41       		.byte	65
 807 030a EE       		.byte	-18
 808 030b 01       		.byte	1
 809 030c E0       		.byte	-32
 810 030d 10       		.byte	16
 811 030e EE       		.byte	-18
 812 030f 10       		.byte	16
 813 0310 E8       		.byte	-24
 814 0311 20       		.byte	32
 815 0312 E2       		.byte	-30
 816 0313 04       		.byte	4
 817 0314 00       		.byte	0
 818 0315 CD       		.byte	-51
 819 0316 04       		.byte	4
 820 0317 8D       		.byte	-115
 821 0318 05       		.byte	5
 822 0319 6C       		.byte	108
 823 031a 06       		.byte	6
 824 031b 40       		.byte	64
 825 031c 07       		.byte	7
 826 031d 11       		.byte	17
 827 031e 0C       		.byte	12
 828 031f 02       		.byte	2
 829 0320 0D       		.byte	13
 830 0321 5C       		.byte	92
 831 0322 0E       		.byte	14
 832 0323 0D       		.byte	13
 833 0324 0F       		.byte	15
 834 0325 02       		.byte	2
 835 0326 10       		.byte	16
 836 0327 4D       		.byte	77
 837 0328 12       		.byte	18
 838 0329 80       		.byte	-128
 839 032a 13       		.byte	19
 840 032b 03       		.byte	3
 841 032c 14       		.byte	20
 842 032d 72       		.byte	114
 843 032e 16       		.byte	22
 844 032f 08       		.byte	8
 845 0330 17       		.byte	23
 846 0331 20       		.byte	32
 847 0332 18       		.byte	24
 848 0333 10       		.byte	16
 849 0334 19       		.byte	25
 850 0335 70       		.byte	112
 851 0336 1A       		.byte	26
 852 0337 60       		.byte	96
 853 0338 1B       		.byte	27
 854 0339 0C       		.byte	12
 855 033a 1C       		.byte	28
ARM GAS  C:\Users\larco\AppData\Local\Temp\ccmSjlQd.s 			page 16


 856 033b CD       		.byte	-51
 857 033c 1D       		.byte	29
 858 033d 09       		.byte	9
 859 033e 1F       		.byte	31
 860 033f 10       		.byte	16
 861 0340 20       		.byte	32
 862 0341 01       		.byte	1
 863 0342 21       		.byte	33
 864 0343 14       		.byte	20
 865 0344 22       		.byte	34
 866 0345 32       		.byte	50
 867 0346 24       		.byte	36
 868 0347 CD       		.byte	-51
 869 0348 25       		.byte	37
 870 0349 10       		.byte	16
 871 034a 28       		.byte	40
 872 034b 12       		.byte	18
 873 034c 2A       		.byte	42
 874 034d 64       		.byte	100
 875 034e 2E       		.byte	46
 876 034f 80       		.byte	-128
 877 0350 30       		.byte	48
 878 0351 0F       		.byte	15
 879 0352 31       		.byte	49
 880 0353 1F       		.byte	31
 881 0354 32       		.byte	50
 882 0355 80       		.byte	-128
 883 0356 34       		.byte	52
 884 0357 70       		.byte	112
 885 0358 37       		.byte	55
 886 0359 60       		.byte	96
 887 035a 39       		.byte	57
 888 035b 80       		.byte	-128
 889 035c 3A       		.byte	58
 890 035d 22       		.byte	34
 891 035e 3E       		.byte	62
 892 035f 04       		.byte	4
 893 0360 3F       		.byte	63
 894 0361 40       		.byte	64
 895 0362 40       		.byte	64
 896 0363 05       		.byte	5
 897 0364 45       		.byte	69
 898 0365 04       		.byte	4
 899 0366 49       		.byte	73
 900 0367 FF       		.byte	-1
 901 0368 4A       		.byte	74
 902 0369 07       		.byte	7
 903 036a 4B       		.byte	75
 904 036b FF       		.byte	-1
 905 036c 4C       		.byte	76
 906 036d 40       		.byte	64
 907 036e 4D       		.byte	77
 908 036f 20       		.byte	32
 909 0370 4E       		.byte	78
 910 0371 F0       		.byte	-16
 911 0372 4F       		.byte	79
 912 0373 05       		.byte	5
ARM GAS  C:\Users\larco\AppData\Local\Temp\ccmSjlQd.s 			page 17


 913 0374 50       		.byte	80
 914 0375 08       		.byte	8
 915 0376 54       		.byte	84
 916 0377 09       		.byte	9
 917 0378 58       		.byte	88
 918 0379 04       		.byte	4
 919 037a 59       		.byte	89
 920 037b 04       		.byte	4
 921 037c 5A       		.byte	90
 922 037d 04       		.byte	4
 923 037e 5B       		.byte	91
 924 037f 04       		.byte	4
 925 0380 5C       		.byte	92
 926 0381 31       		.byte	49
 927 0382 5D       		.byte	93
 928 0383 13       		.byte	19
 929 0384 5F       		.byte	95
 930 0385 01       		.byte	1
 931 0386 60       		.byte	96
 932 0387 40       		.byte	64
 933 0388 61       		.byte	97
 934 0389 A8       		.byte	-88
 935 038a 62       		.byte	98
 936 038b 40       		.byte	64
 937 038c 63       		.byte	99
 938 038d 20       		.byte	32
 939 038e 84       		.byte	-124
 940 038f 33       		.byte	51
 941 0390 86       		.byte	-122
 942 0391 04       		.byte	4
 943 0392 87       		.byte	-121
 944 0393 08       		.byte	8
 945 0394 8C       		.byte	-116
 946 0395 0A       		.byte	10
 947 0396 8E       		.byte	-114
 948 0397 34       		.byte	52
 949 0398 91       		.byte	-111
 950 0399 1C       		.byte	28
 951 039a 93       		.byte	-109
 952 039b 03       		.byte	3
 953 039c 98       		.byte	-104
 954 039d 03       		.byte	3
 955 039e 99       		.byte	-103
 956 039f 01       		.byte	1
 957 03a0 9A       		.byte	-102
 958 03a1 14       		.byte	20
 959 03a2 9B       		.byte	-101
 960 03a3 0E       		.byte	14
 961 03a4 9E       		.byte	-98
 962 03a5 08       		.byte	8
 963 03a6 A3       		.byte	-93
 964 03a7 1C       		.byte	28
 965 03a8 A4       		.byte	-92
 966 03a9 40       		.byte	64
 967 03aa A5       		.byte	-91
 968 03ab 01       		.byte	1
 969 03ac A6       		.byte	-90
ARM GAS  C:\Users\larco\AppData\Local\Temp\ccmSjlQd.s 			page 18


 970 03ad 15       		.byte	21
 971 03ae A7       		.byte	-89
 972 03af 16       		.byte	22
 973 03b0 A8       		.byte	-88
 974 03b1 33       		.byte	51
 975 03b2 AA       		.byte	-86
 976 03b3 0C       		.byte	12
 977 03b4 AB       		.byte	-85
 978 03b5 03       		.byte	3
 979 03b6 B1       		.byte	-79
 980 03b7 0F       		.byte	15
 981 03b8 B2       		.byte	-78
 982 03b9 10       		.byte	16
 983 03ba B4       		.byte	-76
 984 03bb 0F       		.byte	15
 985 03bc B5       		.byte	-75
 986 03bd 1A       		.byte	26
 987 03be B6       		.byte	-74
 988 03bf 60       		.byte	96
 989 03c0 B8       		.byte	-72
 990 03c1 80       		.byte	-128
 991 03c2 BA       		.byte	-70
 992 03c3 20       		.byte	32
 993 03c4 BB       		.byte	-69
 994 03c5 22       		.byte	34
 995 03c6 BE       		.byte	-66
 996 03c7 04       		.byte	4
 997 03c8 D4       		.byte	-44
 998 03c9 40       		.byte	64
 999 03ca D8       		.byte	-40
 1000 03cb 04       		.byte	4
 1001 03cc D9       		.byte	-39
 1002 03cd 04       		.byte	4
 1003 03ce DB       		.byte	-37
 1004 03cf 04       		.byte	4
 1005 03d0 DC       		.byte	-36
 1006 03d1 33       		.byte	51
 1007 03d2 DD       		.byte	-35
 1008 03d3 10       		.byte	16
 1009 03d4 DF       		.byte	-33
 1010 03d5 01       		.byte	1
 1011 03d6 00       		.byte	0
 1012 03d7 48       		.byte	72
 1013 03d8 03       		.byte	3
 1014 03d9 40       		.byte	64
 1015 03da 04       		.byte	4
 1016 03db 88       		.byte	-120
 1017 03dc 09       		.byte	9
 1018 03dd 80       		.byte	-128
 1019 03de 0A       		.byte	10
 1020 03df 64       		.byte	100
 1021 03e0 0E       		.byte	14
 1022 03e1 02       		.byte	2
 1023 03e2 0F       		.byte	15
 1024 03e3 08       		.byte	8
 1025 03e4 10       		.byte	16
 1026 03e5 23       		.byte	35
ARM GAS  C:\Users\larco\AppData\Local\Temp\ccmSjlQd.s 			page 19


 1027 03e6 12       		.byte	18
 1028 03e7 88       		.byte	-120
 1029 03e8 17       		.byte	23
 1030 03e9 14       		.byte	20
 1031 03ea 18       		.byte	24
 1032 03eb 40       		.byte	64
 1033 03ec 19       		.byte	25
 1034 03ed 18       		.byte	24
 1035 03ee 1A       		.byte	26
 1036 03ef 04       		.byte	4
 1037 03f0 1E       		.byte	30
 1038 03f1 12       		.byte	18
 1039 03f2 1F       		.byte	31
 1040 03f3 A0       		.byte	-96
 1041 03f4 20       		.byte	32
 1042 03f5 02       		.byte	2
 1043 03f6 21       		.byte	33
 1044 03f7 02       		.byte	2
 1045 03f8 23       		.byte	35
 1046 03f9 40       		.byte	64
 1047 03fa 24       		.byte	36
 1048 03fb 88       		.byte	-120
 1049 03fc 26       		.byte	38
 1050 03fd 22       		.byte	34
 1051 03fe 2A       		.byte	42
 1052 03ff 08       		.byte	8
 1053 0400 2B       		.byte	43
 1054 0401 40       		.byte	64
 1055 0402 2F       		.byte	47
 1056 0403 A8       		.byte	-88
 1057 0404 31       		.byte	49
 1058 0405 02       		.byte	2
 1059 0406 33       		.byte	51
 1060 0407 BC       		.byte	-68
 1061 0408 36       		.byte	54
 1062 0409 22       		.byte	34
 1063 040a 38       		.byte	56
 1064 040b 88       		.byte	-120
 1065 040c 3E       		.byte	62
 1066 040d 08       		.byte	8
 1067 040e 3F       		.byte	63
 1068 040f 04       		.byte	4
 1069 0410 48       		.byte	72
 1070 0411 01       		.byte	1
 1071 0412 4B       		.byte	75
 1072 0413 04       		.byte	4
 1073 0414 53       		.byte	83
 1074 0415 08       		.byte	8
 1075 0416 58       		.byte	88
 1076 0417 18       		.byte	24
 1077 0418 5A       		.byte	90
 1078 0419 81       		.byte	-127
 1079 041a 63       		.byte	99
 1080 041b 01       		.byte	1
 1081 041c 64       		.byte	100
 1082 041d 01       		.byte	1
 1083 041e 65       		.byte	101
ARM GAS  C:\Users\larco\AppData\Local\Temp\ccmSjlQd.s 			page 20


 1084 041f 08       		.byte	8
 1085 0420 66       		.byte	102
 1086 0421 10       		.byte	16
 1087 0422 8E       		.byte	-114
 1088 0423 10       		.byte	16
 1089 0424 8F       		.byte	-113
 1090 0425 80       		.byte	-128
 1091 0426 92       		.byte	-110
 1092 0427 E1       		.byte	-31
 1093 0428 93       		.byte	-109
 1094 0429 01       		.byte	1
 1095 042a 94       		.byte	-108
 1096 042b 08       		.byte	8
 1097 042c 96       		.byte	-106
 1098 042d 04       		.byte	4
 1099 042e 97       		.byte	-105
 1100 042f 40       		.byte	64
 1101 0430 98       		.byte	-104
 1102 0431 18       		.byte	24
 1103 0432 9A       		.byte	-102
 1104 0433 10       		.byte	16
 1105 0434 9B       		.byte	-101
 1106 0435 40       		.byte	64
 1107 0436 9D       		.byte	-99
 1108 0437 10       		.byte	16
 1109 0438 9F       		.byte	-97
 1110 0439 94       		.byte	-108
 1111 043a A0       		.byte	-96
 1112 043b 26       		.byte	38
 1113 043c A1       		.byte	-95
 1114 043d 80       		.byte	-128
 1115 043e A2       		.byte	-94
 1116 043f 88       		.byte	-120
 1117 0440 A3       		.byte	-93
 1118 0441 44       		.byte	68
 1119 0442 A8       		.byte	-88
 1120 0443 20       		.byte	32
 1121 0444 AB       		.byte	-85
 1122 0445 04       		.byte	4
 1123 0446 B1       		.byte	-79
 1124 0447 01       		.byte	1
 1125 0448 B3       		.byte	-77
 1126 0449 02       		.byte	2
 1127 044a B6       		.byte	-74
 1128 044b 01       		.byte	1
 1129 044c C0       		.byte	-64
 1130 044d AD       		.byte	-83
 1131 044e C2       		.byte	-62
 1132 044f CF       		.byte	-49
 1133 0450 C4       		.byte	-60
 1134 0451 6F       		.byte	111
 1135 0452 CA       		.byte	-54
 1136 0453 E3       		.byte	-29
 1137 0454 CC       		.byte	-52
 1138 0455 AF       		.byte	-81
 1139 0456 CE       		.byte	-50
 1140 0457 4A       		.byte	74
ARM GAS  C:\Users\larco\AppData\Local\Temp\ccmSjlQd.s 			page 21


 1141 0458 D2       		.byte	-46
 1142 0459 08       		.byte	8
 1143 045a D6       		.byte	-42
 1144 045b 0F       		.byte	15
 1145 045c D8       		.byte	-40
 1146 045d 78       		.byte	120
 1147 045e EA       		.byte	-22
 1148 045f 10       		.byte	16
 1149 0460 00       		.byte	0
 1150 0461 13       		.byte	19
 1151 0462 02       		.byte	2
 1152 0463 04       		.byte	4
 1153 0464 06       		.byte	6
 1154 0465 20       		.byte	32
 1155 0466 14       		.byte	20
 1156 0467 04       		.byte	4
 1157 0468 16       		.byte	22
 1158 0469 39       		.byte	57
 1159 046a 18       		.byte	24
 1160 046b 05       		.byte	5
 1161 046c 1A       		.byte	26
 1162 046d 3A       		.byte	58
 1163 046e 1C       		.byte	28
 1164 046f 0E       		.byte	14
 1165 0470 32       		.byte	50
 1166 0471 30       		.byte	48
 1167 0472 36       		.byte	54
 1168 0473 0F       		.byte	15
 1169 0474 38       		.byte	56
 1170 0475 80       		.byte	-128
 1171 0476 40       		.byte	64
 1172 0477 23       		.byte	35
 1173 0478 41       		.byte	65
 1174 0479 06       		.byte	6
 1175 047a 45       		.byte	69
 1176 047b 0C       		.byte	12
 1177 047c 46       		.byte	70
 1178 047d 0B       		.byte	11
 1179 047e 47       		.byte	71
 1180 047f E0       		.byte	-32
 1181 0480 48       		.byte	72
 1182 0481 25       		.byte	37
 1183 0482 49       		.byte	73
 1184 0483 FF       		.byte	-1
 1185 0484 4A       		.byte	74
 1186 0485 FF       		.byte	-1
 1187 0486 4B       		.byte	75
 1188 0487 FF       		.byte	-1
 1189 0488 4E       		.byte	78
 1190 0489 F0       		.byte	-16
 1191 048a 4F       		.byte	79
 1192 048b 44       		.byte	68
 1193 048c 50       		.byte	80
 1194 048d 0C       		.byte	12
 1195 048e 54       		.byte	84
 1196 048f 01       		.byte	1
 1197 0490 58       		.byte	88
ARM GAS  C:\Users\larco\AppData\Local\Temp\ccmSjlQd.s 			page 22


 1198 0491 04       		.byte	4
 1199 0492 5A       		.byte	90
 1200 0493 04       		.byte	4
 1201 0494 5B       		.byte	91
 1202 0495 04       		.byte	4
 1203 0496 5C       		.byte	92
 1204 0497 01       		.byte	1
 1205 0498 5D       		.byte	93
 1206 0499 33       		.byte	51
 1207 049a 5F       		.byte	95
 1208 049b 01       		.byte	1
 1209 049c 66       		.byte	102
 1210 049d C0       		.byte	-64
 1211 049e 6A       		.byte	106
 1212 049f 40       		.byte	64
 1213 04a0 6B       		.byte	107
 1214 04a1 02       		.byte	2
 1215 04a2 80       		.byte	-128
 1216 04a3 07       		.byte	7
 1217 04a4 81       		.byte	-127
 1218 04a5 1A       		.byte	26
 1219 04a6 82       		.byte	-126
 1220 04a7 38       		.byte	56
 1221 04a8 84       		.byte	-124
 1222 04a9 80       		.byte	-128
 1223 04aa 85       		.byte	-123
 1224 04ab 18       		.byte	24
 1225 04ac 86       		.byte	-122
 1226 04ad 04       		.byte	4
 1227 04ae 87       		.byte	-121
 1228 04af 02       		.byte	2
 1229 04b0 88       		.byte	-120
 1230 04b1 01       		.byte	1
 1231 04b2 89       		.byte	-119
 1232 04b3 02       		.byte	2
 1233 04b4 8B       		.byte	-117
 1234 04b5 18       		.byte	24
 1235 04b6 8C       		.byte	-116
 1236 04b7 84       		.byte	-124
 1237 04b8 90       		.byte	-112
 1238 04b9 04       		.byte	4
 1239 04ba 91       		.byte	-111
 1240 04bb 18       		.byte	24
 1241 04bc 92       		.byte	-110
 1242 04bd 80       		.byte	-128
 1243 04be 93       		.byte	-109
 1244 04bf 02       		.byte	2
 1245 04c0 94       		.byte	-108
 1246 04c1 56       		.byte	86
 1247 04c2 95       		.byte	-107
 1248 04c3 C1       		.byte	-63
 1249 04c4 96       		.byte	-106
 1250 04c5 09       		.byte	9
 1251 04c6 97       		.byte	-105
 1252 04c7 38       		.byte	56
 1253 04c8 98       		.byte	-104
 1254 04c9 04       		.byte	4
ARM GAS  C:\Users\larco\AppData\Local\Temp\ccmSjlQd.s 			page 23


 1255 04ca 99       		.byte	-103
 1256 04cb 9C       		.byte	-100
 1257 04cc 9B       		.byte	-101
 1258 04cd 03       		.byte	3
 1259 04ce 9C       		.byte	-100
 1260 04cf 84       		.byte	-124
 1261 04d0 9D       		.byte	-99
 1262 04d1 33       		.byte	51
 1263 04d2 9F       		.byte	-97
 1264 04d3 44       		.byte	68
 1265 04d4 A0       		.byte	-96
 1266 04d5 60       		.byte	96
 1267 04d6 A1       		.byte	-95
 1268 04d7 1A       		.byte	26
 1269 04d8 A4       		.byte	-92
 1270 04d9 84       		.byte	-124
 1271 04da A5       		.byte	-91
 1272 04db 82       		.byte	-126
 1273 04dc A8       		.byte	-88
 1274 04dd 0A       		.byte	10
 1275 04de A9       		.byte	-87
 1276 04df 18       		.byte	24
 1277 04e0 AA       		.byte	-86
 1278 04e1 10       		.byte	16
 1279 04e2 B0       		.byte	-80
 1280 04e3 08       		.byte	8
 1281 04e4 B2       		.byte	-78
 1282 04e5 7F       		.byte	127
 1283 04e6 B3       		.byte	-77
 1284 04e7 0F       		.byte	15
 1285 04e8 B5       		.byte	-75
 1286 04e9 E0       		.byte	-32
 1287 04ea B6       		.byte	-74
 1288 04eb 80       		.byte	-128
 1289 04ec B7       		.byte	-73
 1290 04ed 13       		.byte	19
 1291 04ee B8       		.byte	-72
 1292 04ef 08       		.byte	8
 1293 04f0 BB       		.byte	-69
 1294 04f1 28       		.byte	40
 1295 04f2 BE       		.byte	-66
 1296 04f3 41       		.byte	65
 1297 04f4 D6       		.byte	-42
 1298 04f5 02       		.byte	2
 1299 04f6 D7       		.byte	-41
 1300 04f7 2C       		.byte	44
 1301 04f8 D8       		.byte	-40
 1302 04f9 04       		.byte	4
 1303 04fa D9       		.byte	-39
 1304 04fb 04       		.byte	4
 1305 04fc DB       		.byte	-37
 1306 04fd 04       		.byte	4
 1307 04fe DC       		.byte	-36
 1308 04ff 11       		.byte	17
 1309 0500 DD       		.byte	-35
 1310 0501 10       		.byte	16
 1311 0502 DF       		.byte	-33
ARM GAS  C:\Users\larco\AppData\Local\Temp\ccmSjlQd.s 			page 24


 1312 0503 01       		.byte	1
 1313 0504 00       		.byte	0
 1314 0505 8A       		.byte	-118
 1315 0506 03       		.byte	3
 1316 0507 08       		.byte	8
 1317 0508 05       		.byte	5
 1318 0509 05       		.byte	5
 1319 050a 09       		.byte	9
 1320 050b 80       		.byte	-128
 1321 050c 0A       		.byte	10
 1322 050d 64       		.byte	100
 1323 050e 0D       		.byte	13
 1324 050f 20       		.byte	32
 1325 0510 0E       		.byte	14
 1326 0511 12       		.byte	18
 1327 0512 10       		.byte	16
 1328 0513 20       		.byte	32
 1329 0514 12       		.byte	18
 1330 0515 48       		.byte	72
 1331 0516 18       		.byte	24
 1332 0517 01       		.byte	1
 1333 0518 1A       		.byte	26
 1334 0519 81       		.byte	-127
 1335 051a 1B       		.byte	27
 1336 051b 08       		.byte	8
 1337 051c 1D       		.byte	29
 1338 051d 04       		.byte	4
 1339 051e 1E       		.byte	30
 1340 051f 02       		.byte	2
 1341 0520 20       		.byte	32
 1342 0521 02       		.byte	2
 1343 0522 21       		.byte	33
 1344 0523 14       		.byte	20
 1345 0524 22       		.byte	34
 1346 0525 98       		.byte	-104
 1347 0526 28       		.byte	40
 1348 0527 10       		.byte	16
 1349 0528 29       		.byte	41
 1350 0529 10       		.byte	16
 1351 052a 2A       		.byte	42
 1352 052b 06       		.byte	6
 1353 052c 32       		.byte	50
 1354 052d 98       		.byte	-104
 1355 052e 33       		.byte	51
 1356 052f 01       		.byte	1
 1357 0530 39       		.byte	57
 1358 0531 16       		.byte	22
 1359 0532 47       		.byte	71
 1360 0533 14       		.byte	20
 1361 0534 4C       		.byte	76
 1362 0535 04       		.byte	4
 1363 0536 4F       		.byte	79
 1364 0537 08       		.byte	8
 1365 0538 57       		.byte	87
 1366 0539 42       		.byte	66
 1367 053a 5C       		.byte	92
 1368 053b 20       		.byte	32
ARM GAS  C:\Users\larco\AppData\Local\Temp\ccmSjlQd.s 			page 25


 1369 053c 5D       		.byte	93
 1370 053d 01       		.byte	1
 1371 053e 5F       		.byte	95
 1372 053f 88       		.byte	-120
 1373 0540 60       		.byte	96
 1374 0541 40       		.byte	64
 1375 0542 68       		.byte	104
 1376 0543 64       		.byte	100
 1377 0544 69       		.byte	105
 1378 0545 16       		.byte	22
 1379 0546 6A       		.byte	106
 1380 0547 40       		.byte	64
 1381 0548 6B       		.byte	107
 1382 0549 41       		.byte	65
 1383 054a 71       		.byte	113
 1384 054b 80       		.byte	-128
 1385 054c 72       		.byte	114
 1386 054d 02       		.byte	2
 1387 054e 83       		.byte	-125
 1388 054f 08       		.byte	8
 1389 0550 8C       		.byte	-116
 1390 0551 80       		.byte	-128
 1391 0552 90       		.byte	-112
 1392 0553 40       		.byte	64
 1393 0554 92       		.byte	-110
 1394 0555 10       		.byte	16
 1395 0556 93       		.byte	-109
 1396 0557 01       		.byte	1
 1397 0558 94       		.byte	-108
 1398 0559 01       		.byte	1
 1399 055a 95       		.byte	-107
 1400 055b 28       		.byte	40
 1401 055c 96       		.byte	-106
 1402 055d 20       		.byte	32
 1403 055e 97       		.byte	-105
 1404 055f 40       		.byte	64
 1405 0560 98       		.byte	-104
 1406 0561 08       		.byte	8
 1407 0562 99       		.byte	-103
 1408 0563 01       		.byte	1
 1409 0564 9A       		.byte	-102
 1410 0565 54       		.byte	84
 1411 0566 9B       		.byte	-101
 1412 0567 08       		.byte	8
 1413 0568 9C       		.byte	-100
 1414 0569 80       		.byte	-128
 1415 056a 9D       		.byte	-99
 1416 056b 04       		.byte	4
 1417 056c A0       		.byte	-96
 1418 056d 02       		.byte	2
 1419 056e A1       		.byte	-95
 1420 056f 20       		.byte	32
 1421 0570 A4       		.byte	-92
 1422 0571 01       		.byte	1
 1423 0572 A6       		.byte	-90
 1424 0573 08       		.byte	8
 1425 0574 A7       		.byte	-89
ARM GAS  C:\Users\larco\AppData\Local\Temp\ccmSjlQd.s 			page 26


 1426 0575 02       		.byte	2
 1427 0576 A8       		.byte	-88
 1428 0577 08       		.byte	8
 1429 0578 AA       		.byte	-86
 1430 0579 80       		.byte	-128
 1431 057a AD       		.byte	-83
 1432 057b 12       		.byte	18
 1433 057c B2       		.byte	-78
 1434 057d 04       		.byte	4
 1435 057e C0       		.byte	-64
 1436 057f 3F       		.byte	63
 1437 0580 C2       		.byte	-62
 1438 0581 EF       		.byte	-17
 1439 0582 C4       		.byte	-60
 1440 0583 0E       		.byte	14
 1441 0584 CA       		.byte	-54
 1442 0585 07       		.byte	7
 1443 0586 CC       		.byte	-52
 1444 0587 0F       		.byte	15
 1445 0588 CE       		.byte	-50
 1446 0589 07       		.byte	7
 1447 058a D0       		.byte	-48
 1448 058b 60       		.byte	96
 1449 058c D2       		.byte	-46
 1450 058d 20       		.byte	32
 1451 058e D6       		.byte	-42
 1452 058f F0       		.byte	-16
 1453 0590 D8       		.byte	-40
 1454 0591 01       		.byte	1
 1455 0592 E0       		.byte	-32
 1456 0593 10       		.byte	16
 1457 0594 EC       		.byte	-20
 1458 0595 10       		.byte	16
 1459 0596 EE       		.byte	-18
 1460 0597 20       		.byte	32
 1461 0598 B8       		.byte	-72
 1462 0599 80       		.byte	-128
 1463 059a BE       		.byte	-66
 1464 059b 40       		.byte	64
 1465 059c D8       		.byte	-40
 1466 059d 04       		.byte	4
 1467 059e DF       		.byte	-33
 1468 059f 01       		.byte	1
 1469 05a0 18       		.byte	24
 1470 05a1 02       		.byte	2
 1471 05a2 EC       		.byte	-20
 1472 05a3 10       		.byte	16
 1473 05a4 B4       		.byte	-76
 1474 05a5 01       		.byte	1
 1475 05a6 31       		.byte	49
 1476 05a7 40       		.byte	64
 1477 05a8 32       		.byte	50
 1478 05a9 08       		.byte	8
 1479 05aa 35       		.byte	53
 1480 05ab 80       		.byte	-128
 1481 05ac 3C       		.byte	60
 1482 05ad 10       		.byte	16
ARM GAS  C:\Users\larco\AppData\Local\Temp\ccmSjlQd.s 			page 27


 1483 05ae 85       		.byte	-123
 1484 05af 40       		.byte	64
 1485 05b0 CC       		.byte	-52
 1486 05b1 70       		.byte	112
 1487 05b2 CE       		.byte	-50
 1488 05b3 20       		.byte	32
 1489 05b4 E6       		.byte	-26
 1490 05b5 10       		.byte	16
 1491 05b6 5F       		.byte	95
 1492 05b7 02       		.byte	2
 1493 05b8 63       		.byte	99
 1494 05b9 20       		.byte	32
 1495 05ba 94       		.byte	-108
 1496 05bb 10       		.byte	16
 1497 05bc 9D       		.byte	-99
 1498 05bd 80       		.byte	-128
 1499 05be A6       		.byte	-90
 1500 05bf 08       		.byte	8
 1501 05c0 D6       		.byte	-42
 1502 05c1 80       		.byte	-128
 1503 05c2 D8       		.byte	-40
 1504 05c3 40       		.byte	64
 1505 05c4 83       		.byte	-125
 1506 05c5 10       		.byte	16
 1507 05c6 8C       		.byte	-116
 1508 05c7 10       		.byte	16
 1509 05c8 94       		.byte	-108
 1510 05c9 10       		.byte	16
 1511 05ca 9D       		.byte	-99
 1512 05cb 80       		.byte	-128
 1513 05cc 9F       		.byte	-97
 1514 05cd 02       		.byte	2
 1515 05ce A6       		.byte	-90
 1516 05cf 08       		.byte	8
 1517 05d0 A7       		.byte	-89
 1518 05d1 10       		.byte	16
 1519 05d2 E6       		.byte	-26
 1520 05d3 80       		.byte	-128
 1521 05d4 12       		.byte	18
 1522 05d5 08       		.byte	8
 1523 05d6 8C       		.byte	-116
 1524 05d7 02       		.byte	2
 1525 05d8 8F       		.byte	-113
 1526 05d9 02       		.byte	2
 1527 05da 94       		.byte	-108
 1528 05db 10       		.byte	16
 1529 05dc 9F       		.byte	-97
 1530 05dd 02       		.byte	2
 1531 05de A6       		.byte	-90
 1532 05df 08       		.byte	8
 1533 05e0 B5       		.byte	-75
 1534 05e1 80       		.byte	-128
 1535 05e2 C4       		.byte	-60
 1536 05e3 40       		.byte	64
 1537 05e4 73       		.byte	115
 1538 05e5 40       		.byte	64
 1539 05e6 7C       		.byte	124
ARM GAS  C:\Users\larco\AppData\Local\Temp\ccmSjlQd.s 			page 28


 1540 05e7 08       		.byte	8
 1541 05e8 82       		.byte	-126
 1542 05e9 40       		.byte	64
 1543 05ea DC       		.byte	-36
 1544 05eb 01       		.byte	1
 1545 05ec DE       		.byte	-34
 1546 05ed 01       		.byte	1
 1547 05ee 09       		.byte	9
 1548 05ef 10       		.byte	16
 1549 05f0 0E       		.byte	14
 1550 05f1 40       		.byte	64
 1551 05f2 96       		.byte	-106
 1552 05f3 40       		.byte	64
 1553 05f4 9C       		.byte	-100
 1554 05f5 08       		.byte	8
 1555 05f6 B3       		.byte	-77
 1556 05f7 40       		.byte	64
 1557 05f8 C2       		.byte	-62
 1558 05f9 06       		.byte	6
 1559 05fa E8       		.byte	-24
 1560 05fb 04       		.byte	4
 1561 05fc 04       		.byte	4
 1562 05fd 08       		.byte	8
 1563 05fe 32       		.byte	50
 1564 05ff 40       		.byte	64
 1565 0600 45       		.byte	69
 1566 0601 02       		.byte	2
 1567 0602 8E       		.byte	-114
 1568 0603 40       		.byte	64
 1569 0604 9C       		.byte	-100
 1570 0605 08       		.byte	8
 1571 0606 B5       		.byte	-75
 1572 0607 10       		.byte	16
 1573 0608 C0       		.byte	-64
 1574 0609 04       		.byte	4
 1575 060a CC       		.byte	-52
 1576 060b 08       		.byte	8
 1577 060c D0       		.byte	-48
 1578 060d 01       		.byte	1
 1579 060e E0       		.byte	-32
 1580 060f 08       		.byte	8
 1581 0610 EE       		.byte	-18
 1582 0611 08       		.byte	8
 1583 0612 9C       		.byte	-100
 1584 0613 08       		.byte	8
 1585 0614 A5       		.byte	-91
 1586 0615 02       		.byte	2
 1587 0616 A8       		.byte	-88
 1588 0617 04       		.byte	4
 1589 0618 24       		.byte	36
 1590 0619 10       		.byte	16
 1591 061a 27       		.byte	39
 1592 061b 04       		.byte	4
 1593 061c 5A       		.byte	90
 1594 061d 80       		.byte	-128
 1595 061e 80       		.byte	-128
 1596 061f 04       		.byte	4
ARM GAS  C:\Users\larco\AppData\Local\Temp\ccmSjlQd.s 			page 29


 1597 0620 8F       		.byte	-113
 1598 0621 40       		.byte	64
 1599 0622 94       		.byte	-108
 1600 0623 10       		.byte	16
 1601 0624 9A       		.byte	-102
 1602 0625 10       		.byte	16
 1603 0626 9F       		.byte	-97
 1604 0627 04       		.byte	4
 1605 0628 A0       		.byte	-96
 1606 0629 02       		.byte	2
 1607 062a B2       		.byte	-78
 1608 062b 10       		.byte	16
 1609 062c B7       		.byte	-73
 1610 062d 04       		.byte	4
 1611 062e C8       		.byte	-56
 1612 062f A0       		.byte	-96
 1613 0630 D4       		.byte	-44
 1614 0631 80       		.byte	-128
 1615 0632 E6       		.byte	-26
 1616 0633 80       		.byte	-128
 1617 0634 03       		.byte	3
 1618 0635 40       		.byte	64
 1619 0636 50       		.byte	80
 1620 0637 06       		.byte	6
 1621 0638 56       		.byte	86
 1622 0639 10       		.byte	16
 1623 063a 90       		.byte	-112
 1624 063b 08       		.byte	8
 1625 063c 9A       		.byte	-102
 1626 063d 10       		.byte	16
 1627 063e 9F       		.byte	-97
 1628 063f 40       		.byte	64
 1629 0640 A0       		.byte	-96
 1630 0641 02       		.byte	2
 1631 0642 B6       		.byte	-74
 1632 0643 40       		.byte	64
 1633 0644 C0       		.byte	-64
 1634 0645 10       		.byte	16
 1635 0646 D4       		.byte	-44
 1636 0647 E0       		.byte	-32
 1637 0648 9C       		.byte	-100
 1638 0649 08       		.byte	8
 1639 064a B5       		.byte	-75
 1640 064b 02       		.byte	2
 1641 064c EC       		.byte	-20
 1642 064d 08       		.byte	8
 1643 064e B4       		.byte	-76
 1644 064f 08       		.byte	8
 1645 0650 E8       		.byte	-24
 1646 0651 02       		.byte	2
 1647 0652 00       		.byte	0
 1648 0653 12       		.byte	18
 1649 0654 02       		.byte	2
 1650 0655 14       		.byte	20
 1651 0656 08       		.byte	8
 1652 0657 12       		.byte	18
 1653 0658 0A       		.byte	10
ARM GAS  C:\Users\larco\AppData\Local\Temp\ccmSjlQd.s 			page 30


 1654 0659 12       		.byte	18
 1655 065a 10       		.byte	16
 1656 065b 0A       		.byte	10
 1657 065c 12       		.byte	18
 1658 065d 14       		.byte	20
 1659 065e 1A       		.byte	26
 1660 065f 0A       		.byte	10
 1661 0660 00       		.byte	0
 1662 0661 2F       		.byte	47
 1663 0662 10       		.byte	16
 1664 0663 02       		.byte	2
 1665 0664 04       		.byte	4
 1666 0665 1D       		.byte	29
 1667 0666 80       		.byte	-128
 1668 0667 00       		.byte	0
 1669 0668 01       		.byte	1
 1670 0669 1D       		.byte	29
 1671 066a 00       		.byte	0
 1672 066b 00       		.byte	0
 1673 066c 04       		.byte	4
 1674 066d 00       		.byte	0
 1675 066e 00       		.byte	0
 1676 066f 00       		.byte	0
 1677 0670 84       		.byte	-124
 1678 0671 01       		.byte	1
 1679 0672 00       		.byte	0
 1680 0673 02       		.byte	2
 1681 0674 07       		.byte	7
 1682 0675 0D       		.byte	13
 1683 0676 38       		.byte	56
 1684 0677 10       		.byte	16
 1685 0678 56       		.byte	86
 1686 0679 00       		.byte	0
 1687 067a 09       		.byte	9
 1688 067b 00       		.byte	0
 1689 067c 0A       		.byte	10
 1690 067d 1D       		.byte	29
 1691 067e 10       		.byte	16
 1692 067f 00       		.byte	0
 1693 0680 84       		.byte	-124
 1694 0681 02       		.byte	2
 1695 0682 00       		.byte	0
 1696 0683 0D       		.byte	13
 1697 0684 60       		.byte	96
 1698 0685 00       		.byte	0
 1699 0686 00       		.byte	0
 1700 0687 10       		.byte	16
 1701 0688 84       		.byte	-124
 1702 0689 02       		.byte	2
 1703 068a 00       		.byte	0
 1704 068b 04       		.byte	4
 1705 068c 80       		.byte	-128
 1706 068d 02       		.byte	2
 1707 068e 04       		.byte	4
 1708 068f 08       		.byte	8
 1709 0690 00       		.byte	0
 1710 0691 1D       		.byte	29
ARM GAS  C:\Users\larco\AppData\Local\Temp\ccmSjlQd.s 			page 31


 1711 0692 00       		.byte	0
 1712 0693 00       		.byte	0
 1713 0694 02       		.byte	2
 1714 0695 0F       		.byte	15
 1715 0696 7F       		.byte	127
 1716 0697 10       		.byte	16
 1717 0698 00       		.byte	0
 1718 0699 00       		.byte	0
 1719 069a 80       		.byte	-128
 1720 069b 00       		.byte	0
 1721 069c 08       		.byte	8
 1722 069d 00       		.byte	0
 1723 069e 00       		.byte	0
 1724 069f 02       		.byte	2
 1725 06a0 00       		.byte	0
 1726 06a1 00       		.byte	0
 1727 06a2 41       		.byte	65
 1728 06a3 04       		.byte	4
 1729 06a4 23       		.byte	35
 1730 06a5 04       		.byte	4
 1731 06a6 10       		.byte	16
 1732 06a7 00       		.byte	0
 1733 06a8 06       		.byte	6
 1734 06a9 CE       		.byte	-50
 1735 06aa 0B       		.byte	11
 1736 06ab DF       		.byte	-33
 1737 06ac 37       		.byte	55
 1738 06ad FF       		.byte	-1
 1739 06ae FF       		.byte	-1
 1740 06af FF       		.byte	-1
 1741 06b0 22       		.byte	34
 1742 06b1 00       		.byte	0
 1743 06b2 F0       		.byte	-16
 1744 06b3 08       		.byte	8
 1745 06b4 04       		.byte	4
 1746 06b5 00       		.byte	0
 1747 06b6 00       		.byte	0
 1748 06b7 00       		.byte	0
 1749 06b8 00       		.byte	0
 1750 06b9 00       		.byte	0
 1751 06ba 02       		.byte	2
 1752 06bb 28       		.byte	40
 1753 06bc 04       		.byte	4
 1754 06bd 04       		.byte	4
 1755 06be 04       		.byte	4
 1756 06bf 04       		.byte	4
 1757 06c0 11       		.byte	17
 1758 06c1 11       		.byte	17
 1759 06c2 00       		.byte	0
 1760 06c3 01       		.byte	1
 1761 06c4 00       		.byte	0
 1762 06c5 00       		.byte	0
 1763 06c6 C0       		.byte	-64
 1764 06c7 00       		.byte	0
 1765 06c8 40       		.byte	64
 1766 06c9 01       		.byte	1
 1767 06ca 10       		.byte	16
ARM GAS  C:\Users\larco\AppData\Local\Temp\ccmSjlQd.s 			page 32


 1768 06cb 11       		.byte	17
 1769 06cc C0       		.byte	-64
 1770 06cd 01       		.byte	1
 1771 06ce 00       		.byte	0
 1772 06cf 11       		.byte	17
 1773 06d0 40       		.byte	64
 1774 06d1 01       		.byte	1
 1775 06d2 40       		.byte	64
 1776 06d3 01       		.byte	1
 1777 06d4 00       		.byte	0
 1778 06d5 00       		.byte	0
 1779 06d6 00       		.byte	0
 1780 06d7 00       		.byte	0
 1781 06d8 00       		.byte	0
 1782 06d9 00       		.byte	0
 1783 06da 00       		.byte	0
 1784 06db 00       		.byte	0
 1785 06dc 00       		.byte	0
 1786 06dd 00       		.byte	0
 1787 06de 00       		.byte	0
 1788 06df 00       		.byte	0
 1789 06e0 00       		.byte	0
 1790 06e1 00       		.byte	0
 1791 06e2 00       		.byte	0
 1792 06e3 00       		.byte	0
 1793 06e4 00       		.byte	0
 1794 06e5 E2       		.byte	-30
 1795 06e6 E2       		.byte	-30
 1796 06e7 00       		.byte	0
 1797 06e8 60       		.byte	96
 1798 06e9 00       		.byte	0
 1799 06ea 01       		.byte	1
 1800 06eb 00       		.byte	0
 1801 06ec 80       		.byte	-128
 1802 06ed 00       		.byte	0
 1803 06ee 40       		.byte	64
 1804 06ef 80       		.byte	-128
 1805 06f0 80       		.byte	-128
 1806 06f1 00       		.byte	0
 1807 06f2 80       		.byte	-128
 1808 06f3 00       		.byte	0
 1809 06f4 00       		.byte	0
 1810 06f5 00       		.byte	0
 1811 06f6 00       		.byte	0
 1812 06f7 00       		.byte	0
 1813 06f8 20       		.byte	32
 1814 06f9 0C       		.byte	12
 1815 06fa 0C       		.byte	12
 1816 06fb 00       		.byte	0
 1817 06fc 04       		.byte	4
 1818 06fd 00       		.byte	0
 1819 06fe 00       		.byte	0
 1820 06ff 00       		.byte	0
 1821 0700 00       		.byte	0
 1822 0701 0B       		.byte	11
 1823 0702 0B       		.byte	11
 1824 0703 00       		.byte	0
ARM GAS  C:\Users\larco\AppData\Local\Temp\ccmSjlQd.s 			page 33


 1825 0704 00       		.byte	0
 1826 0705 00       		.byte	0
 1827 0706 E0       		.byte	-32
 1828 0707 00       		.byte	0
 1829 0708 64       		.byte	100
 1830 0709 00       		.byte	0
 1831 070a 00       		.byte	0
 1832 070b E6       		.byte	-26
 1833 070c 82       		.byte	-126
 1834 070d 00       		.byte	0
 1835 070e 00       		.byte	0
 1836 070f 00       		.byte	0
 1837 0710 00       		.byte	0
 1838 0711 00       		.byte	0
 1839 0712 00       		.byte	0
 1840 0713 00       		.byte	0
 1841 0714 01       		.byte	1
 1842 0715 0E       		.byte	14
 1843 0716 0E       		.byte	14
 1844 0717 00       		.byte	0
 1845 0718 0E       		.byte	14
 1846 0719 00       		.byte	0
 1847 071a 00       		.byte	0
 1848 071b 00       		.byte	0
 1849 071c 1D       		.byte	29
 1850 071d 00       		.byte	0
 1851 071e 18       		.byte	24
 1852 071f 01       		.byte	1
 1853              		.section	.cywolatch,"a",%progbits
 1854              		.align	2
 1855              		.type	cy_meta_wonvl, %object
 1856              		.size	cy_meta_wonvl, 4
 1857              	cy_meta_wonvl:
 1858 0000 BC       		.byte	-68
 1859 0001 90       		.byte	-112
 1860 0002 AC       		.byte	-84
 1861 0003 AF       		.byte	-81
 1862              		.section	.cycustnvl,"a",%progbits
 1863              		.align	2
 1864              		.type	cy_meta_custnvl, %object
 1865              		.size	cy_meta_custnvl, 4
 1866              	cy_meta_custnvl:
 1867 0000 00       		.byte	0
 1868 0001 00       		.byte	0
 1869 0002 40       		.byte	64
 1870 0003 05       		.byte	5
 1871              		.section	.cymeta,"a",%progbits
 1872              		.align	2
 1873              		.type	cy_metadata, %object
 1874              		.size	cy_metadata, 12
 1875              	cy_metadata:
 1876 0000 00       		.byte	0
 1877 0001 01       		.byte	1
 1878 0002 2E       		.byte	46
 1879 0003 16       		.byte	22
 1880 0004 10       		.byte	16
 1881 0005 69       		.byte	105
ARM GAS  C:\Users\larco\AppData\Local\Temp\ccmSjlQd.s 			page 34


 1882 0006 00       		.byte	0
 1883 0007 01       		.byte	1
 1884 0008 00       		.byte	0
 1885 0009 00       		.byte	0
 1886 000a 00       		.byte	0
 1887 000b 00       		.byte	0
 1888              		.section	.cyflashprotect,"a",%progbits
 1889              		.align	2
 1890              		.type	cy_meta_flashprotect, %object
 1891              		.size	cy_meta_flashprotect, 256
 1892              	cy_meta_flashprotect:
 1893 0000 00000000 		.space	256
 1893      00000000 
 1893      00000000 
 1893      00000000 
 1893      00000000 
 1894              		.text
 1895              	.Letext0:
 1896              		.file 1 "c:\\program files (x86)\\cypress\\psoc creator\\4.4\\psoc creator\\import\\gnu\\arm\\5.4.
 1897              		.file 2 "c:\\program files (x86)\\cypress\\psoc creator\\4.4\\psoc creator\\import\\gnu\\arm\\5.4.
 1898              		.file 3 "Generated_Source\\PSoC5\\cymetadata.c"
 1899              		.section	.debug_info,"",%progbits
 1900              	.Ldebug_info0:
 1901 0000 35010000 		.4byte	0x135
 1902 0004 0400     		.2byte	0x4
 1903 0006 00000000 		.4byte	.Ldebug_abbrev0
 1904 000a 04       		.byte	0x4
 1905 000b 01       		.uleb128 0x1
 1906 000c 01010000 		.4byte	.LASF17
 1907 0010 0C       		.byte	0xc
 1908 0011 1A020000 		.4byte	.LASF18
 1909 0015 78000000 		.4byte	.LASF19
 1910 0019 00000000 		.4byte	.Ldebug_line0
 1911 001d 02       		.uleb128 0x2
 1912 001e 01       		.byte	0x1
 1913 001f 06       		.byte	0x6
 1914 0020 0E020000 		.4byte	.LASF0
 1915 0024 03       		.uleb128 0x3
 1916 0025 00000000 		.4byte	.LASF9
 1917 0029 01       		.byte	0x1
 1918 002a 1D       		.byte	0x1d
 1919 002b 2F000000 		.4byte	0x2f
 1920 002f 02       		.uleb128 0x2
 1921 0030 01       		.byte	0x1
 1922 0031 08       		.byte	0x8
 1923 0032 23000000 		.4byte	.LASF1
 1924 0036 02       		.uleb128 0x2
 1925 0037 02       		.byte	0x2
 1926 0038 05       		.byte	0x5
 1927 0039 FB010000 		.4byte	.LASF2
 1928 003d 02       		.uleb128 0x2
 1929 003e 02       		.byte	0x2
 1930 003f 07       		.byte	0x7
 1931 0040 43000000 		.4byte	.LASF3
 1932 0044 02       		.uleb128 0x2
 1933 0045 04       		.byte	0x4
 1934 0046 05       		.byte	0x5
ARM GAS  C:\Users\larco\AppData\Local\Temp\ccmSjlQd.s 			page 35


 1935 0047 05020000 		.4byte	.LASF4
 1936 004b 02       		.uleb128 0x2
 1937 004c 04       		.byte	0x4
 1938 004d 07       		.byte	0x7
 1939 004e 31000000 		.4byte	.LASF5
 1940 0052 02       		.uleb128 0x2
 1941 0053 08       		.byte	0x8
 1942 0054 05       		.byte	0x5
 1943 0055 ED010000 		.4byte	.LASF6
 1944 0059 02       		.uleb128 0x2
 1945 005a 08       		.byte	0x8
 1946 005b 07       		.byte	0x7
 1947 005c A2010000 		.4byte	.LASF7
 1948 0060 04       		.uleb128 0x4
 1949 0061 04       		.byte	0x4
 1950 0062 05       		.byte	0x5
 1951 0063 696E7400 		.ascii	"int\000"
 1952 0067 02       		.uleb128 0x2
 1953 0068 04       		.byte	0x4
 1954 0069 07       		.byte	0x7
 1955 006a 0A000000 		.4byte	.LASF8
 1956 006e 03       		.uleb128 0x3
 1957 006f B9010000 		.4byte	.LASF10
 1958 0073 02       		.byte	0x2
 1959 0074 18       		.byte	0x18
 1960 0075 24000000 		.4byte	0x24
 1961 0079 05       		.uleb128 0x5
 1962 007a 91000000 		.4byte	0x91
 1963 007e 8A000000 		.4byte	0x8a
 1964 0082 06       		.uleb128 0x6
 1965 0083 8A000000 		.4byte	0x8a
 1966 0087 1F07     		.2byte	0x71f
 1967 0089 00       		.byte	0
 1968 008a 02       		.uleb128 0x2
 1969 008b 04       		.byte	0x4
 1970 008c 07       		.byte	0x7
 1971 008d E4010000 		.4byte	.LASF11
 1972 0091 07       		.uleb128 0x7
 1973 0092 6E000000 		.4byte	0x6e
 1974 0096 08       		.uleb128 0x8
 1975 0097 66000000 		.4byte	.LASF12
 1976 009b 03       		.byte	0x3
 1977 009c 1F       		.byte	0x1f
 1978 009d A7000000 		.4byte	0xa7
 1979 00a1 05       		.uleb128 0x5
 1980 00a2 03       		.byte	0x3
 1981 00a3 00000000 		.4byte	cy_meta_configecc
 1982 00a7 07       		.uleb128 0x7
 1983 00a8 79000000 		.4byte	0x79
 1984 00ac 05       		.uleb128 0x5
 1985 00ad 91000000 		.4byte	0x91
 1986 00b1 BC000000 		.4byte	0xbc
 1987 00b5 09       		.uleb128 0x9
 1988 00b6 8A000000 		.4byte	0x8a
 1989 00ba 03       		.byte	0x3
 1990 00bb 00       		.byte	0
 1991 00bc 0A       		.uleb128 0xa
ARM GAS  C:\Users\larco\AppData\Local\Temp\ccmSjlQd.s 			page 36


 1992 00bd 56000000 		.4byte	.LASF13
 1993 00c1 03       		.byte	0x3
 1994 00c2 1001     		.2byte	0x110
 1995 00c4 CE000000 		.4byte	0xce
 1996 00c8 05       		.uleb128 0x5
 1997 00c9 03       		.byte	0x3
 1998 00ca 00000000 		.4byte	cy_meta_custnvl
 1999 00ce 07       		.uleb128 0x7
 2000 00cf AC000000 		.4byte	0xac
 2001 00d3 0A       		.uleb128 0xa
 2002 00d4 D6010000 		.4byte	.LASF14
 2003 00d8 03       		.byte	0x3
 2004 00d9 1E01     		.2byte	0x11e
 2005 00db E5000000 		.4byte	0xe5
 2006 00df 05       		.uleb128 0x5
 2007 00e0 03       		.byte	0x3
 2008 00e1 00000000 		.4byte	cy_meta_wonvl
 2009 00e5 07       		.uleb128 0x7
 2010 00e6 AC000000 		.4byte	0xac
 2011 00ea 05       		.uleb128 0x5
 2012 00eb 91000000 		.4byte	0x91
 2013 00ef FA000000 		.4byte	0xfa
 2014 00f3 09       		.uleb128 0x9
 2015 00f4 8A000000 		.4byte	0x8a
 2016 00f8 FF       		.byte	0xff
 2017 00f9 00       		.byte	0
 2018 00fa 0A       		.uleb128 0xa
 2019 00fb C1010000 		.4byte	.LASF15
 2020 00ff 03       		.byte	0x3
 2021 0100 2C01     		.2byte	0x12c
 2022 0102 0C010000 		.4byte	0x10c
 2023 0106 05       		.uleb128 0x5
 2024 0107 03       		.byte	0x3
 2025 0108 00000000 		.4byte	cy_meta_flashprotect
 2026 010c 07       		.uleb128 0x7
 2027 010d EA000000 		.4byte	0xea
 2028 0111 05       		.uleb128 0x5
 2029 0112 91000000 		.4byte	0x91
 2030 0116 21010000 		.4byte	0x121
 2031 011a 09       		.uleb128 0x9
 2032 011b 8A000000 		.4byte	0x8a
 2033 011f 0B       		.byte	0xb
 2034 0120 00       		.byte	0
 2035 0121 0A       		.uleb128 0xa
 2036 0122 17000000 		.4byte	.LASF16
 2037 0126 03       		.byte	0x3
 2038 0127 5901     		.2byte	0x159
 2039 0129 33010000 		.4byte	0x133
 2040 012d 05       		.uleb128 0x5
 2041 012e 03       		.byte	0x3
 2042 012f 00000000 		.4byte	cy_metadata
 2043 0133 07       		.uleb128 0x7
 2044 0134 11010000 		.4byte	0x111
 2045 0138 00       		.byte	0
 2046              		.section	.debug_abbrev,"",%progbits
 2047              	.Ldebug_abbrev0:
 2048 0000 01       		.uleb128 0x1
ARM GAS  C:\Users\larco\AppData\Local\Temp\ccmSjlQd.s 			page 37


 2049 0001 11       		.uleb128 0x11
 2050 0002 01       		.byte	0x1
 2051 0003 25       		.uleb128 0x25
 2052 0004 0E       		.uleb128 0xe
 2053 0005 13       		.uleb128 0x13
 2054 0006 0B       		.uleb128 0xb
 2055 0007 03       		.uleb128 0x3
 2056 0008 0E       		.uleb128 0xe
 2057 0009 1B       		.uleb128 0x1b
 2058 000a 0E       		.uleb128 0xe
 2059 000b 10       		.uleb128 0x10
 2060 000c 17       		.uleb128 0x17
 2061 000d 00       		.byte	0
 2062 000e 00       		.byte	0
 2063 000f 02       		.uleb128 0x2
 2064 0010 24       		.uleb128 0x24
 2065 0011 00       		.byte	0
 2066 0012 0B       		.uleb128 0xb
 2067 0013 0B       		.uleb128 0xb
 2068 0014 3E       		.uleb128 0x3e
 2069 0015 0B       		.uleb128 0xb
 2070 0016 03       		.uleb128 0x3
 2071 0017 0E       		.uleb128 0xe
 2072 0018 00       		.byte	0
 2073 0019 00       		.byte	0
 2074 001a 03       		.uleb128 0x3
 2075 001b 16       		.uleb128 0x16
 2076 001c 00       		.byte	0
 2077 001d 03       		.uleb128 0x3
 2078 001e 0E       		.uleb128 0xe
 2079 001f 3A       		.uleb128 0x3a
 2080 0020 0B       		.uleb128 0xb
 2081 0021 3B       		.uleb128 0x3b
 2082 0022 0B       		.uleb128 0xb
 2083 0023 49       		.uleb128 0x49
 2084 0024 13       		.uleb128 0x13
 2085 0025 00       		.byte	0
 2086 0026 00       		.byte	0
 2087 0027 04       		.uleb128 0x4
 2088 0028 24       		.uleb128 0x24
 2089 0029 00       		.byte	0
 2090 002a 0B       		.uleb128 0xb
 2091 002b 0B       		.uleb128 0xb
 2092 002c 3E       		.uleb128 0x3e
 2093 002d 0B       		.uleb128 0xb
 2094 002e 03       		.uleb128 0x3
 2095 002f 08       		.uleb128 0x8
 2096 0030 00       		.byte	0
 2097 0031 00       		.byte	0
 2098 0032 05       		.uleb128 0x5
 2099 0033 01       		.uleb128 0x1
 2100 0034 01       		.byte	0x1
 2101 0035 49       		.uleb128 0x49
 2102 0036 13       		.uleb128 0x13
 2103 0037 01       		.uleb128 0x1
 2104 0038 13       		.uleb128 0x13
 2105 0039 00       		.byte	0
ARM GAS  C:\Users\larco\AppData\Local\Temp\ccmSjlQd.s 			page 38


 2106 003a 00       		.byte	0
 2107 003b 06       		.uleb128 0x6
 2108 003c 21       		.uleb128 0x21
 2109 003d 00       		.byte	0
 2110 003e 49       		.uleb128 0x49
 2111 003f 13       		.uleb128 0x13
 2112 0040 2F       		.uleb128 0x2f
 2113 0041 05       		.uleb128 0x5
 2114 0042 00       		.byte	0
 2115 0043 00       		.byte	0
 2116 0044 07       		.uleb128 0x7
 2117 0045 26       		.uleb128 0x26
 2118 0046 00       		.byte	0
 2119 0047 49       		.uleb128 0x49
 2120 0048 13       		.uleb128 0x13
 2121 0049 00       		.byte	0
 2122 004a 00       		.byte	0
 2123 004b 08       		.uleb128 0x8
 2124 004c 34       		.uleb128 0x34
 2125 004d 00       		.byte	0
 2126 004e 03       		.uleb128 0x3
 2127 004f 0E       		.uleb128 0xe
 2128 0050 3A       		.uleb128 0x3a
 2129 0051 0B       		.uleb128 0xb
 2130 0052 3B       		.uleb128 0x3b
 2131 0053 0B       		.uleb128 0xb
 2132 0054 49       		.uleb128 0x49
 2133 0055 13       		.uleb128 0x13
 2134 0056 3F       		.uleb128 0x3f
 2135 0057 19       		.uleb128 0x19
 2136 0058 02       		.uleb128 0x2
 2137 0059 18       		.uleb128 0x18
 2138 005a 00       		.byte	0
 2139 005b 00       		.byte	0
 2140 005c 09       		.uleb128 0x9
 2141 005d 21       		.uleb128 0x21
 2142 005e 00       		.byte	0
 2143 005f 49       		.uleb128 0x49
 2144 0060 13       		.uleb128 0x13
 2145 0061 2F       		.uleb128 0x2f
 2146 0062 0B       		.uleb128 0xb
 2147 0063 00       		.byte	0
 2148 0064 00       		.byte	0
 2149 0065 0A       		.uleb128 0xa
 2150 0066 34       		.uleb128 0x34
 2151 0067 00       		.byte	0
 2152 0068 03       		.uleb128 0x3
 2153 0069 0E       		.uleb128 0xe
 2154 006a 3A       		.uleb128 0x3a
 2155 006b 0B       		.uleb128 0xb
 2156 006c 3B       		.uleb128 0x3b
 2157 006d 05       		.uleb128 0x5
 2158 006e 49       		.uleb128 0x49
 2159 006f 13       		.uleb128 0x13
 2160 0070 3F       		.uleb128 0x3f
 2161 0071 19       		.uleb128 0x19
 2162 0072 02       		.uleb128 0x2
ARM GAS  C:\Users\larco\AppData\Local\Temp\ccmSjlQd.s 			page 39


 2163 0073 18       		.uleb128 0x18
 2164 0074 00       		.byte	0
 2165 0075 00       		.byte	0
 2166 0076 00       		.byte	0
 2167              		.section	.debug_aranges,"",%progbits
 2168 0000 14000000 		.4byte	0x14
 2169 0004 0200     		.2byte	0x2
 2170 0006 00000000 		.4byte	.Ldebug_info0
 2171 000a 04       		.byte	0x4
 2172 000b 00       		.byte	0
 2173 000c 0000     		.2byte	0
 2174 000e 0000     		.2byte	0
 2175 0010 00000000 		.4byte	0
 2176 0014 00000000 		.4byte	0
 2177              		.section	.debug_line,"",%progbits
 2178              	.Ldebug_line0:
 2179 0000 3D010000 		.section	.debug_str,"MS",%progbits,1
 2179      02003701 
 2179      00000201 
 2179      FB0E0D00 
 2179      01010101 
 2180              	.LASF9:
 2181 0000 5F5F7569 		.ascii	"__uint8_t\000"
 2181      6E74385F 
 2181      7400
 2182              	.LASF8:
 2183 000a 756E7369 		.ascii	"unsigned int\000"
 2183      676E6564 
 2183      20696E74 
 2183      00
 2184              	.LASF16:
 2185 0017 63795F6D 		.ascii	"cy_metadata\000"
 2185      65746164 
 2185      61746100 
 2186              	.LASF1:
 2187 0023 756E7369 		.ascii	"unsigned char\000"
 2187      676E6564 
 2187      20636861 
 2187      7200
 2188              	.LASF5:
 2189 0031 6C6F6E67 		.ascii	"long unsigned int\000"
 2189      20756E73 
 2189      69676E65 
 2189      6420696E 
 2189      7400
 2190              	.LASF3:
 2191 0043 73686F72 		.ascii	"short unsigned int\000"
 2191      7420756E 
 2191      7369676E 
 2191      65642069 
 2191      6E7400
 2192              	.LASF13:
 2193 0056 63795F6D 		.ascii	"cy_meta_custnvl\000"
 2193      6574615F 
 2193      63757374 
 2193      6E766C00 
 2194              	.LASF12:
ARM GAS  C:\Users\larco\AppData\Local\Temp\ccmSjlQd.s 			page 40


 2195 0066 63795F6D 		.ascii	"cy_meta_configecc\000"
 2195      6574615F 
 2195      636F6E66 
 2195      69676563 
 2195      6300
 2196              	.LASF19:
 2197 0078 443A5C44 		.ascii	"D:\\Dropbox\\DEVELOPMENT\\Audio visualizations\\Aud"
 2197      726F7062 
 2197      6F785C44 
 2197      4556454C 
 2197      4F504D45 
 2198 00a7 696F2073 		.ascii	"io spectrum analyzer zebrawood\\Firmware\\audioSpec"
 2198      70656374 
 2198      72756D20 
 2198      616E616C 
 2198      797A6572 
 2199 00d8 7472756D 		.ascii	"trumAnalyzer\\audioSpectrumAnalyzer.cydsn\000"
 2199      416E616C 
 2199      797A6572 
 2199      5C617564 
 2199      696F5370 
 2200              	.LASF17:
 2201 0101 474E5520 		.ascii	"GNU C11 5.4.1 20160609 (release) [ARM/embedded-5-br"
 2201      43313120 
 2201      352E342E 
 2201      31203230 
 2201      31363036 
 2202 0134 616E6368 		.ascii	"anch revision 237715] -mcpu=cortex-m3 -mthumb -g -O"
 2202      20726576 
 2202      6973696F 
 2202      6E203233 
 2202      37373135 
 2203 0167 33202D66 		.ascii	"3 -ffunction-sections -ffat-lto-objects -finline-fu"
 2203      66756E63 
 2203      74696F6E 
 2203      2D736563 
 2203      74696F6E 
 2204 019a 6E637469 		.ascii	"nctions\000"
 2204      6F6E7300 
 2205              	.LASF7:
 2206 01a2 6C6F6E67 		.ascii	"long long unsigned int\000"
 2206      206C6F6E 
 2206      6720756E 
 2206      7369676E 
 2206      65642069 
 2207              	.LASF10:
 2208 01b9 75696E74 		.ascii	"uint8_t\000"
 2208      385F7400 
 2209              	.LASF15:
 2210 01c1 63795F6D 		.ascii	"cy_meta_flashprotect\000"
 2210      6574615F 
 2210      666C6173 
 2210      6870726F 
 2210      74656374 
 2211              	.LASF14:
 2212 01d6 63795F6D 		.ascii	"cy_meta_wonvl\000"
 2212      6574615F 
ARM GAS  C:\Users\larco\AppData\Local\Temp\ccmSjlQd.s 			page 41


 2212      776F6E76 
 2212      6C00
 2213              	.LASF11:
 2214 01e4 73697A65 		.ascii	"sizetype\000"
 2214      74797065 
 2214      00
 2215              	.LASF6:
 2216 01ed 6C6F6E67 		.ascii	"long long int\000"
 2216      206C6F6E 
 2216      6720696E 
 2216      7400
 2217              	.LASF2:
 2218 01fb 73686F72 		.ascii	"short int\000"
 2218      7420696E 
 2218      7400
 2219              	.LASF4:
 2220 0205 6C6F6E67 		.ascii	"long int\000"
 2220      20696E74 
 2220      00
 2221              	.LASF0:
 2222 020e 7369676E 		.ascii	"signed char\000"
 2222      65642063 
 2222      68617200 
 2223              	.LASF18:
 2224 021a 47656E65 		.ascii	"Generated_Source\\PSoC5\\cymetadata.c\000"
 2224      72617465 
 2224      645F536F 
 2224      75726365 
 2224      5C50536F 
 2225              		.ident	"GCC: (GNU Tools for ARM Embedded Processors) 5.4.1 20160609 (release) [ARM/embedded-5-bran
