ARM GAS  C:\Users\larco\AppData\Local\Temp\ccBG898o.s 			page 1


   1              		.syntax unified
   2              		.cpu cortex-m3
   3              		.fpu softvfp
   4              		.eabi_attribute 20, 1
   5              		.eabi_attribute 21, 1
   6              		.eabi_attribute 23, 3
   7              		.eabi_attribute 24, 1
   8              		.eabi_attribute 25, 1
   9              		.eabi_attribute 26, 1
  10              		.eabi_attribute 30, 2
  11              		.eabi_attribute 34, 1
  12              		.eabi_attribute 18, 4
  13              		.thumb
  14              		.syntax unified
  15              		.file	"DVDAC_1_VDAC8_PM.c"
  16              		.text
  17              	.Ltext0:
  18              		.cfi_sections	.debug_frame
  19              		.section	.text.DVDAC_1_VDAC8_SaveConfig,"ax",%progbits
  20              		.align	2
  21              		.global	DVDAC_1_VDAC8_SaveConfig
  22              		.thumb
  23              		.thumb_func
  24              		.type	DVDAC_1_VDAC8_SaveConfig, %function
  25              	DVDAC_1_VDAC8_SaveConfig:
  26              	.LFB0:
  27              		.file 1 "Generated_Source\\PSoC5\\DVDAC_1_VDAC8_PM.c"
   1:Generated_Source\PSoC5/DVDAC_1_VDAC8_PM.c **** /*******************************************************************************
   2:Generated_Source\PSoC5/DVDAC_1_VDAC8_PM.c **** * File Name: DVDAC_1_VDAC8_PM.c  
   3:Generated_Source\PSoC5/DVDAC_1_VDAC8_PM.c **** * Version 1.90
   4:Generated_Source\PSoC5/DVDAC_1_VDAC8_PM.c **** *
   5:Generated_Source\PSoC5/DVDAC_1_VDAC8_PM.c **** * Description:
   6:Generated_Source\PSoC5/DVDAC_1_VDAC8_PM.c **** *  This file provides the power management source code to API for the
   7:Generated_Source\PSoC5/DVDAC_1_VDAC8_PM.c **** *  VDAC8.  
   8:Generated_Source\PSoC5/DVDAC_1_VDAC8_PM.c **** *
   9:Generated_Source\PSoC5/DVDAC_1_VDAC8_PM.c **** * Note:
  10:Generated_Source\PSoC5/DVDAC_1_VDAC8_PM.c **** *  None
  11:Generated_Source\PSoC5/DVDAC_1_VDAC8_PM.c **** *
  12:Generated_Source\PSoC5/DVDAC_1_VDAC8_PM.c **** ********************************************************************************
  13:Generated_Source\PSoC5/DVDAC_1_VDAC8_PM.c **** * Copyright 2008-2012, Cypress Semiconductor Corporation.  All rights reserved.
  14:Generated_Source\PSoC5/DVDAC_1_VDAC8_PM.c **** * You may use this file only in accordance with the license, terms, conditions, 
  15:Generated_Source\PSoC5/DVDAC_1_VDAC8_PM.c **** * disclaimers, and limitations in the end user license agreement accompanying 
  16:Generated_Source\PSoC5/DVDAC_1_VDAC8_PM.c **** * the software package with which this file was provided.
  17:Generated_Source\PSoC5/DVDAC_1_VDAC8_PM.c **** *******************************************************************************/
  18:Generated_Source\PSoC5/DVDAC_1_VDAC8_PM.c **** 
  19:Generated_Source\PSoC5/DVDAC_1_VDAC8_PM.c **** #include "DVDAC_1_VDAC8.h"
  20:Generated_Source\PSoC5/DVDAC_1_VDAC8_PM.c **** 
  21:Generated_Source\PSoC5/DVDAC_1_VDAC8_PM.c **** static DVDAC_1_VDAC8_backupStruct DVDAC_1_VDAC8_backup;
  22:Generated_Source\PSoC5/DVDAC_1_VDAC8_PM.c **** 
  23:Generated_Source\PSoC5/DVDAC_1_VDAC8_PM.c **** 
  24:Generated_Source\PSoC5/DVDAC_1_VDAC8_PM.c **** /*******************************************************************************
  25:Generated_Source\PSoC5/DVDAC_1_VDAC8_PM.c **** * Function Name: DVDAC_1_VDAC8_SaveConfig
  26:Generated_Source\PSoC5/DVDAC_1_VDAC8_PM.c **** ********************************************************************************
  27:Generated_Source\PSoC5/DVDAC_1_VDAC8_PM.c **** * Summary:
  28:Generated_Source\PSoC5/DVDAC_1_VDAC8_PM.c **** *  Save the current user configuration
  29:Generated_Source\PSoC5/DVDAC_1_VDAC8_PM.c **** *
  30:Generated_Source\PSoC5/DVDAC_1_VDAC8_PM.c **** * Parameters:  
ARM GAS  C:\Users\larco\AppData\Local\Temp\ccBG898o.s 			page 2


  31:Generated_Source\PSoC5/DVDAC_1_VDAC8_PM.c **** *  void  
  32:Generated_Source\PSoC5/DVDAC_1_VDAC8_PM.c **** *
  33:Generated_Source\PSoC5/DVDAC_1_VDAC8_PM.c **** * Return: 
  34:Generated_Source\PSoC5/DVDAC_1_VDAC8_PM.c **** *  void
  35:Generated_Source\PSoC5/DVDAC_1_VDAC8_PM.c **** *
  36:Generated_Source\PSoC5/DVDAC_1_VDAC8_PM.c **** *******************************************************************************/
  37:Generated_Source\PSoC5/DVDAC_1_VDAC8_PM.c **** void DVDAC_1_VDAC8_SaveConfig(void) 
  38:Generated_Source\PSoC5/DVDAC_1_VDAC8_PM.c **** {
  28              		.loc 1 38 0
  29              		.cfi_startproc
  30              		@ args = 0, pretend = 0, frame = 0
  31              		@ frame_needed = 0, uses_anonymous_args = 0
  32              		@ link register save eliminated.
  39:Generated_Source\PSoC5/DVDAC_1_VDAC8_PM.c ****     if (!((DVDAC_1_VDAC8_CR1 & DVDAC_1_VDAC8_SRC_MASK) == DVDAC_1_VDAC8_SRC_UDB))
  33              		.loc 1 39 0
  34 0000 044B     		ldr	r3, .L4
  35 0002 1B78     		ldrb	r3, [r3]	@ zero_extendqisi2
  36 0004 9B06     		lsls	r3, r3, #26
  37 0006 03D4     		bmi	.L1
  40:Generated_Source\PSoC5/DVDAC_1_VDAC8_PM.c ****     {
  41:Generated_Source\PSoC5/DVDAC_1_VDAC8_PM.c ****         DVDAC_1_VDAC8_backup.data_value = DVDAC_1_VDAC8_Data;
  38              		.loc 1 41 0
  39 0008 034A     		ldr	r2, .L4+4
  40 000a 044B     		ldr	r3, .L4+8
  41 000c 1278     		ldrb	r2, [r2]	@ zero_extendqisi2
  42 000e 5A70     		strb	r2, [r3, #1]
  43              	.L1:
  44 0010 7047     		bx	lr
  45              	.L5:
  46 0012 00BF     		.align	2
  47              	.L4:
  48 0014 29580040 		.word	1073764393
  49 0018 825B0040 		.word	1073765250
  50 001c 00000000 		.word	.LANCHOR0
  51              		.cfi_endproc
  52              	.LFE0:
  53              		.size	DVDAC_1_VDAC8_SaveConfig, .-DVDAC_1_VDAC8_SaveConfig
  54              		.section	.text.DVDAC_1_VDAC8_RestoreConfig,"ax",%progbits
  55              		.align	2
  56              		.global	DVDAC_1_VDAC8_RestoreConfig
  57              		.thumb
  58              		.thumb_func
  59              		.type	DVDAC_1_VDAC8_RestoreConfig, %function
  60              	DVDAC_1_VDAC8_RestoreConfig:
  61              	.LFB1:
  42:Generated_Source\PSoC5/DVDAC_1_VDAC8_PM.c ****     }
  43:Generated_Source\PSoC5/DVDAC_1_VDAC8_PM.c **** }
  44:Generated_Source\PSoC5/DVDAC_1_VDAC8_PM.c **** 
  45:Generated_Source\PSoC5/DVDAC_1_VDAC8_PM.c **** 
  46:Generated_Source\PSoC5/DVDAC_1_VDAC8_PM.c **** /*******************************************************************************
  47:Generated_Source\PSoC5/DVDAC_1_VDAC8_PM.c **** * Function Name: DVDAC_1_VDAC8_RestoreConfig
  48:Generated_Source\PSoC5/DVDAC_1_VDAC8_PM.c **** ********************************************************************************
  49:Generated_Source\PSoC5/DVDAC_1_VDAC8_PM.c **** *
  50:Generated_Source\PSoC5/DVDAC_1_VDAC8_PM.c **** * Summary:
  51:Generated_Source\PSoC5/DVDAC_1_VDAC8_PM.c **** *  Restores the current user configuration.
  52:Generated_Source\PSoC5/DVDAC_1_VDAC8_PM.c **** *
  53:Generated_Source\PSoC5/DVDAC_1_VDAC8_PM.c **** * Parameters:  
ARM GAS  C:\Users\larco\AppData\Local\Temp\ccBG898o.s 			page 3


  54:Generated_Source\PSoC5/DVDAC_1_VDAC8_PM.c **** *  void
  55:Generated_Source\PSoC5/DVDAC_1_VDAC8_PM.c **** *
  56:Generated_Source\PSoC5/DVDAC_1_VDAC8_PM.c **** * Return: 
  57:Generated_Source\PSoC5/DVDAC_1_VDAC8_PM.c **** *  void
  58:Generated_Source\PSoC5/DVDAC_1_VDAC8_PM.c **** *
  59:Generated_Source\PSoC5/DVDAC_1_VDAC8_PM.c **** *******************************************************************************/
  60:Generated_Source\PSoC5/DVDAC_1_VDAC8_PM.c **** void DVDAC_1_VDAC8_RestoreConfig(void) 
  61:Generated_Source\PSoC5/DVDAC_1_VDAC8_PM.c **** {
  62              		.loc 1 61 0
  63              		.cfi_startproc
  64              		@ args = 0, pretend = 0, frame = 0
  65              		@ frame_needed = 0, uses_anonymous_args = 0
  66              		@ link register save eliminated.
  62:Generated_Source\PSoC5/DVDAC_1_VDAC8_PM.c ****     if (!((DVDAC_1_VDAC8_CR1 & DVDAC_1_VDAC8_SRC_MASK) == DVDAC_1_VDAC8_SRC_UDB))
  67              		.loc 1 62 0
  68 0000 0C4B     		ldr	r3, .L10
  69 0002 1B78     		ldrb	r3, [r3]	@ zero_extendqisi2
  70 0004 9906     		lsls	r1, r3, #26
  71 0006 07D4     		bmi	.L6
  63:Generated_Source\PSoC5/DVDAC_1_VDAC8_PM.c ****     {
  64:Generated_Source\PSoC5/DVDAC_1_VDAC8_PM.c ****         if((DVDAC_1_VDAC8_Strobe & DVDAC_1_VDAC8_STRB_MASK) == DVDAC_1_VDAC8_STRB_EN)
  72              		.loc 1 64 0
  73 0008 0B4B     		ldr	r3, .L10+4
  74 000a 1A78     		ldrb	r2, [r3]	@ zero_extendqisi2
  75 000c 1207     		lsls	r2, r2, #28
  76 000e 04D4     		bmi	.L9
  65:Generated_Source\PSoC5/DVDAC_1_VDAC8_PM.c ****         {
  66:Generated_Source\PSoC5/DVDAC_1_VDAC8_PM.c ****             DVDAC_1_VDAC8_Strobe &= (uint8)(~DVDAC_1_VDAC8_STRB_MASK);
  67:Generated_Source\PSoC5/DVDAC_1_VDAC8_PM.c ****             DVDAC_1_VDAC8_Data = DVDAC_1_VDAC8_backup.data_value;
  68:Generated_Source\PSoC5/DVDAC_1_VDAC8_PM.c ****             DVDAC_1_VDAC8_Strobe |= DVDAC_1_VDAC8_STRB_EN;
  69:Generated_Source\PSoC5/DVDAC_1_VDAC8_PM.c ****         }
  70:Generated_Source\PSoC5/DVDAC_1_VDAC8_PM.c ****         else
  71:Generated_Source\PSoC5/DVDAC_1_VDAC8_PM.c ****         {
  72:Generated_Source\PSoC5/DVDAC_1_VDAC8_PM.c ****             DVDAC_1_VDAC8_Data = DVDAC_1_VDAC8_backup.data_value;
  77              		.loc 1 72 0
  78 0010 0A4A     		ldr	r2, .L10+8
  79 0012 0B4B     		ldr	r3, .L10+12
  80 0014 5278     		ldrb	r2, [r2, #1]	@ zero_extendqisi2
  81 0016 1A70     		strb	r2, [r3]
  82              	.L6:
  83 0018 7047     		bx	lr
  84              	.L9:
  85              	.LBB6:
  86              	.LBB7:
  67:Generated_Source\PSoC5/DVDAC_1_VDAC8_PM.c ****             DVDAC_1_VDAC8_Strobe |= DVDAC_1_VDAC8_STRB_EN;
  87              		.loc 1 67 0
  88 001a 0849     		ldr	r1, .L10+8
  66:Generated_Source\PSoC5/DVDAC_1_VDAC8_PM.c ****             DVDAC_1_VDAC8_Data = DVDAC_1_VDAC8_backup.data_value;
  89              		.loc 1 66 0
  90 001c 1A78     		ldrb	r2, [r3]	@ zero_extendqisi2
  67:Generated_Source\PSoC5/DVDAC_1_VDAC8_PM.c ****             DVDAC_1_VDAC8_Strobe |= DVDAC_1_VDAC8_STRB_EN;
  91              		.loc 1 67 0
  92 001e 4878     		ldrb	r0, [r1, #1]	@ zero_extendqisi2
  93 0020 0749     		ldr	r1, .L10+12
  66:Generated_Source\PSoC5/DVDAC_1_VDAC8_PM.c ****             DVDAC_1_VDAC8_Data = DVDAC_1_VDAC8_backup.data_value;
  94              		.loc 1 66 0
  95 0022 02F0F702 		and	r2, r2, #247
ARM GAS  C:\Users\larco\AppData\Local\Temp\ccBG898o.s 			page 4


  96 0026 1A70     		strb	r2, [r3]
  67:Generated_Source\PSoC5/DVDAC_1_VDAC8_PM.c ****             DVDAC_1_VDAC8_Strobe |= DVDAC_1_VDAC8_STRB_EN;
  97              		.loc 1 67 0
  98 0028 0870     		strb	r0, [r1]
  68:Generated_Source\PSoC5/DVDAC_1_VDAC8_PM.c ****         }
  99              		.loc 1 68 0
 100 002a 1A78     		ldrb	r2, [r3]	@ zero_extendqisi2
 101 002c 42F00802 		orr	r2, r2, #8
 102 0030 1A70     		strb	r2, [r3]
 103 0032 7047     		bx	lr
 104              	.L11:
 105              		.align	2
 106              	.L10:
 107 0034 29580040 		.word	1073764393
 108 0038 975A0040 		.word	1073765015
 109 003c 00000000 		.word	.LANCHOR0
 110 0040 825B0040 		.word	1073765250
 111              	.LBE7:
 112              	.LBE6:
 113              		.cfi_endproc
 114              	.LFE1:
 115              		.size	DVDAC_1_VDAC8_RestoreConfig, .-DVDAC_1_VDAC8_RestoreConfig
 116              		.section	.text.DVDAC_1_VDAC8_Sleep,"ax",%progbits
 117              		.align	2
 118              		.global	DVDAC_1_VDAC8_Sleep
 119              		.thumb
 120              		.thumb_func
 121              		.type	DVDAC_1_VDAC8_Sleep, %function
 122              	DVDAC_1_VDAC8_Sleep:
 123              	.LFB2:
  73:Generated_Source\PSoC5/DVDAC_1_VDAC8_PM.c ****         }
  74:Generated_Source\PSoC5/DVDAC_1_VDAC8_PM.c ****     }
  75:Generated_Source\PSoC5/DVDAC_1_VDAC8_PM.c **** }
  76:Generated_Source\PSoC5/DVDAC_1_VDAC8_PM.c **** 
  77:Generated_Source\PSoC5/DVDAC_1_VDAC8_PM.c **** 
  78:Generated_Source\PSoC5/DVDAC_1_VDAC8_PM.c **** /*******************************************************************************
  79:Generated_Source\PSoC5/DVDAC_1_VDAC8_PM.c **** * Function Name: DVDAC_1_VDAC8_Sleep
  80:Generated_Source\PSoC5/DVDAC_1_VDAC8_PM.c **** ********************************************************************************
  81:Generated_Source\PSoC5/DVDAC_1_VDAC8_PM.c **** * Summary:
  82:Generated_Source\PSoC5/DVDAC_1_VDAC8_PM.c **** *  Stop and Save the user configuration
  83:Generated_Source\PSoC5/DVDAC_1_VDAC8_PM.c **** *
  84:Generated_Source\PSoC5/DVDAC_1_VDAC8_PM.c **** * Parameters:  
  85:Generated_Source\PSoC5/DVDAC_1_VDAC8_PM.c **** *  void:  
  86:Generated_Source\PSoC5/DVDAC_1_VDAC8_PM.c **** *
  87:Generated_Source\PSoC5/DVDAC_1_VDAC8_PM.c **** * Return: 
  88:Generated_Source\PSoC5/DVDAC_1_VDAC8_PM.c **** *  void
  89:Generated_Source\PSoC5/DVDAC_1_VDAC8_PM.c **** *
  90:Generated_Source\PSoC5/DVDAC_1_VDAC8_PM.c **** * Global variables:
  91:Generated_Source\PSoC5/DVDAC_1_VDAC8_PM.c **** *  DVDAC_1_VDAC8_backup.enableState:  Is modified depending on the enable 
  92:Generated_Source\PSoC5/DVDAC_1_VDAC8_PM.c **** *  state  of the block before entering sleep mode.
  93:Generated_Source\PSoC5/DVDAC_1_VDAC8_PM.c **** *
  94:Generated_Source\PSoC5/DVDAC_1_VDAC8_PM.c **** *******************************************************************************/
  95:Generated_Source\PSoC5/DVDAC_1_VDAC8_PM.c **** void DVDAC_1_VDAC8_Sleep(void) 
  96:Generated_Source\PSoC5/DVDAC_1_VDAC8_PM.c **** {
 124              		.loc 1 96 0
 125              		.cfi_startproc
 126              		@ args = 0, pretend = 0, frame = 0
ARM GAS  C:\Users\larco\AppData\Local\Temp\ccBG898o.s 			page 5


 127              		@ frame_needed = 0, uses_anonymous_args = 0
 128 0000 10B5     		push	{r4, lr}
 129              		.cfi_def_cfa_offset 8
 130              		.cfi_offset 4, -8
 131              		.cfi_offset 14, -4
  97:Generated_Source\PSoC5/DVDAC_1_VDAC8_PM.c ****     /* Save VDAC8's enable state */    
  98:Generated_Source\PSoC5/DVDAC_1_VDAC8_PM.c ****     if(DVDAC_1_VDAC8_ACT_PWR_EN == (DVDAC_1_VDAC8_PWRMGR & DVDAC_1_VDAC8_ACT_PWR_EN))
 132              		.loc 1 98 0
 133 0002 084B     		ldr	r3, .L15
 134 0004 084C     		ldr	r4, .L15+4
 135 0006 1B78     		ldrb	r3, [r3]	@ zero_extendqisi2
 136 0008 C3F38003 		ubfx	r3, r3, #2, #1
 137 000c 2370     		strb	r3, [r4]
  99:Generated_Source\PSoC5/DVDAC_1_VDAC8_PM.c ****     {
 100:Generated_Source\PSoC5/DVDAC_1_VDAC8_PM.c ****         /* VDAC8 is enabled */
 101:Generated_Source\PSoC5/DVDAC_1_VDAC8_PM.c ****         DVDAC_1_VDAC8_backup.enableState = 1u;
 102:Generated_Source\PSoC5/DVDAC_1_VDAC8_PM.c ****     }
 103:Generated_Source\PSoC5/DVDAC_1_VDAC8_PM.c ****     else
 104:Generated_Source\PSoC5/DVDAC_1_VDAC8_PM.c ****     {
 105:Generated_Source\PSoC5/DVDAC_1_VDAC8_PM.c ****         /* VDAC8 is disabled */
 106:Generated_Source\PSoC5/DVDAC_1_VDAC8_PM.c ****         DVDAC_1_VDAC8_backup.enableState = 0u;
 107:Generated_Source\PSoC5/DVDAC_1_VDAC8_PM.c ****     }
 108:Generated_Source\PSoC5/DVDAC_1_VDAC8_PM.c ****     
 109:Generated_Source\PSoC5/DVDAC_1_VDAC8_PM.c ****     DVDAC_1_VDAC8_Stop();
 138              		.loc 1 109 0
 139 000e FFF7FEFF 		bl	DVDAC_1_VDAC8_Stop
 140              	.LVL0:
 141              	.LBB8:
 142              	.LBB9:
  39:Generated_Source\PSoC5/DVDAC_1_VDAC8_PM.c ****     {
 143              		.loc 1 39 0
 144 0012 064B     		ldr	r3, .L15+8
 145 0014 1B78     		ldrb	r3, [r3]	@ zero_extendqisi2
 146 0016 9B06     		lsls	r3, r3, #26
 147 0018 02D4     		bmi	.L12
  41:Generated_Source\PSoC5/DVDAC_1_VDAC8_PM.c ****     }
 148              		.loc 1 41 0
 149 001a 054B     		ldr	r3, .L15+12
 150 001c 1B78     		ldrb	r3, [r3]	@ zero_extendqisi2
 151 001e 6370     		strb	r3, [r4, #1]
 152              	.L12:
 153 0020 10BD     		pop	{r4, pc}
 154              	.L16:
 155 0022 00BF     		.align	2
 156              	.L15:
 157 0024 A8430040 		.word	1073759144
 158 0028 00000000 		.word	.LANCHOR0
 159 002c 29580040 		.word	1073764393
 160 0030 825B0040 		.word	1073765250
 161              	.LBE9:
 162              	.LBE8:
 163              		.cfi_endproc
 164              	.LFE2:
 165              		.size	DVDAC_1_VDAC8_Sleep, .-DVDAC_1_VDAC8_Sleep
 166              		.section	.text.DVDAC_1_VDAC8_Wakeup,"ax",%progbits
 167              		.align	2
 168              		.global	DVDAC_1_VDAC8_Wakeup
ARM GAS  C:\Users\larco\AppData\Local\Temp\ccBG898o.s 			page 6


 169              		.thumb
 170              		.thumb_func
 171              		.type	DVDAC_1_VDAC8_Wakeup, %function
 172              	DVDAC_1_VDAC8_Wakeup:
 173              	.LFB3:
 110:Generated_Source\PSoC5/DVDAC_1_VDAC8_PM.c ****     DVDAC_1_VDAC8_SaveConfig();
 111:Generated_Source\PSoC5/DVDAC_1_VDAC8_PM.c **** }
 112:Generated_Source\PSoC5/DVDAC_1_VDAC8_PM.c **** 
 113:Generated_Source\PSoC5/DVDAC_1_VDAC8_PM.c **** 
 114:Generated_Source\PSoC5/DVDAC_1_VDAC8_PM.c **** /*******************************************************************************
 115:Generated_Source\PSoC5/DVDAC_1_VDAC8_PM.c **** * Function Name: DVDAC_1_VDAC8_Wakeup
 116:Generated_Source\PSoC5/DVDAC_1_VDAC8_PM.c **** ********************************************************************************
 117:Generated_Source\PSoC5/DVDAC_1_VDAC8_PM.c **** *
 118:Generated_Source\PSoC5/DVDAC_1_VDAC8_PM.c **** * Summary:
 119:Generated_Source\PSoC5/DVDAC_1_VDAC8_PM.c **** *  Restores and enables the user configuration
 120:Generated_Source\PSoC5/DVDAC_1_VDAC8_PM.c **** *  
 121:Generated_Source\PSoC5/DVDAC_1_VDAC8_PM.c **** * Parameters:  
 122:Generated_Source\PSoC5/DVDAC_1_VDAC8_PM.c **** *  void
 123:Generated_Source\PSoC5/DVDAC_1_VDAC8_PM.c **** *
 124:Generated_Source\PSoC5/DVDAC_1_VDAC8_PM.c **** * Return: 
 125:Generated_Source\PSoC5/DVDAC_1_VDAC8_PM.c **** *  void
 126:Generated_Source\PSoC5/DVDAC_1_VDAC8_PM.c **** *
 127:Generated_Source\PSoC5/DVDAC_1_VDAC8_PM.c **** * Global variables:
 128:Generated_Source\PSoC5/DVDAC_1_VDAC8_PM.c **** *  DVDAC_1_VDAC8_backup.enableState:  Is used to restore the enable state of 
 129:Generated_Source\PSoC5/DVDAC_1_VDAC8_PM.c **** *  block on wakeup from sleep mode.
 130:Generated_Source\PSoC5/DVDAC_1_VDAC8_PM.c **** *
 131:Generated_Source\PSoC5/DVDAC_1_VDAC8_PM.c **** *******************************************************************************/
 132:Generated_Source\PSoC5/DVDAC_1_VDAC8_PM.c **** void DVDAC_1_VDAC8_Wakeup(void) 
 133:Generated_Source\PSoC5/DVDAC_1_VDAC8_PM.c **** {
 174              		.loc 1 133 0
 175              		.cfi_startproc
 176              		@ args = 0, pretend = 0, frame = 0
 177              		@ frame_needed = 0, uses_anonymous_args = 0
 178 0000 08B5     		push	{r3, lr}
 179              		.cfi_def_cfa_offset 8
 180              		.cfi_offset 3, -8
 181              		.cfi_offset 14, -4
 182              	.LBB14:
 183              	.LBB15:
  62:Generated_Source\PSoC5/DVDAC_1_VDAC8_PM.c ****     {
 184              		.loc 1 62 0
 185 0002 144B     		ldr	r3, .L27
 186 0004 1B78     		ldrb	r3, [r3]	@ zero_extendqisi2
 187 0006 9A06     		lsls	r2, r3, #26
 188 0008 22D4     		bmi	.L24
  64:Generated_Source\PSoC5/DVDAC_1_VDAC8_PM.c ****         {
 189              		.loc 1 64 0
 190 000a 134A     		ldr	r2, .L27+4
 191 000c 1378     		ldrb	r3, [r2]	@ zero_extendqisi2
 192 000e 1B07     		lsls	r3, r3, #28
 193 0010 07D4     		bmi	.L25
  72:Generated_Source\PSoC5/DVDAC_1_VDAC8_PM.c ****         }
 194              		.loc 1 72 0
 195 0012 124B     		ldr	r3, .L27+8
 196 0014 124A     		ldr	r2, .L27+12
 197 0016 5978     		ldrb	r1, [r3, #1]	@ zero_extendqisi2
 198 0018 1170     		strb	r1, [r2]
ARM GAS  C:\Users\larco\AppData\Local\Temp\ccBG898o.s 			page 7


 199              	.L18:
 200              	.LBE15:
 201              	.LBE14:
 134:Generated_Source\PSoC5/DVDAC_1_VDAC8_PM.c ****     DVDAC_1_VDAC8_RestoreConfig();
 135:Generated_Source\PSoC5/DVDAC_1_VDAC8_PM.c ****     
 136:Generated_Source\PSoC5/DVDAC_1_VDAC8_PM.c ****     if(DVDAC_1_VDAC8_backup.enableState == 1u)
 202              		.loc 1 136 0
 203 001a 1B78     		ldrb	r3, [r3]	@ zero_extendqisi2
 204 001c 012B     		cmp	r3, #1
 205 001e 0FD0     		beq	.L26
 206              	.L17:
 207 0020 08BD     		pop	{r3, pc}
 208              	.L25:
 209              	.LBB19:
 210              	.LBB18:
 211              	.LBB16:
 212              	.LBB17:
  66:Generated_Source\PSoC5/DVDAC_1_VDAC8_PM.c ****             DVDAC_1_VDAC8_Data = DVDAC_1_VDAC8_backup.data_value;
 213              		.loc 1 66 0
 214 0022 1178     		ldrb	r1, [r2]	@ zero_extendqisi2
  67:Generated_Source\PSoC5/DVDAC_1_VDAC8_PM.c ****             DVDAC_1_VDAC8_Strobe |= DVDAC_1_VDAC8_STRB_EN;
 215              		.loc 1 67 0
 216 0024 0D4B     		ldr	r3, .L27+8
  66:Generated_Source\PSoC5/DVDAC_1_VDAC8_PM.c ****             DVDAC_1_VDAC8_Data = DVDAC_1_VDAC8_backup.data_value;
 217              		.loc 1 66 0
 218 0026 01F0F701 		and	r1, r1, #247
 219 002a 1170     		strb	r1, [r2]
  67:Generated_Source\PSoC5/DVDAC_1_VDAC8_PM.c ****             DVDAC_1_VDAC8_Strobe |= DVDAC_1_VDAC8_STRB_EN;
 220              		.loc 1 67 0
 221 002c 5878     		ldrb	r0, [r3, #1]	@ zero_extendqisi2
 222 002e 0C49     		ldr	r1, .L27+12
 223 0030 0870     		strb	r0, [r1]
  68:Generated_Source\PSoC5/DVDAC_1_VDAC8_PM.c ****         }
 224              		.loc 1 68 0
 225 0032 1178     		ldrb	r1, [r2]	@ zero_extendqisi2
 226 0034 41F00801 		orr	r1, r1, #8
 227 0038 1170     		strb	r1, [r2]
 228              	.LBE17:
 229              	.LBE16:
 230              	.LBE18:
 231              	.LBE19:
 232              		.loc 1 136 0
 233 003a 1B78     		ldrb	r3, [r3]	@ zero_extendqisi2
 234 003c 012B     		cmp	r3, #1
 235 003e EFD1     		bne	.L17
 236              	.L26:
 137:Generated_Source\PSoC5/DVDAC_1_VDAC8_PM.c ****     {
 138:Generated_Source\PSoC5/DVDAC_1_VDAC8_PM.c ****         /* Enable VDAC8's operation */
 139:Generated_Source\PSoC5/DVDAC_1_VDAC8_PM.c ****         DVDAC_1_VDAC8_Enable();
 237              		.loc 1 139 0
 238 0040 FFF7FEFF 		bl	DVDAC_1_VDAC8_Enable
 239              	.LVL1:
 140:Generated_Source\PSoC5/DVDAC_1_VDAC8_PM.c **** 
 141:Generated_Source\PSoC5/DVDAC_1_VDAC8_PM.c ****         /* Restore the data register */
 142:Generated_Source\PSoC5/DVDAC_1_VDAC8_PM.c ****         DVDAC_1_VDAC8_SetValue(DVDAC_1_VDAC8_Data);
 240              		.loc 1 142 0
 241 0044 064B     		ldr	r3, .L27+12
ARM GAS  C:\Users\larco\AppData\Local\Temp\ccBG898o.s 			page 8


 242 0046 1878     		ldrb	r0, [r3]	@ zero_extendqisi2
 143:Generated_Source\PSoC5/DVDAC_1_VDAC8_PM.c ****     } /* Do nothing if VDAC8 was disabled before */    
 144:Generated_Source\PSoC5/DVDAC_1_VDAC8_PM.c **** }
 243              		.loc 1 144 0
 244 0048 BDE80840 		pop	{r3, lr}
 245              		.cfi_remember_state
 246              		.cfi_restore 14
 247              		.cfi_restore 3
 248              		.cfi_def_cfa_offset 0
 142:Generated_Source\PSoC5/DVDAC_1_VDAC8_PM.c ****     } /* Do nothing if VDAC8 was disabled before */    
 249              		.loc 1 142 0
 250 004c FFF7FEBF 		b	DVDAC_1_VDAC8_SetValue
 251              	.LVL2:
 252              	.L24:
 253              		.cfi_restore_state
 254 0050 024B     		ldr	r3, .L27+8
 255 0052 E2E7     		b	.L18
 256              	.L28:
 257              		.align	2
 258              	.L27:
 259 0054 29580040 		.word	1073764393
 260 0058 975A0040 		.word	1073765015
 261 005c 00000000 		.word	.LANCHOR0
 262 0060 825B0040 		.word	1073765250
 263              		.cfi_endproc
 264              	.LFE3:
 265              		.size	DVDAC_1_VDAC8_Wakeup, .-DVDAC_1_VDAC8_Wakeup
 266              		.bss
 267              		.align	2
 268              		.set	.LANCHOR0,. + 0
 269              		.type	DVDAC_1_VDAC8_backup, %object
 270              		.size	DVDAC_1_VDAC8_backup, 2
 271              	DVDAC_1_VDAC8_backup:
 272 0000 0000     		.space	2
 273              		.text
 274              	.Letext0:
 275              		.file 2 "Generated_Source\\PSoC5\\cytypes.h"
 276              		.file 3 "Generated_Source\\PSoC5\\DVDAC_1_VDAC8.h"
 277              		.section	.debug_info,"",%progbits
 278              	.Ldebug_info0:
 279 0000 8B010000 		.4byte	0x18b
 280 0004 0400     		.2byte	0x4
 281 0006 00000000 		.4byte	.Ldebug_abbrev0
 282 000a 04       		.byte	0x4
 283 000b 01       		.uleb128 0x1
 284 000c 7C010000 		.4byte	.LASF24
 285 0010 0C       		.byte	0xc
 286 0011 15000000 		.4byte	.LASF25
 287 0015 F3000000 		.4byte	.LASF26
 288 0019 18000000 		.4byte	.Ldebug_ranges0+0x18
 289 001d 00000000 		.4byte	0
 290 0021 00000000 		.4byte	.Ldebug_line0
 291 0025 02       		.uleb128 0x2
 292 0026 01       		.byte	0x1
 293 0027 06       		.byte	0x6
 294 0028 B1020000 		.4byte	.LASF0
 295 002c 02       		.uleb128 0x2
ARM GAS  C:\Users\larco\AppData\Local\Temp\ccBG898o.s 			page 9


 296 002d 01       		.byte	0x1
 297 002e 08       		.byte	0x8
 298 002f 85000000 		.4byte	.LASF1
 299 0033 02       		.uleb128 0x2
 300 0034 02       		.byte	0x2
 301 0035 05       		.byte	0x5
 302 0036 47020000 		.4byte	.LASF2
 303 003a 02       		.uleb128 0x2
 304 003b 02       		.byte	0x2
 305 003c 07       		.byte	0x7
 306 003d BE000000 		.4byte	.LASF3
 307 0041 02       		.uleb128 0x2
 308 0042 04       		.byte	0x4
 309 0043 05       		.byte	0x5
 310 0044 9C020000 		.4byte	.LASF4
 311 0048 02       		.uleb128 0x2
 312 0049 04       		.byte	0x4
 313 004a 07       		.byte	0x7
 314 004b AC000000 		.4byte	.LASF5
 315 004f 02       		.uleb128 0x2
 316 0050 08       		.byte	0x8
 317 0051 05       		.byte	0x5
 318 0052 34020000 		.4byte	.LASF6
 319 0056 02       		.uleb128 0x2
 320 0057 08       		.byte	0x8
 321 0058 07       		.byte	0x7
 322 0059 1D020000 		.4byte	.LASF7
 323 005d 03       		.uleb128 0x3
 324 005e 04       		.byte	0x4
 325 005f 05       		.byte	0x5
 326 0060 696E7400 		.ascii	"int\000"
 327 0064 02       		.uleb128 0x2
 328 0065 04       		.byte	0x4
 329 0066 07       		.byte	0x7
 330 0067 54000000 		.4byte	.LASF8
 331 006b 04       		.uleb128 0x4
 332 006c 51020000 		.4byte	.LASF12
 333 0070 02       		.byte	0x2
 334 0071 E401     		.2byte	0x1e4
 335 0073 2C000000 		.4byte	0x2c
 336 0077 02       		.uleb128 0x2
 337 0078 04       		.byte	0x4
 338 0079 04       		.byte	0x4
 339 007a 6C000000 		.4byte	.LASF9
 340 007e 02       		.uleb128 0x2
 341 007f 08       		.byte	0x8
 342 0080 04       		.byte	0x4
 343 0081 D1000000 		.4byte	.LASF10
 344 0085 02       		.uleb128 0x2
 345 0086 01       		.byte	0x1
 346 0087 08       		.byte	0x8
 347 0088 42020000 		.4byte	.LASF11
 348 008c 04       		.uleb128 0x4
 349 008d A7000000 		.4byte	.LASF13
 350 0091 02       		.byte	0x2
 351 0092 8E02     		.2byte	0x28e
 352 0094 98000000 		.4byte	0x98
ARM GAS  C:\Users\larco\AppData\Local\Temp\ccBG898o.s 			page 10


 353 0098 05       		.uleb128 0x5
 354 0099 6B000000 		.4byte	0x6b
 355 009d 06       		.uleb128 0x6
 356 009e 02       		.byte	0x2
 357 009f 03       		.byte	0x3
 358 00a0 25       		.byte	0x25
 359 00a1 BE000000 		.4byte	0xbe
 360 00a5 07       		.uleb128 0x7
 361 00a6 A5020000 		.4byte	.LASF14
 362 00aa 03       		.byte	0x3
 363 00ab 27       		.byte	0x27
 364 00ac 6B000000 		.4byte	0x6b
 365 00b0 00       		.byte	0
 366 00b1 07       		.uleb128 0x7
 367 00b2 61000000 		.4byte	.LASF15
 368 00b6 03       		.byte	0x3
 369 00b7 28       		.byte	0x28
 370 00b8 6B000000 		.4byte	0x6b
 371 00bc 01       		.byte	0x1
 372 00bd 00       		.byte	0
 373 00be 08       		.uleb128 0x8
 374 00bf D8000000 		.4byte	.LASF16
 375 00c3 03       		.byte	0x3
 376 00c4 29       		.byte	0x29
 377 00c5 9D000000 		.4byte	0x9d
 378 00c9 09       		.uleb128 0x9
 379 00ca BD020000 		.4byte	.LASF17
 380 00ce 01       		.byte	0x1
 381 00cf 3C       		.byte	0x3c
 382 00d0 01       		.byte	0x1
 383 00d1 09       		.uleb128 0x9
 384 00d2 57020000 		.4byte	.LASF18
 385 00d6 01       		.byte	0x1
 386 00d7 25       		.byte	0x25
 387 00d8 01       		.byte	0x1
 388 00d9 0A       		.uleb128 0xa
 389 00da D1000000 		.4byte	0xd1
 390 00de 00000000 		.4byte	.LFB0
 391 00e2 20000000 		.4byte	.LFE0-.LFB0
 392 00e6 01       		.uleb128 0x1
 393 00e7 9C       		.byte	0x9c
 394 00e8 0A       		.uleb128 0xa
 395 00e9 C9000000 		.4byte	0xc9
 396 00ed 00000000 		.4byte	.LFB1
 397 00f1 44000000 		.4byte	.LFE1-.LFB1
 398 00f5 01       		.uleb128 0x1
 399 00f6 9C       		.byte	0x9c
 400 00f7 0B       		.uleb128 0xb
 401 00f8 93000000 		.4byte	.LASF19
 402 00fc 01       		.byte	0x1
 403 00fd 5F       		.byte	0x5f
 404 00fe 00000000 		.4byte	.LFB2
 405 0102 34000000 		.4byte	.LFE2-.LFB2
 406 0106 01       		.uleb128 0x1
 407 0107 9C       		.byte	0x9c
 408 0108 25010000 		.4byte	0x125
 409 010c 0C       		.uleb128 0xc
ARM GAS  C:\Users\larco\AppData\Local\Temp\ccBG898o.s 			page 11


 410 010d D1000000 		.4byte	0xd1
 411 0111 12000000 		.4byte	.LBB8
 412 0115 22000000 		.4byte	.LBE8-.LBB8
 413 0119 01       		.byte	0x1
 414 011a 6E       		.byte	0x6e
 415 011b 0D       		.uleb128 0xd
 416 011c 12000000 		.4byte	.LVL0
 417 0120 6D010000 		.4byte	0x16d
 418 0124 00       		.byte	0
 419 0125 0B       		.uleb128 0xb
 420 0126 3F000000 		.4byte	.LASF20
 421 012a 01       		.byte	0x1
 422 012b 84       		.byte	0x84
 423 012c 00000000 		.4byte	.LFB3
 424 0130 64000000 		.4byte	.LFE3-.LFB3
 425 0134 01       		.uleb128 0x1
 426 0135 9C       		.byte	0x9c
 427 0136 5C010000 		.4byte	0x15c
 428 013a 0E       		.uleb128 0xe
 429 013b C9000000 		.4byte	0xc9
 430 013f 02000000 		.4byte	.LBB14
 431 0143 00000000 		.4byte	.Ldebug_ranges0+0
 432 0147 01       		.byte	0x1
 433 0148 86       		.byte	0x86
 434 0149 0D       		.uleb128 0xd
 435 014a 44000000 		.4byte	.LVL1
 436 014e 78010000 		.4byte	0x178
 437 0152 0F       		.uleb128 0xf
 438 0153 50000000 		.4byte	.LVL2
 439 0157 83010000 		.4byte	0x183
 440 015b 00       		.byte	0
 441 015c 10       		.uleb128 0x10
 442 015d 00000000 		.4byte	.LASF27
 443 0161 01       		.byte	0x1
 444 0162 15       		.byte	0x15
 445 0163 BE000000 		.4byte	0xbe
 446 0167 05       		.uleb128 0x5
 447 0168 03       		.byte	0x3
 448 0169 00000000 		.4byte	DVDAC_1_VDAC8_backup
 449 016d 11       		.uleb128 0x11
 450 016e 72000000 		.4byte	.LASF21
 451 0172 72000000 		.4byte	.LASF21
 452 0176 03       		.byte	0x3
 453 0177 34       		.byte	0x34
 454 0178 11       		.uleb128 0x11
 455 0179 70020000 		.4byte	.LASF22
 456 017d 70020000 		.4byte	.LASF22
 457 0181 03       		.byte	0x3
 458 0182 3A       		.byte	0x3a
 459 0183 11       		.uleb128 0x11
 460 0184 85020000 		.4byte	.LASF23
 461 0188 85020000 		.4byte	.LASF23
 462 018c 03       		.byte	0x3
 463 018d 37       		.byte	0x37
 464 018e 00       		.byte	0
 465              		.section	.debug_abbrev,"",%progbits
 466              	.Ldebug_abbrev0:
ARM GAS  C:\Users\larco\AppData\Local\Temp\ccBG898o.s 			page 12


 467 0000 01       		.uleb128 0x1
 468 0001 11       		.uleb128 0x11
 469 0002 01       		.byte	0x1
 470 0003 25       		.uleb128 0x25
 471 0004 0E       		.uleb128 0xe
 472 0005 13       		.uleb128 0x13
 473 0006 0B       		.uleb128 0xb
 474 0007 03       		.uleb128 0x3
 475 0008 0E       		.uleb128 0xe
 476 0009 1B       		.uleb128 0x1b
 477 000a 0E       		.uleb128 0xe
 478 000b 55       		.uleb128 0x55
 479 000c 17       		.uleb128 0x17
 480 000d 11       		.uleb128 0x11
 481 000e 01       		.uleb128 0x1
 482 000f 10       		.uleb128 0x10
 483 0010 17       		.uleb128 0x17
 484 0011 00       		.byte	0
 485 0012 00       		.byte	0
 486 0013 02       		.uleb128 0x2
 487 0014 24       		.uleb128 0x24
 488 0015 00       		.byte	0
 489 0016 0B       		.uleb128 0xb
 490 0017 0B       		.uleb128 0xb
 491 0018 3E       		.uleb128 0x3e
 492 0019 0B       		.uleb128 0xb
 493 001a 03       		.uleb128 0x3
 494 001b 0E       		.uleb128 0xe
 495 001c 00       		.byte	0
 496 001d 00       		.byte	0
 497 001e 03       		.uleb128 0x3
 498 001f 24       		.uleb128 0x24
 499 0020 00       		.byte	0
 500 0021 0B       		.uleb128 0xb
 501 0022 0B       		.uleb128 0xb
 502 0023 3E       		.uleb128 0x3e
 503 0024 0B       		.uleb128 0xb
 504 0025 03       		.uleb128 0x3
 505 0026 08       		.uleb128 0x8
 506 0027 00       		.byte	0
 507 0028 00       		.byte	0
 508 0029 04       		.uleb128 0x4
 509 002a 16       		.uleb128 0x16
 510 002b 00       		.byte	0
 511 002c 03       		.uleb128 0x3
 512 002d 0E       		.uleb128 0xe
 513 002e 3A       		.uleb128 0x3a
 514 002f 0B       		.uleb128 0xb
 515 0030 3B       		.uleb128 0x3b
 516 0031 05       		.uleb128 0x5
 517 0032 49       		.uleb128 0x49
 518 0033 13       		.uleb128 0x13
 519 0034 00       		.byte	0
 520 0035 00       		.byte	0
 521 0036 05       		.uleb128 0x5
 522 0037 35       		.uleb128 0x35
 523 0038 00       		.byte	0
ARM GAS  C:\Users\larco\AppData\Local\Temp\ccBG898o.s 			page 13


 524 0039 49       		.uleb128 0x49
 525 003a 13       		.uleb128 0x13
 526 003b 00       		.byte	0
 527 003c 00       		.byte	0
 528 003d 06       		.uleb128 0x6
 529 003e 13       		.uleb128 0x13
 530 003f 01       		.byte	0x1
 531 0040 0B       		.uleb128 0xb
 532 0041 0B       		.uleb128 0xb
 533 0042 3A       		.uleb128 0x3a
 534 0043 0B       		.uleb128 0xb
 535 0044 3B       		.uleb128 0x3b
 536 0045 0B       		.uleb128 0xb
 537 0046 01       		.uleb128 0x1
 538 0047 13       		.uleb128 0x13
 539 0048 00       		.byte	0
 540 0049 00       		.byte	0
 541 004a 07       		.uleb128 0x7
 542 004b 0D       		.uleb128 0xd
 543 004c 00       		.byte	0
 544 004d 03       		.uleb128 0x3
 545 004e 0E       		.uleb128 0xe
 546 004f 3A       		.uleb128 0x3a
 547 0050 0B       		.uleb128 0xb
 548 0051 3B       		.uleb128 0x3b
 549 0052 0B       		.uleb128 0xb
 550 0053 49       		.uleb128 0x49
 551 0054 13       		.uleb128 0x13
 552 0055 38       		.uleb128 0x38
 553 0056 0B       		.uleb128 0xb
 554 0057 00       		.byte	0
 555 0058 00       		.byte	0
 556 0059 08       		.uleb128 0x8
 557 005a 16       		.uleb128 0x16
 558 005b 00       		.byte	0
 559 005c 03       		.uleb128 0x3
 560 005d 0E       		.uleb128 0xe
 561 005e 3A       		.uleb128 0x3a
 562 005f 0B       		.uleb128 0xb
 563 0060 3B       		.uleb128 0x3b
 564 0061 0B       		.uleb128 0xb
 565 0062 49       		.uleb128 0x49
 566 0063 13       		.uleb128 0x13
 567 0064 00       		.byte	0
 568 0065 00       		.byte	0
 569 0066 09       		.uleb128 0x9
 570 0067 2E       		.uleb128 0x2e
 571 0068 00       		.byte	0
 572 0069 3F       		.uleb128 0x3f
 573 006a 19       		.uleb128 0x19
 574 006b 03       		.uleb128 0x3
 575 006c 0E       		.uleb128 0xe
 576 006d 3A       		.uleb128 0x3a
 577 006e 0B       		.uleb128 0xb
 578 006f 3B       		.uleb128 0x3b
 579 0070 0B       		.uleb128 0xb
 580 0071 27       		.uleb128 0x27
ARM GAS  C:\Users\larco\AppData\Local\Temp\ccBG898o.s 			page 14


 581 0072 19       		.uleb128 0x19
 582 0073 20       		.uleb128 0x20
 583 0074 0B       		.uleb128 0xb
 584 0075 00       		.byte	0
 585 0076 00       		.byte	0
 586 0077 0A       		.uleb128 0xa
 587 0078 2E       		.uleb128 0x2e
 588 0079 00       		.byte	0
 589 007a 31       		.uleb128 0x31
 590 007b 13       		.uleb128 0x13
 591 007c 11       		.uleb128 0x11
 592 007d 01       		.uleb128 0x1
 593 007e 12       		.uleb128 0x12
 594 007f 06       		.uleb128 0x6
 595 0080 40       		.uleb128 0x40
 596 0081 18       		.uleb128 0x18
 597 0082 9742     		.uleb128 0x2117
 598 0084 19       		.uleb128 0x19
 599 0085 00       		.byte	0
 600 0086 00       		.byte	0
 601 0087 0B       		.uleb128 0xb
 602 0088 2E       		.uleb128 0x2e
 603 0089 01       		.byte	0x1
 604 008a 3F       		.uleb128 0x3f
 605 008b 19       		.uleb128 0x19
 606 008c 03       		.uleb128 0x3
 607 008d 0E       		.uleb128 0xe
 608 008e 3A       		.uleb128 0x3a
 609 008f 0B       		.uleb128 0xb
 610 0090 3B       		.uleb128 0x3b
 611 0091 0B       		.uleb128 0xb
 612 0092 27       		.uleb128 0x27
 613 0093 19       		.uleb128 0x19
 614 0094 11       		.uleb128 0x11
 615 0095 01       		.uleb128 0x1
 616 0096 12       		.uleb128 0x12
 617 0097 06       		.uleb128 0x6
 618 0098 40       		.uleb128 0x40
 619 0099 18       		.uleb128 0x18
 620 009a 9742     		.uleb128 0x2117
 621 009c 19       		.uleb128 0x19
 622 009d 01       		.uleb128 0x1
 623 009e 13       		.uleb128 0x13
 624 009f 00       		.byte	0
 625 00a0 00       		.byte	0
 626 00a1 0C       		.uleb128 0xc
 627 00a2 1D       		.uleb128 0x1d
 628 00a3 00       		.byte	0
 629 00a4 31       		.uleb128 0x31
 630 00a5 13       		.uleb128 0x13
 631 00a6 11       		.uleb128 0x11
 632 00a7 01       		.uleb128 0x1
 633 00a8 12       		.uleb128 0x12
 634 00a9 06       		.uleb128 0x6
 635 00aa 58       		.uleb128 0x58
 636 00ab 0B       		.uleb128 0xb
 637 00ac 59       		.uleb128 0x59
ARM GAS  C:\Users\larco\AppData\Local\Temp\ccBG898o.s 			page 15


 638 00ad 0B       		.uleb128 0xb
 639 00ae 00       		.byte	0
 640 00af 00       		.byte	0
 641 00b0 0D       		.uleb128 0xd
 642 00b1 898201   		.uleb128 0x4109
 643 00b4 00       		.byte	0
 644 00b5 11       		.uleb128 0x11
 645 00b6 01       		.uleb128 0x1
 646 00b7 31       		.uleb128 0x31
 647 00b8 13       		.uleb128 0x13
 648 00b9 00       		.byte	0
 649 00ba 00       		.byte	0
 650 00bb 0E       		.uleb128 0xe
 651 00bc 1D       		.uleb128 0x1d
 652 00bd 00       		.byte	0
 653 00be 31       		.uleb128 0x31
 654 00bf 13       		.uleb128 0x13
 655 00c0 52       		.uleb128 0x52
 656 00c1 01       		.uleb128 0x1
 657 00c2 55       		.uleb128 0x55
 658 00c3 17       		.uleb128 0x17
 659 00c4 58       		.uleb128 0x58
 660 00c5 0B       		.uleb128 0xb
 661 00c6 59       		.uleb128 0x59
 662 00c7 0B       		.uleb128 0xb
 663 00c8 00       		.byte	0
 664 00c9 00       		.byte	0
 665 00ca 0F       		.uleb128 0xf
 666 00cb 898201   		.uleb128 0x4109
 667 00ce 00       		.byte	0
 668 00cf 11       		.uleb128 0x11
 669 00d0 01       		.uleb128 0x1
 670 00d1 9542     		.uleb128 0x2115
 671 00d3 19       		.uleb128 0x19
 672 00d4 31       		.uleb128 0x31
 673 00d5 13       		.uleb128 0x13
 674 00d6 00       		.byte	0
 675 00d7 00       		.byte	0
 676 00d8 10       		.uleb128 0x10
 677 00d9 34       		.uleb128 0x34
 678 00da 00       		.byte	0
 679 00db 03       		.uleb128 0x3
 680 00dc 0E       		.uleb128 0xe
 681 00dd 3A       		.uleb128 0x3a
 682 00de 0B       		.uleb128 0xb
 683 00df 3B       		.uleb128 0x3b
 684 00e0 0B       		.uleb128 0xb
 685 00e1 49       		.uleb128 0x49
 686 00e2 13       		.uleb128 0x13
 687 00e3 02       		.uleb128 0x2
 688 00e4 18       		.uleb128 0x18
 689 00e5 00       		.byte	0
 690 00e6 00       		.byte	0
 691 00e7 11       		.uleb128 0x11
 692 00e8 2E       		.uleb128 0x2e
 693 00e9 00       		.byte	0
 694 00ea 3F       		.uleb128 0x3f
ARM GAS  C:\Users\larco\AppData\Local\Temp\ccBG898o.s 			page 16


 695 00eb 19       		.uleb128 0x19
 696 00ec 3C       		.uleb128 0x3c
 697 00ed 19       		.uleb128 0x19
 698 00ee 6E       		.uleb128 0x6e
 699 00ef 0E       		.uleb128 0xe
 700 00f0 03       		.uleb128 0x3
 701 00f1 0E       		.uleb128 0xe
 702 00f2 3A       		.uleb128 0x3a
 703 00f3 0B       		.uleb128 0xb
 704 00f4 3B       		.uleb128 0x3b
 705 00f5 0B       		.uleb128 0xb
 706 00f6 00       		.byte	0
 707 00f7 00       		.byte	0
 708 00f8 00       		.byte	0
 709              		.section	.debug_aranges,"",%progbits
 710 0000 34000000 		.4byte	0x34
 711 0004 0200     		.2byte	0x2
 712 0006 00000000 		.4byte	.Ldebug_info0
 713 000a 04       		.byte	0x4
 714 000b 00       		.byte	0
 715 000c 0000     		.2byte	0
 716 000e 0000     		.2byte	0
 717 0010 00000000 		.4byte	.LFB0
 718 0014 20000000 		.4byte	.LFE0-.LFB0
 719 0018 00000000 		.4byte	.LFB1
 720 001c 44000000 		.4byte	.LFE1-.LFB1
 721 0020 00000000 		.4byte	.LFB2
 722 0024 34000000 		.4byte	.LFE2-.LFB2
 723 0028 00000000 		.4byte	.LFB3
 724 002c 64000000 		.4byte	.LFE3-.LFB3
 725 0030 00000000 		.4byte	0
 726 0034 00000000 		.4byte	0
 727              		.section	.debug_ranges,"",%progbits
 728              	.Ldebug_ranges0:
 729 0000 02000000 		.4byte	.LBB14
 730 0004 1A000000 		.4byte	.LBE14
 731 0008 22000000 		.4byte	.LBB19
 732 000c 3A000000 		.4byte	.LBE19
 733 0010 00000000 		.4byte	0
 734 0014 00000000 		.4byte	0
 735 0018 00000000 		.4byte	.LFB0
 736 001c 20000000 		.4byte	.LFE0
 737 0020 00000000 		.4byte	.LFB1
 738 0024 44000000 		.4byte	.LFE1
 739 0028 00000000 		.4byte	.LFB2
 740 002c 34000000 		.4byte	.LFE2
 741 0030 00000000 		.4byte	.LFB3
 742 0034 64000000 		.4byte	.LFE3
 743 0038 00000000 		.4byte	0
 744 003c 00000000 		.4byte	0
 745              		.section	.debug_line,"",%progbits
 746              	.Ldebug_line0:
 747 0000 D2000000 		.section	.debug_str,"MS",%progbits,1
 747      02006000 
 747      00000201 
 747      FB0E0D00 
 747      01010101 
ARM GAS  C:\Users\larco\AppData\Local\Temp\ccBG898o.s 			page 17


 748              	.LASF27:
 749 0000 44564441 		.ascii	"DVDAC_1_VDAC8_backup\000"
 749      435F315F 
 749      56444143 
 749      385F6261 
 749      636B7570 
 750              	.LASF25:
 751 0015 47656E65 		.ascii	"Generated_Source\\PSoC5\\DVDAC_1_VDAC8_PM.c\000"
 751      72617465 
 751      645F536F 
 751      75726365 
 751      5C50536F 
 752              	.LASF20:
 753 003f 44564441 		.ascii	"DVDAC_1_VDAC8_Wakeup\000"
 753      435F315F 
 753      56444143 
 753      385F5761 
 753      6B657570 
 754              	.LASF8:
 755 0054 756E7369 		.ascii	"unsigned int\000"
 755      676E6564 
 755      20696E74 
 755      00
 756              	.LASF15:
 757 0061 64617461 		.ascii	"data_value\000"
 757      5F76616C 
 757      756500
 758              	.LASF9:
 759 006c 666C6F61 		.ascii	"float\000"
 759      7400
 760              	.LASF21:
 761 0072 44564441 		.ascii	"DVDAC_1_VDAC8_Stop\000"
 761      435F315F 
 761      56444143 
 761      385F5374 
 761      6F7000
 762              	.LASF1:
 763 0085 756E7369 		.ascii	"unsigned char\000"
 763      676E6564 
 763      20636861 
 763      7200
 764              	.LASF19:
 765 0093 44564441 		.ascii	"DVDAC_1_VDAC8_Sleep\000"
 765      435F315F 
 765      56444143 
 765      385F536C 
 765      65657000 
 766              	.LASF13:
 767 00a7 72656738 		.ascii	"reg8\000"
 767      00
 768              	.LASF5:
 769 00ac 6C6F6E67 		.ascii	"long unsigned int\000"
 769      20756E73 
 769      69676E65 
 769      6420696E 
 769      7400
 770              	.LASF3:
ARM GAS  C:\Users\larco\AppData\Local\Temp\ccBG898o.s 			page 18


 771 00be 73686F72 		.ascii	"short unsigned int\000"
 771      7420756E 
 771      7369676E 
 771      65642069 
 771      6E7400
 772              	.LASF10:
 773 00d1 646F7562 		.ascii	"double\000"
 773      6C6500
 774              	.LASF16:
 775 00d8 44564441 		.ascii	"DVDAC_1_VDAC8_backupStruct\000"
 775      435F315F 
 775      56444143 
 775      385F6261 
 775      636B7570 
 776              	.LASF26:
 777 00f3 443A5C44 		.ascii	"D:\\Dropbox\\DEVELOPMENT\\Audio visualizations\\Aud"
 777      726F7062 
 777      6F785C44 
 777      4556454C 
 777      4F504D45 
 778 0122 696F2073 		.ascii	"io spectrum analyzer zebrawood\\Firmware\\audioSpec"
 778      70656374 
 778      72756D20 
 778      616E616C 
 778      797A6572 
 779 0153 7472756D 		.ascii	"trumAnalyzer\\audioSpectrumAnalyzer.cydsn\000"
 779      416E616C 
 779      797A6572 
 779      5C617564 
 779      696F5370 
 780              	.LASF24:
 781 017c 474E5520 		.ascii	"GNU C11 5.4.1 20160609 (release) [ARM/embedded-5-br"
 781      43313120 
 781      352E342E 
 781      31203230 
 781      31363036 
 782 01af 616E6368 		.ascii	"anch revision 237715] -mcpu=cortex-m3 -mthumb -g -O"
 782      20726576 
 782      6973696F 
 782      6E203233 
 782      37373135 
 783 01e2 33202D66 		.ascii	"3 -ffunction-sections -ffat-lto-objects -finline-fu"
 783      66756E63 
 783      74696F6E 
 783      2D736563 
 783      74696F6E 
 784 0215 6E637469 		.ascii	"nctions\000"
 784      6F6E7300 
 785              	.LASF7:
 786 021d 6C6F6E67 		.ascii	"long long unsigned int\000"
 786      206C6F6E 
 786      6720756E 
 786      7369676E 
 786      65642069 
 787              	.LASF6:
 788 0234 6C6F6E67 		.ascii	"long long int\000"
 788      206C6F6E 
ARM GAS  C:\Users\larco\AppData\Local\Temp\ccBG898o.s 			page 19


 788      6720696E 
 788      7400
 789              	.LASF11:
 790 0242 63686172 		.ascii	"char\000"
 790      00
 791              	.LASF2:
 792 0247 73686F72 		.ascii	"short int\000"
 792      7420696E 
 792      7400
 793              	.LASF12:
 794 0251 75696E74 		.ascii	"uint8\000"
 794      3800
 795              	.LASF18:
 796 0257 44564441 		.ascii	"DVDAC_1_VDAC8_SaveConfig\000"
 796      435F315F 
 796      56444143 
 796      385F5361 
 796      7665436F 
 797              	.LASF22:
 798 0270 44564441 		.ascii	"DVDAC_1_VDAC8_Enable\000"
 798      435F315F 
 798      56444143 
 798      385F456E 
 798      61626C65 
 799              	.LASF23:
 800 0285 44564441 		.ascii	"DVDAC_1_VDAC8_SetValue\000"
 800      435F315F 
 800      56444143 
 800      385F5365 
 800      7456616C 
 801              	.LASF4:
 802 029c 6C6F6E67 		.ascii	"long int\000"
 802      20696E74 
 802      00
 803              	.LASF14:
 804 02a5 656E6162 		.ascii	"enableState\000"
 804      6C655374 
 804      61746500 
 805              	.LASF0:
 806 02b1 7369676E 		.ascii	"signed char\000"
 806      65642063 
 806      68617200 
 807              	.LASF17:
 808 02bd 44564441 		.ascii	"DVDAC_1_VDAC8_RestoreConfig\000"
 808      435F315F 
 808      56444143 
 808      385F5265 
 808      73746F72 
 809              		.ident	"GCC: (GNU Tools for ARM Embedded Processors) 5.4.1 20160609 (release) [ARM/embedded-5-bran
