ARM GAS  C:\Users\larco\AppData\Local\Temp\ccOVJ0d3.s 			page 1


   1              		.syntax unified
   2              		.cpu cortex-m3
   3              		.fpu softvfp
   4              		.eabi_attribute 20, 1
   5              		.eabi_attribute 21, 1
   6              		.eabi_attribute 23, 3
   7              		.eabi_attribute 24, 1
   8              		.eabi_attribute 25, 1
   9              		.eabi_attribute 26, 1
  10              		.eabi_attribute 30, 2
  11              		.eabi_attribute 34, 1
  12              		.eabi_attribute 18, 4
  13              		.thumb
  14              		.syntax unified
  15              		.file	"DVDAC_1_PM.c"
  16              		.text
  17              	.Ltext0:
  18              		.cfi_sections	.debug_frame
  19              		.section	.text.DVDAC_1_Sleep,"ax",%progbits
  20              		.align	2
  21              		.global	DVDAC_1_Sleep
  22              		.thumb
  23              		.thumb_func
  24              		.type	DVDAC_1_Sleep, %function
  25              	DVDAC_1_Sleep:
  26              	.LFB0:
  27              		.file 1 "Generated_Source\\PSoC5\\DVDAC_1_PM.c"
   1:Generated_Source\PSoC5/DVDAC_1_PM.c **** /*******************************************************************************
   2:Generated_Source\PSoC5/DVDAC_1_PM.c **** * File Name: DVDAC_1_PM.c
   3:Generated_Source\PSoC5/DVDAC_1_PM.c **** * Version 2.10
   4:Generated_Source\PSoC5/DVDAC_1_PM.c **** *
   5:Generated_Source\PSoC5/DVDAC_1_PM.c **** * Description:
   6:Generated_Source\PSoC5/DVDAC_1_PM.c **** *  This file provides the power management source code to the API for the
   7:Generated_Source\PSoC5/DVDAC_1_PM.c **** *  DVDAC component.
   8:Generated_Source\PSoC5/DVDAC_1_PM.c **** *
   9:Generated_Source\PSoC5/DVDAC_1_PM.c **** *
  10:Generated_Source\PSoC5/DVDAC_1_PM.c **** ********************************************************************************
  11:Generated_Source\PSoC5/DVDAC_1_PM.c **** * Copyright 2013, Cypress Semiconductor Corporation. All rights reserved.
  12:Generated_Source\PSoC5/DVDAC_1_PM.c **** * You may use this file only in accordance with the license, terms, conditions,
  13:Generated_Source\PSoC5/DVDAC_1_PM.c **** * disclaimers, and limitations in the end user license agreement accompanying
  14:Generated_Source\PSoC5/DVDAC_1_PM.c **** * the software package with which this file was provided.
  15:Generated_Source\PSoC5/DVDAC_1_PM.c **** *******************************************************************************/
  16:Generated_Source\PSoC5/DVDAC_1_PM.c **** 
  17:Generated_Source\PSoC5/DVDAC_1_PM.c **** #include "DVDAC_1.h"
  18:Generated_Source\PSoC5/DVDAC_1_PM.c **** #include "DVDAC_1_VDAC8.h"
  19:Generated_Source\PSoC5/DVDAC_1_PM.c **** 
  20:Generated_Source\PSoC5/DVDAC_1_PM.c **** static DVDAC_1_BACKUP_STRUCT  DVDAC_1_backup;
  21:Generated_Source\PSoC5/DVDAC_1_PM.c **** 
  22:Generated_Source\PSoC5/DVDAC_1_PM.c **** 
  23:Generated_Source\PSoC5/DVDAC_1_PM.c **** /*******************************************************************************
  24:Generated_Source\PSoC5/DVDAC_1_PM.c **** * Function Name: DVDAC_1_Sleep
  25:Generated_Source\PSoC5/DVDAC_1_PM.c **** ********************************************************************************
  26:Generated_Source\PSoC5/DVDAC_1_PM.c **** *
  27:Generated_Source\PSoC5/DVDAC_1_PM.c **** * Summary:
  28:Generated_Source\PSoC5/DVDAC_1_PM.c **** *  This is the preferred API to prepare the component for sleep. The
  29:Generated_Source\PSoC5/DVDAC_1_PM.c **** *  DVDAC_1_Sleep() API saves the current component state. Then it
  30:Generated_Source\PSoC5/DVDAC_1_PM.c **** *  calls the DVDAC_1_Stop() function and calls
ARM GAS  C:\Users\larco\AppData\Local\Temp\ccOVJ0d3.s 			page 2


  31:Generated_Source\PSoC5/DVDAC_1_PM.c **** *  DVDAC_1_SaveConfig() to save the hardware configuration. Call the
  32:Generated_Source\PSoC5/DVDAC_1_PM.c **** *  DVDAC_1_Sleep() function before calling the CyPmSleep() or the
  33:Generated_Source\PSoC5/DVDAC_1_PM.c **** *  CyPmHibernate() function.
  34:Generated_Source\PSoC5/DVDAC_1_PM.c **** *
  35:Generated_Source\PSoC5/DVDAC_1_PM.c **** * Parameters:
  36:Generated_Source\PSoC5/DVDAC_1_PM.c **** *  None
  37:Generated_Source\PSoC5/DVDAC_1_PM.c **** *
  38:Generated_Source\PSoC5/DVDAC_1_PM.c **** * Return:
  39:Generated_Source\PSoC5/DVDAC_1_PM.c **** *  None
  40:Generated_Source\PSoC5/DVDAC_1_PM.c **** *
  41:Generated_Source\PSoC5/DVDAC_1_PM.c **** * Global variables:
  42:Generated_Source\PSoC5/DVDAC_1_PM.c **** *  None
  43:Generated_Source\PSoC5/DVDAC_1_PM.c **** *
  44:Generated_Source\PSoC5/DVDAC_1_PM.c **** *******************************************************************************/
  45:Generated_Source\PSoC5/DVDAC_1_PM.c **** void DVDAC_1_Sleep(void) 
  46:Generated_Source\PSoC5/DVDAC_1_PM.c **** {
  28              		.loc 1 46 0
  29              		.cfi_startproc
  30              		@ args = 0, pretend = 0, frame = 0
  31              		@ frame_needed = 0, uses_anonymous_args = 0
  32 0000 08B5     		push	{r3, lr}
  33              		.cfi_def_cfa_offset 8
  34              		.cfi_offset 3, -8
  35              		.cfi_offset 14, -4
  47:Generated_Source\PSoC5/DVDAC_1_PM.c ****     /* Save VDAC8's enable state */
  48:Generated_Source\PSoC5/DVDAC_1_PM.c ****     if(0u != (DVDAC_1_VDAC8_PWRMGR & DVDAC_1_VDAC8_ACT_PWR_EN))
  36              		.loc 1 48 0
  37 0002 064B     		ldr	r3, .L3
  38 0004 064A     		ldr	r2, .L3+4
  39 0006 1B78     		ldrb	r3, [r3]	@ zero_extendqisi2
  40 0008 C3F38003 		ubfx	r3, r3, #2, #1
  41 000c 1370     		strb	r3, [r2]
  49:Generated_Source\PSoC5/DVDAC_1_PM.c ****     {
  50:Generated_Source\PSoC5/DVDAC_1_PM.c ****         DVDAC_1_backup.enableState = 1u;
  51:Generated_Source\PSoC5/DVDAC_1_PM.c ****     }
  52:Generated_Source\PSoC5/DVDAC_1_PM.c ****     else
  53:Generated_Source\PSoC5/DVDAC_1_PM.c ****     {
  54:Generated_Source\PSoC5/DVDAC_1_PM.c ****         DVDAC_1_backup.enableState = 0u;
  55:Generated_Source\PSoC5/DVDAC_1_PM.c ****     }
  56:Generated_Source\PSoC5/DVDAC_1_PM.c **** 
  57:Generated_Source\PSoC5/DVDAC_1_PM.c ****     DVDAC_1_Stop();
  42              		.loc 1 57 0
  43 000e FFF7FEFF 		bl	DVDAC_1_Stop
  44              	.LVL0:
  58:Generated_Source\PSoC5/DVDAC_1_PM.c ****     DVDAC_1_SaveConfig();
  59:Generated_Source\PSoC5/DVDAC_1_PM.c **** }
  45              		.loc 1 59 0
  46 0012 BDE80840 		pop	{r3, lr}
  47              		.cfi_restore 14
  48              		.cfi_restore 3
  49              		.cfi_def_cfa_offset 0
  50              	.LBB6:
  51              	.LBB7:
  60:Generated_Source\PSoC5/DVDAC_1_PM.c **** 
  61:Generated_Source\PSoC5/DVDAC_1_PM.c **** 
  62:Generated_Source\PSoC5/DVDAC_1_PM.c **** /*******************************************************************************
  63:Generated_Source\PSoC5/DVDAC_1_PM.c **** * Function Name: DVDAC_1_Wakeup
ARM GAS  C:\Users\larco\AppData\Local\Temp\ccOVJ0d3.s 			page 3


  64:Generated_Source\PSoC5/DVDAC_1_PM.c **** ********************************************************************************
  65:Generated_Source\PSoC5/DVDAC_1_PM.c **** *
  66:Generated_Source\PSoC5/DVDAC_1_PM.c **** * Summary:
  67:Generated_Source\PSoC5/DVDAC_1_PM.c **** *  This is the preferred API to restore the component to the state when
  68:Generated_Source\PSoC5/DVDAC_1_PM.c **** *  DVDAC_1_Sleep() was called. The DVDAC_1_Wakeup() function
  69:Generated_Source\PSoC5/DVDAC_1_PM.c **** *  calls the DVDAC_1_RestoreConfig() function to restore the
  70:Generated_Source\PSoC5/DVDAC_1_PM.c **** *  configuration. If the component was enabled before the
  71:Generated_Source\PSoC5/DVDAC_1_PM.c **** *  DVDAC_1_Sleep() function was called, the DVDAC_Wakeup() function
  72:Generated_Source\PSoC5/DVDAC_1_PM.c **** *  will also re-enable the component.
  73:Generated_Source\PSoC5/DVDAC_1_PM.c **** *
  74:Generated_Source\PSoC5/DVDAC_1_PM.c **** * Parameters:
  75:Generated_Source\PSoC5/DVDAC_1_PM.c **** *  None
  76:Generated_Source\PSoC5/DVDAC_1_PM.c **** *
  77:Generated_Source\PSoC5/DVDAC_1_PM.c **** * Return:
  78:Generated_Source\PSoC5/DVDAC_1_PM.c **** *  None
  79:Generated_Source\PSoC5/DVDAC_1_PM.c **** *
  80:Generated_Source\PSoC5/DVDAC_1_PM.c **** * Global variables:
  81:Generated_Source\PSoC5/DVDAC_1_PM.c **** *  None
  82:Generated_Source\PSoC5/DVDAC_1_PM.c **** *
  83:Generated_Source\PSoC5/DVDAC_1_PM.c **** *******************************************************************************/
  84:Generated_Source\PSoC5/DVDAC_1_PM.c **** void DVDAC_1_Wakeup(void) 
  85:Generated_Source\PSoC5/DVDAC_1_PM.c **** {
  86:Generated_Source\PSoC5/DVDAC_1_PM.c ****     DVDAC_1_RestoreConfig();
  87:Generated_Source\PSoC5/DVDAC_1_PM.c **** 
  88:Generated_Source\PSoC5/DVDAC_1_PM.c ****     if(DVDAC_1_backup.enableState == 1u)
  89:Generated_Source\PSoC5/DVDAC_1_PM.c ****     {
  90:Generated_Source\PSoC5/DVDAC_1_PM.c ****         DVDAC_1_Enable();
  91:Generated_Source\PSoC5/DVDAC_1_PM.c ****     }
  92:Generated_Source\PSoC5/DVDAC_1_PM.c **** }
  93:Generated_Source\PSoC5/DVDAC_1_PM.c **** 
  94:Generated_Source\PSoC5/DVDAC_1_PM.c **** 
  95:Generated_Source\PSoC5/DVDAC_1_PM.c **** /*******************************************************************************
  96:Generated_Source\PSoC5/DVDAC_1_PM.c **** * Function Name: DVDAC_1_SaveConfig
  97:Generated_Source\PSoC5/DVDAC_1_PM.c **** ********************************************************************************
  98:Generated_Source\PSoC5/DVDAC_1_PM.c **** *
  99:Generated_Source\PSoC5/DVDAC_1_PM.c **** * Summary:
 100:Generated_Source\PSoC5/DVDAC_1_PM.c **** *  This function saves the component configuration and non-retention registers.
 101:Generated_Source\PSoC5/DVDAC_1_PM.c **** *  This function is called by the DVDAC_1_Sleep() function.
 102:Generated_Source\PSoC5/DVDAC_1_PM.c **** *
 103:Generated_Source\PSoC5/DVDAC_1_PM.c **** * Parameters:
 104:Generated_Source\PSoC5/DVDAC_1_PM.c **** *  None
 105:Generated_Source\PSoC5/DVDAC_1_PM.c **** *
 106:Generated_Source\PSoC5/DVDAC_1_PM.c **** * Return:
 107:Generated_Source\PSoC5/DVDAC_1_PM.c **** *  None
 108:Generated_Source\PSoC5/DVDAC_1_PM.c **** *
 109:Generated_Source\PSoC5/DVDAC_1_PM.c **** * Global variables:
 110:Generated_Source\PSoC5/DVDAC_1_PM.c **** *  None
 111:Generated_Source\PSoC5/DVDAC_1_PM.c **** *
 112:Generated_Source\PSoC5/DVDAC_1_PM.c **** *******************************************************************************/
 113:Generated_Source\PSoC5/DVDAC_1_PM.c **** void DVDAC_1_SaveConfig(void) 
 114:Generated_Source\PSoC5/DVDAC_1_PM.c **** {
 115:Generated_Source\PSoC5/DVDAC_1_PM.c ****     DVDAC_1_VDAC8_SaveConfig();
  52              		.loc 1 115 0
  53 0016 FFF7FEBF 		b	DVDAC_1_VDAC8_SaveConfig
  54              	.LVL1:
  55              	.L4:
  56 001a 00BF     		.align	2
ARM GAS  C:\Users\larco\AppData\Local\Temp\ccOVJ0d3.s 			page 4


  57              	.L3:
  58 001c A8430040 		.word	1073759144
  59 0020 00000000 		.word	.LANCHOR0
  60              	.LBE7:
  61              	.LBE6:
  62              		.cfi_endproc
  63              	.LFE0:
  64              		.size	DVDAC_1_Sleep, .-DVDAC_1_Sleep
  65              		.section	.text.DVDAC_1_Wakeup,"ax",%progbits
  66              		.align	2
  67              		.global	DVDAC_1_Wakeup
  68              		.thumb
  69              		.thumb_func
  70              		.type	DVDAC_1_Wakeup, %function
  71              	DVDAC_1_Wakeup:
  72              	.LFB1:
  85:Generated_Source\PSoC5/DVDAC_1_PM.c ****     DVDAC_1_RestoreConfig();
  73              		.loc 1 85 0
  74              		.cfi_startproc
  75              		@ args = 0, pretend = 0, frame = 0
  76              		@ frame_needed = 0, uses_anonymous_args = 0
  77 0000 08B5     		push	{r3, lr}
  78              		.cfi_def_cfa_offset 8
  79              		.cfi_offset 3, -8
  80              		.cfi_offset 14, -4
  81              	.LBB8:
  82              	.LBB9:
 116:Generated_Source\PSoC5/DVDAC_1_PM.c **** }
 117:Generated_Source\PSoC5/DVDAC_1_PM.c **** 
 118:Generated_Source\PSoC5/DVDAC_1_PM.c **** 
 119:Generated_Source\PSoC5/DVDAC_1_PM.c **** /*******************************************************************************
 120:Generated_Source\PSoC5/DVDAC_1_PM.c **** * Function Name: DVDAC_1_RestoreConfig
 121:Generated_Source\PSoC5/DVDAC_1_PM.c **** ********************************************************************************
 122:Generated_Source\PSoC5/DVDAC_1_PM.c **** *
 123:Generated_Source\PSoC5/DVDAC_1_PM.c **** * Summary:
 124:Generated_Source\PSoC5/DVDAC_1_PM.c **** *  This function restores the component configuration and non-retention
 125:Generated_Source\PSoC5/DVDAC_1_PM.c **** *  registers. This function is called by the DVDAC_1_Wakeup() function.
 126:Generated_Source\PSoC5/DVDAC_1_PM.c **** *
 127:Generated_Source\PSoC5/DVDAC_1_PM.c **** * Parameters:
 128:Generated_Source\PSoC5/DVDAC_1_PM.c **** *  None
 129:Generated_Source\PSoC5/DVDAC_1_PM.c **** *
 130:Generated_Source\PSoC5/DVDAC_1_PM.c **** * Return:
 131:Generated_Source\PSoC5/DVDAC_1_PM.c **** *  None
 132:Generated_Source\PSoC5/DVDAC_1_PM.c **** *
 133:Generated_Source\PSoC5/DVDAC_1_PM.c **** * Global variables:
 134:Generated_Source\PSoC5/DVDAC_1_PM.c **** *  None
 135:Generated_Source\PSoC5/DVDAC_1_PM.c **** *
 136:Generated_Source\PSoC5/DVDAC_1_PM.c **** *******************************************************************************/
 137:Generated_Source\PSoC5/DVDAC_1_PM.c **** void DVDAC_1_RestoreConfig(void) 
 138:Generated_Source\PSoC5/DVDAC_1_PM.c **** {
 139:Generated_Source\PSoC5/DVDAC_1_PM.c ****     DVDAC_1_VDAC8_RestoreConfig();
  83              		.loc 1 139 0
  84 0002 FFF7FEFF 		bl	DVDAC_1_VDAC8_RestoreConfig
  85              	.LVL2:
  86              	.LBE9:
  87              	.LBE8:
  88:Generated_Source\PSoC5/DVDAC_1_PM.c ****     {
ARM GAS  C:\Users\larco\AppData\Local\Temp\ccOVJ0d3.s 			page 5


  88              		.loc 1 88 0
  89 0006 044B     		ldr	r3, .L10
  90 0008 1B78     		ldrb	r3, [r3]	@ zero_extendqisi2
  91 000a 012B     		cmp	r3, #1
  92 000c 00D0     		beq	.L9
  93 000e 08BD     		pop	{r3, pc}
  94              	.L9:
  92:Generated_Source\PSoC5/DVDAC_1_PM.c **** 
  95              		.loc 1 92 0
  96 0010 BDE80840 		pop	{r3, lr}
  97              		.cfi_restore 14
  98              		.cfi_restore 3
  99              		.cfi_def_cfa_offset 0
  90:Generated_Source\PSoC5/DVDAC_1_PM.c ****     }
 100              		.loc 1 90 0
 101 0014 FFF7FEBF 		b	DVDAC_1_Enable
 102              	.LVL3:
 103              	.L11:
 104              		.align	2
 105              	.L10:
 106 0018 00000000 		.word	.LANCHOR0
 107              		.cfi_endproc
 108              	.LFE1:
 109              		.size	DVDAC_1_Wakeup, .-DVDAC_1_Wakeup
 110              		.section	.text.DVDAC_1_SaveConfig,"ax",%progbits
 111              		.align	2
 112              		.global	DVDAC_1_SaveConfig
 113              		.thumb
 114              		.thumb_func
 115              		.type	DVDAC_1_SaveConfig, %function
 116              	DVDAC_1_SaveConfig:
 117              	.LFB2:
 114:Generated_Source\PSoC5/DVDAC_1_PM.c ****     DVDAC_1_VDAC8_SaveConfig();
 118              		.loc 1 114 0
 119              		.cfi_startproc
 120              		@ args = 0, pretend = 0, frame = 0
 121              		@ frame_needed = 0, uses_anonymous_args = 0
 122              		@ link register save eliminated.
 115:Generated_Source\PSoC5/DVDAC_1_PM.c **** }
 123              		.loc 1 115 0
 124 0000 FFF7FEBF 		b	DVDAC_1_VDAC8_SaveConfig
 125              	.LVL4:
 126              		.cfi_endproc
 127              	.LFE2:
 128              		.size	DVDAC_1_SaveConfig, .-DVDAC_1_SaveConfig
 129              		.section	.text.DVDAC_1_RestoreConfig,"ax",%progbits
 130              		.align	2
 131              		.global	DVDAC_1_RestoreConfig
 132              		.thumb
 133              		.thumb_func
 134              		.type	DVDAC_1_RestoreConfig, %function
 135              	DVDAC_1_RestoreConfig:
 136              	.LFB3:
 138:Generated_Source\PSoC5/DVDAC_1_PM.c ****     DVDAC_1_VDAC8_RestoreConfig();
 137              		.loc 1 138 0
 138              		.cfi_startproc
 139              		@ args = 0, pretend = 0, frame = 0
ARM GAS  C:\Users\larco\AppData\Local\Temp\ccOVJ0d3.s 			page 6


 140              		@ frame_needed = 0, uses_anonymous_args = 0
 141              		@ link register save eliminated.
 142              		.loc 1 139 0
 143 0000 FFF7FEBF 		b	DVDAC_1_VDAC8_RestoreConfig
 144              	.LVL5:
 145              		.cfi_endproc
 146              	.LFE3:
 147              		.size	DVDAC_1_RestoreConfig, .-DVDAC_1_RestoreConfig
 148              		.bss
 149              		.align	2
 150              		.set	.LANCHOR0,. + 0
 151              		.type	DVDAC_1_backup, %object
 152              		.size	DVDAC_1_backup, 1
 153              	DVDAC_1_backup:
 154 0000 00       		.space	1
 155              		.text
 156              	.Letext0:
 157              		.file 2 "Generated_Source\\PSoC5\\cytypes.h"
 158              		.file 3 "Generated_Source\\PSoC5\\DVDAC_1.h"
 159              		.file 4 "Generated_Source\\PSoC5\\DVDAC_1_VDAC8.h"
 160              		.section	.debug_info,"",%progbits
 161              	.Ldebug_info0:
 162 0000 B9010000 		.4byte	0x1b9
 163 0004 0400     		.2byte	0x4
 164 0006 00000000 		.4byte	.Ldebug_abbrev0
 165 000a 04       		.byte	0x4
 166 000b 01       		.uleb128 0x1
 167 000c 13010000 		.4byte	.LASF23
 168 0010 0C       		.byte	0xc
 169 0011 F6010000 		.4byte	.LASF24
 170 0015 7C000000 		.4byte	.LASF25
 171 0019 00000000 		.4byte	.Ldebug_ranges0+0
 172 001d 00000000 		.4byte	0
 173 0021 00000000 		.4byte	.Ldebug_line0
 174 0025 02       		.uleb128 0x2
 175 0026 01       		.byte	0x1
 176 0027 06       		.byte	0x6
 177 0028 86020000 		.4byte	.LASF0
 178 002c 02       		.uleb128 0x2
 179 002d 01       		.byte	0x1
 180 002e 08       		.byte	0x8
 181 002f 3D000000 		.4byte	.LASF1
 182 0033 02       		.uleb128 0x2
 183 0034 02       		.byte	0x2
 184 0035 05       		.byte	0x5
 185 0036 35020000 		.4byte	.LASF2
 186 003a 02       		.uleb128 0x2
 187 003b 02       		.byte	0x2
 188 003c 07       		.byte	0x7
 189 003d 62000000 		.4byte	.LASF3
 190 0041 02       		.uleb128 0x2
 191 0042 04       		.byte	0x4
 192 0043 05       		.byte	0x5
 193 0044 5E020000 		.4byte	.LASF4
 194 0048 02       		.uleb128 0x2
 195 0049 04       		.byte	0x4
 196 004a 07       		.byte	0x7
ARM GAS  C:\Users\larco\AppData\Local\Temp\ccOVJ0d3.s 			page 7


 197 004b 50000000 		.4byte	.LASF5
 198 004f 02       		.uleb128 0x2
 199 0050 08       		.byte	0x8
 200 0051 05       		.byte	0x5
 201 0052 00000000 		.4byte	.LASF6
 202 0056 02       		.uleb128 0x2
 203 0057 08       		.byte	0x8
 204 0058 07       		.byte	0x7
 205 0059 B4010000 		.4byte	.LASF7
 206 005d 03       		.uleb128 0x3
 207 005e 04       		.byte	0x4
 208 005f 05       		.byte	0x5
 209 0060 696E7400 		.ascii	"int\000"
 210 0064 02       		.uleb128 0x2
 211 0065 04       		.byte	0x4
 212 0066 07       		.byte	0x7
 213 0067 1B000000 		.4byte	.LASF8
 214 006b 04       		.uleb128 0x4
 215 006c 3F020000 		.4byte	.LASF12
 216 0070 02       		.byte	0x2
 217 0071 E401     		.2byte	0x1e4
 218 0073 2C000000 		.4byte	0x2c
 219 0077 02       		.uleb128 0x2
 220 0078 04       		.byte	0x4
 221 0079 04       		.byte	0x4
 222 007a 28000000 		.4byte	.LASF9
 223 007e 02       		.uleb128 0x2
 224 007f 08       		.byte	0x8
 225 0080 04       		.byte	0x4
 226 0081 75000000 		.4byte	.LASF10
 227 0085 02       		.uleb128 0x2
 228 0086 01       		.byte	0x1
 229 0087 08       		.byte	0x8
 230 0088 1A020000 		.4byte	.LASF11
 231 008c 04       		.uleb128 0x4
 232 008d 4B000000 		.4byte	.LASF13
 233 0091 02       		.byte	0x2
 234 0092 8E02     		.2byte	0x28e
 235 0094 98000000 		.4byte	0x98
 236 0098 05       		.uleb128 0x5
 237 0099 6B000000 		.4byte	0x6b
 238 009d 06       		.uleb128 0x6
 239 009e 01       		.byte	0x1
 240 009f 03       		.byte	0x3
 241 00a0 1C       		.byte	0x1c
 242 00a1 B2000000 		.4byte	0xb2
 243 00a5 07       		.uleb128 0x7
 244 00a6 67020000 		.4byte	.LASF26
 245 00aa 03       		.byte	0x3
 246 00ab 1E       		.byte	0x1e
 247 00ac 6B000000 		.4byte	0x6b
 248 00b0 00       		.byte	0
 249 00b1 00       		.byte	0
 250 00b2 08       		.uleb128 0x8
 251 00b3 1F020000 		.4byte	.LASF14
 252 00b7 03       		.byte	0x3
 253 00b8 1F       		.byte	0x1f
ARM GAS  C:\Users\larco\AppData\Local\Temp\ccOVJ0d3.s 			page 8


 254 00b9 9D000000 		.4byte	0x9d
 255 00bd 09       		.uleb128 0x9
 256 00be 73020000 		.4byte	.LASF15
 257 00c2 01       		.byte	0x1
 258 00c3 71       		.byte	0x71
 259 00c4 01       		.byte	0x1
 260 00c5 09       		.uleb128 0x9
 261 00c6 A1020000 		.4byte	.LASF16
 262 00ca 01       		.byte	0x1
 263 00cb 89       		.byte	0x89
 264 00cc 01       		.byte	0x1
 265 00cd 0A       		.uleb128 0xa
 266 00ce 05010000 		.4byte	.LASF17
 267 00d2 01       		.byte	0x1
 268 00d3 2D       		.byte	0x2d
 269 00d4 00000000 		.4byte	.LFB0
 270 00d8 24000000 		.4byte	.LFE0-.LFB0
 271 00dc 01       		.uleb128 0x1
 272 00dd 9C       		.byte	0x9c
 273 00de 09010000 		.4byte	0x109
 274 00e2 0B       		.uleb128 0xb
 275 00e3 BD000000 		.4byte	0xbd
 276 00e7 16000000 		.4byte	.LBB6
 277 00eb 0E000000 		.4byte	.LBE6-.LBB6
 278 00ef 01       		.byte	0x1
 279 00f0 3A       		.byte	0x3a
 280 00f1 FF000000 		.4byte	0xff
 281 00f5 0C       		.uleb128 0xc
 282 00f6 1A000000 		.4byte	.LVL1
 283 00fa 90010000 		.4byte	0x190
 284 00fe 00       		.byte	0
 285 00ff 0D       		.uleb128 0xd
 286 0100 12000000 		.4byte	.LVL0
 287 0104 9B010000 		.4byte	0x19b
 288 0108 00       		.byte	0
 289 0109 0A       		.uleb128 0xa
 290 010a 92020000 		.4byte	.LASF18
 291 010e 01       		.byte	0x1
 292 010f 54       		.byte	0x54
 293 0110 00000000 		.4byte	.LFB1
 294 0114 1C000000 		.4byte	.LFE1-.LFB1
 295 0118 01       		.uleb128 0x1
 296 0119 9C       		.byte	0x9c
 297 011a 45010000 		.4byte	0x145
 298 011e 0B       		.uleb128 0xb
 299 011f C5000000 		.4byte	0xc5
 300 0123 02000000 		.4byte	.LBB8
 301 0127 04000000 		.4byte	.LBE8-.LBB8
 302 012b 01       		.byte	0x1
 303 012c 56       		.byte	0x56
 304 012d 3B010000 		.4byte	0x13b
 305 0131 0D       		.uleb128 0xd
 306 0132 06000000 		.4byte	.LVL2
 307 0136 A6010000 		.4byte	0x1a6
 308 013a 00       		.byte	0
 309 013b 0C       		.uleb128 0xc
 310 013c 18000000 		.4byte	.LVL3
ARM GAS  C:\Users\larco\AppData\Local\Temp\ccOVJ0d3.s 			page 9


 311 0140 B1010000 		.4byte	0x1b1
 312 0144 00       		.byte	0
 313 0145 0E       		.uleb128 0xe
 314 0146 BD000000 		.4byte	0xbd
 315 014a 00000000 		.4byte	.LFB2
 316 014e 04000000 		.4byte	.LFE2-.LFB2
 317 0152 01       		.uleb128 0x1
 318 0153 9C       		.byte	0x9c
 319 0154 62010000 		.4byte	0x162
 320 0158 0C       		.uleb128 0xc
 321 0159 04000000 		.4byte	.LVL4
 322 015d 90010000 		.4byte	0x190
 323 0161 00       		.byte	0
 324 0162 0E       		.uleb128 0xe
 325 0163 C5000000 		.4byte	0xc5
 326 0167 00000000 		.4byte	.LFB3
 327 016b 04000000 		.4byte	.LFE3-.LFB3
 328 016f 01       		.uleb128 0x1
 329 0170 9C       		.byte	0x9c
 330 0171 7F010000 		.4byte	0x17f
 331 0175 0C       		.uleb128 0xc
 332 0176 04000000 		.4byte	.LVL5
 333 017a A6010000 		.4byte	0x1a6
 334 017e 00       		.byte	0
 335 017f 0F       		.uleb128 0xf
 336 0180 CB010000 		.4byte	.LASF27
 337 0184 01       		.byte	0x1
 338 0185 14       		.byte	0x14
 339 0186 B2000000 		.4byte	0xb2
 340 018a 05       		.uleb128 0x5
 341 018b 03       		.byte	0x3
 342 018c 00000000 		.4byte	DVDAC_1_backup
 343 0190 10       		.uleb128 0x10
 344 0191 45020000 		.4byte	.LASF19
 345 0195 45020000 		.4byte	.LASF19
 346 0199 04       		.byte	0x4
 347 019a 3B       		.byte	0x3b
 348 019b 10       		.uleb128 0x10
 349 019c 0E000000 		.4byte	.LASF20
 350 01a0 0E000000 		.4byte	.LASF20
 351 01a4 03       		.byte	0x3
 352 01a5 49       		.byte	0x49
 353 01a6 10       		.uleb128 0x10
 354 01a7 DA010000 		.4byte	.LASF21
 355 01ab DA010000 		.4byte	.LASF21
 356 01af 04       		.byte	0x4
 357 01b0 3C       		.byte	0x3c
 358 01b1 10       		.uleb128 0x10
 359 01b2 2E000000 		.4byte	.LASF22
 360 01b6 2E000000 		.4byte	.LASF22
 361 01ba 03       		.byte	0x3
 362 01bb 47       		.byte	0x47
 363 01bc 00       		.byte	0
 364              		.section	.debug_abbrev,"",%progbits
 365              	.Ldebug_abbrev0:
 366 0000 01       		.uleb128 0x1
 367 0001 11       		.uleb128 0x11
ARM GAS  C:\Users\larco\AppData\Local\Temp\ccOVJ0d3.s 			page 10


 368 0002 01       		.byte	0x1
 369 0003 25       		.uleb128 0x25
 370 0004 0E       		.uleb128 0xe
 371 0005 13       		.uleb128 0x13
 372 0006 0B       		.uleb128 0xb
 373 0007 03       		.uleb128 0x3
 374 0008 0E       		.uleb128 0xe
 375 0009 1B       		.uleb128 0x1b
 376 000a 0E       		.uleb128 0xe
 377 000b 55       		.uleb128 0x55
 378 000c 17       		.uleb128 0x17
 379 000d 11       		.uleb128 0x11
 380 000e 01       		.uleb128 0x1
 381 000f 10       		.uleb128 0x10
 382 0010 17       		.uleb128 0x17
 383 0011 00       		.byte	0
 384 0012 00       		.byte	0
 385 0013 02       		.uleb128 0x2
 386 0014 24       		.uleb128 0x24
 387 0015 00       		.byte	0
 388 0016 0B       		.uleb128 0xb
 389 0017 0B       		.uleb128 0xb
 390 0018 3E       		.uleb128 0x3e
 391 0019 0B       		.uleb128 0xb
 392 001a 03       		.uleb128 0x3
 393 001b 0E       		.uleb128 0xe
 394 001c 00       		.byte	0
 395 001d 00       		.byte	0
 396 001e 03       		.uleb128 0x3
 397 001f 24       		.uleb128 0x24
 398 0020 00       		.byte	0
 399 0021 0B       		.uleb128 0xb
 400 0022 0B       		.uleb128 0xb
 401 0023 3E       		.uleb128 0x3e
 402 0024 0B       		.uleb128 0xb
 403 0025 03       		.uleb128 0x3
 404 0026 08       		.uleb128 0x8
 405 0027 00       		.byte	0
 406 0028 00       		.byte	0
 407 0029 04       		.uleb128 0x4
 408 002a 16       		.uleb128 0x16
 409 002b 00       		.byte	0
 410 002c 03       		.uleb128 0x3
 411 002d 0E       		.uleb128 0xe
 412 002e 3A       		.uleb128 0x3a
 413 002f 0B       		.uleb128 0xb
 414 0030 3B       		.uleb128 0x3b
 415 0031 05       		.uleb128 0x5
 416 0032 49       		.uleb128 0x49
 417 0033 13       		.uleb128 0x13
 418 0034 00       		.byte	0
 419 0035 00       		.byte	0
 420 0036 05       		.uleb128 0x5
 421 0037 35       		.uleb128 0x35
 422 0038 00       		.byte	0
 423 0039 49       		.uleb128 0x49
 424 003a 13       		.uleb128 0x13
ARM GAS  C:\Users\larco\AppData\Local\Temp\ccOVJ0d3.s 			page 11


 425 003b 00       		.byte	0
 426 003c 00       		.byte	0
 427 003d 06       		.uleb128 0x6
 428 003e 13       		.uleb128 0x13
 429 003f 01       		.byte	0x1
 430 0040 0B       		.uleb128 0xb
 431 0041 0B       		.uleb128 0xb
 432 0042 3A       		.uleb128 0x3a
 433 0043 0B       		.uleb128 0xb
 434 0044 3B       		.uleb128 0x3b
 435 0045 0B       		.uleb128 0xb
 436 0046 01       		.uleb128 0x1
 437 0047 13       		.uleb128 0x13
 438 0048 00       		.byte	0
 439 0049 00       		.byte	0
 440 004a 07       		.uleb128 0x7
 441 004b 0D       		.uleb128 0xd
 442 004c 00       		.byte	0
 443 004d 03       		.uleb128 0x3
 444 004e 0E       		.uleb128 0xe
 445 004f 3A       		.uleb128 0x3a
 446 0050 0B       		.uleb128 0xb
 447 0051 3B       		.uleb128 0x3b
 448 0052 0B       		.uleb128 0xb
 449 0053 49       		.uleb128 0x49
 450 0054 13       		.uleb128 0x13
 451 0055 38       		.uleb128 0x38
 452 0056 0B       		.uleb128 0xb
 453 0057 00       		.byte	0
 454 0058 00       		.byte	0
 455 0059 08       		.uleb128 0x8
 456 005a 16       		.uleb128 0x16
 457 005b 00       		.byte	0
 458 005c 03       		.uleb128 0x3
 459 005d 0E       		.uleb128 0xe
 460 005e 3A       		.uleb128 0x3a
 461 005f 0B       		.uleb128 0xb
 462 0060 3B       		.uleb128 0x3b
 463 0061 0B       		.uleb128 0xb
 464 0062 49       		.uleb128 0x49
 465 0063 13       		.uleb128 0x13
 466 0064 00       		.byte	0
 467 0065 00       		.byte	0
 468 0066 09       		.uleb128 0x9
 469 0067 2E       		.uleb128 0x2e
 470 0068 00       		.byte	0
 471 0069 3F       		.uleb128 0x3f
 472 006a 19       		.uleb128 0x19
 473 006b 03       		.uleb128 0x3
 474 006c 0E       		.uleb128 0xe
 475 006d 3A       		.uleb128 0x3a
 476 006e 0B       		.uleb128 0xb
 477 006f 3B       		.uleb128 0x3b
 478 0070 0B       		.uleb128 0xb
 479 0071 27       		.uleb128 0x27
 480 0072 19       		.uleb128 0x19
 481 0073 20       		.uleb128 0x20
ARM GAS  C:\Users\larco\AppData\Local\Temp\ccOVJ0d3.s 			page 12


 482 0074 0B       		.uleb128 0xb
 483 0075 00       		.byte	0
 484 0076 00       		.byte	0
 485 0077 0A       		.uleb128 0xa
 486 0078 2E       		.uleb128 0x2e
 487 0079 01       		.byte	0x1
 488 007a 3F       		.uleb128 0x3f
 489 007b 19       		.uleb128 0x19
 490 007c 03       		.uleb128 0x3
 491 007d 0E       		.uleb128 0xe
 492 007e 3A       		.uleb128 0x3a
 493 007f 0B       		.uleb128 0xb
 494 0080 3B       		.uleb128 0x3b
 495 0081 0B       		.uleb128 0xb
 496 0082 27       		.uleb128 0x27
 497 0083 19       		.uleb128 0x19
 498 0084 11       		.uleb128 0x11
 499 0085 01       		.uleb128 0x1
 500 0086 12       		.uleb128 0x12
 501 0087 06       		.uleb128 0x6
 502 0088 40       		.uleb128 0x40
 503 0089 18       		.uleb128 0x18
 504 008a 9742     		.uleb128 0x2117
 505 008c 19       		.uleb128 0x19
 506 008d 01       		.uleb128 0x1
 507 008e 13       		.uleb128 0x13
 508 008f 00       		.byte	0
 509 0090 00       		.byte	0
 510 0091 0B       		.uleb128 0xb
 511 0092 1D       		.uleb128 0x1d
 512 0093 01       		.byte	0x1
 513 0094 31       		.uleb128 0x31
 514 0095 13       		.uleb128 0x13
 515 0096 11       		.uleb128 0x11
 516 0097 01       		.uleb128 0x1
 517 0098 12       		.uleb128 0x12
 518 0099 06       		.uleb128 0x6
 519 009a 58       		.uleb128 0x58
 520 009b 0B       		.uleb128 0xb
 521 009c 59       		.uleb128 0x59
 522 009d 0B       		.uleb128 0xb
 523 009e 01       		.uleb128 0x1
 524 009f 13       		.uleb128 0x13
 525 00a0 00       		.byte	0
 526 00a1 00       		.byte	0
 527 00a2 0C       		.uleb128 0xc
 528 00a3 898201   		.uleb128 0x4109
 529 00a6 00       		.byte	0
 530 00a7 11       		.uleb128 0x11
 531 00a8 01       		.uleb128 0x1
 532 00a9 9542     		.uleb128 0x2115
 533 00ab 19       		.uleb128 0x19
 534 00ac 31       		.uleb128 0x31
 535 00ad 13       		.uleb128 0x13
 536 00ae 00       		.byte	0
 537 00af 00       		.byte	0
 538 00b0 0D       		.uleb128 0xd
ARM GAS  C:\Users\larco\AppData\Local\Temp\ccOVJ0d3.s 			page 13


 539 00b1 898201   		.uleb128 0x4109
 540 00b4 00       		.byte	0
 541 00b5 11       		.uleb128 0x11
 542 00b6 01       		.uleb128 0x1
 543 00b7 31       		.uleb128 0x31
 544 00b8 13       		.uleb128 0x13
 545 00b9 00       		.byte	0
 546 00ba 00       		.byte	0
 547 00bb 0E       		.uleb128 0xe
 548 00bc 2E       		.uleb128 0x2e
 549 00bd 01       		.byte	0x1
 550 00be 31       		.uleb128 0x31
 551 00bf 13       		.uleb128 0x13
 552 00c0 11       		.uleb128 0x11
 553 00c1 01       		.uleb128 0x1
 554 00c2 12       		.uleb128 0x12
 555 00c3 06       		.uleb128 0x6
 556 00c4 40       		.uleb128 0x40
 557 00c5 18       		.uleb128 0x18
 558 00c6 9742     		.uleb128 0x2117
 559 00c8 19       		.uleb128 0x19
 560 00c9 01       		.uleb128 0x1
 561 00ca 13       		.uleb128 0x13
 562 00cb 00       		.byte	0
 563 00cc 00       		.byte	0
 564 00cd 0F       		.uleb128 0xf
 565 00ce 34       		.uleb128 0x34
 566 00cf 00       		.byte	0
 567 00d0 03       		.uleb128 0x3
 568 00d1 0E       		.uleb128 0xe
 569 00d2 3A       		.uleb128 0x3a
 570 00d3 0B       		.uleb128 0xb
 571 00d4 3B       		.uleb128 0x3b
 572 00d5 0B       		.uleb128 0xb
 573 00d6 49       		.uleb128 0x49
 574 00d7 13       		.uleb128 0x13
 575 00d8 02       		.uleb128 0x2
 576 00d9 18       		.uleb128 0x18
 577 00da 00       		.byte	0
 578 00db 00       		.byte	0
 579 00dc 10       		.uleb128 0x10
 580 00dd 2E       		.uleb128 0x2e
 581 00de 00       		.byte	0
 582 00df 3F       		.uleb128 0x3f
 583 00e0 19       		.uleb128 0x19
 584 00e1 3C       		.uleb128 0x3c
 585 00e2 19       		.uleb128 0x19
 586 00e3 6E       		.uleb128 0x6e
 587 00e4 0E       		.uleb128 0xe
 588 00e5 03       		.uleb128 0x3
 589 00e6 0E       		.uleb128 0xe
 590 00e7 3A       		.uleb128 0x3a
 591 00e8 0B       		.uleb128 0xb
 592 00e9 3B       		.uleb128 0x3b
 593 00ea 0B       		.uleb128 0xb
 594 00eb 00       		.byte	0
 595 00ec 00       		.byte	0
ARM GAS  C:\Users\larco\AppData\Local\Temp\ccOVJ0d3.s 			page 14


 596 00ed 00       		.byte	0
 597              		.section	.debug_aranges,"",%progbits
 598 0000 34000000 		.4byte	0x34
 599 0004 0200     		.2byte	0x2
 600 0006 00000000 		.4byte	.Ldebug_info0
 601 000a 04       		.byte	0x4
 602 000b 00       		.byte	0
 603 000c 0000     		.2byte	0
 604 000e 0000     		.2byte	0
 605 0010 00000000 		.4byte	.LFB0
 606 0014 24000000 		.4byte	.LFE0-.LFB0
 607 0018 00000000 		.4byte	.LFB1
 608 001c 1C000000 		.4byte	.LFE1-.LFB1
 609 0020 00000000 		.4byte	.LFB2
 610 0024 04000000 		.4byte	.LFE2-.LFB2
 611 0028 00000000 		.4byte	.LFB3
 612 002c 04000000 		.4byte	.LFE3-.LFB3
 613 0030 00000000 		.4byte	0
 614 0034 00000000 		.4byte	0
 615              		.section	.debug_ranges,"",%progbits
 616              	.Ldebug_ranges0:
 617 0000 00000000 		.4byte	.LFB0
 618 0004 24000000 		.4byte	.LFE0
 619 0008 00000000 		.4byte	.LFB1
 620 000c 1C000000 		.4byte	.LFE1
 621 0010 00000000 		.4byte	.LFB2
 622 0014 04000000 		.4byte	.LFE2
 623 0018 00000000 		.4byte	.LFB3
 624 001c 04000000 		.4byte	.LFE3
 625 0020 00000000 		.4byte	0
 626 0024 00000000 		.4byte	0
 627              		.section	.debug_line,"",%progbits
 628              	.Ldebug_line0:
 629 0000 BE000000 		.section	.debug_str,"MS",%progbits,1
 629      02006700 
 629      00000201 
 629      FB0E0D00 
 629      01010101 
 630              	.LASF6:
 631 0000 6C6F6E67 		.ascii	"long long int\000"
 631      206C6F6E 
 631      6720696E 
 631      7400
 632              	.LASF20:
 633 000e 44564441 		.ascii	"DVDAC_1_Stop\000"
 633      435F315F 
 633      53746F70 
 633      00
 634              	.LASF8:
 635 001b 756E7369 		.ascii	"unsigned int\000"
 635      676E6564 
 635      20696E74 
 635      00
 636              	.LASF9:
 637 0028 666C6F61 		.ascii	"float\000"
 637      7400
 638              	.LASF22:
ARM GAS  C:\Users\larco\AppData\Local\Temp\ccOVJ0d3.s 			page 15


 639 002e 44564441 		.ascii	"DVDAC_1_Enable\000"
 639      435F315F 
 639      456E6162 
 639      6C6500
 640              	.LASF1:
 641 003d 756E7369 		.ascii	"unsigned char\000"
 641      676E6564 
 641      20636861 
 641      7200
 642              	.LASF13:
 643 004b 72656738 		.ascii	"reg8\000"
 643      00
 644              	.LASF5:
 645 0050 6C6F6E67 		.ascii	"long unsigned int\000"
 645      20756E73 
 645      69676E65 
 645      6420696E 
 645      7400
 646              	.LASF3:
 647 0062 73686F72 		.ascii	"short unsigned int\000"
 647      7420756E 
 647      7369676E 
 647      65642069 
 647      6E7400
 648              	.LASF10:
 649 0075 646F7562 		.ascii	"double\000"
 649      6C6500
 650              	.LASF25:
 651 007c 443A5C44 		.ascii	"D:\\Dropbox\\DEVELOPMENT\\Audio visualizations\\Aud"
 651      726F7062 
 651      6F785C44 
 651      4556454C 
 651      4F504D45 
 652 00ab 696F2073 		.ascii	"io spectrum analyzer zebrawood\\Firmware\\audioSpec"
 652      70656374 
 652      72756D20 
 652      616E616C 
 652      797A6572 
 653 00dc 7472756D 		.ascii	"trumAnalyzer\\audioSpectrumAnalyzer.cydsn\000"
 653      416E616C 
 653      797A6572 
 653      5C617564 
 653      696F5370 
 654              	.LASF17:
 655 0105 44564441 		.ascii	"DVDAC_1_Sleep\000"
 655      435F315F 
 655      536C6565 
 655      7000
 656              	.LASF23:
 657 0113 474E5520 		.ascii	"GNU C11 5.4.1 20160609 (release) [ARM/embedded-5-br"
 657      43313120 
 657      352E342E 
 657      31203230 
 657      31363036 
 658 0146 616E6368 		.ascii	"anch revision 237715] -mcpu=cortex-m3 -mthumb -g -O"
 658      20726576 
 658      6973696F 
ARM GAS  C:\Users\larco\AppData\Local\Temp\ccOVJ0d3.s 			page 16


 658      6E203233 
 658      37373135 
 659 0179 33202D66 		.ascii	"3 -ffunction-sections -ffat-lto-objects -finline-fu"
 659      66756E63 
 659      74696F6E 
 659      2D736563 
 659      74696F6E 
 660 01ac 6E637469 		.ascii	"nctions\000"
 660      6F6E7300 
 661              	.LASF7:
 662 01b4 6C6F6E67 		.ascii	"long long unsigned int\000"
 662      206C6F6E 
 662      6720756E 
 662      7369676E 
 662      65642069 
 663              	.LASF27:
 664 01cb 44564441 		.ascii	"DVDAC_1_backup\000"
 664      435F315F 
 664      6261636B 
 664      757000
 665              	.LASF21:
 666 01da 44564441 		.ascii	"DVDAC_1_VDAC8_RestoreConfig\000"
 666      435F315F 
 666      56444143 
 666      385F5265 
 666      73746F72 
 667              	.LASF24:
 668 01f6 47656E65 		.ascii	"Generated_Source\\PSoC5\\DVDAC_1_PM.c\000"
 668      72617465 
 668      645F536F 
 668      75726365 
 668      5C50536F 
 669              	.LASF11:
 670 021a 63686172 		.ascii	"char\000"
 670      00
 671              	.LASF14:
 672 021f 44564441 		.ascii	"DVDAC_1_BACKUP_STRUCT\000"
 672      435F315F 
 672      4241434B 
 672      55505F53 
 672      54525543 
 673              	.LASF2:
 674 0235 73686F72 		.ascii	"short int\000"
 674      7420696E 
 674      7400
 675              	.LASF12:
 676 023f 75696E74 		.ascii	"uint8\000"
 676      3800
 677              	.LASF19:
 678 0245 44564441 		.ascii	"DVDAC_1_VDAC8_SaveConfig\000"
 678      435F315F 
 678      56444143 
 678      385F5361 
 678      7665436F 
 679              	.LASF4:
 680 025e 6C6F6E67 		.ascii	"long int\000"
 680      20696E74 
ARM GAS  C:\Users\larco\AppData\Local\Temp\ccOVJ0d3.s 			page 17


 680      00
 681              	.LASF26:
 682 0267 656E6162 		.ascii	"enableState\000"
 682      6C655374 
 682      61746500 
 683              	.LASF15:
 684 0273 44564441 		.ascii	"DVDAC_1_SaveConfig\000"
 684      435F315F 
 684      53617665 
 684      436F6E66 
 684      696700
 685              	.LASF0:
 686 0286 7369676E 		.ascii	"signed char\000"
 686      65642063 
 686      68617200 
 687              	.LASF18:
 688 0292 44564441 		.ascii	"DVDAC_1_Wakeup\000"
 688      435F315F 
 688      57616B65 
 688      757000
 689              	.LASF16:
 690 02a1 44564441 		.ascii	"DVDAC_1_RestoreConfig\000"
 690      435F315F 
 690      52657374 
 690      6F726543 
 690      6F6E6669 
 691              		.ident	"GCC: (GNU Tools for ARM Embedded Processors) 5.4.1 20160609 (release) [ARM/embedded-5-bran
