ARM GAS  C:\Users\larco\AppData\Local\Temp\ccqyk8Xk.s 			page 1


   1              		.syntax unified
   2              		.cpu cortex-m3
   3              		.fpu softvfp
   4              		.eabi_attribute 20, 1
   5              		.eabi_attribute 21, 1
   6              		.eabi_attribute 23, 3
   7              		.eabi_attribute 24, 1
   8              		.eabi_attribute 25, 1
   9              		.eabi_attribute 26, 1
  10              		.eabi_attribute 30, 2
  11              		.eabi_attribute 34, 1
  12              		.eabi_attribute 18, 4
  13              		.thumb
  14              		.syntax unified
  15              		.file	"PGA_1.c"
  16              		.text
  17              	.Ltext0:
  18              		.cfi_sections	.debug_frame
  19              		.section	.text.PGA_1_Init,"ax",%progbits
  20              		.align	2
  21              		.global	PGA_1_Init
  22              		.thumb
  23              		.thumb_func
  24              		.type	PGA_1_Init, %function
  25              	PGA_1_Init:
  26              	.LFB0:
  27              		.file 1 "Generated_Source\\PSoC5\\PGA_1.c"
   1:Generated_Source\PSoC5/PGA_1.c **** /*******************************************************************************
   2:Generated_Source\PSoC5/PGA_1.c **** * File Name: PGA_1.c  
   3:Generated_Source\PSoC5/PGA_1.c **** * Version 2.0
   4:Generated_Source\PSoC5/PGA_1.c **** *
   5:Generated_Source\PSoC5/PGA_1.c **** * Description:
   6:Generated_Source\PSoC5/PGA_1.c **** *  This file provides the source code to the API for the PGA 
   7:Generated_Source\PSoC5/PGA_1.c **** *  User Module.
   8:Generated_Source\PSoC5/PGA_1.c **** *
   9:Generated_Source\PSoC5/PGA_1.c **** * Note:
  10:Generated_Source\PSoC5/PGA_1.c **** *
  11:Generated_Source\PSoC5/PGA_1.c **** ********************************************************************************
  12:Generated_Source\PSoC5/PGA_1.c **** * Copyright 2008-2012, Cypress Semiconductor Corporation.  All rights reserved.
  13:Generated_Source\PSoC5/PGA_1.c **** * You may use this file only in accordance with the license, terms, conditions, 
  14:Generated_Source\PSoC5/PGA_1.c **** * disclaimers, and limitations in the end user license agreement accompanying 
  15:Generated_Source\PSoC5/PGA_1.c **** * the software package with which this file was provided.
  16:Generated_Source\PSoC5/PGA_1.c **** *******************************************************************************/
  17:Generated_Source\PSoC5/PGA_1.c **** 
  18:Generated_Source\PSoC5/PGA_1.c **** #include "PGA_1.h"
  19:Generated_Source\PSoC5/PGA_1.c **** 
  20:Generated_Source\PSoC5/PGA_1.c **** #if (!CY_PSOC5A)
  21:Generated_Source\PSoC5/PGA_1.c ****     #if (CYDEV_VARIABLE_VDDA == 1u)
  22:Generated_Source\PSoC5/PGA_1.c ****         #include "CyScBoostClk.h"
  23:Generated_Source\PSoC5/PGA_1.c ****     #endif /* (CYDEV_VARIABLE_VDDA == 1u) */
  24:Generated_Source\PSoC5/PGA_1.c **** #endif /* (!CY_PSOC5A) */
  25:Generated_Source\PSoC5/PGA_1.c **** 
  26:Generated_Source\PSoC5/PGA_1.c **** #if (CY_PSOC5A)
  27:Generated_Source\PSoC5/PGA_1.c ****     static PGA_1_BACKUP_STRUCT  PGA_1_P5backup;
  28:Generated_Source\PSoC5/PGA_1.c **** #endif /* (CY_ PSOC5A) */
  29:Generated_Source\PSoC5/PGA_1.c **** 
  30:Generated_Source\PSoC5/PGA_1.c **** uint8 PGA_1_initVar = 0u;
ARM GAS  C:\Users\larco\AppData\Local\Temp\ccqyk8Xk.s 			page 2


  31:Generated_Source\PSoC5/PGA_1.c **** 
  32:Generated_Source\PSoC5/PGA_1.c **** 
  33:Generated_Source\PSoC5/PGA_1.c **** /*******************************************************************************   
  34:Generated_Source\PSoC5/PGA_1.c **** * Function Name: PGA_1_Init
  35:Generated_Source\PSoC5/PGA_1.c **** ********************************************************************************
  36:Generated_Source\PSoC5/PGA_1.c **** *
  37:Generated_Source\PSoC5/PGA_1.c **** * Summary:
  38:Generated_Source\PSoC5/PGA_1.c **** *  Initialize component's parameters to the parameters set by user in the 
  39:Generated_Source\PSoC5/PGA_1.c **** *  customizer of the component placed onto schematic. Usually called in 
  40:Generated_Source\PSoC5/PGA_1.c **** *  PGA_1_Start().
  41:Generated_Source\PSoC5/PGA_1.c **** *
  42:Generated_Source\PSoC5/PGA_1.c **** * Parameters:
  43:Generated_Source\PSoC5/PGA_1.c **** *  void
  44:Generated_Source\PSoC5/PGA_1.c **** *
  45:Generated_Source\PSoC5/PGA_1.c **** * Return:
  46:Generated_Source\PSoC5/PGA_1.c **** *  void
  47:Generated_Source\PSoC5/PGA_1.c **** *
  48:Generated_Source\PSoC5/PGA_1.c **** *******************************************************************************/
  49:Generated_Source\PSoC5/PGA_1.c **** void PGA_1_Init(void) 
  50:Generated_Source\PSoC5/PGA_1.c **** {
  28              		.loc 1 50 0
  29              		.cfi_startproc
  30              		@ args = 0, pretend = 0, frame = 0
  31              		@ frame_needed = 0, uses_anonymous_args = 0
  32              		@ link register save eliminated.
  51:Generated_Source\PSoC5/PGA_1.c ****     /* Set PGA mode */
  52:Generated_Source\PSoC5/PGA_1.c ****     PGA_1_CR0_REG = PGA_1_MODE_PGA;      
  33              		.loc 1 52 0
  34 0000 0F4A     		ldr	r2, .L2
  53:Generated_Source\PSoC5/PGA_1.c ****     /* Set non-inverting PGA mode and reference mode */
  54:Generated_Source\PSoC5/PGA_1.c ****     PGA_1_CR1_REG |= PGA_1_PGA_NINV;  
  35              		.loc 1 54 0
  36 0002 104B     		ldr	r3, .L2+4
  52:Generated_Source\PSoC5/PGA_1.c ****     /* Set non-inverting PGA mode and reference mode */
  37              		.loc 1 52 0
  38 0004 0C21     		movs	r1, #12
  39 0006 1170     		strb	r1, [r2]
  40              		.loc 1 54 0
  41 0008 1978     		ldrb	r1, [r3]	@ zero_extendqisi2
  55:Generated_Source\PSoC5/PGA_1.c ****     /* Set default gain and ref mode */
  56:Generated_Source\PSoC5/PGA_1.c ****     PGA_1_CR2_REG = PGA_1_VREF_MODE;
  42              		.loc 1 56 0
  43 000a 0020     		movs	r0, #0
  54:Generated_Source\PSoC5/PGA_1.c ****     /* Set default gain and ref mode */
  44              		.loc 1 54 0
  45 000c 41F02001 		orr	r1, r1, #32
  46 0010 1970     		strb	r1, [r3]
  47              		.loc 1 56 0
  48 0012 9070     		strb	r0, [r2, #2]
  49              	.LVL0:
  50              	.LBB12:
  51              	.LBB13:
  57:Generated_Source\PSoC5/PGA_1.c ****     /* Set gain and compensation */
  58:Generated_Source\PSoC5/PGA_1.c ****     PGA_1_SetGain(PGA_1_DEFAULT_GAIN);
  59:Generated_Source\PSoC5/PGA_1.c ****     /* Set power */
  60:Generated_Source\PSoC5/PGA_1.c ****     PGA_1_SetPower(PGA_1_DEFAULT_POWER);
  61:Generated_Source\PSoC5/PGA_1.c **** }
ARM GAS  C:\Users\larco\AppData\Local\Temp\ccqyk8Xk.s 			page 3


  62:Generated_Source\PSoC5/PGA_1.c **** 
  63:Generated_Source\PSoC5/PGA_1.c **** 
  64:Generated_Source\PSoC5/PGA_1.c **** /*******************************************************************************   
  65:Generated_Source\PSoC5/PGA_1.c **** * Function Name: PGA_1_Enable
  66:Generated_Source\PSoC5/PGA_1.c **** ********************************************************************************
  67:Generated_Source\PSoC5/PGA_1.c **** *
  68:Generated_Source\PSoC5/PGA_1.c **** * Summary:
  69:Generated_Source\PSoC5/PGA_1.c **** *  Enables the PGA block operation.
  70:Generated_Source\PSoC5/PGA_1.c **** *
  71:Generated_Source\PSoC5/PGA_1.c **** * Parameters:
  72:Generated_Source\PSoC5/PGA_1.c **** *  void
  73:Generated_Source\PSoC5/PGA_1.c **** *
  74:Generated_Source\PSoC5/PGA_1.c **** * Return:
  75:Generated_Source\PSoC5/PGA_1.c **** *  void
  76:Generated_Source\PSoC5/PGA_1.c **** *
  77:Generated_Source\PSoC5/PGA_1.c **** *******************************************************************************/
  78:Generated_Source\PSoC5/PGA_1.c **** void PGA_1_Enable(void) 
  79:Generated_Source\PSoC5/PGA_1.c **** {
  80:Generated_Source\PSoC5/PGA_1.c ****     /* This is to restore the value of register CR1 and CR2 which is saved 
  81:Generated_Source\PSoC5/PGA_1.c ****       in prior to the modifications in stop() API */
  82:Generated_Source\PSoC5/PGA_1.c ****     #if (CY_PSOC5A)
  83:Generated_Source\PSoC5/PGA_1.c ****         if(PGA_1_P5backup.enableState == 1u)
  84:Generated_Source\PSoC5/PGA_1.c ****         {
  85:Generated_Source\PSoC5/PGA_1.c ****             PGA_1_CR1_REG = PGA_1_P5backup.scCR1Reg;
  86:Generated_Source\PSoC5/PGA_1.c ****             PGA_1_CR2_REG = PGA_1_P5backup.scCR2Reg;
  87:Generated_Source\PSoC5/PGA_1.c ****             PGA_1_P5backup.enableState = 0u;
  88:Generated_Source\PSoC5/PGA_1.c ****         }
  89:Generated_Source\PSoC5/PGA_1.c ****     #endif /* CY_PSOC5A */   
  90:Generated_Source\PSoC5/PGA_1.c **** 
  91:Generated_Source\PSoC5/PGA_1.c ****     /* Enable power to the Amp in Active mode*/
  92:Generated_Source\PSoC5/PGA_1.c ****     PGA_1_PM_ACT_CFG_REG |= PGA_1_ACT_PWR_EN;
  93:Generated_Source\PSoC5/PGA_1.c **** 
  94:Generated_Source\PSoC5/PGA_1.c ****     /* Enable power to the Amp in Alternative Active mode*/
  95:Generated_Source\PSoC5/PGA_1.c ****     PGA_1_PM_STBY_CFG_REG |= PGA_1_STBY_PWR_EN;
  96:Generated_Source\PSoC5/PGA_1.c ****     
  97:Generated_Source\PSoC5/PGA_1.c ****     PGA_1_PUMP_CR1_REG |= PGA_1_PUMP_CR1_SC_CLKSEL;
  98:Generated_Source\PSoC5/PGA_1.c ****     
  99:Generated_Source\PSoC5/PGA_1.c ****     #if (!CY_PSOC5A)
 100:Generated_Source\PSoC5/PGA_1.c ****         #if (CYDEV_VARIABLE_VDDA == 1u)
 101:Generated_Source\PSoC5/PGA_1.c ****             if(CyScPumpEnabled == 1u)
 102:Generated_Source\PSoC5/PGA_1.c ****             {
 103:Generated_Source\PSoC5/PGA_1.c ****                 PGA_1_BSTCLK_REG &= (uint8)(~PGA_1_BST_CLK_INDEX_MASK);
 104:Generated_Source\PSoC5/PGA_1.c ****                 PGA_1_BSTCLK_REG |= PGA_1_BST_CLK_EN | CyScBoostClk__INDEX;
 105:Generated_Source\PSoC5/PGA_1.c ****                 PGA_1_SC_MISC_REG |= PGA_1_PUMP_FORCE;
 106:Generated_Source\PSoC5/PGA_1.c ****                 CyScBoostClk_Start();
 107:Generated_Source\PSoC5/PGA_1.c ****             }
 108:Generated_Source\PSoC5/PGA_1.c ****             else
 109:Generated_Source\PSoC5/PGA_1.c ****             {
 110:Generated_Source\PSoC5/PGA_1.c ****                 PGA_1_BSTCLK_REG &= (uint8)(~PGA_1_BST_CLK_EN);
 111:Generated_Source\PSoC5/PGA_1.c ****                 PGA_1_SC_MISC_REG &= (uint8)(~PGA_1_PUMP_FORCE);
 112:Generated_Source\PSoC5/PGA_1.c ****             }
 113:Generated_Source\PSoC5/PGA_1.c ****         #endif /* (CYDEV_VARIABLE_VDDA == 1u) */
 114:Generated_Source\PSoC5/PGA_1.c ****     #endif /* (!CY_PSOC5A) */
 115:Generated_Source\PSoC5/PGA_1.c **** }
 116:Generated_Source\PSoC5/PGA_1.c **** 
 117:Generated_Source\PSoC5/PGA_1.c **** 
 118:Generated_Source\PSoC5/PGA_1.c **** /*******************************************************************************
ARM GAS  C:\Users\larco\AppData\Local\Temp\ccqyk8Xk.s 			page 4


 119:Generated_Source\PSoC5/PGA_1.c **** * Function Name: PGA_1_Start
 120:Generated_Source\PSoC5/PGA_1.c **** ********************************************************************************
 121:Generated_Source\PSoC5/PGA_1.c **** *
 122:Generated_Source\PSoC5/PGA_1.c **** * Summary:
 123:Generated_Source\PSoC5/PGA_1.c **** *  The start function initializes the PGA with the default values and sets
 124:Generated_Source\PSoC5/PGA_1.c **** *  the power to the given level. A power level of 0, is same as executing
 125:Generated_Source\PSoC5/PGA_1.c **** *  the stop function.
 126:Generated_Source\PSoC5/PGA_1.c **** *
 127:Generated_Source\PSoC5/PGA_1.c **** * Parameters:
 128:Generated_Source\PSoC5/PGA_1.c **** *  void
 129:Generated_Source\PSoC5/PGA_1.c **** *
 130:Generated_Source\PSoC5/PGA_1.c **** * Return:
 131:Generated_Source\PSoC5/PGA_1.c **** *  void
 132:Generated_Source\PSoC5/PGA_1.c **** *
 133:Generated_Source\PSoC5/PGA_1.c **** *******************************************************************************/
 134:Generated_Source\PSoC5/PGA_1.c **** void PGA_1_Start(void) 
 135:Generated_Source\PSoC5/PGA_1.c **** {
 136:Generated_Source\PSoC5/PGA_1.c **** 
 137:Generated_Source\PSoC5/PGA_1.c ****     /* This is to restore the value of register CR1 and CR2 which is saved 
 138:Generated_Source\PSoC5/PGA_1.c ****       in prior to the modification in stop() API */
 139:Generated_Source\PSoC5/PGA_1.c **** 
 140:Generated_Source\PSoC5/PGA_1.c ****     if(PGA_1_initVar == 0u)
 141:Generated_Source\PSoC5/PGA_1.c ****     {
 142:Generated_Source\PSoC5/PGA_1.c ****         PGA_1_Init();
 143:Generated_Source\PSoC5/PGA_1.c ****         PGA_1_initVar = 1u;
 144:Generated_Source\PSoC5/PGA_1.c ****     }
 145:Generated_Source\PSoC5/PGA_1.c **** 
 146:Generated_Source\PSoC5/PGA_1.c ****     PGA_1_Enable();
 147:Generated_Source\PSoC5/PGA_1.c **** }
 148:Generated_Source\PSoC5/PGA_1.c **** 
 149:Generated_Source\PSoC5/PGA_1.c **** 
 150:Generated_Source\PSoC5/PGA_1.c **** /*******************************************************************************
 151:Generated_Source\PSoC5/PGA_1.c **** * Function Name: PGA_1_Stop
 152:Generated_Source\PSoC5/PGA_1.c **** ********************************************************************************
 153:Generated_Source\PSoC5/PGA_1.c **** *
 154:Generated_Source\PSoC5/PGA_1.c **** * Summary:
 155:Generated_Source\PSoC5/PGA_1.c **** *  Powers down amplifier to lowest power state.
 156:Generated_Source\PSoC5/PGA_1.c **** *
 157:Generated_Source\PSoC5/PGA_1.c **** * Parameters:
 158:Generated_Source\PSoC5/PGA_1.c **** *  void
 159:Generated_Source\PSoC5/PGA_1.c **** *
 160:Generated_Source\PSoC5/PGA_1.c **** * Return:
 161:Generated_Source\PSoC5/PGA_1.c **** *  void
 162:Generated_Source\PSoC5/PGA_1.c **** *
 163:Generated_Source\PSoC5/PGA_1.c **** *******************************************************************************/
 164:Generated_Source\PSoC5/PGA_1.c **** void PGA_1_Stop(void) 
 165:Generated_Source\PSoC5/PGA_1.c **** { 
 166:Generated_Source\PSoC5/PGA_1.c ****     /* Disble power to the Amp in Active mode template */
 167:Generated_Source\PSoC5/PGA_1.c ****     PGA_1_PM_ACT_CFG_REG &= (uint8)(~PGA_1_ACT_PWR_EN);
 168:Generated_Source\PSoC5/PGA_1.c **** 
 169:Generated_Source\PSoC5/PGA_1.c ****     /* Disble power to the Amp in Alternative Active mode template */
 170:Generated_Source\PSoC5/PGA_1.c ****     PGA_1_PM_STBY_CFG_REG &= (uint8)(~PGA_1_STBY_PWR_EN);
 171:Generated_Source\PSoC5/PGA_1.c **** 
 172:Generated_Source\PSoC5/PGA_1.c ****     #if (!CY_PSOC5A)
 173:Generated_Source\PSoC5/PGA_1.c ****         #if (CYDEV_VARIABLE_VDDA == 1u)
 174:Generated_Source\PSoC5/PGA_1.c ****             PGA_1_BSTCLK_REG &= (uint8)(~PGA_1_BST_CLK_EN);
 175:Generated_Source\PSoC5/PGA_1.c ****             /* Disable pumps only if there aren't any SC block in use */
ARM GAS  C:\Users\larco\AppData\Local\Temp\ccqyk8Xk.s 			page 5


 176:Generated_Source\PSoC5/PGA_1.c ****             if ((PGA_1_PM_ACT_CFG_REG & PGA_1_PM_ACT_CFG_MASK) == 0u)
 177:Generated_Source\PSoC5/PGA_1.c ****             {
 178:Generated_Source\PSoC5/PGA_1.c ****                 PGA_1_SC_MISC_REG &= (uint8)(~PGA_1_PUMP_FORCE);
 179:Generated_Source\PSoC5/PGA_1.c ****                 PGA_1_PUMP_CR1_REG &= (uint8)(~PGA_1_PUMP_CR1_SC_CLKSEL);
 180:Generated_Source\PSoC5/PGA_1.c ****                 CyScBoostClk_Stop();
 181:Generated_Source\PSoC5/PGA_1.c ****             }
 182:Generated_Source\PSoC5/PGA_1.c ****         #endif /* CYDEV_VARIABLE_VDDA == 1u */
 183:Generated_Source\PSoC5/PGA_1.c ****     #endif /* (CY_PSOC3 || CY_PSOC5LP) */
 184:Generated_Source\PSoC5/PGA_1.c **** 
 185:Generated_Source\PSoC5/PGA_1.c ****     /* This sets PGA in zero current mode and output routes are valid */
 186:Generated_Source\PSoC5/PGA_1.c ****     #if (CY_PSOC5A)
 187:Generated_Source\PSoC5/PGA_1.c ****         PGA_1_P5backup.scCR1Reg = PGA_1_CR1_REG;
 188:Generated_Source\PSoC5/PGA_1.c ****         PGA_1_P5backup.scCR2Reg = PGA_1_CR2_REG;
 189:Generated_Source\PSoC5/PGA_1.c ****         PGA_1_CR1_REG = 0x00u;
 190:Generated_Source\PSoC5/PGA_1.c ****         PGA_1_CR2_REG = 0x00u;
 191:Generated_Source\PSoC5/PGA_1.c ****         PGA_1_P5backup.enableState = 1u;
 192:Generated_Source\PSoC5/PGA_1.c ****     #endif /* CY_PSOC5A */
 193:Generated_Source\PSoC5/PGA_1.c **** }
 194:Generated_Source\PSoC5/PGA_1.c **** 
 195:Generated_Source\PSoC5/PGA_1.c **** 
 196:Generated_Source\PSoC5/PGA_1.c **** /*******************************************************************************
 197:Generated_Source\PSoC5/PGA_1.c **** * Function Name: PGA_1_SetPower
 198:Generated_Source\PSoC5/PGA_1.c **** ********************************************************************************
 199:Generated_Source\PSoC5/PGA_1.c **** *
 200:Generated_Source\PSoC5/PGA_1.c **** * Summary:
 201:Generated_Source\PSoC5/PGA_1.c **** *  Set the power of the PGA.
 202:Generated_Source\PSoC5/PGA_1.c **** *
 203:Generated_Source\PSoC5/PGA_1.c **** * Parameters:
 204:Generated_Source\PSoC5/PGA_1.c **** *  power: Sets power level between (0) and (3) high power
 205:Generated_Source\PSoC5/PGA_1.c **** *
 206:Generated_Source\PSoC5/PGA_1.c **** * Return:
 207:Generated_Source\PSoC5/PGA_1.c **** *  void
 208:Generated_Source\PSoC5/PGA_1.c **** *
 209:Generated_Source\PSoC5/PGA_1.c **** *******************************************************************************/
 210:Generated_Source\PSoC5/PGA_1.c **** void PGA_1_SetPower(uint8 power) 
 211:Generated_Source\PSoC5/PGA_1.c **** {
 212:Generated_Source\PSoC5/PGA_1.c ****     uint8 tmpCR;
 213:Generated_Source\PSoC5/PGA_1.c **** 
 214:Generated_Source\PSoC5/PGA_1.c ****     tmpCR = PGA_1_CR1_REG & (uint8)(~PGA_1_DRIVE_MASK);
 215:Generated_Source\PSoC5/PGA_1.c ****     tmpCR |= (power & PGA_1_DRIVE_MASK);
 216:Generated_Source\PSoC5/PGA_1.c ****     PGA_1_CR1_REG = tmpCR;  
 217:Generated_Source\PSoC5/PGA_1.c **** }
 218:Generated_Source\PSoC5/PGA_1.c **** 
 219:Generated_Source\PSoC5/PGA_1.c **** 
 220:Generated_Source\PSoC5/PGA_1.c **** /*******************************************************************************
 221:Generated_Source\PSoC5/PGA_1.c **** * Function Name: PGA_1_SetGain
 222:Generated_Source\PSoC5/PGA_1.c **** ********************************************************************************
 223:Generated_Source\PSoC5/PGA_1.c **** *
 224:Generated_Source\PSoC5/PGA_1.c **** * Summary:
 225:Generated_Source\PSoC5/PGA_1.c **** *  This function sets values of the input and feedback resistors to set a 
 226:Generated_Source\PSoC5/PGA_1.c **** *  specific gain of the amplifier.
 227:Generated_Source\PSoC5/PGA_1.c **** *
 228:Generated_Source\PSoC5/PGA_1.c **** * Parameters:
 229:Generated_Source\PSoC5/PGA_1.c **** *  gain: Gain value of PGA (See header file for gain values.)
 230:Generated_Source\PSoC5/PGA_1.c **** *
 231:Generated_Source\PSoC5/PGA_1.c **** * Return:
 232:Generated_Source\PSoC5/PGA_1.c **** *  void 
ARM GAS  C:\Users\larco\AppData\Local\Temp\ccqyk8Xk.s 			page 6


 233:Generated_Source\PSoC5/PGA_1.c **** *
 234:Generated_Source\PSoC5/PGA_1.c **** *******************************************************************************/
 235:Generated_Source\PSoC5/PGA_1.c **** void PGA_1_SetGain(uint8 gain) 
 236:Generated_Source\PSoC5/PGA_1.c **** {
 237:Generated_Source\PSoC5/PGA_1.c ****     /* Constant array for gain settings */
 238:Generated_Source\PSoC5/PGA_1.c ****     const uint8 PGA_1_GainArray[9] = { 
 239:Generated_Source\PSoC5/PGA_1.c ****         (PGA_1_RVAL_0K   | PGA_1_R20_40B_40K | PGA_1_BIAS_LOW), /* G=1  */
 240:Generated_Source\PSoC5/PGA_1.c ****         (PGA_1_RVAL_40K  | PGA_1_R20_40B_40K | PGA_1_BIAS_LOW), /* G=2  */
 241:Generated_Source\PSoC5/PGA_1.c ****         (PGA_1_RVAL_120K | PGA_1_R20_40B_40K | PGA_1_BIAS_LOW), /* G=4  */
 242:Generated_Source\PSoC5/PGA_1.c ****         (PGA_1_RVAL_280K | PGA_1_R20_40B_40K | PGA_1_BIAS_LOW), /* G=8  */
 243:Generated_Source\PSoC5/PGA_1.c ****         (PGA_1_RVAL_600K | PGA_1_R20_40B_40K | PGA_1_BIAS_LOW), /* G=16 */
 244:Generated_Source\PSoC5/PGA_1.c ****         (PGA_1_RVAL_460K | PGA_1_R20_40B_40K | PGA_1_BIAS_LOW), /* G=24, Sets Rin as 20k */
 245:Generated_Source\PSoC5/PGA_1.c ****         (PGA_1_RVAL_620K | PGA_1_R20_40B_20K | PGA_1_BIAS_LOW), /* G=32 */
 246:Generated_Source\PSoC5/PGA_1.c ****         (PGA_1_RVAL_470K | PGA_1_R20_40B_20K | PGA_1_BIAS_LOW), /* G=48, Sets Rin as 10k */
 247:Generated_Source\PSoC5/PGA_1.c ****         (PGA_1_RVAL_490K | PGA_1_R20_40B_20K | PGA_1_BIAS_LOW)  /* G=50, Sets Rin as 10k */
 248:Generated_Source\PSoC5/PGA_1.c ****     };
 249:Generated_Source\PSoC5/PGA_1.c ****     
 250:Generated_Source\PSoC5/PGA_1.c ****     /* Constant array for gain compenstion settings */
 251:Generated_Source\PSoC5/PGA_1.c ****     const uint8 PGA_1_GainComp[9] = { 
 252:Generated_Source\PSoC5/PGA_1.c ****         ( PGA_1_COMP_4P35PF  | (uint8)( PGA_1_REDC_00 >> 2 )), /* G=1  */
 253:Generated_Source\PSoC5/PGA_1.c ****         ( PGA_1_COMP_4P35PF  | (uint8)( PGA_1_REDC_01 >> 2 )), /* G=2  */
 254:Generated_Source\PSoC5/PGA_1.c ****         ( PGA_1_COMP_3P0PF   | (uint8)( PGA_1_REDC_01 >> 2 )), /* G=4  */
 255:Generated_Source\PSoC5/PGA_1.c ****         ( PGA_1_COMP_3P0PF   | (uint8)( PGA_1_REDC_01 >> 2 )), /* G=8  */
 256:Generated_Source\PSoC5/PGA_1.c ****         ( PGA_1_COMP_3P6PF   | (uint8)( PGA_1_REDC_01 >> 2 )), /* G=16 */
 257:Generated_Source\PSoC5/PGA_1.c ****         ( PGA_1_COMP_3P6PF   | (uint8)( PGA_1_REDC_11 >> 2 )), /* G=24 */
 258:Generated_Source\PSoC5/PGA_1.c ****         ( PGA_1_COMP_3P6PF   | (uint8)( PGA_1_REDC_11 >> 2 )), /* G=32 */
 259:Generated_Source\PSoC5/PGA_1.c ****         ( PGA_1_COMP_3P6PF   | (uint8)( PGA_1_REDC_00 >> 2 )), /* G=48 */
 260:Generated_Source\PSoC5/PGA_1.c ****         ( PGA_1_COMP_3P6PF   | (uint8)( PGA_1_REDC_00 >> 2 ))  /* G=50 */
 261:Generated_Source\PSoC5/PGA_1.c ****     };
 262:Generated_Source\PSoC5/PGA_1.c ****     
 263:Generated_Source\PSoC5/PGA_1.c ****     /* Only set new gain if it is a valid gain */
 264:Generated_Source\PSoC5/PGA_1.c ****     if( gain <= PGA_1_GAIN_MAX)
 265:Generated_Source\PSoC5/PGA_1.c ****     {
 266:Generated_Source\PSoC5/PGA_1.c ****         /* Clear resistors, redc, and bias */
 267:Generated_Source\PSoC5/PGA_1.c ****         PGA_1_CR2_REG &= (uint8)(~(PGA_1_RVAL_MASK | PGA_1_R20_40B_MASK | 
  52              		.loc 1 267 0
  53 0014 9178     		ldrb	r1, [r2, #2]	@ zero_extendqisi2
  54 0016 01F08001 		and	r1, r1, #128
  55 001a C9B2     		uxtb	r1, r1
  56 001c 9170     		strb	r1, [r2, #2]
 268:Generated_Source\PSoC5/PGA_1.c ****                                 PGA_1_REDC_MASK | PGA_1_BIAS_MASK ));
 269:Generated_Source\PSoC5/PGA_1.c **** 
 270:Generated_Source\PSoC5/PGA_1.c ****         /* Set gain value resistors, redc comp, and bias */
 271:Generated_Source\PSoC5/PGA_1.c ****         PGA_1_CR2_REG |= (PGA_1_GainArray[gain] |
  57              		.loc 1 271 0
  58 001e 9178     		ldrb	r1, [r2, #2]	@ zero_extendqisi2
  59 0020 41F00101 		orr	r1, r1, #1
  60 0024 9170     		strb	r1, [r2, #2]
 272:Generated_Source\PSoC5/PGA_1.c ****                                 ((uint8)(PGA_1_GainComp[gain] << 2 ) & PGA_1_REDC_MASK));
 273:Generated_Source\PSoC5/PGA_1.c **** 
 274:Generated_Source\PSoC5/PGA_1.c ****         /* Clear sc_comp  */
 275:Generated_Source\PSoC5/PGA_1.c ****         PGA_1_CR1_REG &= (uint8)(~PGA_1_COMP_MASK);
  61              		.loc 1 275 0
  62 0026 1A78     		ldrb	r2, [r3]	@ zero_extendqisi2
  63 0028 02F0F302 		and	r2, r2, #243
  64 002c 1A70     		strb	r2, [r3]
 276:Generated_Source\PSoC5/PGA_1.c ****         /* Set sc_comp  */
ARM GAS  C:\Users\larco\AppData\Local\Temp\ccqyk8Xk.s 			page 7


 277:Generated_Source\PSoC5/PGA_1.c ****         PGA_1_CR1_REG |= ( PGA_1_GainComp[gain] | PGA_1_COMP_MASK );
  65              		.loc 1 277 0
  66 002e 1A78     		ldrb	r2, [r3]	@ zero_extendqisi2
  67 0030 42F00C02 		orr	r2, r2, #12
  68 0034 1A70     		strb	r2, [r3]
  69              	.LVL1:
  70              	.LBE13:
  71              	.LBE12:
  72              	.LBB14:
  73              	.LBB15:
 214:Generated_Source\PSoC5/PGA_1.c ****     tmpCR |= (power & PGA_1_DRIVE_MASK);
  74              		.loc 1 214 0
  75 0036 1A78     		ldrb	r2, [r3]	@ zero_extendqisi2
  76 0038 02F0FC02 		and	r2, r2, #252
  77              	.LVL2:
 216:Generated_Source\PSoC5/PGA_1.c **** }
  78              		.loc 1 216 0
  79 003c 1A70     		strb	r2, [r3]
  80              	.LVL3:
  81 003e 7047     		bx	lr
  82              	.L3:
  83              		.align	2
  84              	.L2:
  85 0040 04580040 		.word	1073764356
  86 0044 05580040 		.word	1073764357
  87              	.LBE15:
  88              	.LBE14:
  89              		.cfi_endproc
  90              	.LFE0:
  91              		.size	PGA_1_Init, .-PGA_1_Init
  92              		.section	.text.PGA_1_Enable,"ax",%progbits
  93              		.align	2
  94              		.global	PGA_1_Enable
  95              		.thumb
  96              		.thumb_func
  97              		.type	PGA_1_Enable, %function
  98              	PGA_1_Enable:
  99              	.LFB1:
  79:Generated_Source\PSoC5/PGA_1.c ****     /* This is to restore the value of register CR1 and CR2 which is saved 
 100              		.loc 1 79 0
 101              		.cfi_startproc
 102              		@ args = 0, pretend = 0, frame = 0
 103              		@ frame_needed = 0, uses_anonymous_args = 0
 104              		@ link register save eliminated.
  92:Generated_Source\PSoC5/PGA_1.c **** 
 105              		.loc 1 92 0
 106 0000 0748     		ldr	r0, .L5
  95:Generated_Source\PSoC5/PGA_1.c ****     
 107              		.loc 1 95 0
 108 0002 0849     		ldr	r1, .L5+4
  92:Generated_Source\PSoC5/PGA_1.c **** 
 109              		.loc 1 92 0
 110 0004 0378     		ldrb	r3, [r0]	@ zero_extendqisi2
  97:Generated_Source\PSoC5/PGA_1.c ****     
 111              		.loc 1 97 0
 112 0006 084A     		ldr	r2, .L5+8
  92:Generated_Source\PSoC5/PGA_1.c **** 
ARM GAS  C:\Users\larco\AppData\Local\Temp\ccqyk8Xk.s 			page 8


 113              		.loc 1 92 0
 114 0008 43F00203 		orr	r3, r3, #2
 115 000c 0370     		strb	r3, [r0]
  95:Generated_Source\PSoC5/PGA_1.c ****     
 116              		.loc 1 95 0
 117 000e 0B78     		ldrb	r3, [r1]	@ zero_extendqisi2
 118 0010 43F00203 		orr	r3, r3, #2
 119 0014 0B70     		strb	r3, [r1]
  97:Generated_Source\PSoC5/PGA_1.c ****     
 120              		.loc 1 97 0
 121 0016 1378     		ldrb	r3, [r2]	@ zero_extendqisi2
 122 0018 43F08003 		orr	r3, r3, #128
 123 001c 1370     		strb	r3, [r2]
 124 001e 7047     		bx	lr
 125              	.L6:
 126              		.align	2
 127              	.L5:
 128 0020 A9430040 		.word	1073759145
 129 0024 B9430040 		.word	1073759161
 130 0028 77580040 		.word	1073764471
 131              		.cfi_endproc
 132              	.LFE1:
 133              		.size	PGA_1_Enable, .-PGA_1_Enable
 134              		.section	.text.PGA_1_Start,"ax",%progbits
 135              		.align	2
 136              		.global	PGA_1_Start
 137              		.thumb
 138              		.thumb_func
 139              		.type	PGA_1_Start, %function
 140              	PGA_1_Start:
 141              	.LFB2:
 135:Generated_Source\PSoC5/PGA_1.c **** 
 142              		.loc 1 135 0
 143              		.cfi_startproc
 144              		@ args = 0, pretend = 0, frame = 0
 145              		@ frame_needed = 0, uses_anonymous_args = 0
 146              		@ link register save eliminated.
 147 0000 10B4     		push	{r4}
 148              		.cfi_def_cfa_offset 4
 149              		.cfi_offset 4, -4
 140:Generated_Source\PSoC5/PGA_1.c ****     {
 150              		.loc 1 140 0
 151 0002 194A     		ldr	r2, .L11
 152 0004 1178     		ldrb	r1, [r2]	@ zero_extendqisi2
 153 0006 F1B9     		cbnz	r1, .L8
 154              	.LBB24:
 155              	.LBB25:
  52:Generated_Source\PSoC5/PGA_1.c ****     /* Set non-inverting PGA mode and reference mode */
 156              		.loc 1 52 0
 157 0008 1848     		ldr	r0, .L11+4
  54:Generated_Source\PSoC5/PGA_1.c ****     /* Set default gain and ref mode */
 158              		.loc 1 54 0
 159 000a 194B     		ldr	r3, .L11+8
  52:Generated_Source\PSoC5/PGA_1.c ****     /* Set non-inverting PGA mode and reference mode */
 160              		.loc 1 52 0
 161 000c 0C24     		movs	r4, #12
 162 000e 0470     		strb	r4, [r0]
ARM GAS  C:\Users\larco\AppData\Local\Temp\ccqyk8Xk.s 			page 9


  54:Generated_Source\PSoC5/PGA_1.c ****     /* Set default gain and ref mode */
 163              		.loc 1 54 0
 164 0010 1C78     		ldrb	r4, [r3]	@ zero_extendqisi2
 165 0012 44F02004 		orr	r4, r4, #32
 166 0016 1C70     		strb	r4, [r3]
  56:Generated_Source\PSoC5/PGA_1.c ****     /* Set gain and compensation */
 167              		.loc 1 56 0
 168 0018 8170     		strb	r1, [r0, #2]
 169              	.LVL4:
 170              	.LBB26:
 171              	.LBB27:
 267:Generated_Source\PSoC5/PGA_1.c ****                                 PGA_1_REDC_MASK | PGA_1_BIAS_MASK ));
 172              		.loc 1 267 0
 173 001a 8178     		ldrb	r1, [r0, #2]	@ zero_extendqisi2
 174              	.LBE27:
 175              	.LBE26:
 176              	.LBE25:
 177              	.LBE24:
 143:Generated_Source\PSoC5/PGA_1.c ****     }
 178              		.loc 1 143 0
 179 001c 0124     		movs	r4, #1
 180              	.LBB33:
 181              	.LBB32:
 182              	.LBB29:
 183              	.LBB28:
 267:Generated_Source\PSoC5/PGA_1.c ****                                 PGA_1_REDC_MASK | PGA_1_BIAS_MASK ));
 184              		.loc 1 267 0
 185 001e 01F08001 		and	r1, r1, #128
 186 0022 C9B2     		uxtb	r1, r1
 187 0024 8170     		strb	r1, [r0, #2]
 271:Generated_Source\PSoC5/PGA_1.c ****                                 ((uint8)(PGA_1_GainComp[gain] << 2 ) & PGA_1_REDC_MASK));
 188              		.loc 1 271 0
 189 0026 8178     		ldrb	r1, [r0, #2]	@ zero_extendqisi2
 190 0028 2143     		orrs	r1, r1, r4
 191 002a 8170     		strb	r1, [r0, #2]
 275:Generated_Source\PSoC5/PGA_1.c ****         /* Set sc_comp  */
 192              		.loc 1 275 0
 193 002c 1978     		ldrb	r1, [r3]	@ zero_extendqisi2
 194 002e 01F0F301 		and	r1, r1, #243
 195 0032 1970     		strb	r1, [r3]
 196              		.loc 1 277 0
 197 0034 1978     		ldrb	r1, [r3]	@ zero_extendqisi2
 198 0036 41F00C01 		orr	r1, r1, #12
 199 003a 1970     		strb	r1, [r3]
 200              	.LVL5:
 201              	.LBE28:
 202              	.LBE29:
 203              	.LBB30:
 204              	.LBB31:
 214:Generated_Source\PSoC5/PGA_1.c ****     tmpCR |= (power & PGA_1_DRIVE_MASK);
 205              		.loc 1 214 0
 206 003c 1978     		ldrb	r1, [r3]	@ zero_extendqisi2
 207 003e 01F0FC01 		and	r1, r1, #252
 208              	.LVL6:
 216:Generated_Source\PSoC5/PGA_1.c **** }
 209              		.loc 1 216 0
 210 0042 1970     		strb	r1, [r3]
ARM GAS  C:\Users\larco\AppData\Local\Temp\ccqyk8Xk.s 			page 10


 211              	.LVL7:
 212              	.LBE31:
 213              	.LBE30:
 214              	.LBE32:
 215              	.LBE33:
 143:Generated_Source\PSoC5/PGA_1.c ****     }
 216              		.loc 1 143 0
 217 0044 1470     		strb	r4, [r2]
 218              	.L8:
 219              	.LBB34:
 220              	.LBB35:
  92:Generated_Source\PSoC5/PGA_1.c **** 
 221              		.loc 1 92 0
 222 0046 0B48     		ldr	r0, .L11+12
  95:Generated_Source\PSoC5/PGA_1.c ****     
 223              		.loc 1 95 0
 224 0048 0B49     		ldr	r1, .L11+16
  92:Generated_Source\PSoC5/PGA_1.c **** 
 225              		.loc 1 92 0
 226 004a 0378     		ldrb	r3, [r0]	@ zero_extendqisi2
  97:Generated_Source\PSoC5/PGA_1.c ****     
 227              		.loc 1 97 0
 228 004c 0B4A     		ldr	r2, .L11+20
  92:Generated_Source\PSoC5/PGA_1.c **** 
 229              		.loc 1 92 0
 230 004e 43F00203 		orr	r3, r3, #2
 231 0052 0370     		strb	r3, [r0]
  95:Generated_Source\PSoC5/PGA_1.c ****     
 232              		.loc 1 95 0
 233 0054 0B78     		ldrb	r3, [r1]	@ zero_extendqisi2
 234 0056 43F00203 		orr	r3, r3, #2
 235 005a 0B70     		strb	r3, [r1]
  97:Generated_Source\PSoC5/PGA_1.c ****     
 236              		.loc 1 97 0
 237 005c 1378     		ldrb	r3, [r2]	@ zero_extendqisi2
 238 005e 43F08003 		orr	r3, r3, #128
 239 0062 1370     		strb	r3, [r2]
 240              	.LBE35:
 241              	.LBE34:
 147:Generated_Source\PSoC5/PGA_1.c **** 
 242              		.loc 1 147 0
 243 0064 10BC     		pop	{r4}
 244              		.cfi_restore 4
 245              		.cfi_def_cfa_offset 0
 246 0066 7047     		bx	lr
 247              	.L12:
 248              		.align	2
 249              	.L11:
 250 0068 00000000 		.word	.LANCHOR0
 251 006c 04580040 		.word	1073764356
 252 0070 05580040 		.word	1073764357
 253 0074 A9430040 		.word	1073759145
 254 0078 B9430040 		.word	1073759161
 255 007c 77580040 		.word	1073764471
 256              		.cfi_endproc
 257              	.LFE2:
 258              		.size	PGA_1_Start, .-PGA_1_Start
ARM GAS  C:\Users\larco\AppData\Local\Temp\ccqyk8Xk.s 			page 11


 259              		.section	.text.PGA_1_Stop,"ax",%progbits
 260              		.align	2
 261              		.global	PGA_1_Stop
 262              		.thumb
 263              		.thumb_func
 264              		.type	PGA_1_Stop, %function
 265              	PGA_1_Stop:
 266              	.LFB3:
 165:Generated_Source\PSoC5/PGA_1.c ****     /* Disble power to the Amp in Active mode template */
 267              		.loc 1 165 0
 268              		.cfi_startproc
 269              		@ args = 0, pretend = 0, frame = 0
 270              		@ frame_needed = 0, uses_anonymous_args = 0
 271              		@ link register save eliminated.
 167:Generated_Source\PSoC5/PGA_1.c **** 
 272              		.loc 1 167 0
 273 0000 0549     		ldr	r1, .L14
 170:Generated_Source\PSoC5/PGA_1.c **** 
 274              		.loc 1 170 0
 275 0002 064A     		ldr	r2, .L14+4
 167:Generated_Source\PSoC5/PGA_1.c **** 
 276              		.loc 1 167 0
 277 0004 0B78     		ldrb	r3, [r1]	@ zero_extendqisi2
 278 0006 03F0FD03 		and	r3, r3, #253
 279 000a 0B70     		strb	r3, [r1]
 170:Generated_Source\PSoC5/PGA_1.c **** 
 280              		.loc 1 170 0
 281 000c 1378     		ldrb	r3, [r2]	@ zero_extendqisi2
 282 000e 03F0FD03 		and	r3, r3, #253
 283 0012 1370     		strb	r3, [r2]
 284 0014 7047     		bx	lr
 285              	.L15:
 286 0016 00BF     		.align	2
 287              	.L14:
 288 0018 A9430040 		.word	1073759145
 289 001c B9430040 		.word	1073759161
 290              		.cfi_endproc
 291              	.LFE3:
 292              		.size	PGA_1_Stop, .-PGA_1_Stop
 293              		.section	.text.PGA_1_SetPower,"ax",%progbits
 294              		.align	2
 295              		.global	PGA_1_SetPower
 296              		.thumb
 297              		.thumb_func
 298              		.type	PGA_1_SetPower, %function
 299              	PGA_1_SetPower:
 300              	.LFB4:
 211:Generated_Source\PSoC5/PGA_1.c ****     uint8 tmpCR;
 301              		.loc 1 211 0
 302              		.cfi_startproc
 303              		@ args = 0, pretend = 0, frame = 0
 304              		@ frame_needed = 0, uses_anonymous_args = 0
 305              		@ link register save eliminated.
 306              	.LVL8:
 214:Generated_Source\PSoC5/PGA_1.c ****     tmpCR |= (power & PGA_1_DRIVE_MASK);
 307              		.loc 1 214 0
 308 0000 044A     		ldr	r2, .L17
ARM GAS  C:\Users\larco\AppData\Local\Temp\ccqyk8Xk.s 			page 12


 215:Generated_Source\PSoC5/PGA_1.c ****     PGA_1_CR1_REG = tmpCR;  
 309              		.loc 1 215 0
 310 0002 00F00300 		and	r0, r0, #3
 311              	.LVL9:
 214:Generated_Source\PSoC5/PGA_1.c ****     tmpCR |= (power & PGA_1_DRIVE_MASK);
 312              		.loc 1 214 0
 313 0006 1378     		ldrb	r3, [r2]	@ zero_extendqisi2
 314 0008 03F0FC03 		and	r3, r3, #252
 315              	.LVL10:
 215:Generated_Source\PSoC5/PGA_1.c ****     PGA_1_CR1_REG = tmpCR;  
 316              		.loc 1 215 0
 317 000c 1843     		orrs	r0, r0, r3
 318              	.LVL11:
 216:Generated_Source\PSoC5/PGA_1.c **** }
 319              		.loc 1 216 0
 320 000e 1070     		strb	r0, [r2]
 321 0010 7047     		bx	lr
 322              	.L18:
 323 0012 00BF     		.align	2
 324              	.L17:
 325 0014 05580040 		.word	1073764357
 326              		.cfi_endproc
 327              	.LFE4:
 328              		.size	PGA_1_SetPower, .-PGA_1_SetPower
 329              		.section	.text.PGA_1_SetGain,"ax",%progbits
 330              		.align	2
 331              		.global	PGA_1_SetGain
 332              		.thumb
 333              		.thumb_func
 334              		.type	PGA_1_SetGain, %function
 335              	PGA_1_SetGain:
 336              	.LFB5:
 236:Generated_Source\PSoC5/PGA_1.c ****     /* Constant array for gain settings */
 337              		.loc 1 236 0
 338              		.cfi_startproc
 339              		@ args = 0, pretend = 0, frame = 24
 340              		@ frame_needed = 0, uses_anonymous_args = 0
 341              		@ link register save eliminated.
 342              	.LVL12:
 343 0000 70B4     		push	{r4, r5, r6}
 344              		.cfi_def_cfa_offset 12
 345              		.cfi_offset 4, -12
 346              		.cfi_offset 5, -8
 347              		.cfi_offset 6, -4
 238:Generated_Source\PSoC5/PGA_1.c ****         (PGA_1_RVAL_0K   | PGA_1_R20_40B_40K | PGA_1_BIAS_LOW), /* G=1  */
 348              		.loc 1 238 0
 349 0002 1A4D     		ldr	r5, .L22
 236:Generated_Source\PSoC5/PGA_1.c ****     /* Constant array for gain settings */
 350              		.loc 1 236 0
 351 0004 87B0     		sub	sp, sp, #28
 352              		.cfi_def_cfa_offset 40
 251:Generated_Source\PSoC5/PGA_1.c ****         ( PGA_1_COMP_4P35PF  | (uint8)( PGA_1_REDC_00 >> 2 )), /* G=1  */
 353              		.loc 1 251 0
 354 0006 2C46     		mov	r4, r5
 238:Generated_Source\PSoC5/PGA_1.c ****         (PGA_1_RVAL_0K   | PGA_1_R20_40B_40K | PGA_1_BIAS_LOW), /* G=1  */
 355              		.loc 1 238 0
 356 0008 6A46     		mov	r2, sp
ARM GAS  C:\Users\larco\AppData\Local\Temp\ccqyk8Xk.s 			page 13


 236:Generated_Source\PSoC5/PGA_1.c ****     /* Constant array for gain settings */
 357              		.loc 1 236 0
 358 000a 0646     		mov	r6, r0
 238:Generated_Source\PSoC5/PGA_1.c ****         (PGA_1_RVAL_0K   | PGA_1_R20_40B_40K | PGA_1_BIAS_LOW), /* G=1  */
 359              		.loc 1 238 0
 360 000c 6968     		ldr	r1, [r5, #4]	@ unaligned
 361 000e 2868     		ldr	r0, [r5]	@ unaligned
 362              	.LVL13:
 251:Generated_Source\PSoC5/PGA_1.c ****         ( PGA_1_COMP_4P35PF  | (uint8)( PGA_1_REDC_00 >> 2 )), /* G=1  */
 363              		.loc 1 251 0
 364 0010 03AB     		add	r3, sp, #12
 238:Generated_Source\PSoC5/PGA_1.c ****         (PGA_1_RVAL_0K   | PGA_1_R20_40B_40K | PGA_1_BIAS_LOW), /* G=1  */
 365              		.loc 1 238 0
 366 0012 03C2     		stmia	r2!, {r0, r1}
 251:Generated_Source\PSoC5/PGA_1.c ****         ( PGA_1_COMP_4P35PF  | (uint8)( PGA_1_REDC_00 >> 2 )), /* G=1  */
 367              		.loc 1 251 0
 368 0014 54F80C0F 		ldr	r0, [r4, #12]!	@ unaligned
 238:Generated_Source\PSoC5/PGA_1.c ****         (PGA_1_RVAL_0K   | PGA_1_R20_40B_40K | PGA_1_BIAS_LOW), /* G=1  */
 369              		.loc 1 238 0
 370 0018 2D7A     		ldrb	r5, [r5, #8]	@ zero_extendqisi2
 251:Generated_Source\PSoC5/PGA_1.c ****         ( PGA_1_COMP_4P35PF  | (uint8)( PGA_1_REDC_00 >> 2 )), /* G=1  */
 371              		.loc 1 251 0
 372 001a 6168     		ldr	r1, [r4, #4]	@ unaligned
 264:Generated_Source\PSoC5/PGA_1.c ****     {
 373              		.loc 1 264 0
 374 001c 082E     		cmp	r6, #8
 251:Generated_Source\PSoC5/PGA_1.c ****         ( PGA_1_COMP_4P35PF  | (uint8)( PGA_1_REDC_00 >> 2 )), /* G=1  */
 375              		.loc 1 251 0
 376 001e 03C3     		stmia	r3!, {r0, r1}
 377 0020 217A     		ldrb	r1, [r4, #8]	@ zero_extendqisi2
 238:Generated_Source\PSoC5/PGA_1.c ****         (PGA_1_RVAL_0K   | PGA_1_R20_40B_40K | PGA_1_BIAS_LOW), /* G=1  */
 378              		.loc 1 238 0
 379 0022 1570     		strb	r5, [r2]
 251:Generated_Source\PSoC5/PGA_1.c ****         ( PGA_1_COMP_4P35PF  | (uint8)( PGA_1_REDC_00 >> 2 )), /* G=1  */
 380              		.loc 1 251 0
 381 0024 1970     		strb	r1, [r3]
 264:Generated_Source\PSoC5/PGA_1.c ****     {
 382              		.loc 1 264 0
 383 0026 1ED8     		bhi	.L19
 267:Generated_Source\PSoC5/PGA_1.c ****                                 PGA_1_REDC_MASK | PGA_1_BIAS_MASK ));
 384              		.loc 1 267 0
 385 0028 114C     		ldr	r4, .L22+4
 272:Generated_Source\PSoC5/PGA_1.c **** 
 386              		.loc 1 272 0
 387 002a 06AB     		add	r3, sp, #24
 388 002c 1E44     		add	r6, r6, r3
 267:Generated_Source\PSoC5/PGA_1.c ****                                 PGA_1_REDC_MASK | PGA_1_BIAS_MASK ));
 389              		.loc 1 267 0
 390 002e 2378     		ldrb	r3, [r4]	@ zero_extendqisi2
 275:Generated_Source\PSoC5/PGA_1.c ****         /* Set sc_comp  */
 391              		.loc 1 275 0
 392 0030 1048     		ldr	r0, .L22+8
 267:Generated_Source\PSoC5/PGA_1.c ****                                 PGA_1_REDC_MASK | PGA_1_BIAS_MASK ));
 393              		.loc 1 267 0
 394 0032 03F08003 		and	r3, r3, #128
 395 0036 DBB2     		uxtb	r3, r3
 396 0038 2370     		strb	r3, [r4]
ARM GAS  C:\Users\larco\AppData\Local\Temp\ccqyk8Xk.s 			page 14


 271:Generated_Source\PSoC5/PGA_1.c ****                                 ((uint8)(PGA_1_GainComp[gain] << 2 ) & PGA_1_REDC_MASK));
 397              		.loc 1 271 0
 398 003a 16F80C1C 		ldrb	r1, [r6, #-12]	@ zero_extendqisi2
 399 003e 2378     		ldrb	r3, [r4]	@ zero_extendqisi2
 400 0040 16F8182C 		ldrb	r2, [r6, #-24]	@ zero_extendqisi2
 401 0044 8900     		lsls	r1, r1, #2
 402 0046 1343     		orrs	r3, r3, r2
 403 0048 01F00C01 		and	r1, r1, #12
 404 004c 0B43     		orrs	r3, r3, r1
 405 004e 2370     		strb	r3, [r4]
 275:Generated_Source\PSoC5/PGA_1.c ****         /* Set sc_comp  */
 406              		.loc 1 275 0
 407 0050 0378     		ldrb	r3, [r0]	@ zero_extendqisi2
 408 0052 03F0F303 		and	r3, r3, #243
 409 0056 0370     		strb	r3, [r0]
 410              		.loc 1 277 0
 411 0058 0378     		ldrb	r3, [r0]	@ zero_extendqisi2
 412 005a 16F80C2C 		ldrb	r2, [r6, #-12]	@ zero_extendqisi2
 413 005e 43F00C03 		orr	r3, r3, #12
 414 0062 1343     		orrs	r3, r3, r2
 415 0064 0370     		strb	r3, [r0]
 416              	.L19:
 278:Generated_Source\PSoC5/PGA_1.c ****     }
 279:Generated_Source\PSoC5/PGA_1.c **** }
 417              		.loc 1 279 0
 418 0066 07B0     		add	sp, sp, #28
 419              		.cfi_def_cfa_offset 12
 420              		@ sp needed
 421 0068 70BC     		pop	{r4, r5, r6}
 422              		.cfi_restore 6
 423              		.cfi_restore 5
 424              		.cfi_restore 4
 425              		.cfi_def_cfa_offset 0
 426 006a 7047     		bx	lr
 427              	.L23:
 428              		.align	2
 429              	.L22:
 430 006c 00000000 		.word	.LANCHOR1
 431 0070 06580040 		.word	1073764358
 432 0074 05580040 		.word	1073764357
 433              		.cfi_endproc
 434              	.LFE5:
 435              		.size	PGA_1_SetGain, .-PGA_1_SetGain
 436              		.global	PGA_1_initVar
 437              		.section	.rodata
 438              		.align	2
 439              		.set	.LANCHOR1,. + 0
 440              	.LC0:
 441 0000 01       		.byte	1
 442 0001 11       		.byte	17
 443 0002 21       		.byte	33
 444 0003 31       		.byte	49
 445 0004 41       		.byte	65
 446 0005 61       		.byte	97
 447 0006 53       		.byte	83
 448 0007 63       		.byte	99
 449 0008 73       		.byte	115
ARM GAS  C:\Users\larco\AppData\Local\Temp\ccqyk8Xk.s 			page 15


 450 0009 000000   		.space	3
 451              	.LC1:
 452 000c 08       		.byte	8
 453 000d 09       		.byte	9
 454 000e 01       		.byte	1
 455 000f 01       		.byte	1
 456 0010 05       		.byte	5
 457 0011 07       		.byte	7
 458 0012 07       		.byte	7
 459 0013 04       		.byte	4
 460 0014 04       		.byte	4
 461              		.bss
 462              		.set	.LANCHOR0,. + 0
 463              		.type	PGA_1_initVar, %object
 464              		.size	PGA_1_initVar, 1
 465              	PGA_1_initVar:
 466 0000 00       		.space	1
 467              		.text
 468              	.Letext0:
 469              		.file 2 "Generated_Source\\PSoC5\\cytypes.h"
 470              		.section	.debug_info,"",%progbits
 471              	.Ldebug_info0:
 472 0000 BF020000 		.4byte	0x2bf
 473 0004 0400     		.2byte	0x4
 474 0006 00000000 		.4byte	.Ldebug_abbrev0
 475 000a 04       		.byte	0x4
 476 000b 01       		.uleb128 0x1
 477 000c 2A010000 		.4byte	.LASF25
 478 0010 0C       		.byte	0xc
 479 0011 FD010000 		.4byte	.LASF26
 480 0015 17000000 		.4byte	.LASF27
 481 0019 30000000 		.4byte	.Ldebug_ranges0+0x30
 482 001d 00000000 		.4byte	0
 483 0021 00000000 		.4byte	.Ldebug_line0
 484 0025 02       		.uleb128 0x2
 485 0026 01       		.byte	0x1
 486 0027 06       		.byte	0x6
 487 0028 7D020000 		.4byte	.LASF0
 488 002c 02       		.uleb128 0x2
 489 002d 01       		.byte	0x1
 490 002e 08       		.byte	0x8
 491 002f DC000000 		.4byte	.LASF1
 492 0033 02       		.uleb128 0x2
 493 0034 02       		.byte	0x2
 494 0035 05       		.byte	0x5
 495 0036 4F020000 		.4byte	.LASF2
 496 003a 02       		.uleb128 0x2
 497 003b 02       		.byte	0x2
 498 003c 07       		.byte	0x7
 499 003d B0000000 		.4byte	.LASF3
 500 0041 02       		.uleb128 0x2
 501 0042 04       		.byte	0x4
 502 0043 05       		.byte	0x5
 503 0044 59020000 		.4byte	.LASF4
 504 0048 02       		.uleb128 0x2
 505 0049 04       		.byte	0x4
 506 004a 07       		.byte	0x7
ARM GAS  C:\Users\larco\AppData\Local\Temp\ccqyk8Xk.s 			page 16


 507 004b EF000000 		.4byte	.LASF5
 508 004f 02       		.uleb128 0x2
 509 0050 08       		.byte	0x8
 510 0051 05       		.byte	0x5
 511 0052 3C020000 		.4byte	.LASF6
 512 0056 02       		.uleb128 0x2
 513 0057 08       		.byte	0x8
 514 0058 07       		.byte	0x7
 515 0059 CB010000 		.4byte	.LASF7
 516 005d 03       		.uleb128 0x3
 517 005e 04       		.byte	0x4
 518 005f 05       		.byte	0x5
 519 0060 696E7400 		.ascii	"int\000"
 520 0064 02       		.uleb128 0x2
 521 0065 04       		.byte	0x4
 522 0066 07       		.byte	0x7
 523 0067 1D010000 		.4byte	.LASF8
 524 006b 04       		.uleb128 0x4
 525 006c 01010000 		.4byte	.LASF12
 526 0070 02       		.byte	0x2
 527 0071 E401     		.2byte	0x1e4
 528 0073 2C000000 		.4byte	0x2c
 529 0077 02       		.uleb128 0x2
 530 0078 04       		.byte	0x4
 531 0079 04       		.byte	0x4
 532 007a D6000000 		.4byte	.LASF9
 533 007e 02       		.uleb128 0x2
 534 007f 08       		.byte	0x8
 535 0080 04       		.byte	0x4
 536 0081 07010000 		.4byte	.LASF10
 537 0085 02       		.uleb128 0x2
 538 0086 01       		.byte	0x1
 539 0087 08       		.byte	0x8
 540 0088 4A020000 		.4byte	.LASF11
 541 008c 04       		.uleb128 0x4
 542 008d EA000000 		.4byte	.LASF13
 543 0091 02       		.byte	0x2
 544 0092 8E02     		.2byte	0x28e
 545 0094 98000000 		.4byte	0x98
 546 0098 05       		.uleb128 0x5
 547 0099 6B000000 		.4byte	0x6b
 548 009d 02       		.uleb128 0x2
 549 009e 08       		.byte	0x8
 550 009f 04       		.byte	0x4
 551 00a0 71020000 		.4byte	.LASF14
 552 00a4 02       		.uleb128 0x2
 553 00a5 04       		.byte	0x4
 554 00a6 07       		.byte	0x7
 555 00a7 33020000 		.4byte	.LASF15
 556 00ab 06       		.uleb128 0x6
 557 00ac 62020000 		.4byte	.LASF16
 558 00b0 01       		.byte	0x1
 559 00b1 D2       		.byte	0xd2
 560 00b2 01       		.byte	0x1
 561 00b3 CE000000 		.4byte	0xce
 562 00b7 07       		.uleb128 0x7
 563 00b8 2D020000 		.4byte	.LASF18
ARM GAS  C:\Users\larco\AppData\Local\Temp\ccqyk8Xk.s 			page 17


 564 00bc 01       		.byte	0x1
 565 00bd D2       		.byte	0xd2
 566 00be 6B000000 		.4byte	0x6b
 567 00c2 08       		.uleb128 0x8
 568 00c3 27020000 		.4byte	.LASF20
 569 00c7 01       		.byte	0x1
 570 00c8 D4       		.byte	0xd4
 571 00c9 6B000000 		.4byte	0x6b
 572 00cd 00       		.byte	0
 573 00ce 09       		.uleb128 0x9
 574 00cf E2010000 		.4byte	.LASF23
 575 00d3 01       		.byte	0x1
 576 00d4 4E       		.byte	0x4e
 577 00d5 01       		.byte	0x1
 578 00d6 06       		.uleb128 0x6
 579 00d7 EF010000 		.4byte	.LASF17
 580 00db 01       		.byte	0x1
 581 00dc EB       		.byte	0xeb
 582 00dd 01       		.byte	0x1
 583 00de 04010000 		.4byte	0x104
 584 00e2 07       		.uleb128 0x7
 585 00e3 C3000000 		.4byte	.LASF19
 586 00e7 01       		.byte	0x1
 587 00e8 EB       		.byte	0xeb
 588 00e9 6B000000 		.4byte	0x6b
 589 00ed 08       		.uleb128 0x8
 590 00ee A0000000 		.4byte	.LASF21
 591 00f2 01       		.byte	0x1
 592 00f3 EE       		.byte	0xee
 593 00f4 19010000 		.4byte	0x119
 594 00f8 08       		.uleb128 0x8
 595 00f9 0E010000 		.4byte	.LASF22
 596 00fd 01       		.byte	0x1
 597 00fe FB       		.byte	0xfb
 598 00ff 1E010000 		.4byte	0x11e
 599 0103 00       		.byte	0
 600 0104 0A       		.uleb128 0xa
 601 0105 14010000 		.4byte	0x114
 602 0109 14010000 		.4byte	0x114
 603 010d 0B       		.uleb128 0xb
 604 010e A4000000 		.4byte	0xa4
 605 0112 08       		.byte	0x8
 606 0113 00       		.byte	0
 607 0114 0C       		.uleb128 0xc
 608 0115 6B000000 		.4byte	0x6b
 609 0119 0C       		.uleb128 0xc
 610 011a 04010000 		.4byte	0x104
 611 011e 0C       		.uleb128 0xc
 612 011f 04010000 		.4byte	0x104
 613 0123 09       		.uleb128 0x9
 614 0124 1C020000 		.4byte	.LASF24
 615 0128 01       		.byte	0x1
 616 0129 31       		.byte	0x31
 617 012a 01       		.byte	0x1
 618 012b 0D       		.uleb128 0xd
 619 012c 23010000 		.4byte	0x123
 620 0130 00000000 		.4byte	.LFB0
ARM GAS  C:\Users\larco\AppData\Local\Temp\ccqyk8Xk.s 			page 18


 621 0134 48000000 		.4byte	.LFE0-.LFB0
 622 0138 01       		.uleb128 0x1
 623 0139 9C       		.byte	0x9c
 624 013a A4010000 		.4byte	0x1a4
 625 013e 0E       		.uleb128 0xe
 626 013f D6000000 		.4byte	0xd6
 627 0143 14000000 		.4byte	.LBB12
 628 0147 22000000 		.4byte	.LBE12-.LBB12
 629 014b 01       		.byte	0x1
 630 014c 3A       		.byte	0x3a
 631 014d 77010000 		.4byte	0x177
 632 0151 0F       		.uleb128 0xf
 633 0152 E2000000 		.4byte	0xe2
 634 0156 00000000 		.4byte	.LLST0
 635 015a 10       		.uleb128 0x10
 636 015b 14000000 		.4byte	.LBB13
 637 015f 22000000 		.4byte	.LBE13-.LBB13
 638 0163 11       		.uleb128 0x11
 639 0164 ED000000 		.4byte	0xed
 640 0168 14000000 		.4byte	.LLST1
 641 016c 11       		.uleb128 0x11
 642 016d F8000000 		.4byte	0xf8
 643 0171 2C000000 		.4byte	.LLST2
 644 0175 00       		.byte	0
 645 0176 00       		.byte	0
 646 0177 12       		.uleb128 0x12
 647 0178 AB000000 		.4byte	0xab
 648 017c 36000000 		.4byte	.LBB14
 649 0180 12000000 		.4byte	.LBE14-.LBB14
 650 0184 01       		.byte	0x1
 651 0185 3C       		.byte	0x3c
 652 0186 0F       		.uleb128 0xf
 653 0187 B7000000 		.4byte	0xb7
 654 018b 44000000 		.4byte	.LLST3
 655 018f 10       		.uleb128 0x10
 656 0190 36000000 		.4byte	.LBB15
 657 0194 12000000 		.4byte	.LBE15-.LBB15
 658 0198 11       		.uleb128 0x11
 659 0199 C2000000 		.4byte	0xc2
 660 019d 58000000 		.4byte	.LLST4
 661 01a1 00       		.byte	0
 662 01a2 00       		.byte	0
 663 01a3 00       		.byte	0
 664 01a4 13       		.uleb128 0x13
 665 01a5 CE000000 		.4byte	0xce
 666 01a9 00000000 		.4byte	.LFB1
 667 01ad 2C000000 		.4byte	.LFE1-.LFB1
 668 01b1 01       		.uleb128 0x1
 669 01b2 9C       		.byte	0x9c
 670 01b3 14       		.uleb128 0x14
 671 01b4 00000000 		.4byte	.LASF28
 672 01b8 01       		.byte	0x1
 673 01b9 86       		.byte	0x86
 674 01ba 00000000 		.4byte	.LFB2
 675 01be 80000000 		.4byte	.LFE2-.LFB2
 676 01c2 01       		.uleb128 0x1
 677 01c3 9C       		.byte	0x9c
ARM GAS  C:\Users\larco\AppData\Local\Temp\ccqyk8Xk.s 			page 19


 678 01c4 4D020000 		.4byte	0x24d
 679 01c8 15       		.uleb128 0x15
 680 01c9 23010000 		.4byte	0x123
 681 01cd 08000000 		.4byte	.LBB24
 682 01d1 00000000 		.4byte	.Ldebug_ranges0+0
 683 01d5 01       		.byte	0x1
 684 01d6 8E       		.byte	0x8e
 685 01d7 3D020000 		.4byte	0x23d
 686 01db 15       		.uleb128 0x15
 687 01dc D6000000 		.4byte	0xd6
 688 01e0 1A000000 		.4byte	.LBB26
 689 01e4 18000000 		.4byte	.Ldebug_ranges0+0x18
 690 01e8 01       		.byte	0x1
 691 01e9 3A       		.byte	0x3a
 692 01ea 10020000 		.4byte	0x210
 693 01ee 0F       		.uleb128 0xf
 694 01ef E2000000 		.4byte	0xe2
 695 01f3 6B000000 		.4byte	.LLST5
 696 01f7 16       		.uleb128 0x16
 697 01f8 18000000 		.4byte	.Ldebug_ranges0+0x18
 698 01fc 11       		.uleb128 0x11
 699 01fd ED000000 		.4byte	0xed
 700 0201 7F000000 		.4byte	.LLST6
 701 0205 11       		.uleb128 0x11
 702 0206 F8000000 		.4byte	0xf8
 703 020a 97000000 		.4byte	.LLST7
 704 020e 00       		.byte	0
 705 020f 00       		.byte	0
 706 0210 12       		.uleb128 0x12
 707 0211 AB000000 		.4byte	0xab
 708 0215 3C000000 		.4byte	.LBB30
 709 0219 08000000 		.4byte	.LBE30-.LBB30
 710 021d 01       		.byte	0x1
 711 021e 3C       		.byte	0x3c
 712 021f 0F       		.uleb128 0xf
 713 0220 B7000000 		.4byte	0xb7
 714 0224 AF000000 		.4byte	.LLST8
 715 0228 10       		.uleb128 0x10
 716 0229 3C000000 		.4byte	.LBB31
 717 022d 08000000 		.4byte	.LBE31-.LBB31
 718 0231 11       		.uleb128 0x11
 719 0232 C2000000 		.4byte	0xc2
 720 0236 C3000000 		.4byte	.LLST9
 721 023a 00       		.byte	0
 722 023b 00       		.byte	0
 723 023c 00       		.byte	0
 724 023d 17       		.uleb128 0x17
 725 023e CE000000 		.4byte	0xce
 726 0242 46000000 		.4byte	.LBB34
 727 0246 1E000000 		.4byte	.LBE34-.LBB34
 728 024a 01       		.byte	0x1
 729 024b 92       		.byte	0x92
 730 024c 00       		.byte	0
 731 024d 18       		.uleb128 0x18
 732 024e 0C000000 		.4byte	.LASF29
 733 0252 01       		.byte	0x1
 734 0253 A4       		.byte	0xa4
ARM GAS  C:\Users\larco\AppData\Local\Temp\ccqyk8Xk.s 			page 20


 735 0254 00000000 		.4byte	.LFB3
 736 0258 20000000 		.4byte	.LFE3-.LFB3
 737 025c 01       		.uleb128 0x1
 738 025d 9C       		.byte	0x9c
 739 025e 0D       		.uleb128 0xd
 740 025f AB000000 		.4byte	0xab
 741 0263 00000000 		.4byte	.LFB4
 742 0267 18000000 		.4byte	.LFE4-.LFB4
 743 026b 01       		.uleb128 0x1
 744 026c 9C       		.byte	0x9c
 745 026d 84020000 		.4byte	0x284
 746 0271 0F       		.uleb128 0xf
 747 0272 B7000000 		.4byte	0xb7
 748 0276 D6000000 		.4byte	.LLST10
 749 027a 11       		.uleb128 0x11
 750 027b C2000000 		.4byte	0xc2
 751 027f F7000000 		.4byte	.LLST11
 752 0283 00       		.byte	0
 753 0284 0D       		.uleb128 0xd
 754 0285 D6000000 		.4byte	0xd6
 755 0289 00000000 		.4byte	.LFB5
 756 028d 78000000 		.4byte	.LFE5-.LFB5
 757 0291 01       		.uleb128 0x1
 758 0292 9C       		.byte	0x9c
 759 0293 B1020000 		.4byte	0x2b1
 760 0297 0F       		.uleb128 0xf
 761 0298 E2000000 		.4byte	0xe2
 762 029c 15010000 		.4byte	.LLST12
 763 02a0 19       		.uleb128 0x19
 764 02a1 ED000000 		.4byte	0xed
 765 02a5 02       		.uleb128 0x2
 766 02a6 91       		.byte	0x91
 767 02a7 58       		.sleb128 -40
 768 02a8 19       		.uleb128 0x19
 769 02a9 F8000000 		.4byte	0xf8
 770 02ad 02       		.uleb128 0x2
 771 02ae 91       		.byte	0x91
 772 02af 64       		.sleb128 -28
 773 02b0 00       		.byte	0
 774 02b1 1A       		.uleb128 0x1a
 775 02b2 C8000000 		.4byte	.LASF30
 776 02b6 01       		.byte	0x1
 777 02b7 1E       		.byte	0x1e
 778 02b8 6B000000 		.4byte	0x6b
 779 02bc 05       		.uleb128 0x5
 780 02bd 03       		.byte	0x3
 781 02be 00000000 		.4byte	PGA_1_initVar
 782 02c2 00       		.byte	0
 783              		.section	.debug_abbrev,"",%progbits
 784              	.Ldebug_abbrev0:
 785 0000 01       		.uleb128 0x1
 786 0001 11       		.uleb128 0x11
 787 0002 01       		.byte	0x1
 788 0003 25       		.uleb128 0x25
 789 0004 0E       		.uleb128 0xe
 790 0005 13       		.uleb128 0x13
 791 0006 0B       		.uleb128 0xb
ARM GAS  C:\Users\larco\AppData\Local\Temp\ccqyk8Xk.s 			page 21


 792 0007 03       		.uleb128 0x3
 793 0008 0E       		.uleb128 0xe
 794 0009 1B       		.uleb128 0x1b
 795 000a 0E       		.uleb128 0xe
 796 000b 55       		.uleb128 0x55
 797 000c 17       		.uleb128 0x17
 798 000d 11       		.uleb128 0x11
 799 000e 01       		.uleb128 0x1
 800 000f 10       		.uleb128 0x10
 801 0010 17       		.uleb128 0x17
 802 0011 00       		.byte	0
 803 0012 00       		.byte	0
 804 0013 02       		.uleb128 0x2
 805 0014 24       		.uleb128 0x24
 806 0015 00       		.byte	0
 807 0016 0B       		.uleb128 0xb
 808 0017 0B       		.uleb128 0xb
 809 0018 3E       		.uleb128 0x3e
 810 0019 0B       		.uleb128 0xb
 811 001a 03       		.uleb128 0x3
 812 001b 0E       		.uleb128 0xe
 813 001c 00       		.byte	0
 814 001d 00       		.byte	0
 815 001e 03       		.uleb128 0x3
 816 001f 24       		.uleb128 0x24
 817 0020 00       		.byte	0
 818 0021 0B       		.uleb128 0xb
 819 0022 0B       		.uleb128 0xb
 820 0023 3E       		.uleb128 0x3e
 821 0024 0B       		.uleb128 0xb
 822 0025 03       		.uleb128 0x3
 823 0026 08       		.uleb128 0x8
 824 0027 00       		.byte	0
 825 0028 00       		.byte	0
 826 0029 04       		.uleb128 0x4
 827 002a 16       		.uleb128 0x16
 828 002b 00       		.byte	0
 829 002c 03       		.uleb128 0x3
 830 002d 0E       		.uleb128 0xe
 831 002e 3A       		.uleb128 0x3a
 832 002f 0B       		.uleb128 0xb
 833 0030 3B       		.uleb128 0x3b
 834 0031 05       		.uleb128 0x5
 835 0032 49       		.uleb128 0x49
 836 0033 13       		.uleb128 0x13
 837 0034 00       		.byte	0
 838 0035 00       		.byte	0
 839 0036 05       		.uleb128 0x5
 840 0037 35       		.uleb128 0x35
 841 0038 00       		.byte	0
 842 0039 49       		.uleb128 0x49
 843 003a 13       		.uleb128 0x13
 844 003b 00       		.byte	0
 845 003c 00       		.byte	0
 846 003d 06       		.uleb128 0x6
 847 003e 2E       		.uleb128 0x2e
 848 003f 01       		.byte	0x1
ARM GAS  C:\Users\larco\AppData\Local\Temp\ccqyk8Xk.s 			page 22


 849 0040 3F       		.uleb128 0x3f
 850 0041 19       		.uleb128 0x19
 851 0042 03       		.uleb128 0x3
 852 0043 0E       		.uleb128 0xe
 853 0044 3A       		.uleb128 0x3a
 854 0045 0B       		.uleb128 0xb
 855 0046 3B       		.uleb128 0x3b
 856 0047 0B       		.uleb128 0xb
 857 0048 27       		.uleb128 0x27
 858 0049 19       		.uleb128 0x19
 859 004a 20       		.uleb128 0x20
 860 004b 0B       		.uleb128 0xb
 861 004c 01       		.uleb128 0x1
 862 004d 13       		.uleb128 0x13
 863 004e 00       		.byte	0
 864 004f 00       		.byte	0
 865 0050 07       		.uleb128 0x7
 866 0051 05       		.uleb128 0x5
 867 0052 00       		.byte	0
 868 0053 03       		.uleb128 0x3
 869 0054 0E       		.uleb128 0xe
 870 0055 3A       		.uleb128 0x3a
 871 0056 0B       		.uleb128 0xb
 872 0057 3B       		.uleb128 0x3b
 873 0058 0B       		.uleb128 0xb
 874 0059 49       		.uleb128 0x49
 875 005a 13       		.uleb128 0x13
 876 005b 00       		.byte	0
 877 005c 00       		.byte	0
 878 005d 08       		.uleb128 0x8
 879 005e 34       		.uleb128 0x34
 880 005f 00       		.byte	0
 881 0060 03       		.uleb128 0x3
 882 0061 0E       		.uleb128 0xe
 883 0062 3A       		.uleb128 0x3a
 884 0063 0B       		.uleb128 0xb
 885 0064 3B       		.uleb128 0x3b
 886 0065 0B       		.uleb128 0xb
 887 0066 49       		.uleb128 0x49
 888 0067 13       		.uleb128 0x13
 889 0068 00       		.byte	0
 890 0069 00       		.byte	0
 891 006a 09       		.uleb128 0x9
 892 006b 2E       		.uleb128 0x2e
 893 006c 00       		.byte	0
 894 006d 3F       		.uleb128 0x3f
 895 006e 19       		.uleb128 0x19
 896 006f 03       		.uleb128 0x3
 897 0070 0E       		.uleb128 0xe
 898 0071 3A       		.uleb128 0x3a
 899 0072 0B       		.uleb128 0xb
 900 0073 3B       		.uleb128 0x3b
 901 0074 0B       		.uleb128 0xb
 902 0075 27       		.uleb128 0x27
 903 0076 19       		.uleb128 0x19
 904 0077 20       		.uleb128 0x20
 905 0078 0B       		.uleb128 0xb
ARM GAS  C:\Users\larco\AppData\Local\Temp\ccqyk8Xk.s 			page 23


 906 0079 00       		.byte	0
 907 007a 00       		.byte	0
 908 007b 0A       		.uleb128 0xa
 909 007c 01       		.uleb128 0x1
 910 007d 01       		.byte	0x1
 911 007e 49       		.uleb128 0x49
 912 007f 13       		.uleb128 0x13
 913 0080 01       		.uleb128 0x1
 914 0081 13       		.uleb128 0x13
 915 0082 00       		.byte	0
 916 0083 00       		.byte	0
 917 0084 0B       		.uleb128 0xb
 918 0085 21       		.uleb128 0x21
 919 0086 00       		.byte	0
 920 0087 49       		.uleb128 0x49
 921 0088 13       		.uleb128 0x13
 922 0089 2F       		.uleb128 0x2f
 923 008a 0B       		.uleb128 0xb
 924 008b 00       		.byte	0
 925 008c 00       		.byte	0
 926 008d 0C       		.uleb128 0xc
 927 008e 26       		.uleb128 0x26
 928 008f 00       		.byte	0
 929 0090 49       		.uleb128 0x49
 930 0091 13       		.uleb128 0x13
 931 0092 00       		.byte	0
 932 0093 00       		.byte	0
 933 0094 0D       		.uleb128 0xd
 934 0095 2E       		.uleb128 0x2e
 935 0096 01       		.byte	0x1
 936 0097 31       		.uleb128 0x31
 937 0098 13       		.uleb128 0x13
 938 0099 11       		.uleb128 0x11
 939 009a 01       		.uleb128 0x1
 940 009b 12       		.uleb128 0x12
 941 009c 06       		.uleb128 0x6
 942 009d 40       		.uleb128 0x40
 943 009e 18       		.uleb128 0x18
 944 009f 9742     		.uleb128 0x2117
 945 00a1 19       		.uleb128 0x19
 946 00a2 01       		.uleb128 0x1
 947 00a3 13       		.uleb128 0x13
 948 00a4 00       		.byte	0
 949 00a5 00       		.byte	0
 950 00a6 0E       		.uleb128 0xe
 951 00a7 1D       		.uleb128 0x1d
 952 00a8 01       		.byte	0x1
 953 00a9 31       		.uleb128 0x31
 954 00aa 13       		.uleb128 0x13
 955 00ab 11       		.uleb128 0x11
 956 00ac 01       		.uleb128 0x1
 957 00ad 12       		.uleb128 0x12
 958 00ae 06       		.uleb128 0x6
 959 00af 58       		.uleb128 0x58
 960 00b0 0B       		.uleb128 0xb
 961 00b1 59       		.uleb128 0x59
 962 00b2 0B       		.uleb128 0xb
ARM GAS  C:\Users\larco\AppData\Local\Temp\ccqyk8Xk.s 			page 24


 963 00b3 01       		.uleb128 0x1
 964 00b4 13       		.uleb128 0x13
 965 00b5 00       		.byte	0
 966 00b6 00       		.byte	0
 967 00b7 0F       		.uleb128 0xf
 968 00b8 05       		.uleb128 0x5
 969 00b9 00       		.byte	0
 970 00ba 31       		.uleb128 0x31
 971 00bb 13       		.uleb128 0x13
 972 00bc 02       		.uleb128 0x2
 973 00bd 17       		.uleb128 0x17
 974 00be 00       		.byte	0
 975 00bf 00       		.byte	0
 976 00c0 10       		.uleb128 0x10
 977 00c1 0B       		.uleb128 0xb
 978 00c2 01       		.byte	0x1
 979 00c3 11       		.uleb128 0x11
 980 00c4 01       		.uleb128 0x1
 981 00c5 12       		.uleb128 0x12
 982 00c6 06       		.uleb128 0x6
 983 00c7 00       		.byte	0
 984 00c8 00       		.byte	0
 985 00c9 11       		.uleb128 0x11
 986 00ca 34       		.uleb128 0x34
 987 00cb 00       		.byte	0
 988 00cc 31       		.uleb128 0x31
 989 00cd 13       		.uleb128 0x13
 990 00ce 02       		.uleb128 0x2
 991 00cf 17       		.uleb128 0x17
 992 00d0 00       		.byte	0
 993 00d1 00       		.byte	0
 994 00d2 12       		.uleb128 0x12
 995 00d3 1D       		.uleb128 0x1d
 996 00d4 01       		.byte	0x1
 997 00d5 31       		.uleb128 0x31
 998 00d6 13       		.uleb128 0x13
 999 00d7 11       		.uleb128 0x11
 1000 00d8 01       		.uleb128 0x1
 1001 00d9 12       		.uleb128 0x12
 1002 00da 06       		.uleb128 0x6
 1003 00db 58       		.uleb128 0x58
 1004 00dc 0B       		.uleb128 0xb
 1005 00dd 59       		.uleb128 0x59
 1006 00de 0B       		.uleb128 0xb
 1007 00df 00       		.byte	0
 1008 00e0 00       		.byte	0
 1009 00e1 13       		.uleb128 0x13
 1010 00e2 2E       		.uleb128 0x2e
 1011 00e3 00       		.byte	0
 1012 00e4 31       		.uleb128 0x31
 1013 00e5 13       		.uleb128 0x13
 1014 00e6 11       		.uleb128 0x11
 1015 00e7 01       		.uleb128 0x1
 1016 00e8 12       		.uleb128 0x12
 1017 00e9 06       		.uleb128 0x6
 1018 00ea 40       		.uleb128 0x40
 1019 00eb 18       		.uleb128 0x18
ARM GAS  C:\Users\larco\AppData\Local\Temp\ccqyk8Xk.s 			page 25


 1020 00ec 9742     		.uleb128 0x2117
 1021 00ee 19       		.uleb128 0x19
 1022 00ef 00       		.byte	0
 1023 00f0 00       		.byte	0
 1024 00f1 14       		.uleb128 0x14
 1025 00f2 2E       		.uleb128 0x2e
 1026 00f3 01       		.byte	0x1
 1027 00f4 3F       		.uleb128 0x3f
 1028 00f5 19       		.uleb128 0x19
 1029 00f6 03       		.uleb128 0x3
 1030 00f7 0E       		.uleb128 0xe
 1031 00f8 3A       		.uleb128 0x3a
 1032 00f9 0B       		.uleb128 0xb
 1033 00fa 3B       		.uleb128 0x3b
 1034 00fb 0B       		.uleb128 0xb
 1035 00fc 27       		.uleb128 0x27
 1036 00fd 19       		.uleb128 0x19
 1037 00fe 11       		.uleb128 0x11
 1038 00ff 01       		.uleb128 0x1
 1039 0100 12       		.uleb128 0x12
 1040 0101 06       		.uleb128 0x6
 1041 0102 40       		.uleb128 0x40
 1042 0103 18       		.uleb128 0x18
 1043 0104 9742     		.uleb128 0x2117
 1044 0106 19       		.uleb128 0x19
 1045 0107 01       		.uleb128 0x1
 1046 0108 13       		.uleb128 0x13
 1047 0109 00       		.byte	0
 1048 010a 00       		.byte	0
 1049 010b 15       		.uleb128 0x15
 1050 010c 1D       		.uleb128 0x1d
 1051 010d 01       		.byte	0x1
 1052 010e 31       		.uleb128 0x31
 1053 010f 13       		.uleb128 0x13
 1054 0110 52       		.uleb128 0x52
 1055 0111 01       		.uleb128 0x1
 1056 0112 55       		.uleb128 0x55
 1057 0113 17       		.uleb128 0x17
 1058 0114 58       		.uleb128 0x58
 1059 0115 0B       		.uleb128 0xb
 1060 0116 59       		.uleb128 0x59
 1061 0117 0B       		.uleb128 0xb
 1062 0118 01       		.uleb128 0x1
 1063 0119 13       		.uleb128 0x13
 1064 011a 00       		.byte	0
 1065 011b 00       		.byte	0
 1066 011c 16       		.uleb128 0x16
 1067 011d 0B       		.uleb128 0xb
 1068 011e 01       		.byte	0x1
 1069 011f 55       		.uleb128 0x55
 1070 0120 17       		.uleb128 0x17
 1071 0121 00       		.byte	0
 1072 0122 00       		.byte	0
 1073 0123 17       		.uleb128 0x17
 1074 0124 1D       		.uleb128 0x1d
 1075 0125 00       		.byte	0
 1076 0126 31       		.uleb128 0x31
ARM GAS  C:\Users\larco\AppData\Local\Temp\ccqyk8Xk.s 			page 26


 1077 0127 13       		.uleb128 0x13
 1078 0128 11       		.uleb128 0x11
 1079 0129 01       		.uleb128 0x1
 1080 012a 12       		.uleb128 0x12
 1081 012b 06       		.uleb128 0x6
 1082 012c 58       		.uleb128 0x58
 1083 012d 0B       		.uleb128 0xb
 1084 012e 59       		.uleb128 0x59
 1085 012f 0B       		.uleb128 0xb
 1086 0130 00       		.byte	0
 1087 0131 00       		.byte	0
 1088 0132 18       		.uleb128 0x18
 1089 0133 2E       		.uleb128 0x2e
 1090 0134 00       		.byte	0
 1091 0135 3F       		.uleb128 0x3f
 1092 0136 19       		.uleb128 0x19
 1093 0137 03       		.uleb128 0x3
 1094 0138 0E       		.uleb128 0xe
 1095 0139 3A       		.uleb128 0x3a
 1096 013a 0B       		.uleb128 0xb
 1097 013b 3B       		.uleb128 0x3b
 1098 013c 0B       		.uleb128 0xb
 1099 013d 27       		.uleb128 0x27
 1100 013e 19       		.uleb128 0x19
 1101 013f 11       		.uleb128 0x11
 1102 0140 01       		.uleb128 0x1
 1103 0141 12       		.uleb128 0x12
 1104 0142 06       		.uleb128 0x6
 1105 0143 40       		.uleb128 0x40
 1106 0144 18       		.uleb128 0x18
 1107 0145 9742     		.uleb128 0x2117
 1108 0147 19       		.uleb128 0x19
 1109 0148 00       		.byte	0
 1110 0149 00       		.byte	0
 1111 014a 19       		.uleb128 0x19
 1112 014b 34       		.uleb128 0x34
 1113 014c 00       		.byte	0
 1114 014d 31       		.uleb128 0x31
 1115 014e 13       		.uleb128 0x13
 1116 014f 02       		.uleb128 0x2
 1117 0150 18       		.uleb128 0x18
 1118 0151 00       		.byte	0
 1119 0152 00       		.byte	0
 1120 0153 1A       		.uleb128 0x1a
 1121 0154 34       		.uleb128 0x34
 1122 0155 00       		.byte	0
 1123 0156 03       		.uleb128 0x3
 1124 0157 0E       		.uleb128 0xe
 1125 0158 3A       		.uleb128 0x3a
 1126 0159 0B       		.uleb128 0xb
 1127 015a 3B       		.uleb128 0x3b
 1128 015b 0B       		.uleb128 0xb
 1129 015c 49       		.uleb128 0x49
 1130 015d 13       		.uleb128 0x13
 1131 015e 3F       		.uleb128 0x3f
 1132 015f 19       		.uleb128 0x19
 1133 0160 02       		.uleb128 0x2
ARM GAS  C:\Users\larco\AppData\Local\Temp\ccqyk8Xk.s 			page 27


 1134 0161 18       		.uleb128 0x18
 1135 0162 00       		.byte	0
 1136 0163 00       		.byte	0
 1137 0164 00       		.byte	0
 1138              		.section	.debug_loc,"",%progbits
 1139              	.Ldebug_loc0:
 1140              	.LLST0:
 1141 0000 14000000 		.4byte	.LVL0
 1142 0004 36000000 		.4byte	.LVL1
 1143 0008 0200     		.2byte	0x2
 1144 000a 30       		.byte	0x30
 1145 000b 9F       		.byte	0x9f
 1146 000c 00000000 		.4byte	0
 1147 0010 00000000 		.4byte	0
 1148              	.LLST1:
 1149 0014 14000000 		.4byte	.LVL0
 1150 0018 36000000 		.4byte	.LVL1
 1151 001c 0600     		.2byte	0x6
 1152 001e 31       		.byte	0x31
 1153 001f 9F       		.byte	0x9f
 1154 0020 93       		.byte	0x93
 1155 0021 01       		.uleb128 0x1
 1156 0022 93       		.byte	0x93
 1157 0023 08       		.uleb128 0x8
 1158 0024 00000000 		.4byte	0
 1159 0028 00000000 		.4byte	0
 1160              	.LLST2:
 1161 002c 14000000 		.4byte	.LVL0
 1162 0030 36000000 		.4byte	.LVL1
 1163 0034 0600     		.2byte	0x6
 1164 0036 38       		.byte	0x38
 1165 0037 9F       		.byte	0x9f
 1166 0038 93       		.byte	0x93
 1167 0039 01       		.uleb128 0x1
 1168 003a 93       		.byte	0x93
 1169 003b 08       		.uleb128 0x8
 1170 003c 00000000 		.4byte	0
 1171 0040 00000000 		.4byte	0
 1172              	.LLST3:
 1173 0044 36000000 		.4byte	.LVL1
 1174 0048 3E000000 		.4byte	.LVL3
 1175 004c 0200     		.2byte	0x2
 1176 004e 30       		.byte	0x30
 1177 004f 9F       		.byte	0x9f
 1178 0050 00000000 		.4byte	0
 1179 0054 00000000 		.4byte	0
 1180              	.LLST4:
 1181 0058 3C000000 		.4byte	.LVL2
 1182 005c 3E000000 		.4byte	.LVL3
 1183 0060 0100     		.2byte	0x1
 1184 0062 52       		.byte	0x52
 1185 0063 00000000 		.4byte	0
 1186 0067 00000000 		.4byte	0
 1187              	.LLST5:
 1188 006b 1A000000 		.4byte	.LVL4
 1189 006f 3C000000 		.4byte	.LVL5
 1190 0073 0200     		.2byte	0x2
ARM GAS  C:\Users\larco\AppData\Local\Temp\ccqyk8Xk.s 			page 28


 1191 0075 30       		.byte	0x30
 1192 0076 9F       		.byte	0x9f
 1193 0077 00000000 		.4byte	0
 1194 007b 00000000 		.4byte	0
 1195              	.LLST6:
 1196 007f 1A000000 		.4byte	.LVL4
 1197 0083 3C000000 		.4byte	.LVL5
 1198 0087 0600     		.2byte	0x6
 1199 0089 31       		.byte	0x31
 1200 008a 9F       		.byte	0x9f
 1201 008b 93       		.byte	0x93
 1202 008c 01       		.uleb128 0x1
 1203 008d 93       		.byte	0x93
 1204 008e 08       		.uleb128 0x8
 1205 008f 00000000 		.4byte	0
 1206 0093 00000000 		.4byte	0
 1207              	.LLST7:
 1208 0097 1A000000 		.4byte	.LVL4
 1209 009b 3C000000 		.4byte	.LVL5
 1210 009f 0600     		.2byte	0x6
 1211 00a1 38       		.byte	0x38
 1212 00a2 9F       		.byte	0x9f
 1213 00a3 93       		.byte	0x93
 1214 00a4 01       		.uleb128 0x1
 1215 00a5 93       		.byte	0x93
 1216 00a6 08       		.uleb128 0x8
 1217 00a7 00000000 		.4byte	0
 1218 00ab 00000000 		.4byte	0
 1219              	.LLST8:
 1220 00af 3C000000 		.4byte	.LVL5
 1221 00b3 44000000 		.4byte	.LVL7
 1222 00b7 0200     		.2byte	0x2
 1223 00b9 30       		.byte	0x30
 1224 00ba 9F       		.byte	0x9f
 1225 00bb 00000000 		.4byte	0
 1226 00bf 00000000 		.4byte	0
 1227              	.LLST9:
 1228 00c3 42000000 		.4byte	.LVL6
 1229 00c7 44000000 		.4byte	.LVL7
 1230 00cb 0100     		.2byte	0x1
 1231 00cd 51       		.byte	0x51
 1232 00ce 00000000 		.4byte	0
 1233 00d2 00000000 		.4byte	0
 1234              	.LLST10:
 1235 00d6 00000000 		.4byte	.LVL8
 1236 00da 06000000 		.4byte	.LVL9
 1237 00de 0100     		.2byte	0x1
 1238 00e0 50       		.byte	0x50
 1239 00e1 06000000 		.4byte	.LVL9
 1240 00e5 18000000 		.4byte	.LFE4
 1241 00e9 0400     		.2byte	0x4
 1242 00eb F3       		.byte	0xf3
 1243 00ec 01       		.uleb128 0x1
 1244 00ed 50       		.byte	0x50
 1245 00ee 9F       		.byte	0x9f
 1246 00ef 00000000 		.4byte	0
 1247 00f3 00000000 		.4byte	0
ARM GAS  C:\Users\larco\AppData\Local\Temp\ccqyk8Xk.s 			page 29


 1248              	.LLST11:
 1249 00f7 0C000000 		.4byte	.LVL10
 1250 00fb 0E000000 		.4byte	.LVL11
 1251 00ff 0100     		.2byte	0x1
 1252 0101 53       		.byte	0x53
 1253 0102 0E000000 		.4byte	.LVL11
 1254 0106 18000000 		.4byte	.LFE4
 1255 010a 0100     		.2byte	0x1
 1256 010c 50       		.byte	0x50
 1257 010d 00000000 		.4byte	0
 1258 0111 00000000 		.4byte	0
 1259              	.LLST12:
 1260 0115 00000000 		.4byte	.LVL12
 1261 0119 10000000 		.4byte	.LVL13
 1262 011d 0100     		.2byte	0x1
 1263 011f 50       		.byte	0x50
 1264 0120 10000000 		.4byte	.LVL13
 1265 0124 78000000 		.4byte	.LFE5
 1266 0128 0400     		.2byte	0x4
 1267 012a F3       		.byte	0xf3
 1268 012b 01       		.uleb128 0x1
 1269 012c 50       		.byte	0x50
 1270 012d 9F       		.byte	0x9f
 1271 012e 00000000 		.4byte	0
 1272 0132 00000000 		.4byte	0
 1273              		.section	.debug_aranges,"",%progbits
 1274 0000 44000000 		.4byte	0x44
 1275 0004 0200     		.2byte	0x2
 1276 0006 00000000 		.4byte	.Ldebug_info0
 1277 000a 04       		.byte	0x4
 1278 000b 00       		.byte	0
 1279 000c 0000     		.2byte	0
 1280 000e 0000     		.2byte	0
 1281 0010 00000000 		.4byte	.LFB0
 1282 0014 48000000 		.4byte	.LFE0-.LFB0
 1283 0018 00000000 		.4byte	.LFB1
 1284 001c 2C000000 		.4byte	.LFE1-.LFB1
 1285 0020 00000000 		.4byte	.LFB2
 1286 0024 80000000 		.4byte	.LFE2-.LFB2
 1287 0028 00000000 		.4byte	.LFB3
 1288 002c 20000000 		.4byte	.LFE3-.LFB3
 1289 0030 00000000 		.4byte	.LFB4
 1290 0034 18000000 		.4byte	.LFE4-.LFB4
 1291 0038 00000000 		.4byte	.LFB5
 1292 003c 78000000 		.4byte	.LFE5-.LFB5
 1293 0040 00000000 		.4byte	0
 1294 0044 00000000 		.4byte	0
 1295              		.section	.debug_ranges,"",%progbits
 1296              	.Ldebug_ranges0:
 1297 0000 08000000 		.4byte	.LBB24
 1298 0004 1C000000 		.4byte	.LBE24
 1299 0008 1E000000 		.4byte	.LBB33
 1300 000c 44000000 		.4byte	.LBE33
 1301 0010 00000000 		.4byte	0
 1302 0014 00000000 		.4byte	0
 1303 0018 1A000000 		.4byte	.LBB26
 1304 001c 1C000000 		.4byte	.LBE26
ARM GAS  C:\Users\larco\AppData\Local\Temp\ccqyk8Xk.s 			page 30


 1305 0020 1E000000 		.4byte	.LBB29
 1306 0024 3C000000 		.4byte	.LBE29
 1307 0028 00000000 		.4byte	0
 1308 002c 00000000 		.4byte	0
 1309 0030 00000000 		.4byte	.LFB0
 1310 0034 48000000 		.4byte	.LFE0
 1311 0038 00000000 		.4byte	.LFB1
 1312 003c 2C000000 		.4byte	.LFE1
 1313 0040 00000000 		.4byte	.LFB2
 1314 0044 80000000 		.4byte	.LFE2
 1315 0048 00000000 		.4byte	.LFB3
 1316 004c 20000000 		.4byte	.LFE3
 1317 0050 00000000 		.4byte	.LFB4
 1318 0054 18000000 		.4byte	.LFE4
 1319 0058 00000000 		.4byte	.LFB5
 1320 005c 78000000 		.4byte	.LFE5
 1321 0060 00000000 		.4byte	0
 1322 0064 00000000 		.4byte	0
 1323              		.section	.debug_line,"",%progbits
 1324              	.Ldebug_line0:
 1325 0000 2A010000 		.section	.debug_str,"MS",%progbits,1
 1325      02004200 
 1325      00000201 
 1325      FB0E0D00 
 1325      01010101 
 1326              	.LASF28:
 1327 0000 5047415F 		.ascii	"PGA_1_Start\000"
 1327      315F5374 
 1327      61727400 
 1328              	.LASF29:
 1329 000c 5047415F 		.ascii	"PGA_1_Stop\000"
 1329      315F5374 
 1329      6F7000
 1330              	.LASF27:
 1331 0017 443A5C44 		.ascii	"D:\\Dropbox\\DEVELOPMENT\\Audio visualizations\\Aud"
 1331      726F7062 
 1331      6F785C44 
 1331      4556454C 
 1331      4F504D45 
 1332 0046 696F2073 		.ascii	"io spectrum analyzer zebrawood\\Firmware\\audioSpec"
 1332      70656374 
 1332      72756D20 
 1332      616E616C 
 1332      797A6572 
 1333 0077 7472756D 		.ascii	"trumAnalyzer\\audioSpectrumAnalyzer.cydsn\000"
 1333      416E616C 
 1333      797A6572 
 1333      5C617564 
 1333      696F5370 
 1334              	.LASF21:
 1335 00a0 5047415F 		.ascii	"PGA_1_GainArray\000"
 1335      315F4761 
 1335      696E4172 
 1335      72617900 
 1336              	.LASF3:
 1337 00b0 73686F72 		.ascii	"short unsigned int\000"
 1337      7420756E 
ARM GAS  C:\Users\larco\AppData\Local\Temp\ccqyk8Xk.s 			page 31


 1337      7369676E 
 1337      65642069 
 1337      6E7400
 1338              	.LASF19:
 1339 00c3 6761696E 		.ascii	"gain\000"
 1339      00
 1340              	.LASF30:
 1341 00c8 5047415F 		.ascii	"PGA_1_initVar\000"
 1341      315F696E 
 1341      69745661 
 1341      7200
 1342              	.LASF9:
 1343 00d6 666C6F61 		.ascii	"float\000"
 1343      7400
 1344              	.LASF1:
 1345 00dc 756E7369 		.ascii	"unsigned char\000"
 1345      676E6564 
 1345      20636861 
 1345      7200
 1346              	.LASF13:
 1347 00ea 72656738 		.ascii	"reg8\000"
 1347      00
 1348              	.LASF5:
 1349 00ef 6C6F6E67 		.ascii	"long unsigned int\000"
 1349      20756E73 
 1349      69676E65 
 1349      6420696E 
 1349      7400
 1350              	.LASF12:
 1351 0101 75696E74 		.ascii	"uint8\000"
 1351      3800
 1352              	.LASF10:
 1353 0107 646F7562 		.ascii	"double\000"
 1353      6C6500
 1354              	.LASF22:
 1355 010e 5047415F 		.ascii	"PGA_1_GainComp\000"
 1355      315F4761 
 1355      696E436F 
 1355      6D7000
 1356              	.LASF8:
 1357 011d 756E7369 		.ascii	"unsigned int\000"
 1357      676E6564 
 1357      20696E74 
 1357      00
 1358              	.LASF25:
 1359 012a 474E5520 		.ascii	"GNU C11 5.4.1 20160609 (release) [ARM/embedded-5-br"
 1359      43313120 
 1359      352E342E 
 1359      31203230 
 1359      31363036 
 1360 015d 616E6368 		.ascii	"anch revision 237715] -mcpu=cortex-m3 -mthumb -g -O"
 1360      20726576 
 1360      6973696F 
 1360      6E203233 
 1360      37373135 
 1361 0190 33202D66 		.ascii	"3 -ffunction-sections -ffat-lto-objects -finline-fu"
 1361      66756E63 
ARM GAS  C:\Users\larco\AppData\Local\Temp\ccqyk8Xk.s 			page 32


 1361      74696F6E 
 1361      2D736563 
 1361      74696F6E 
 1362 01c3 6E637469 		.ascii	"nctions\000"
 1362      6F6E7300 
 1363              	.LASF7:
 1364 01cb 6C6F6E67 		.ascii	"long long unsigned int\000"
 1364      206C6F6E 
 1364      6720756E 
 1364      7369676E 
 1364      65642069 
 1365              	.LASF23:
 1366 01e2 5047415F 		.ascii	"PGA_1_Enable\000"
 1366      315F456E 
 1366      61626C65 
 1366      00
 1367              	.LASF17:
 1368 01ef 5047415F 		.ascii	"PGA_1_SetGain\000"
 1368      315F5365 
 1368      74476169 
 1368      6E00
 1369              	.LASF26:
 1370 01fd 47656E65 		.ascii	"Generated_Source\\PSoC5\\PGA_1.c\000"
 1370      72617465 
 1370      645F536F 
 1370      75726365 
 1370      5C50536F 
 1371              	.LASF24:
 1372 021c 5047415F 		.ascii	"PGA_1_Init\000"
 1372      315F496E 
 1372      697400
 1373              	.LASF20:
 1374 0227 746D7043 		.ascii	"tmpCR\000"
 1374      5200
 1375              	.LASF18:
 1376 022d 706F7765 		.ascii	"power\000"
 1376      7200
 1377              	.LASF15:
 1378 0233 73697A65 		.ascii	"sizetype\000"
 1378      74797065 
 1378      00
 1379              	.LASF6:
 1380 023c 6C6F6E67 		.ascii	"long long int\000"
 1380      206C6F6E 
 1380      6720696E 
 1380      7400
 1381              	.LASF11:
 1382 024a 63686172 		.ascii	"char\000"
 1382      00
 1383              	.LASF2:
 1384 024f 73686F72 		.ascii	"short int\000"
 1384      7420696E 
 1384      7400
 1385              	.LASF4:
 1386 0259 6C6F6E67 		.ascii	"long int\000"
 1386      20696E74 
 1386      00
ARM GAS  C:\Users\larco\AppData\Local\Temp\ccqyk8Xk.s 			page 33


 1387              	.LASF16:
 1388 0262 5047415F 		.ascii	"PGA_1_SetPower\000"
 1388      315F5365 
 1388      74506F77 
 1388      657200
 1389              	.LASF14:
 1390 0271 6C6F6E67 		.ascii	"long double\000"
 1390      20646F75 
 1390      626C6500 
 1391              	.LASF0:
 1392 027d 7369676E 		.ascii	"signed char\000"
 1392      65642063 
 1392      68617200 
 1393              		.ident	"GCC: (GNU Tools for ARM Embedded Processors) 5.4.1 20160609 (release) [ARM/embedded-5-bran
