ARM GAS  C:\Users\larco\AppData\Local\Temp\cc8faOvU.s 			page 1


   1              		.syntax unified
   2              		.cpu cortex-m3
   3              		.fpu softvfp
   4              		.eabi_attribute 20, 1
   5              		.eabi_attribute 21, 1
   6              		.eabi_attribute 23, 3
   7              		.eabi_attribute 24, 1
   8              		.eabi_attribute 25, 1
   9              		.eabi_attribute 26, 1
  10              		.eabi_attribute 30, 2
  11              		.eabi_attribute 34, 1
  12              		.eabi_attribute 18, 4
  13              		.thumb
  14              		.syntax unified
  15              		.file	"SPI_adc_PM.c"
  16              		.text
  17              	.Ltext0:
  18              		.cfi_sections	.debug_frame
  19              		.section	.text.SPI_adc_SaveConfig,"ax",%progbits
  20              		.align	2
  21              		.global	SPI_adc_SaveConfig
  22              		.thumb
  23              		.thumb_func
  24              		.type	SPI_adc_SaveConfig, %function
  25              	SPI_adc_SaveConfig:
  26              	.LFB5:
  27              		.cfi_startproc
  28              		@ args = 0, pretend = 0, frame = 0
  29              		@ frame_needed = 0, uses_anonymous_args = 0
  30              		@ link register save eliminated.
  31 0000 7047     		bx	lr
  32              		.cfi_endproc
  33              	.LFE5:
  34              		.size	SPI_adc_SaveConfig, .-SPI_adc_SaveConfig
  35 0002 00BF     		.section	.text.SPI_adc_RestoreConfig,"ax",%progbits
  36              		.align	2
  37              		.global	SPI_adc_RestoreConfig
  38              		.thumb
  39              		.thumb_func
  40              		.type	SPI_adc_RestoreConfig, %function
  41              	SPI_adc_RestoreConfig:
  42              	.LFB1:
  43              		.file 1 "Generated_Source\\PSoC5\\SPI_adc_PM.c"
   1:Generated_Source\PSoC5/SPI_adc_PM.c **** /*******************************************************************************
   2:Generated_Source\PSoC5/SPI_adc_PM.c **** * File Name: SPI_adc_PM.c
   3:Generated_Source\PSoC5/SPI_adc_PM.c **** * Version 2.50
   4:Generated_Source\PSoC5/SPI_adc_PM.c **** *
   5:Generated_Source\PSoC5/SPI_adc_PM.c **** * Description:
   6:Generated_Source\PSoC5/SPI_adc_PM.c **** *  This file contains the setup, control and status commands to support
   7:Generated_Source\PSoC5/SPI_adc_PM.c **** *  component operations in low power mode.
   8:Generated_Source\PSoC5/SPI_adc_PM.c **** *
   9:Generated_Source\PSoC5/SPI_adc_PM.c **** * Note:
  10:Generated_Source\PSoC5/SPI_adc_PM.c **** *
  11:Generated_Source\PSoC5/SPI_adc_PM.c **** ********************************************************************************
  12:Generated_Source\PSoC5/SPI_adc_PM.c **** * Copyright 2008-2015, Cypress Semiconductor Corporation.  All rights reserved.
  13:Generated_Source\PSoC5/SPI_adc_PM.c **** * You may use this file only in accordance with the license, terms, conditions,
  14:Generated_Source\PSoC5/SPI_adc_PM.c **** * disclaimers, and limitations in the end user license agreement accompanying
ARM GAS  C:\Users\larco\AppData\Local\Temp\cc8faOvU.s 			page 2


  15:Generated_Source\PSoC5/SPI_adc_PM.c **** * the software package with which this file was provided.
  16:Generated_Source\PSoC5/SPI_adc_PM.c **** *******************************************************************************/
  17:Generated_Source\PSoC5/SPI_adc_PM.c **** 
  18:Generated_Source\PSoC5/SPI_adc_PM.c **** #include "SPI_adc_PVT.h"
  19:Generated_Source\PSoC5/SPI_adc_PM.c **** 
  20:Generated_Source\PSoC5/SPI_adc_PM.c **** static SPI_adc_BACKUP_STRUCT SPI_adc_backup =
  21:Generated_Source\PSoC5/SPI_adc_PM.c **** {
  22:Generated_Source\PSoC5/SPI_adc_PM.c ****     SPI_adc_DISABLED,
  23:Generated_Source\PSoC5/SPI_adc_PM.c ****     SPI_adc_BITCTR_INIT,
  24:Generated_Source\PSoC5/SPI_adc_PM.c **** };
  25:Generated_Source\PSoC5/SPI_adc_PM.c **** 
  26:Generated_Source\PSoC5/SPI_adc_PM.c **** 
  27:Generated_Source\PSoC5/SPI_adc_PM.c **** /*******************************************************************************
  28:Generated_Source\PSoC5/SPI_adc_PM.c **** * Function Name: SPI_adc_SaveConfig
  29:Generated_Source\PSoC5/SPI_adc_PM.c **** ********************************************************************************
  30:Generated_Source\PSoC5/SPI_adc_PM.c **** *
  31:Generated_Source\PSoC5/SPI_adc_PM.c **** * Summary:
  32:Generated_Source\PSoC5/SPI_adc_PM.c **** *  Empty function. Included for consistency with other components.
  33:Generated_Source\PSoC5/SPI_adc_PM.c **** *
  34:Generated_Source\PSoC5/SPI_adc_PM.c **** * Parameters:
  35:Generated_Source\PSoC5/SPI_adc_PM.c **** *  None.
  36:Generated_Source\PSoC5/SPI_adc_PM.c **** *
  37:Generated_Source\PSoC5/SPI_adc_PM.c **** * Return:
  38:Generated_Source\PSoC5/SPI_adc_PM.c **** *  None.
  39:Generated_Source\PSoC5/SPI_adc_PM.c **** *
  40:Generated_Source\PSoC5/SPI_adc_PM.c **** *******************************************************************************/
  41:Generated_Source\PSoC5/SPI_adc_PM.c **** void SPI_adc_SaveConfig(void) 
  42:Generated_Source\PSoC5/SPI_adc_PM.c **** {
  43:Generated_Source\PSoC5/SPI_adc_PM.c **** 
  44:Generated_Source\PSoC5/SPI_adc_PM.c **** }
  45:Generated_Source\PSoC5/SPI_adc_PM.c **** 
  46:Generated_Source\PSoC5/SPI_adc_PM.c **** 
  47:Generated_Source\PSoC5/SPI_adc_PM.c **** /*******************************************************************************
  48:Generated_Source\PSoC5/SPI_adc_PM.c **** * Function Name: SPI_adc_RestoreConfig
  49:Generated_Source\PSoC5/SPI_adc_PM.c **** ********************************************************************************
  50:Generated_Source\PSoC5/SPI_adc_PM.c **** *
  51:Generated_Source\PSoC5/SPI_adc_PM.c **** * Summary:
  52:Generated_Source\PSoC5/SPI_adc_PM.c **** *  Empty function. Included for consistency with other components.
  53:Generated_Source\PSoC5/SPI_adc_PM.c **** *
  54:Generated_Source\PSoC5/SPI_adc_PM.c **** * Parameters:
  55:Generated_Source\PSoC5/SPI_adc_PM.c **** *  None.
  56:Generated_Source\PSoC5/SPI_adc_PM.c **** *
  57:Generated_Source\PSoC5/SPI_adc_PM.c **** * Return:
  58:Generated_Source\PSoC5/SPI_adc_PM.c **** *  None.
  59:Generated_Source\PSoC5/SPI_adc_PM.c **** *
  60:Generated_Source\PSoC5/SPI_adc_PM.c **** *******************************************************************************/
  61:Generated_Source\PSoC5/SPI_adc_PM.c **** void SPI_adc_RestoreConfig(void) 
  62:Generated_Source\PSoC5/SPI_adc_PM.c **** {
  44              		.loc 1 62 0
  45              		.cfi_startproc
  46              		@ args = 0, pretend = 0, frame = 0
  47              		@ frame_needed = 0, uses_anonymous_args = 0
  48              		@ link register save eliminated.
  49 0000 7047     		bx	lr
  50              		.cfi_endproc
  51              	.LFE1:
  52              		.size	SPI_adc_RestoreConfig, .-SPI_adc_RestoreConfig
ARM GAS  C:\Users\larco\AppData\Local\Temp\cc8faOvU.s 			page 3


  53 0002 00BF     		.section	.text.SPI_adc_Sleep,"ax",%progbits
  54              		.align	2
  55              		.global	SPI_adc_Sleep
  56              		.thumb
  57              		.thumb_func
  58              		.type	SPI_adc_Sleep, %function
  59              	SPI_adc_Sleep:
  60              	.LFB2:
  63:Generated_Source\PSoC5/SPI_adc_PM.c **** 
  64:Generated_Source\PSoC5/SPI_adc_PM.c **** }
  65:Generated_Source\PSoC5/SPI_adc_PM.c **** 
  66:Generated_Source\PSoC5/SPI_adc_PM.c **** 
  67:Generated_Source\PSoC5/SPI_adc_PM.c **** /*******************************************************************************
  68:Generated_Source\PSoC5/SPI_adc_PM.c **** * Function Name: SPI_adc_Sleep
  69:Generated_Source\PSoC5/SPI_adc_PM.c **** ********************************************************************************
  70:Generated_Source\PSoC5/SPI_adc_PM.c **** *
  71:Generated_Source\PSoC5/SPI_adc_PM.c **** * Summary:
  72:Generated_Source\PSoC5/SPI_adc_PM.c **** *  Prepare SPIM Component goes to sleep.
  73:Generated_Source\PSoC5/SPI_adc_PM.c **** *
  74:Generated_Source\PSoC5/SPI_adc_PM.c **** * Parameters:
  75:Generated_Source\PSoC5/SPI_adc_PM.c **** *  None.
  76:Generated_Source\PSoC5/SPI_adc_PM.c **** *
  77:Generated_Source\PSoC5/SPI_adc_PM.c **** * Return:
  78:Generated_Source\PSoC5/SPI_adc_PM.c **** *  None.
  79:Generated_Source\PSoC5/SPI_adc_PM.c **** *
  80:Generated_Source\PSoC5/SPI_adc_PM.c **** * Global Variables:
  81:Generated_Source\PSoC5/SPI_adc_PM.c **** *  SPI_adc_backup - modified when non-retention registers are saved.
  82:Generated_Source\PSoC5/SPI_adc_PM.c **** *
  83:Generated_Source\PSoC5/SPI_adc_PM.c **** * Reentrant:
  84:Generated_Source\PSoC5/SPI_adc_PM.c **** *  No.
  85:Generated_Source\PSoC5/SPI_adc_PM.c **** *
  86:Generated_Source\PSoC5/SPI_adc_PM.c **** *******************************************************************************/
  87:Generated_Source\PSoC5/SPI_adc_PM.c **** void SPI_adc_Sleep(void) 
  88:Generated_Source\PSoC5/SPI_adc_PM.c **** {
  61              		.loc 1 88 0
  62              		.cfi_startproc
  63              		@ args = 0, pretend = 0, frame = 0
  64              		@ frame_needed = 0, uses_anonymous_args = 0
  65              		@ link register save eliminated.
  89:Generated_Source\PSoC5/SPI_adc_PM.c ****     /* Save components enable state */
  90:Generated_Source\PSoC5/SPI_adc_PM.c ****     SPI_adc_backup.enableState = ((uint8) SPI_adc_IS_ENABLED);
  66              		.loc 1 90 0
  67 0000 034B     		ldr	r3, .L4
  68 0002 044A     		ldr	r2, .L4+4
  69 0004 1B78     		ldrb	r3, [r3]	@ zero_extendqisi2
  70 0006 C3F30013 		ubfx	r3, r3, #4, #1
  71 000a 1370     		strb	r3, [r2]
  91:Generated_Source\PSoC5/SPI_adc_PM.c **** 
  92:Generated_Source\PSoC5/SPI_adc_PM.c ****     SPI_adc_Stop();
  72              		.loc 1 92 0
  73 000c FFF7FEBF 		b	SPI_adc_Stop
  74              	.LVL0:
  75              	.L5:
  76              		.align	2
  77              	.L4:
  78 0010 94650040 		.word	1073767828
  79 0014 00000000 		.word	.LANCHOR0
ARM GAS  C:\Users\larco\AppData\Local\Temp\cc8faOvU.s 			page 4


  80              		.cfi_endproc
  81              	.LFE2:
  82              		.size	SPI_adc_Sleep, .-SPI_adc_Sleep
  83              		.section	.text.SPI_adc_Wakeup,"ax",%progbits
  84              		.align	2
  85              		.global	SPI_adc_Wakeup
  86              		.thumb
  87              		.thumb_func
  88              		.type	SPI_adc_Wakeup, %function
  89              	SPI_adc_Wakeup:
  90              	.LFB3:
  93:Generated_Source\PSoC5/SPI_adc_PM.c **** }
  94:Generated_Source\PSoC5/SPI_adc_PM.c **** 
  95:Generated_Source\PSoC5/SPI_adc_PM.c **** 
  96:Generated_Source\PSoC5/SPI_adc_PM.c **** /*******************************************************************************
  97:Generated_Source\PSoC5/SPI_adc_PM.c **** * Function Name: SPI_adc_Wakeup
  98:Generated_Source\PSoC5/SPI_adc_PM.c **** ********************************************************************************
  99:Generated_Source\PSoC5/SPI_adc_PM.c **** *
 100:Generated_Source\PSoC5/SPI_adc_PM.c **** * Summary:
 101:Generated_Source\PSoC5/SPI_adc_PM.c **** *  Prepare SPIM Component to wake up.
 102:Generated_Source\PSoC5/SPI_adc_PM.c **** *
 103:Generated_Source\PSoC5/SPI_adc_PM.c **** * Parameters:
 104:Generated_Source\PSoC5/SPI_adc_PM.c **** *  None.
 105:Generated_Source\PSoC5/SPI_adc_PM.c **** *
 106:Generated_Source\PSoC5/SPI_adc_PM.c **** * Return:
 107:Generated_Source\PSoC5/SPI_adc_PM.c **** *  None.
 108:Generated_Source\PSoC5/SPI_adc_PM.c **** *
 109:Generated_Source\PSoC5/SPI_adc_PM.c **** * Global Variables:
 110:Generated_Source\PSoC5/SPI_adc_PM.c **** *  SPI_adc_backup - used when non-retention registers are restored.
 111:Generated_Source\PSoC5/SPI_adc_PM.c **** *  SPI_adc_txBufferWrite - modified every function call - resets to
 112:Generated_Source\PSoC5/SPI_adc_PM.c **** *  zero.
 113:Generated_Source\PSoC5/SPI_adc_PM.c **** *  SPI_adc_txBufferRead - modified every function call - resets to
 114:Generated_Source\PSoC5/SPI_adc_PM.c **** *  zero.
 115:Generated_Source\PSoC5/SPI_adc_PM.c **** *  SPI_adc_rxBufferWrite - modified every function call - resets to
 116:Generated_Source\PSoC5/SPI_adc_PM.c **** *  zero.
 117:Generated_Source\PSoC5/SPI_adc_PM.c **** *  SPI_adc_rxBufferRead - modified every function call - resets to
 118:Generated_Source\PSoC5/SPI_adc_PM.c **** *  zero.
 119:Generated_Source\PSoC5/SPI_adc_PM.c **** *
 120:Generated_Source\PSoC5/SPI_adc_PM.c **** * Reentrant:
 121:Generated_Source\PSoC5/SPI_adc_PM.c **** *  No.
 122:Generated_Source\PSoC5/SPI_adc_PM.c **** *
 123:Generated_Source\PSoC5/SPI_adc_PM.c **** *******************************************************************************/
 124:Generated_Source\PSoC5/SPI_adc_PM.c **** void SPI_adc_Wakeup(void) 
 125:Generated_Source\PSoC5/SPI_adc_PM.c **** {
  91              		.loc 1 125 0
  92              		.cfi_startproc
  93              		@ args = 0, pretend = 0, frame = 0
  94              		@ frame_needed = 0, uses_anonymous_args = 0
  95 0000 08B5     		push	{r3, lr}
  96              		.cfi_def_cfa_offset 8
  97              		.cfi_offset 3, -8
  98              		.cfi_offset 14, -4
 126:Generated_Source\PSoC5/SPI_adc_PM.c ****     #if(SPI_adc_RX_SOFTWARE_BUF_ENABLED)
 127:Generated_Source\PSoC5/SPI_adc_PM.c ****         SPI_adc_rxBufferFull  = 0u;
 128:Generated_Source\PSoC5/SPI_adc_PM.c ****         SPI_adc_rxBufferRead  = 0u;
 129:Generated_Source\PSoC5/SPI_adc_PM.c ****         SPI_adc_rxBufferWrite = 0u;
 130:Generated_Source\PSoC5/SPI_adc_PM.c ****     #endif /* (SPI_adc_RX_SOFTWARE_BUF_ENABLED) */
ARM GAS  C:\Users\larco\AppData\Local\Temp\cc8faOvU.s 			page 5


 131:Generated_Source\PSoC5/SPI_adc_PM.c **** 
 132:Generated_Source\PSoC5/SPI_adc_PM.c ****     #if(SPI_adc_TX_SOFTWARE_BUF_ENABLED)
 133:Generated_Source\PSoC5/SPI_adc_PM.c ****         SPI_adc_txBufferFull  = 0u;
 134:Generated_Source\PSoC5/SPI_adc_PM.c ****         SPI_adc_txBufferRead  = 0u;
 135:Generated_Source\PSoC5/SPI_adc_PM.c ****         SPI_adc_txBufferWrite = 0u;
 136:Generated_Source\PSoC5/SPI_adc_PM.c ****     #endif /* (SPI_adc_TX_SOFTWARE_BUF_ENABLED) */
 137:Generated_Source\PSoC5/SPI_adc_PM.c **** 
 138:Generated_Source\PSoC5/SPI_adc_PM.c ****     /* Clear any data from the RX and TX FIFO */
 139:Generated_Source\PSoC5/SPI_adc_PM.c ****     SPI_adc_ClearFIFO();
  99              		.loc 1 139 0
 100 0002 FFF7FEFF 		bl	SPI_adc_ClearFIFO
 101              	.LVL1:
 140:Generated_Source\PSoC5/SPI_adc_PM.c **** 
 141:Generated_Source\PSoC5/SPI_adc_PM.c ****     /* Restore components block enable state */
 142:Generated_Source\PSoC5/SPI_adc_PM.c ****     if(0u != SPI_adc_backup.enableState)
 102              		.loc 1 142 0
 103 0006 044B     		ldr	r3, .L11
 104 0008 1B78     		ldrb	r3, [r3]	@ zero_extendqisi2
 105 000a 03B9     		cbnz	r3, .L10
 106 000c 08BD     		pop	{r3, pc}
 107              	.L10:
 143:Generated_Source\PSoC5/SPI_adc_PM.c ****     {
 144:Generated_Source\PSoC5/SPI_adc_PM.c ****         SPI_adc_Enable();
 145:Generated_Source\PSoC5/SPI_adc_PM.c ****     }
 146:Generated_Source\PSoC5/SPI_adc_PM.c **** }
 108              		.loc 1 146 0
 109 000e BDE80840 		pop	{r3, lr}
 110              		.cfi_restore 14
 111              		.cfi_restore 3
 112              		.cfi_def_cfa_offset 0
 144:Generated_Source\PSoC5/SPI_adc_PM.c ****     }
 113              		.loc 1 144 0
 114 0012 FFF7FEBF 		b	SPI_adc_Enable
 115              	.LVL2:
 116              	.L12:
 117 0016 00BF     		.align	2
 118              	.L11:
 119 0018 00000000 		.word	.LANCHOR0
 120              		.cfi_endproc
 121              	.LFE3:
 122              		.size	SPI_adc_Wakeup, .-SPI_adc_Wakeup
 123              		.data
 124              		.align	2
 125              		.set	.LANCHOR0,. + 0
 126              		.type	SPI_adc_backup, %object
 127              		.size	SPI_adc_backup, 2
 128              	SPI_adc_backup:
 129 0000 00       		.byte	0
 130 0001 0F       		.byte	15
 131              		.text
 132              	.Letext0:
 133              		.file 2 "Generated_Source\\PSoC5\\cytypes.h"
 134              		.file 3 "Generated_Source\\PSoC5\\SPI_adc.h"
 135              		.section	.debug_info,"",%progbits
 136              	.Ldebug_info0:
 137 0000 64010000 		.4byte	0x164
 138 0004 0400     		.2byte	0x4
ARM GAS  C:\Users\larco\AppData\Local\Temp\cc8faOvU.s 			page 6


 139 0006 00000000 		.4byte	.Ldebug_abbrev0
 140 000a 04       		.byte	0x4
 141 000b 01       		.uleb128 0x1
 142 000c 87010000 		.4byte	.LASF24
 143 0010 0C       		.byte	0xc
 144 0011 1A000000 		.4byte	.LASF25
 145 0015 54000000 		.4byte	.LASF26
 146 0019 00000000 		.4byte	.Ldebug_ranges0+0
 147 001d 00000000 		.4byte	0
 148 0021 00000000 		.4byte	.Ldebug_line0
 149 0025 02       		.uleb128 0x2
 150 0026 01       		.byte	0x1
 151 0027 06       		.byte	0x6
 152 0028 46020000 		.4byte	.LASF0
 153 002c 02       		.uleb128 0x2
 154 002d 01       		.byte	0x1
 155 002e 08       		.byte	0x8
 156 002f 31010000 		.4byte	.LASF1
 157 0033 02       		.uleb128 0x2
 158 0034 02       		.byte	0x2
 159 0035 05       		.byte	0x5
 160 0036 6D020000 		.4byte	.LASF2
 161 003a 02       		.uleb128 0x2
 162 003b 02       		.byte	0x2
 163 003c 07       		.byte	0x7
 164 003d 33020000 		.4byte	.LASF3
 165 0041 02       		.uleb128 0x2
 166 0042 04       		.byte	0x4
 167 0043 05       		.byte	0x5
 168 0044 53010000 		.4byte	.LASF4
 169 0048 02       		.uleb128 0x2
 170 0049 04       		.byte	0x4
 171 004a 07       		.byte	0x7
 172 004b E3000000 		.4byte	.LASF5
 173 004f 02       		.uleb128 0x2
 174 0050 08       		.byte	0x8
 175 0051 05       		.byte	0x5
 176 0052 00000000 		.4byte	.LASF6
 177 0056 02       		.uleb128 0x2
 178 0057 08       		.byte	0x8
 179 0058 07       		.byte	0x7
 180 0059 07010000 		.4byte	.LASF7
 181 005d 03       		.uleb128 0x3
 182 005e 04       		.byte	0x4
 183 005f 05       		.byte	0x5
 184 0060 696E7400 		.ascii	"int\000"
 185 0064 02       		.uleb128 0x2
 186 0065 04       		.byte	0x4
 187 0066 07       		.byte	0x7
 188 0067 7C020000 		.4byte	.LASF8
 189 006b 04       		.uleb128 0x4
 190 006c DD000000 		.4byte	.LASF12
 191 0070 02       		.byte	0x2
 192 0071 E401     		.2byte	0x1e4
 193 0073 2C000000 		.4byte	0x2c
 194 0077 02       		.uleb128 0x2
 195 0078 04       		.byte	0x4
ARM GAS  C:\Users\larco\AppData\Local\Temp\cc8faOvU.s 			page 7


 196 0079 04       		.byte	0x4
 197 007a 1E010000 		.4byte	.LASF9
 198 007e 02       		.uleb128 0x2
 199 007f 08       		.byte	0x8
 200 0080 04       		.byte	0x4
 201 0081 72010000 		.4byte	.LASF10
 202 0085 02       		.uleb128 0x2
 203 0086 01       		.byte	0x1
 204 0087 08       		.byte	0x8
 205 0088 3F010000 		.4byte	.LASF11
 206 008c 04       		.uleb128 0x4
 207 008d 77020000 		.4byte	.LASF13
 208 0091 02       		.byte	0x2
 209 0092 8E02     		.2byte	0x28e
 210 0094 98000000 		.4byte	0x98
 211 0098 05       		.uleb128 0x5
 212 0099 6B000000 		.4byte	0x6b
 213 009d 02       		.uleb128 0x2
 214 009e 08       		.byte	0x8
 215 009f 04       		.byte	0x4
 216 00a0 61020000 		.4byte	.LASF14
 217 00a4 02       		.uleb128 0x2
 218 00a5 04       		.byte	0x4
 219 00a6 07       		.byte	0x7
 220 00a7 98020000 		.4byte	.LASF15
 221 00ab 06       		.uleb128 0x6
 222 00ac 02       		.byte	0x2
 223 00ad 03       		.byte	0x3
 224 00ae 40       		.byte	0x40
 225 00af CC000000 		.4byte	0xcc
 226 00b3 07       		.uleb128 0x7
 227 00b4 0E000000 		.4byte	.LASF16
 228 00b8 03       		.byte	0x3
 229 00b9 42       		.byte	0x42
 230 00ba 6B000000 		.4byte	0x6b
 231 00be 00       		.byte	0
 232 00bf 07       		.uleb128 0x7
 233 00c0 28020000 		.4byte	.LASF17
 234 00c4 03       		.byte	0x3
 235 00c5 43       		.byte	0x43
 236 00c6 6B000000 		.4byte	0x6b
 237 00ca 01       		.byte	0x1
 238 00cb 00       		.byte	0
 239 00cc 08       		.uleb128 0x8
 240 00cd 3E000000 		.4byte	.LASF18
 241 00d1 03       		.byte	0x3
 242 00d2 44       		.byte	0x44
 243 00d3 AB000000 		.4byte	0xab
 244 00d7 09       		.uleb128 0x9
 245 00d8 5C010000 		.4byte	.LASF27
 246 00dc 01       		.byte	0x1
 247 00dd 3D       		.byte	0x3d
 248 00de 01       		.byte	0x1
 249 00df 0A       		.uleb128 0xa
 250 00e0 D7000000 		.4byte	0xd7
 251 00e4 00000000 		.4byte	.LFB1
 252 00e8 02000000 		.4byte	.LFE1-.LFB1
ARM GAS  C:\Users\larco\AppData\Local\Temp\cc8faOvU.s 			page 8


 253 00ec 01       		.uleb128 0x1
 254 00ed 9C       		.byte	0x9c
 255 00ee 0B       		.uleb128 0xb
 256 00ef 79010000 		.4byte	.LASF19
 257 00f3 01       		.byte	0x1
 258 00f4 57       		.byte	0x57
 259 00f5 00000000 		.4byte	.LFB2
 260 00f9 18000000 		.4byte	.LFE2-.LFB2
 261 00fd 01       		.uleb128 0x1
 262 00fe 9C       		.byte	0x9c
 263 00ff 0D010000 		.4byte	0x10d
 264 0103 0C       		.uleb128 0xc
 265 0104 10000000 		.4byte	.LVL0
 266 0108 46010000 		.4byte	0x146
 267 010c 00       		.byte	0
 268 010d 0B       		.uleb128 0xb
 269 010e 44010000 		.4byte	.LASF20
 270 0112 01       		.byte	0x1
 271 0113 7C       		.byte	0x7c
 272 0114 00000000 		.4byte	.LFB3
 273 0118 1C000000 		.4byte	.LFE3-.LFB3
 274 011c 01       		.uleb128 0x1
 275 011d 9C       		.byte	0x9c
 276 011e 35010000 		.4byte	0x135
 277 0122 0D       		.uleb128 0xd
 278 0123 06000000 		.4byte	.LVL1
 279 0127 51010000 		.4byte	0x151
 280 012b 0C       		.uleb128 0xc
 281 012c 16000000 		.4byte	.LVL2
 282 0130 5C010000 		.4byte	0x15c
 283 0134 00       		.byte	0
 284 0135 0E       		.uleb128 0xe
 285 0136 89020000 		.4byte	.LASF28
 286 013a 01       		.byte	0x1
 287 013b 14       		.byte	0x14
 288 013c CC000000 		.4byte	0xcc
 289 0140 05       		.uleb128 0x5
 290 0141 03       		.byte	0x3
 291 0142 00000000 		.4byte	SPI_adc_backup
 292 0146 0F       		.uleb128 0xf
 293 0147 24010000 		.4byte	.LASF21
 294 014b 24010000 		.4byte	.LASF21
 295 014f 03       		.byte	0x3
 296 0150 4E       		.byte	0x4e
 297 0151 0F       		.uleb128 0xf
 298 0152 F5000000 		.4byte	.LASF22
 299 0156 F5000000 		.4byte	.LASF22
 300 015a 03       		.byte	0x3
 301 015b 66       		.byte	0x66
 302 015c 0F       		.uleb128 0xf
 303 015d 52020000 		.4byte	.LASF23
 304 0161 52020000 		.4byte	.LASF23
 305 0165 03       		.byte	0x3
 306 0166 4C       		.byte	0x4c
 307 0167 00       		.byte	0
 308              		.section	.debug_abbrev,"",%progbits
 309              	.Ldebug_abbrev0:
ARM GAS  C:\Users\larco\AppData\Local\Temp\cc8faOvU.s 			page 9


 310 0000 01       		.uleb128 0x1
 311 0001 11       		.uleb128 0x11
 312 0002 01       		.byte	0x1
 313 0003 25       		.uleb128 0x25
 314 0004 0E       		.uleb128 0xe
 315 0005 13       		.uleb128 0x13
 316 0006 0B       		.uleb128 0xb
 317 0007 03       		.uleb128 0x3
 318 0008 0E       		.uleb128 0xe
 319 0009 1B       		.uleb128 0x1b
 320 000a 0E       		.uleb128 0xe
 321 000b 55       		.uleb128 0x55
 322 000c 17       		.uleb128 0x17
 323 000d 11       		.uleb128 0x11
 324 000e 01       		.uleb128 0x1
 325 000f 10       		.uleb128 0x10
 326 0010 17       		.uleb128 0x17
 327 0011 00       		.byte	0
 328 0012 00       		.byte	0
 329 0013 02       		.uleb128 0x2
 330 0014 24       		.uleb128 0x24
 331 0015 00       		.byte	0
 332 0016 0B       		.uleb128 0xb
 333 0017 0B       		.uleb128 0xb
 334 0018 3E       		.uleb128 0x3e
 335 0019 0B       		.uleb128 0xb
 336 001a 03       		.uleb128 0x3
 337 001b 0E       		.uleb128 0xe
 338 001c 00       		.byte	0
 339 001d 00       		.byte	0
 340 001e 03       		.uleb128 0x3
 341 001f 24       		.uleb128 0x24
 342 0020 00       		.byte	0
 343 0021 0B       		.uleb128 0xb
 344 0022 0B       		.uleb128 0xb
 345 0023 3E       		.uleb128 0x3e
 346 0024 0B       		.uleb128 0xb
 347 0025 03       		.uleb128 0x3
 348 0026 08       		.uleb128 0x8
 349 0027 00       		.byte	0
 350 0028 00       		.byte	0
 351 0029 04       		.uleb128 0x4
 352 002a 16       		.uleb128 0x16
 353 002b 00       		.byte	0
 354 002c 03       		.uleb128 0x3
 355 002d 0E       		.uleb128 0xe
 356 002e 3A       		.uleb128 0x3a
 357 002f 0B       		.uleb128 0xb
 358 0030 3B       		.uleb128 0x3b
 359 0031 05       		.uleb128 0x5
 360 0032 49       		.uleb128 0x49
 361 0033 13       		.uleb128 0x13
 362 0034 00       		.byte	0
 363 0035 00       		.byte	0
 364 0036 05       		.uleb128 0x5
 365 0037 35       		.uleb128 0x35
 366 0038 00       		.byte	0
ARM GAS  C:\Users\larco\AppData\Local\Temp\cc8faOvU.s 			page 10


 367 0039 49       		.uleb128 0x49
 368 003a 13       		.uleb128 0x13
 369 003b 00       		.byte	0
 370 003c 00       		.byte	0
 371 003d 06       		.uleb128 0x6
 372 003e 13       		.uleb128 0x13
 373 003f 01       		.byte	0x1
 374 0040 0B       		.uleb128 0xb
 375 0041 0B       		.uleb128 0xb
 376 0042 3A       		.uleb128 0x3a
 377 0043 0B       		.uleb128 0xb
 378 0044 3B       		.uleb128 0x3b
 379 0045 0B       		.uleb128 0xb
 380 0046 01       		.uleb128 0x1
 381 0047 13       		.uleb128 0x13
 382 0048 00       		.byte	0
 383 0049 00       		.byte	0
 384 004a 07       		.uleb128 0x7
 385 004b 0D       		.uleb128 0xd
 386 004c 00       		.byte	0
 387 004d 03       		.uleb128 0x3
 388 004e 0E       		.uleb128 0xe
 389 004f 3A       		.uleb128 0x3a
 390 0050 0B       		.uleb128 0xb
 391 0051 3B       		.uleb128 0x3b
 392 0052 0B       		.uleb128 0xb
 393 0053 49       		.uleb128 0x49
 394 0054 13       		.uleb128 0x13
 395 0055 38       		.uleb128 0x38
 396 0056 0B       		.uleb128 0xb
 397 0057 00       		.byte	0
 398 0058 00       		.byte	0
 399 0059 08       		.uleb128 0x8
 400 005a 16       		.uleb128 0x16
 401 005b 00       		.byte	0
 402 005c 03       		.uleb128 0x3
 403 005d 0E       		.uleb128 0xe
 404 005e 3A       		.uleb128 0x3a
 405 005f 0B       		.uleb128 0xb
 406 0060 3B       		.uleb128 0x3b
 407 0061 0B       		.uleb128 0xb
 408 0062 49       		.uleb128 0x49
 409 0063 13       		.uleb128 0x13
 410 0064 00       		.byte	0
 411 0065 00       		.byte	0
 412 0066 09       		.uleb128 0x9
 413 0067 2E       		.uleb128 0x2e
 414 0068 00       		.byte	0
 415 0069 3F       		.uleb128 0x3f
 416 006a 19       		.uleb128 0x19
 417 006b 03       		.uleb128 0x3
 418 006c 0E       		.uleb128 0xe
 419 006d 3A       		.uleb128 0x3a
 420 006e 0B       		.uleb128 0xb
 421 006f 3B       		.uleb128 0x3b
 422 0070 0B       		.uleb128 0xb
 423 0071 27       		.uleb128 0x27
ARM GAS  C:\Users\larco\AppData\Local\Temp\cc8faOvU.s 			page 11


 424 0072 19       		.uleb128 0x19
 425 0073 20       		.uleb128 0x20
 426 0074 0B       		.uleb128 0xb
 427 0075 00       		.byte	0
 428 0076 00       		.byte	0
 429 0077 0A       		.uleb128 0xa
 430 0078 2E       		.uleb128 0x2e
 431 0079 00       		.byte	0
 432 007a 31       		.uleb128 0x31
 433 007b 13       		.uleb128 0x13
 434 007c 11       		.uleb128 0x11
 435 007d 01       		.uleb128 0x1
 436 007e 12       		.uleb128 0x12
 437 007f 06       		.uleb128 0x6
 438 0080 40       		.uleb128 0x40
 439 0081 18       		.uleb128 0x18
 440 0082 9742     		.uleb128 0x2117
 441 0084 19       		.uleb128 0x19
 442 0085 00       		.byte	0
 443 0086 00       		.byte	0
 444 0087 0B       		.uleb128 0xb
 445 0088 2E       		.uleb128 0x2e
 446 0089 01       		.byte	0x1
 447 008a 3F       		.uleb128 0x3f
 448 008b 19       		.uleb128 0x19
 449 008c 03       		.uleb128 0x3
 450 008d 0E       		.uleb128 0xe
 451 008e 3A       		.uleb128 0x3a
 452 008f 0B       		.uleb128 0xb
 453 0090 3B       		.uleb128 0x3b
 454 0091 0B       		.uleb128 0xb
 455 0092 27       		.uleb128 0x27
 456 0093 19       		.uleb128 0x19
 457 0094 11       		.uleb128 0x11
 458 0095 01       		.uleb128 0x1
 459 0096 12       		.uleb128 0x12
 460 0097 06       		.uleb128 0x6
 461 0098 40       		.uleb128 0x40
 462 0099 18       		.uleb128 0x18
 463 009a 9742     		.uleb128 0x2117
 464 009c 19       		.uleb128 0x19
 465 009d 01       		.uleb128 0x1
 466 009e 13       		.uleb128 0x13
 467 009f 00       		.byte	0
 468 00a0 00       		.byte	0
 469 00a1 0C       		.uleb128 0xc
 470 00a2 898201   		.uleb128 0x4109
 471 00a5 00       		.byte	0
 472 00a6 11       		.uleb128 0x11
 473 00a7 01       		.uleb128 0x1
 474 00a8 9542     		.uleb128 0x2115
 475 00aa 19       		.uleb128 0x19
 476 00ab 31       		.uleb128 0x31
 477 00ac 13       		.uleb128 0x13
 478 00ad 00       		.byte	0
 479 00ae 00       		.byte	0
 480 00af 0D       		.uleb128 0xd
ARM GAS  C:\Users\larco\AppData\Local\Temp\cc8faOvU.s 			page 12


 481 00b0 898201   		.uleb128 0x4109
 482 00b3 00       		.byte	0
 483 00b4 11       		.uleb128 0x11
 484 00b5 01       		.uleb128 0x1
 485 00b6 31       		.uleb128 0x31
 486 00b7 13       		.uleb128 0x13
 487 00b8 00       		.byte	0
 488 00b9 00       		.byte	0
 489 00ba 0E       		.uleb128 0xe
 490 00bb 34       		.uleb128 0x34
 491 00bc 00       		.byte	0
 492 00bd 03       		.uleb128 0x3
 493 00be 0E       		.uleb128 0xe
 494 00bf 3A       		.uleb128 0x3a
 495 00c0 0B       		.uleb128 0xb
 496 00c1 3B       		.uleb128 0x3b
 497 00c2 0B       		.uleb128 0xb
 498 00c3 49       		.uleb128 0x49
 499 00c4 13       		.uleb128 0x13
 500 00c5 02       		.uleb128 0x2
 501 00c6 18       		.uleb128 0x18
 502 00c7 00       		.byte	0
 503 00c8 00       		.byte	0
 504 00c9 0F       		.uleb128 0xf
 505 00ca 2E       		.uleb128 0x2e
 506 00cb 00       		.byte	0
 507 00cc 3F       		.uleb128 0x3f
 508 00cd 19       		.uleb128 0x19
 509 00ce 3C       		.uleb128 0x3c
 510 00cf 19       		.uleb128 0x19
 511 00d0 6E       		.uleb128 0x6e
 512 00d1 0E       		.uleb128 0xe
 513 00d2 03       		.uleb128 0x3
 514 00d3 0E       		.uleb128 0xe
 515 00d4 3A       		.uleb128 0x3a
 516 00d5 0B       		.uleb128 0xb
 517 00d6 3B       		.uleb128 0x3b
 518 00d7 0B       		.uleb128 0xb
 519 00d8 00       		.byte	0
 520 00d9 00       		.byte	0
 521 00da 00       		.byte	0
 522              		.section	.debug_aranges,"",%progbits
 523 0000 2C000000 		.4byte	0x2c
 524 0004 0200     		.2byte	0x2
 525 0006 00000000 		.4byte	.Ldebug_info0
 526 000a 04       		.byte	0x4
 527 000b 00       		.byte	0
 528 000c 0000     		.2byte	0
 529 000e 0000     		.2byte	0
 530 0010 00000000 		.4byte	.LFB1
 531 0014 02000000 		.4byte	.LFE1-.LFB1
 532 0018 00000000 		.4byte	.LFB2
 533 001c 18000000 		.4byte	.LFE2-.LFB2
 534 0020 00000000 		.4byte	.LFB3
 535 0024 1C000000 		.4byte	.LFE3-.LFB3
 536 0028 00000000 		.4byte	0
 537 002c 00000000 		.4byte	0
ARM GAS  C:\Users\larco\AppData\Local\Temp\cc8faOvU.s 			page 13


 538              		.section	.debug_ranges,"",%progbits
 539              	.Ldebug_ranges0:
 540 0000 00000000 		.4byte	.LFB1
 541 0004 02000000 		.4byte	.LFE1
 542 0008 00000000 		.4byte	.LFB2
 543 000c 18000000 		.4byte	.LFE2
 544 0010 00000000 		.4byte	.LFB3
 545 0014 1C000000 		.4byte	.LFE3
 546 0018 00000000 		.4byte	0
 547 001c 00000000 		.4byte	0
 548              		.section	.debug_line,"",%progbits
 549              	.Ldebug_line0:
 550 0000 91000000 		.section	.debug_str,"MS",%progbits,1
 550      02005400 
 550      00000201 
 550      FB0E0D00 
 550      01010101 
 551              	.LASF6:
 552 0000 6C6F6E67 		.ascii	"long long int\000"
 552      206C6F6E 
 552      6720696E 
 552      7400
 553              	.LASF16:
 554 000e 656E6162 		.ascii	"enableState\000"
 554      6C655374 
 554      61746500 
 555              	.LASF25:
 556 001a 47656E65 		.ascii	"Generated_Source\\PSoC5\\SPI_adc_PM.c\000"
 556      72617465 
 556      645F536F 
 556      75726365 
 556      5C50536F 
 557              	.LASF18:
 558 003e 5350495F 		.ascii	"SPI_adc_BACKUP_STRUCT\000"
 558      6164635F 
 558      4241434B 
 558      55505F53 
 558      54525543 
 559              	.LASF26:
 560 0054 443A5C44 		.ascii	"D:\\Dropbox\\DEVELOPMENT\\Audio visualizations\\Aud"
 560      726F7062 
 560      6F785C44 
 560      4556454C 
 560      4F504D45 
 561 0083 696F2073 		.ascii	"io spectrum analyzer zebrawood\\Firmware\\audioSpec"
 561      70656374 
 561      72756D20 
 561      616E616C 
 561      797A6572 
 562 00b4 7472756D 		.ascii	"trumAnalyzer\\audioSpectrumAnalyzer.cydsn\000"
 562      416E616C 
 562      797A6572 
 562      5C617564 
 562      696F5370 
 563              	.LASF12:
 564 00dd 75696E74 		.ascii	"uint8\000"
 564      3800
ARM GAS  C:\Users\larco\AppData\Local\Temp\cc8faOvU.s 			page 14


 565              	.LASF5:
 566 00e3 6C6F6E67 		.ascii	"long unsigned int\000"
 566      20756E73 
 566      69676E65 
 566      6420696E 
 566      7400
 567              	.LASF22:
 568 00f5 5350495F 		.ascii	"SPI_adc_ClearFIFO\000"
 568      6164635F 
 568      436C6561 
 568      72464946 
 568      4F00
 569              	.LASF7:
 570 0107 6C6F6E67 		.ascii	"long long unsigned int\000"
 570      206C6F6E 
 570      6720756E 
 570      7369676E 
 570      65642069 
 571              	.LASF9:
 572 011e 666C6F61 		.ascii	"float\000"
 572      7400
 573              	.LASF21:
 574 0124 5350495F 		.ascii	"SPI_adc_Stop\000"
 574      6164635F 
 574      53746F70 
 574      00
 575              	.LASF1:
 576 0131 756E7369 		.ascii	"unsigned char\000"
 576      676E6564 
 576      20636861 
 576      7200
 577              	.LASF11:
 578 013f 63686172 		.ascii	"char\000"
 578      00
 579              	.LASF20:
 580 0144 5350495F 		.ascii	"SPI_adc_Wakeup\000"
 580      6164635F 
 580      57616B65 
 580      757000
 581              	.LASF4:
 582 0153 6C6F6E67 		.ascii	"long int\000"
 582      20696E74 
 582      00
 583              	.LASF27:
 584 015c 5350495F 		.ascii	"SPI_adc_RestoreConfig\000"
 584      6164635F 
 584      52657374 
 584      6F726543 
 584      6F6E6669 
 585              	.LASF10:
 586 0172 646F7562 		.ascii	"double\000"
 586      6C6500
 587              	.LASF19:
 588 0179 5350495F 		.ascii	"SPI_adc_Sleep\000"
 588      6164635F 
 588      536C6565 
 588      7000
ARM GAS  C:\Users\larco\AppData\Local\Temp\cc8faOvU.s 			page 15


 589              	.LASF24:
 590 0187 474E5520 		.ascii	"GNU C11 5.4.1 20160609 (release) [ARM/embedded-5-br"
 590      43313120 
 590      352E342E 
 590      31203230 
 590      31363036 
 591 01ba 616E6368 		.ascii	"anch revision 237715] -mcpu=cortex-m3 -mthumb -g -O"
 591      20726576 
 591      6973696F 
 591      6E203233 
 591      37373135 
 592 01ed 33202D66 		.ascii	"3 -ffunction-sections -ffat-lto-objects -finline-fu"
 592      66756E63 
 592      74696F6E 
 592      2D736563 
 592      74696F6E 
 593 0220 6E637469 		.ascii	"nctions\000"
 593      6F6E7300 
 594              	.LASF17:
 595 0228 636E7472 		.ascii	"cntrPeriod\000"
 595      50657269 
 595      6F6400
 596              	.LASF3:
 597 0233 73686F72 		.ascii	"short unsigned int\000"
 597      7420756E 
 597      7369676E 
 597      65642069 
 597      6E7400
 598              	.LASF0:
 599 0246 7369676E 		.ascii	"signed char\000"
 599      65642063 
 599      68617200 
 600              	.LASF23:
 601 0252 5350495F 		.ascii	"SPI_adc_Enable\000"
 601      6164635F 
 601      456E6162 
 601      6C6500
 602              	.LASF14:
 603 0261 6C6F6E67 		.ascii	"long double\000"
 603      20646F75 
 603      626C6500 
 604              	.LASF2:
 605 026d 73686F72 		.ascii	"short int\000"
 605      7420696E 
 605      7400
 606              	.LASF13:
 607 0277 72656738 		.ascii	"reg8\000"
 607      00
 608              	.LASF8:
 609 027c 756E7369 		.ascii	"unsigned int\000"
 609      676E6564 
 609      20696E74 
 609      00
 610              	.LASF28:
 611 0289 5350495F 		.ascii	"SPI_adc_backup\000"
 611      6164635F 
 611      6261636B 
ARM GAS  C:\Users\larco\AppData\Local\Temp\cc8faOvU.s 			page 16


 611      757000
 612              	.LASF15:
 613 0298 73697A65 		.ascii	"sizetype\000"
 613      74797065 
 613      00
 614              		.ident	"GCC: (GNU Tools for ARM Embedded Processors) 5.4.1 20160609 (release) [ARM/embedded-5-bran
